2Tree_allreduceoptimal 32 1048576 10
Run 1 time 0.014067888
Run 2 time 0.002016068
Run 3 time 0.000823975
Run 4 time 0.000803947
Run 5 time 0.000903845
Run 6 time 0.001010895
Run 7 time 0.000819921
Run 8 time 0.001389980
Run 9 time 0.000862837
Run 10 time 0.000819921
Run 11 time 0.002722979
Run 12 time 0.001497984
Run 13 time 0.000818968
Run 14 time 0.000886917
Run 15 time 0.000910997
Run 16 time 0.001008987
Run 17 time 0.001332998
Run 18 time 0.001798153
Run 19 time 0.002864122
Run 20 time 0.001554012
Run 21 time 0.001142025
Run 22 time 0.001022100
Run 23 time 0.001160860
Run 24 time 0.000839949
Run 25 time 0.001415014
Run 26 time 0.003179073
Run 27 time 0.001278877
Run 28 time 0.000981092
Run 29 time 0.000983953
Run 30 time 0.000895977
Run 31 time 0.001421928
Run 32 time 0.000864983
Run 33 time 0.003227949
Run 34 time 0.001747131
Run 35 time 0.001086950
Run 36 time 0.001001120
Run 37 time 0.000969172
Run 38 time 0.001119137
Run 39 time 0.001181841
Run 40 time 0.001678944
Run 41 time 0.002022982
Run 42 time 0.002960920
Run 43 time 0.001002073
Run 44 time 0.000822067
Run 45 time 0.000843048
Run 46 time 0.000838041
Run 47 time 0.001111031
Run 48 time 0.001032114
Run 49 time 0.002834082
Run 50 time 0.002080917
Run 51 time 0.000900984
Run 52 time 0.000828028
Run 53 time 0.000844002
Run 54 time 0.001176834
Run 55 time 0.001253128
Run 56 time 0.002377033
Run 57 time 0.000876188
Run 58 time 0.000874043
Run 59 time 0.000824213
Run 60 time 0.000814915
Run 61 time 0.000850916
Run 62 time 0.000949144
Run 63 time 0.000910044
Run 64 time 0.001627922
Run 65 time 0.001008987
Run 66 time 0.000916004
Run 67 time 0.000922918
Run 68 time 0.000809908
Run 69 time 0.000857830
Run 70 time 0.000820875
Run 71 time 0.001171112
Run 72 time 0.000848055
Run 73 time 0.000787020
Run 74 time 0.001098156
Run 75 time 0.000802994
Run 76 time 0.000953913
Run 77 time 0.000829935
Run 78 time 0.000806093
Run 79 time 0.000826836
Run 80 time 0.000849009
Run 81 time 0.001027822
Run 82 time 0.000890970
Run 83 time 0.001069069
Run 84 time 0.000876904
Run 85 time 0.003071070
Run 86 time 0.000949860
Run 87 time 0.000865936
Run 88 time 0.001224041
Run 89 time 0.001245022
Run 90 time 0.001023054
Run 91 time 0.001834154
Run 92 time 0.002926111
Run 93 time 0.000973940
Run 94 time 0.000900984
Run 95 time 0.001157999
Run 96 time 0.001110077
Run 97 time 0.001131058
Run 98 time 0.001177073
Run 99 time 0.002865076
Run 100 time 0.002575159
MPI_allreduce 32 1048576
Run 1 time 0.033690929
Run 2 time 0.001559973
Run 3 time 0.001050949
Run 4 time 0.000813007
Run 5 time 0.000780106
Run 6 time 0.000818014
Run 7 time 0.001385927
Run 8 time 0.000778913
Run 9 time 0.000962019
Run 10 time 0.000869036
Run 11 time 0.000763893
Run 12 time 0.000766993
Run 13 time 0.000962019
Run 14 time 0.000746012
Run 15 time 0.000880003
Run 16 time 0.000783920
Run 17 time 0.003008842
Run 18 time 0.003338099
Run 19 time 0.001922131
Run 20 time 0.001838923
Run 21 time 0.008973122
Run 22 time 0.004426003
Run 23 time 0.002811909
Run 24 time 0.001421928
Run 25 time 0.001830101
Run 26 time 0.001584053
Run 27 time 0.002111912
Run 28 time 0.001675844
Run 29 time 0.001976967
Run 30 time 0.002068043
Run 31 time 0.001262903
Run 32 time 0.002407074
Run 33 time 0.002063036
Run 34 time 0.003018856
Run 35 time 0.002561808
Run 36 time 0.001367807
Run 37 time 0.002691984
Run 38 time 0.002629995
Run 39 time 0.001811981
Run 40 time 0.001106024
Run 41 time 0.001169920
Run 42 time 0.000917912
Run 43 time 0.003020048
Run 44 time 0.001860857
Run 45 time 0.001199007
Run 46 time 0.000876188
Run 47 time 0.000955820
Run 48 time 0.001109838
Run 49 time 0.000835896
Run 50 time 0.000938177
Run 51 time 0.000852823
Run 52 time 0.000808001
Run 53 time 0.001096010
Run 54 time 0.000905037
Run 55 time 0.000825882
Run 56 time 0.000880003
Run 57 time 0.000864029
Run 58 time 0.001890898
Run 59 time 0.002196074
Run 60 time 0.002493858
Run 61 time 0.000773907
Run 62 time 0.002233982
Run 63 time 0.002473831
Run 64 time 0.001741171
Run 65 time 0.001280069
Run 66 time 0.000859976
Run 67 time 0.000752926
Run 68 time 0.000764132
Run 69 time 0.000833988
Run 70 time 0.000839949
Run 71 time 0.001276970
Run 72 time 0.000849009
Run 73 time 0.000784874
Run 74 time 0.001064062
Run 75 time 0.001061916
Run 76 time 0.000755072
Run 77 time 0.000758886
Run 78 time 0.000792027
Run 79 time 0.001477003
Run 80 time 0.001040936
Run 81 time 0.001030207
Run 82 time 0.000776052
Run 83 time 0.000768900
Run 84 time 0.000865221
Run 85 time 0.000766993
Run 86 time 0.000769854
Run 87 time 0.000744820
Run 88 time 0.000759840
Run 89 time 0.000769138
Run 90 time 0.000767946
Run 91 time 0.000753164
Run 92 time 0.000812054
Run 93 time 0.000791073
Run 94 time 0.000761032
Run 95 time 0.000850916
Run 96 time 0.000766039
Run 97 time 0.000826120
Run 98 time 0.000775099
Run 99 time 0.000769138
Run 100 time 0.000763893
2Tree_allreduceoptimal 54 1048576 16
Run 1 time 0.106000185
Run 2 time 0.002495050
Run 3 time 0.001312017
Run 4 time 0.001674175
Run 5 time 0.001019955
Run 6 time 0.001118183
Run 7 time 0.001039028
Run 8 time 0.000964880
Run 9 time 0.000803947
Run 10 time 0.000818968
Run 11 time 0.000957966
Run 12 time 0.000818968
Run 13 time 0.000798941
Run 14 time 0.002193928
Run 15 time 0.000843048
Run 16 time 0.000807047
Run 17 time 0.000867128
Run 18 time 0.000823975
Run 19 time 0.000831127
Run 20 time 0.000835896
Run 21 time 0.000854015
Run 22 time 0.000838995
Run 23 time 0.000833988
Run 24 time 0.000789165
Run 25 time 0.000869989
Run 26 time 0.000837088
Run 27 time 0.001335859
Run 28 time 0.000804901
Run 29 time 0.000841856
Run 30 time 0.000834942
Run 31 time 0.000845909
Run 32 time 0.000810146
Run 33 time 0.000831127
Run 34 time 0.000844955
Run 35 time 0.000826836
Run 36 time 0.000806093
Run 37 time 0.000815153
Run 38 time 0.000857115
Run 39 time 0.000838995
Run 40 time 0.001266003
Run 41 time 0.000809908
Run 42 time 0.000809908
Run 43 time 0.001352072
Run 44 time 0.000864983
Run 45 time 0.000848055
Run 46 time 0.000892878
Run 47 time 0.000828028
Run 48 time 0.000824213
Run 49 time 0.000864983
Run 50 time 0.000876904
Run 51 time 0.000828981
Run 52 time 0.000805140
Run 53 time 0.000826836
Run 54 time 0.001010180
Run 55 time 0.000876904
Run 56 time 0.000894070
Run 57 time 0.000850916
Run 58 time 0.001343012
Run 59 time 0.000872135
Run 60 time 0.001195908
Run 61 time 0.001034975
Run 62 time 0.001024961
Run 63 time 0.000837803
Run 64 time 0.001112938
Run 65 time 0.002659798
Run 66 time 0.000866890
Run 67 time 0.005209923
Run 68 time 0.001085997
Run 69 time 0.001630068
Run 70 time 0.001277924
Run 71 time 0.001114845
Run 72 time 0.001288891
Run 73 time 0.001441002
Run 74 time 0.000846863
Run 75 time 0.000869036
Run 76 time 0.001326084
Run 77 time 0.000916004
Run 78 time 0.000813961
Run 79 time 0.000804186
Run 80 time 0.000916004
Run 81 time 0.000835180
Run 82 time 0.000829935
Run 83 time 0.000805140
Run 84 time 0.000801086
Run 85 time 0.000797033
Run 86 time 0.000801802
Run 87 time 0.000834227
Run 88 time 0.000849962
Run 89 time 0.000813007
Run 90 time 0.000812054
Run 91 time 0.000833035
Run 92 time 0.000838041
Run 93 time 0.000794888
Run 94 time 0.000844955
Run 95 time 0.000857830
Run 96 time 0.000838995
Run 97 time 0.000883818
Run 98 time 0.000800133
Run 99 time 0.000813961
Run 100 time 0.000838041
MPI_allreduce 54 1048576
Run 1 time 0.023087025
Run 2 time 0.001776218
Run 3 time 0.002125978
Run 4 time 0.003034115
Run 5 time 0.003318787
Run 6 time 0.001487970
Run 7 time 0.003093004
Run 8 time 0.001351118
Run 9 time 0.002200127
Run 10 time 0.002184868
Run 11 time 0.003017902
Run 12 time 0.003061056
Run 13 time 0.005291939
Run 14 time 0.001930237
Run 15 time 0.002103090
Run 16 time 0.006814957
Run 17 time 0.006434917
Run 18 time 0.001853943
Run 19 time 0.002172947
Run 20 time 0.001142979
Run 21 time 0.001231909
Run 22 time 0.001190901
Run 23 time 0.001649857
Run 24 time 0.002014160
Run 25 time 0.001254082
Run 26 time 0.001304865
Run 27 time 0.001658916
Run 28 time 0.001309872
Run 29 time 0.001638174
Run 30 time 0.001191139
Run 31 time 0.001177788
Run 32 time 0.001128197
Run 33 time 0.001136065
Run 34 time 0.001915932
Run 35 time 0.001166105
Run 36 time 0.001709938
Run 37 time 0.001796961
Run 38 time 0.001121044
Run 39 time 0.001107931
Run 40 time 0.003487825
Run 41 time 0.001220942
Run 42 time 0.001384974
Run 43 time 0.001163960
Run 44 time 0.001114845
Run 45 time 0.001112938
Run 46 time 0.001136065
Run 47 time 0.001112938
Run 48 time 0.001657009
Run 49 time 0.001942873
Run 50 time 0.001111984
Run 51 time 0.001492023
Run 52 time 0.003515959
Run 53 time 0.002469063
Run 54 time 0.001361132
Run 55 time 0.001127005
Run 56 time 0.001158953
Run 57 time 0.001117945
Run 58 time 0.001607180
Run 59 time 0.002142906
Run 60 time 0.001111031
Run 61 time 0.001681089
Run 62 time 0.001143932
Run 63 time 0.003231049
Run 64 time 0.001739979
Run 65 time 0.001176119
Run 66 time 0.001152992
Run 67 time 0.001118898
Run 68 time 0.001193047
Run 69 time 0.002827883
Run 70 time 0.001405001
Run 71 time 0.002644777
Run 72 time 0.003063917
Run 73 time 0.002655983
Run 74 time 0.001628876
Run 75 time 0.001866102
Run 76 time 0.003326178
Run 77 time 0.002160072
Run 78 time 0.003885031
Run 79 time 0.004685879
Run 80 time 0.002408981
Run 81 time 0.001785994
Run 82 time 0.001719952
Run 83 time 0.001374960
Run 84 time 0.002269030
Run 85 time 0.002052784
Run 86 time 0.002279997
Run 87 time 0.001357079
Run 88 time 0.001300097
Run 89 time 0.004582882
Run 90 time 0.002296925
Run 91 time 0.001573086
Run 92 time 0.001570940
Run 93 time 0.001127958
Run 94 time 0.001171827
Run 95 time 0.001227856
Run 96 time 0.001142979
Run 97 time 0.001118183
Run 98 time 0.001144886
Run 99 time 0.001168013
Run 100 time 0.001137018
2Tree_allreduceoptimal 64 1048576 17
Run 1 time 0.014896870
Run 2 time 0.008757114
Run 3 time 0.001696110
Run 4 time 0.000834942
Run 5 time 0.001348972
Run 6 time 0.000874996
Run 7 time 0.000869989
Run 8 time 0.000839949
Run 9 time 0.000890970
Run 10 time 0.000838041
Run 11 time 0.000849962
Run 12 time 0.000889063
Run 13 time 0.000875950
Run 14 time 0.000849962
Run 15 time 0.000904083
Run 16 time 0.000860214
Run 17 time 0.000837803
Run 18 time 0.000825882
Run 19 time 0.000811100
Run 20 time 0.000958920
Run 21 time 0.000883102
Run 22 time 0.000833035
Run 23 time 0.000859976
Run 24 time 0.001018047
Run 25 time 0.000842094
Run 26 time 0.001703024
Run 27 time 0.001606941
Run 28 time 0.000952959
Run 29 time 0.001524925
Run 30 time 0.003534079
Run 31 time 0.003014088
Run 32 time 0.001477003
Run 33 time 0.002939939
Run 34 time 0.002151966
Run 35 time 0.001622915
Run 36 time 0.001013041
Run 37 time 0.000871897
Run 38 time 0.000936985
Run 39 time 0.001278162
Run 40 time 0.000910044
Run 41 time 0.001423836
Run 42 time 0.002479076
Run 43 time 0.001276016
Run 44 time 0.003886938
Run 45 time 0.001584053
Run 46 time 0.001067162
Run 47 time 0.000973940
Run 48 time 0.000905037
Run 49 time 0.001806974
Run 50 time 0.001235008
Run 51 time 0.001247168
Run 52 time 0.001368046
Run 53 time 0.001370907
Run 54 time 0.001226902
Run 55 time 0.001338959
Run 56 time 0.001916170
Run 57 time 0.001799107
Run 58 time 0.001497984
Run 59 time 0.001154184
Run 60 time 0.000938892
Run 61 time 0.000881910
Run 62 time 0.000981092
Run 63 time 0.000950813
Run 64 time 0.000841141
Run 65 time 0.001796007
Run 66 time 0.004772902
Run 67 time 0.002079010
Run 68 time 0.003186941
Run 69 time 0.003015041
Run 70 time 0.005022049
Run 71 time 0.000866890
Run 72 time 0.001012087
Run 73 time 0.000840902
Run 74 time 0.000874043
Run 75 time 0.000849962
Run 76 time 0.000823975
Run 77 time 0.000813007
Run 78 time 0.000890017
Run 79 time 0.000916004
Run 80 time 0.000823975
Run 81 time 0.000861883
Run 82 time 0.000837803
Run 83 time 0.000836849
Run 84 time 0.000803947
Run 85 time 0.000886917
Run 86 time 0.000967979
Run 87 time 0.000814199
Run 88 time 0.000828028
Run 89 time 0.000856876
Run 90 time 0.000901937
Run 91 time 0.000818014
Run 92 time 0.000815868
Run 93 time 0.001307964
Run 94 time 0.000854969
Run 95 time 0.000841141
Run 96 time 0.000855207
Run 97 time 0.000844002
Run 98 time 0.001302958
Run 99 time 0.001233101
Run 100 time 0.001358032
MPI_allreduce 64 1048576
Run 1 time 0.023321867
Run 2 time 0.001157999
Run 3 time 0.001077175
Run 4 time 0.000949144
Run 5 time 0.000770092
Run 6 time 0.003842115
Run 7 time 0.001127958
Run 8 time 0.001017094
Run 9 time 0.000818968
Run 10 time 0.000782967
Run 11 time 0.000806093
Run 12 time 0.000796080
Run 13 time 0.000798941
Run 14 time 0.000940084
Run 15 time 0.000771046
Run 16 time 0.005391836
Run 17 time 0.002694845
Run 18 time 0.002803087
Run 19 time 0.001897097
Run 20 time 0.002146959
Run 21 time 0.001221895
Run 22 time 0.001574039
Run 23 time 0.002908945
Run 24 time 0.001089096
Run 25 time 0.002224922
Run 26 time 0.003330946
Run 27 time 0.001873016
Run 28 time 0.000779867
Run 29 time 0.001574039
Run 30 time 0.000956059
Run 31 time 0.001053810
Run 32 time 0.000825167
Run 33 time 0.002608061
Run 34 time 0.000786066
Run 35 time 0.000839949
Run 36 time 0.006978989
Run 37 time 0.001536846
Run 38 time 0.004262924
Run 39 time 0.002671957
Run 40 time 0.001131058
Run 41 time 0.000821114
Run 42 time 0.001326084
Run 43 time 0.001332045
Run 44 time 0.000810146
Run 45 time 0.000808001
Run 46 time 0.000768185
Run 47 time 0.000791073
Run 48 time 0.000786066
Run 49 time 0.001296997
Run 50 time 0.002200127
Run 51 time 0.000971079
Run 52 time 0.000766039
Run 53 time 0.006190062
Run 54 time 0.000989914
Run 55 time 0.000804186
Run 56 time 0.000771046
Run 57 time 0.000777006
Run 58 time 0.000793934
Run 59 time 0.000828028
Run 60 time 0.000822067
Run 61 time 0.001096010
Run 62 time 0.000785112
Run 63 time 0.001424074
Run 64 time 0.001095057
Run 65 time 0.000771046
Run 66 time 0.000797033
Run 67 time 0.000782967
Run 68 time 0.000772953
Run 69 time 0.000797033
Run 70 time 0.001380205
Run 71 time 0.000787973
Run 72 time 0.000777960
Run 73 time 0.000791073
Run 74 time 0.000779867
Run 75 time 0.000804901
Run 76 time 0.000810862
Run 77 time 0.000777960
Run 78 time 0.000779152
Run 79 time 0.000782013
Run 80 time 0.000804186
Run 81 time 0.000900030
Run 82 time 0.000776052
Run 83 time 0.004102945
Run 84 time 0.004649162
Run 85 time 0.001800060
Run 86 time 0.002925158
Run 87 time 0.000805140
Run 88 time 0.000780106
Run 89 time 0.000773907
Run 90 time 0.000781059
Run 91 time 0.000952005
Run 92 time 0.000855923
Run 93 time 0.000779152
Run 94 time 0.000935078
Run 95 time 0.000879049
Run 96 time 0.000775814
Run 97 time 0.000770092
Run 98 time 0.000778913
Run 99 time 0.000795841
Run 100 time 0.001256943
2Tree_allreduceoptimal 96 1048576 20
Run 1 time 0.016548157
Run 2 time 0.001532078
Run 3 time 0.000936985
Run 4 time 0.001102924
Run 5 time 0.001127005
Run 6 time 0.001019955
Run 7 time 0.001076937
Run 8 time 0.000917912
Run 9 time 0.000982046
Run 10 time 0.000998974
Run 11 time 0.001093149
Run 12 time 0.000967026
Run 13 time 0.000952005
Run 14 time 0.000946999
Run 15 time 0.000931978
Run 16 time 0.000953913
Run 17 time 0.000933886
Run 18 time 0.000955105
Run 19 time 0.000937939
Run 20 time 0.000920057
Run 21 time 0.001003981
Run 22 time 0.001218081
Run 23 time 0.000944853
Run 24 time 0.000980139
Run 25 time 0.001235962
Run 26 time 0.001537085
Run 27 time 0.002338886
Run 28 time 0.001339912
Run 29 time 0.001494169
Run 30 time 0.001716852
Run 31 time 0.001582146
Run 32 time 0.002261162
Run 33 time 0.001752853
Run 34 time 0.001657009
Run 35 time 0.001027822
Run 36 time 0.000990152
Run 37 time 0.001077175
Run 38 time 0.000941992
Run 39 time 0.001082182
Run 40 time 0.000988960
Run 41 time 0.001292944
Run 42 time 0.001163006
Run 43 time 0.001057148
Run 44 time 0.001286983
Run 45 time 0.001262903
Run 46 time 0.001111031
Run 47 time 0.001716852
Run 48 time 0.001051903
Run 49 time 0.000996828
Run 50 time 0.001682997
Run 51 time 0.001039028
Run 52 time 0.001046181
Run 53 time 0.001237154
Run 54 time 0.001009941
Run 55 time 0.001206875
Run 56 time 0.000977039
Run 57 time 0.001894951
Run 58 time 0.003043175
Run 59 time 0.002064943
Run 60 time 0.003055096
Run 61 time 0.003081083
Run 62 time 0.001886129
Run 63 time 0.001692057
Run 64 time 0.001201153
Run 65 time 0.000902891
Run 66 time 0.000920057
Run 67 time 0.000988007
Run 68 time 0.001288891
Run 69 time 0.001092911
Run 70 time 0.001052141
Run 71 time 0.000991106
Run 72 time 0.001008987
Run 73 time 0.001099110
Run 74 time 0.001057148
Run 75 time 0.000978231
Run 76 time 0.000962019
Run 77 time 0.000978947
Run 78 time 0.000909090
Run 79 time 0.000962019
Run 80 time 0.000998974
Run 81 time 0.000941992
Run 82 time 0.000947952
Run 83 time 0.000957012
Run 84 time 0.000932932
Run 85 time 0.000929117
Run 86 time 0.001128912
Run 87 time 0.000952005
Run 88 time 0.000969172
Run 89 time 0.000952005
Run 90 time 0.001241922
Run 91 time 0.001468897
Run 92 time 0.002377033
Run 93 time 0.003040075
Run 94 time 0.001361132
Run 95 time 0.002099037
Run 96 time 0.001105070
Run 97 time 0.000990152
Run 98 time 0.000921965
Run 99 time 0.001013994
Run 100 time 0.001045942
MPI_allreduce 96 1048576
Run 1 time 0.034387112
Run 2 time 0.001703978
Run 3 time 0.001335144
Run 4 time 0.001697063
Run 5 time 0.003291130
Run 6 time 0.003455877
Run 7 time 0.002064943
Run 8 time 0.001539946
Run 9 time 0.001714945
Run 10 time 0.001788139
Run 11 time 0.001458168
Run 12 time 0.006597042
Run 13 time 0.006093979
Run 14 time 0.002367973
Run 15 time 0.001716852
Run 16 time 0.007256985
Run 17 time 0.015251875
Run 18 time 0.008368969
Run 19 time 0.005403996
Run 20 time 0.001291990
Run 21 time 0.003591776
Run 22 time 0.001809120
Run 23 time 0.001567125
Run 24 time 0.001825094
Run 25 time 0.001302958
Run 26 time 0.001617908
Run 27 time 0.001609087
Run 28 time 0.001224041
Run 29 time 0.001528025
Run 30 time 0.002022028
Run 31 time 0.002291918
Run 32 time 0.001419067
Run 33 time 0.001805067
Run 34 time 0.001250982
Run 35 time 0.001781940
Run 36 time 0.001274109
Run 37 time 0.001447916
Run 38 time 0.001600027
Run 39 time 0.001722097
Run 40 time 0.010601044
Run 41 time 0.006921053
Run 42 time 0.005110979
Run 43 time 0.001289129
Run 44 time 0.001538992
Run 45 time 0.001515865
Run 46 time 0.001729012
Run 47 time 0.001461029
Run 48 time 0.001873016
Run 49 time 0.001394987
Run 50 time 0.001554012
Run 51 time 0.001337051
Run 52 time 0.001195908
Run 53 time 0.001219988
Run 54 time 0.001441956
Run 55 time 0.001299858
Run 56 time 0.001419067
Run 57 time 0.001715183
Run 58 time 0.002557993
Run 59 time 0.002225161
Run 60 time 0.003316164
Run 61 time 0.002427101
Run 62 time 0.001859188
Run 63 time 0.004139900
Run 64 time 0.003245115
Run 65 time 0.006843090
Run 66 time 0.008095980
Run 67 time 0.003839016
Run 68 time 0.003663063
Run 69 time 0.001754045
Run 70 time 0.002188921
Run 71 time 0.003156185
Run 72 time 0.003670216
Run 73 time 0.002040148
Run 74 time 0.001809120
Run 75 time 0.002675056
Run 76 time 0.001783848
Run 77 time 0.002071857
Run 78 time 0.002691984
Run 79 time 0.001576900
Run 80 time 0.001163006
Run 81 time 0.001908064
Run 82 time 0.001384974
Run 83 time 0.003072977
Run 84 time 0.001164913
Run 85 time 0.001183033
Run 86 time 0.001428127
Run 87 time 0.001464844
Run 88 time 0.001389027
Run 89 time 0.001511097
Run 90 time 0.001233101
Run 91 time 0.001381874
Run 92 time 0.001868010
Run 93 time 0.006519079
Run 94 time 0.007871866
Run 95 time 0.005014181
Run 96 time 0.002939939
Run 97 time 0.001409054
Run 98 time 0.001444101
Run 99 time 0.001413107
Run 100 time 0.001411200
2Tree_allreduceoptimal 128 1048576 18
Run 1 time 0.020494938
Run 2 time 0.001145124
Run 3 time 0.001488924
Run 4 time 0.001261950
Run 5 time 0.001255989
Run 6 time 0.003281116
Run 7 time 0.001209021
Run 8 time 0.001229048
Run 9 time 0.002725124
Run 10 time 0.001290083
Run 11 time 0.001236916
Run 12 time 0.001013994
Run 13 time 0.001199007
Run 14 time 0.001093149
Run 15 time 0.001096010
Run 16 time 0.001199007
Run 17 time 0.001437187
Run 18 time 0.000981808
Run 19 time 0.001150846
Run 20 time 0.001060009
Run 21 time 0.001124859
Run 22 time 0.001094818
Run 23 time 0.001788139
Run 24 time 0.001450062
Run 25 time 0.001266003
Run 26 time 0.001326084
Run 27 time 0.001559973
Run 28 time 0.001055956
Run 29 time 0.001234055
Run 30 time 0.001307011
Run 31 time 0.003081083
Run 32 time 0.005292892
Run 33 time 0.004571915
Run 34 time 0.003687143
Run 35 time 0.004077196
Run 36 time 0.001459122
Run 37 time 0.001514196
Run 38 time 0.002358913
Run 39 time 0.001049042
Run 40 time 0.000972033
Run 41 time 0.001040220
Run 42 time 0.002182007
Run 43 time 0.001135111
Run 44 time 0.001330137
Run 45 time 0.001288891
Run 46 time 0.001280069
Run 47 time 0.001471043
Run 48 time 0.001763821
Run 49 time 0.001916885
Run 50 time 0.002269030
Run 51 time 0.001235962
Run 52 time 0.001272917
Run 53 time 0.001302958
Run 54 time 0.002950907
Run 55 time 0.003347158
Run 56 time 0.003396988
Run 57 time 0.003146172
Run 58 time 0.002868891
Run 59 time 0.003494024
Run 60 time 0.001100063
Run 61 time 0.001042128
Run 62 time 0.000976086
Run 63 time 0.001006842
Run 64 time 0.001103163
Run 65 time 0.001213074
Run 66 time 0.001259089
Run 67 time 0.001422882
Run 68 time 0.001189947
Run 69 time 0.002000093
Run 70 time 0.001777887
Run 71 time 0.001044035
Run 72 time 0.003352165
Run 73 time 0.001149893
Run 74 time 0.001009941
Run 75 time 0.003729105
Run 76 time 0.001056910
Run 77 time 0.001714945
Run 78 time 0.001711845
Run 79 time 0.001178026
Run 80 time 0.000988960
Run 81 time 0.001955032
Run 82 time 0.002673864
Run 83 time 0.004928112
Run 84 time 0.003494978
Run 85 time 0.004583120
Run 86 time 0.004199028
Run 87 time 0.001285076
Run 88 time 0.001147032
Run 89 time 0.002871037
Run 90 time 0.001538992
Run 91 time 0.001011848
Run 92 time 0.001070976
Run 93 time 0.001147032
Run 94 time 0.001110077
Run 95 time 0.001508951
Run 96 time 0.001442909
Run 97 time 0.001270056
Run 98 time 0.001091957
Run 99 time 0.001034021
Run 100 time 0.001253128
MPI_allreduce 128 1048576
Run 1 time 0.052546978
Run 2 time 0.002943039
Run 3 time 0.002954006
Run 4 time 0.002803087
Run 5 time 0.006939888
Run 6 time 0.002479076
Run 7 time 0.003234863
Run 8 time 0.002976894
Run 9 time 0.002233028
Run 10 time 0.002320051
Run 11 time 0.003177166
Run 12 time 0.002274036
Run 13 time 0.003794909
Run 14 time 0.005939007
Run 15 time 0.005187035
Run 16 time 0.010601044
Run 17 time 0.002678156
Run 18 time 0.002078056
Run 19 time 0.002568007
Run 20 time 0.002120018
Run 21 time 0.002028942
Run 22 time 0.002715826
Run 23 time 0.002537966
Run 24 time 0.002429962
Run 25 time 0.001904964
Run 26 time 0.002094030
Run 27 time 0.003471851
Run 28 time 0.003252983
Run 29 time 0.003546000
Run 30 time 0.002953053
Run 31 time 0.001349926
Run 32 time 0.003546000
Run 33 time 0.001742840
Run 34 time 0.001362085
Run 35 time 0.003108978
Run 36 time 0.001666069
Run 37 time 0.002895117
Run 38 time 0.005156994
Run 39 time 0.002052069
Run 40 time 0.008087873
Run 41 time 0.002887964
Run 42 time 0.007390022
Run 43 time 0.002671957
Run 44 time 0.002975941
Run 45 time 0.003129005
Run 46 time 0.003302813
Run 47 time 0.002529860
Run 48 time 0.002945900
Run 49 time 0.002635002
Run 50 time 0.002842903
Run 51 time 0.002662182
Run 52 time 0.003439188
Run 53 time 0.014320135
Run 54 time 0.004789114
Run 55 time 0.002230167
Run 56 time 0.003204107
Run 57 time 0.002191067
Run 58 time 0.002743006
Run 59 time 0.002144098
Run 60 time 0.002945185
Run 61 time 0.001307964
Run 62 time 0.004526138
Run 63 time 0.001476049
Run 64 time 0.002928019
Run 65 time 0.005100012
Run 66 time 0.001538992
Run 67 time 0.001345158
Run 68 time 0.001713037
Run 69 time 0.002208948
Run 70 time 0.001749992
Run 71 time 0.001611948
Run 72 time 0.003535032
Run 73 time 0.002254963
Run 74 time 0.001493931
Run 75 time 0.002123117
Run 76 time 0.003466845
Run 77 time 0.002232790
Run 78 time 0.002547026
Run 79 time 0.001396894
Run 80 time 0.001446009
Run 81 time 0.004970074
Run 82 time 0.002293110
Run 83 time 0.004621029
Run 84 time 0.002005100
Run 85 time 0.002686024
Run 86 time 0.002795935
Run 87 time 0.003009081
Run 88 time 0.002866030
Run 89 time 0.002672911
Run 90 time 0.002606869
Run 91 time 0.001632214
Run 92 time 0.001224995
Run 93 time 0.001619816
Run 94 time 0.002027988
Run 95 time 0.002295971
Run 96 time 0.002658129
Run 97 time 0.002977133
Run 98 time 0.004244089
Run 99 time 0.002079010
Run 100 time 0.003774166
2Tree_allreduceoptimal 158 1048576 18
Run 1 time 0.044861078
Run 2 time 0.004120827
Run 3 time 0.004216909
Run 4 time 0.002371073
Run 5 time 0.001957893
Run 6 time 0.001111031
Run 7 time 0.001215935
Run 8 time 0.001718044
Run 9 time 0.005006075
Run 10 time 0.003798962
Run 11 time 0.001191854
Run 12 time 0.001266003
Run 13 time 0.001981974
Run 14 time 0.001313925
Run 15 time 0.002690077
Run 16 time 0.002535105
Run 17 time 0.003578901
Run 18 time 0.002239943
Run 19 time 0.001298904
Run 20 time 0.001700878
Run 21 time 0.003003836
Run 22 time 0.005860090
Run 23 time 0.004563093
Run 24 time 0.004508018
Run 25 time 0.003703117
Run 26 time 0.001206875
Run 27 time 0.001207829
Run 28 time 0.000957012
Run 29 time 0.001456976
Run 30 time 0.001055002
Run 31 time 0.001019001
Run 32 time 0.001129866
Run 33 time 0.001130104
Run 34 time 0.001355171
Run 35 time 0.000993967
Run 36 time 0.001273155
Run 37 time 0.001168013
Run 38 time 0.002380848
Run 39 time 0.001274824
Run 40 time 0.001753092
Run 41 time 0.001171112
Run 42 time 0.001161098
Run 43 time 0.001280069
Run 44 time 0.001151085
Run 45 time 0.001475096
Run 46 time 0.002676010
Run 47 time 0.001317978
Run 48 time 0.001305103
Run 49 time 0.002964020
Run 50 time 0.001150131
Run 51 time 0.001286983
Run 52 time 0.001468897
Run 53 time 0.001147032
Run 54 time 0.001234770
Run 55 time 0.001131058
Run 56 time 0.001194954
Run 57 time 0.001299143
Run 58 time 0.001133919
Run 59 time 0.001336098
Run 60 time 0.001096010
Run 61 time 0.001024008
Run 62 time 0.001286983
Run 63 time 0.001421928
Run 64 time 0.001111984
Run 65 time 0.001133919
Run 66 time 0.002572060
Run 67 time 0.002275229
Run 68 time 0.001226902
Run 69 time 0.001256943
Run 70 time 0.002068996
Run 71 time 0.001430035
Run 72 time 0.001299143
Run 73 time 0.001663923
Run 74 time 0.002132893
Run 75 time 0.001935959
Run 76 time 0.001263142
Run 77 time 0.001726866
Run 78 time 0.002830982
Run 79 time 0.001329899
Run 80 time 0.001223087
Run 81 time 0.001749992
Run 82 time 0.002110004
Run 83 time 0.001361132
Run 84 time 0.002108097
Run 85 time 0.003131151
Run 86 time 0.001312971
Run 87 time 0.001160860
Run 88 time 0.001053095
Run 89 time 0.001140118
Run 90 time 0.001070976
Run 91 time 0.001067877
Run 92 time 0.001232862
Run 93 time 0.001092911
Run 94 time 0.001385927
Run 95 time 0.001124144
Run 96 time 0.001094103
Run 97 time 0.000989914
Run 98 time 0.000980139
Run 99 time 0.001188040
Run 100 time 0.003175020
MPI_allreduce 158 1048576
Run 1 time 0.041351080
Run 2 time 0.004577875
Run 3 time 0.002305984
Run 4 time 0.007416964
Run 5 time 0.004002094
Run 6 time 0.003909111
Run 7 time 0.004848957
Run 8 time 0.002269983
Run 9 time 0.002111197
Run 10 time 0.002511024
Run 11 time 0.003262997
Run 12 time 0.001857996
Run 13 time 0.002395153
Run 14 time 0.002320051
Run 15 time 0.002056122
Run 16 time 0.005887032
Run 17 time 0.002477169
Run 18 time 0.001338959
Run 19 time 0.001403093
Run 20 time 0.001343966
Run 21 time 0.001411915
Run 22 time 0.001693010
Run 23 time 0.001714945
Run 24 time 0.002098083
Run 25 time 0.001523972
Run 26 time 0.001402140
Run 27 time 0.002628088
Run 28 time 0.001561880
Run 29 time 0.002334118
Run 30 time 0.002688885
Run 31 time 0.002716064
Run 32 time 0.003674030
Run 33 time 0.002237082
Run 34 time 0.003757000
Run 35 time 0.002480984
Run 36 time 0.001984119
Run 37 time 0.002273798
Run 38 time 0.002233028
Run 39 time 0.002094984
Run 40 time 0.001429796
Run 41 time 0.002002954
Run 42 time 0.001664162
Run 43 time 0.002017975
Run 44 time 0.001863003
Run 45 time 0.001481056
Run 46 time 0.002286196
Run 47 time 0.002850056
Run 48 time 0.003021002
Run 49 time 0.003133059
Run 50 time 0.002758026
Run 51 time 0.003437042
Run 52 time 0.001595974
Run 53 time 0.002239943
Run 54 time 0.003418207
Run 55 time 0.002598047
Run 56 time 0.002717972
Run 57 time 0.004863024
Run 58 time 0.004852057
Run 59 time 0.002128124
Run 60 time 0.002150059
Run 61 time 0.002466202
Run 62 time 0.001590014
Run 63 time 0.002155066
Run 64 time 0.001874924
Run 65 time 0.001845121
Run 66 time 0.001909018
Run 67 time 0.002267838
Run 68 time 0.001479149
Run 69 time 0.003196001
Run 70 time 0.001979113
Run 71 time 0.001399040
Run 72 time 0.003243208
Run 73 time 0.001915932
Run 74 time 0.002676964
Run 75 time 0.002773046
Run 76 time 0.003662109
Run 77 time 0.002343178
Run 78 time 0.002184153
Run 79 time 0.001461983
Run 80 time 0.002779961
Run 81 time 0.002161026
Run 82 time 0.002147913
Run 83 time 0.001602173
Run 84 time 0.001929045
Run 85 time 0.002306938
Run 86 time 0.002058983
Run 87 time 0.002223969
Run 88 time 0.001998186
Run 89 time 0.002855062
Run 90 time 0.001672983
Run 91 time 0.001641989
Run 92 time 0.001698017
Run 93 time 0.001647949
Run 94 time 0.002055883
Run 95 time 0.002048969
Run 96 time 0.002353907
Run 97 time 0.003401995
Run 98 time 0.003620148
Run 99 time 0.001745939
Run 100 time 0.002315044
2Tree_allreduceoptimal 188 1048576 16
Run 1 time 0.037467957
Run 2 time 0.005016088
Run 3 time 0.004376173
Run 4 time 0.001991987
Run 5 time 0.001111031
Run 6 time 0.001202822
Run 7 time 0.001407146
Run 8 time 0.001329184
Run 9 time 0.001669884
Run 10 time 0.002774000
Run 11 time 0.001259089
Run 12 time 0.001204014
Run 13 time 0.003973961
Run 14 time 0.001590014
Run 15 time 0.001557112
Run 16 time 0.001319170
Run 17 time 0.001503944
Run 18 time 0.002387047
Run 19 time 0.002286911
Run 20 time 0.001387835
Run 21 time 0.004638195
Run 22 time 0.005519867
Run 23 time 0.005492926
Run 24 time 0.005717039
Run 25 time 0.003475904
Run 26 time 0.001821995
Run 27 time 0.002468109
Run 28 time 0.001399040
Run 29 time 0.001477003
Run 30 time 0.001193047
Run 31 time 0.001376152
Run 32 time 0.001322031
Run 33 time 0.002605200
Run 34 time 0.004585981
Run 35 time 0.001153946
Run 36 time 0.001316071
Run 37 time 0.001526833
Run 38 time 0.001318932
Run 39 time 0.001657009
Run 40 time 0.003316879
Run 41 time 0.003713131
Run 42 time 0.004694939
Run 43 time 0.005295038
Run 44 time 0.005573988
Run 45 time 0.004744053
Run 46 time 0.001904964
Run 47 time 0.001197100
Run 48 time 0.002007961
Run 49 time 0.001911163
Run 50 time 0.002620935
Run 51 time 0.004537106
Run 52 time 0.001816034
Run 53 time 0.002444983
Run 54 time 0.001886129
Run 55 time 0.001813889
Run 56 time 0.003754139
Run 57 time 0.002964020
Run 58 time 0.001914978
Run 59 time 0.001773119
Run 60 time 0.001541853
Run 61 time 0.001929998
Run 62 time 0.004057884
Run 63 time 0.002622128
Run 64 time 0.001422882
Run 65 time 0.001378059
Run 66 time 0.001243114
Run 67 time 0.001199007
Run 68 time 0.002751827
Run 69 time 0.002781868
Run 70 time 0.001373053
Run 71 time 0.001180172
Run 72 time 0.001760960
Run 73 time 0.001362085
Run 74 time 0.001350164
Run 75 time 0.006307840
Run 76 time 0.001428127
Run 77 time 0.001795053
Run 78 time 0.001566887
Run 79 time 0.001281023
Run 80 time 0.003737926
Run 81 time 0.004963160
Run 82 time 0.001451015
Run 83 time 0.001448870
Run 84 time 0.001482010
Run 85 time 0.001706123
Run 86 time 0.002587080
Run 87 time 0.004605055
Run 88 time 0.001731873
Run 89 time 0.001785040
Run 90 time 0.001338005
Run 91 time 0.001150846
Run 92 time 0.001166821
Run 93 time 0.001541138
Run 94 time 0.001761913
Run 95 time 0.001802921
Run 96 time 0.001576900
Run 97 time 0.001857042
Run 98 time 0.001743078
Run 99 time 0.002718925
Run 100 time 0.001527071
MPI_allreduce 188 1048576
Run 1 time 0.045959949
Run 2 time 0.003774166
Run 3 time 0.004101992
Run 4 time 0.009291887
Run 5 time 0.010288000
Run 6 time 0.003423929
Run 7 time 0.005182028
Run 8 time 0.001779079
Run 9 time 0.001729012
Run 10 time 0.002398014
Run 11 time 0.002529860
Run 12 time 0.003278971
Run 13 time 0.002593994
Run 14 time 0.002247810
Run 15 time 0.002438784
Run 16 time 0.008285046
Run 17 time 0.003937960
Run 18 time 0.002426147
Run 19 time 0.002291203
Run 20 time 0.002442122
Run 21 time 0.001620054
Run 22 time 0.002849102
Run 23 time 0.001707077
Run 24 time 0.002607107
Run 25 time 0.002855778
Run 26 time 0.002061129
Run 27 time 0.001883030
Run 28 time 0.002806902
Run 29 time 0.005939960
Run 30 time 0.001719952
Run 31 time 0.002140045
Run 32 time 0.004652977
Run 33 time 0.003025055
Run 34 time 0.004492044
Run 35 time 0.002992153
Run 36 time 0.001865864
Run 37 time 0.003243923
Run 38 time 0.002866030
Run 39 time 0.002560139
Run 40 time 0.003793955
Run 41 time 0.002660036
Run 42 time 0.002059937
Run 43 time 0.004331112
Run 44 time 0.002661943
Run 45 time 0.002483845
Run 46 time 0.005468130
Run 47 time 0.006147861
Run 48 time 0.004001856
Run 49 time 0.002789021
Run 50 time 0.003422976
Run 51 time 0.003120899
Run 52 time 0.001988173
Run 53 time 0.002811193
Run 54 time 0.001924992
Run 55 time 0.002179861
Run 56 time 0.002109051
Run 57 time 0.004582882
Run 58 time 0.002630949
Run 59 time 0.004585981
Run 60 time 0.002599955
Run 61 time 0.002745152
Run 62 time 0.002331972
Run 63 time 0.002157927
Run 64 time 0.002018929
Run 65 time 0.001816034
Run 66 time 0.001577139
Run 67 time 0.002437830
Run 68 time 0.002506018
Run 69 time 0.001896143
Run 70 time 0.002396822
Run 71 time 0.002996922
Run 72 time 0.001903772
Run 73 time 0.001995087
Run 74 time 0.002109051
Run 75 time 0.002174139
Run 76 time 0.003063917
Run 77 time 0.003332138
Run 78 time 0.002332926
Run 79 time 0.002026081
Run 80 time 0.001734018
Run 81 time 0.002495050
Run 82 time 0.002455950
Run 83 time 0.003962994
Run 84 time 0.003943920
Run 85 time 0.002398014
Run 86 time 0.003327847
Run 87 time 0.003862143
Run 88 time 0.003942013
Run 89 time 0.005259991
Run 90 time 0.006418228
Run 91 time 0.004572153
Run 92 time 0.004322052
Run 93 time 0.009879112
Run 94 time 0.003593922
Run 95 time 0.002490044
Run 96 time 0.006500959
Run 97 time 0.001909971
Run 98 time 0.002894878
Run 99 time 0.003270864
Run 100 time 0.001884937
2Tree_allreduceoptimal 256 1048576 18
Run 1 time 0.027487993
Run 2 time 0.001645803
Run 3 time 0.001542807
Run 4 time 0.001562119
Run 5 time 0.002840042
Run 6 time 0.002112865
Run 7 time 0.001531124
Run 8 time 0.001674175
Run 9 time 0.002850056
Run 10 time 0.001387119
Run 11 time 0.001224995
Run 12 time 0.001697063
Run 13 time 0.001687050
Run 14 time 0.001597881
Run 15 time 0.001875162
Run 16 time 0.001664877
Run 17 time 0.001723051
Run 18 time 0.002040863
Run 19 time 0.003207922
Run 20 time 0.001767874
Run 21 time 0.001844168
Run 22 time 0.001297951
Run 23 time 0.002083063
Run 24 time 0.002161026
Run 25 time 0.001375914
Run 26 time 0.001371145
Run 27 time 0.001250982
Run 28 time 0.001353979
Run 29 time 0.002019882
Run 30 time 0.005255938
Run 31 time 0.004195929
Run 32 time 0.005664110
Run 33 time 0.005368948
Run 34 time 0.004762173
Run 35 time 0.002624989
Run 36 time 0.001502991
Run 37 time 0.002139091
Run 38 time 0.002038956
Run 39 time 0.003760099
Run 40 time 0.002778053
Run 41 time 0.001723051
Run 42 time 0.001455069
Run 43 time 0.002128124
Run 44 time 0.001270056
Run 45 time 0.001375914
Run 46 time 0.001315832
Run 47 time 0.001361847
Run 48 time 0.001778126
Run 49 time 0.002236128
Run 50 time 0.001294851
Run 51 time 0.001897097
Run 52 time 0.001250029
Run 53 time 0.001343966
Run 54 time 0.001373053
Run 55 time 0.001432896
Run 56 time 0.001866102
Run 57 time 0.003450155
Run 58 time 0.001356125
Run 59 time 0.001379013
Run 60 time 0.003182888
Run 61 time 0.001438856
Run 62 time 0.001497984
Run 63 time 0.002310991
Run 64 time 0.002010822
Run 65 time 0.004693031
Run 66 time 0.003957033
Run 67 time 0.006545067
Run 68 time 0.004106998
Run 69 time 0.001405954
Run 70 time 0.003834009
Run 71 time 0.001222849
Run 72 time 0.001920938
Run 73 time 0.001615047
Run 74 time 0.001378059
Run 75 time 0.001494884
Run 76 time 0.001243114
Run 77 time 0.001359940
Run 78 time 0.001726866
Run 79 time 0.001324892
Run 80 time 0.001176119
Run 81 time 0.001162052
Run 82 time 0.001220942
Run 83 time 0.001322985
Run 84 time 0.002694845
Run 85 time 0.003543139
Run 86 time 0.001199007
Run 87 time 0.001563072
Run 88 time 0.003654003
Run 89 time 0.001357079
Run 90 time 0.001377106
Run 91 time 0.001353025
Run 92 time 0.001300097
Run 93 time 0.002037048
Run 94 time 0.002565861
Run 95 time 0.003182888
Run 96 time 0.001979828
Run 97 time 0.001456022
Run 98 time 0.001412868
Run 99 time 0.001689911
Run 100 time 0.001662016
MPI_allreduce 256 1048576
Run 1 time 0.084378004
Run 2 time 0.011526108
Run 3 time 0.009027958
Run 4 time 0.016829967
Run 5 time 0.002150774
Run 6 time 0.005310059
Run 7 time 0.006505013
Run 8 time 0.004417896
Run 9 time 0.002318144
Run 10 time 0.004634857
Run 11 time 0.003042221
Run 12 time 0.002383947
Run 13 time 0.002657890
Run 14 time 0.001517057
Run 15 time 0.002969980
Run 16 time 0.014205933
Run 17 time 0.006915808
Run 18 time 0.003938913
Run 19 time 0.001955032
Run 20 time 0.002187014
Run 21 time 0.002220869
Run 22 time 0.003504992
Run 23 time 0.003906012
Run 24 time 0.004951000
Run 25 time 0.003974915
Run 26 time 0.005131006
Run 27 time 0.006443024
Run 28 time 0.005140066
Run 29 time 0.004771948
Run 30 time 0.003181934
Run 31 time 0.003674984
Run 32 time 0.003561020
Run 33 time 0.003093958
Run 34 time 0.003095865
Run 35 time 0.001456976
Run 36 time 0.003295898
Run 37 time 0.003123999
Run 38 time 0.001500845
Run 39 time 0.005205870
Run 40 time 0.001910925
Run 41 time 0.002176046
Run 42 time 0.003365993
Run 43 time 0.001696110
Run 44 time 0.001532078
Run 45 time 0.001511097
Run 46 time 0.001957178
Run 47 time 0.001542091
Run 48 time 0.003030062
Run 49 time 0.001513958
Run 50 time 0.001994848
Run 51 time 0.001756191
Run 52 time 0.001679182
Run 53 time 0.002794981
Run 54 time 0.002678871
Run 55 time 0.003309965
Run 56 time 0.002125025
Run 57 time 0.002051115
Run 58 time 0.002151012
Run 59 time 0.003012896
Run 60 time 0.002715111
Run 61 time 0.002150059
Run 62 time 0.002085924
Run 63 time 0.002005816
Run 64 time 0.001492023
Run 65 time 0.003469944
Run 66 time 0.002910137
Run 67 time 0.004365921
Run 68 time 0.003967047
Run 69 time 0.003448009
Run 70 time 0.004534960
Run 71 time 0.003746986
Run 72 time 0.004889965
Run 73 time 0.006118059
Run 74 time 0.005920887
Run 75 time 0.002580166
Run 76 time 0.005136013
Run 77 time 0.002638102
Run 78 time 0.001678944
Run 79 time 0.001754999
Run 80 time 0.002454996
Run 81 time 0.001353025
Run 82 time 0.002031088
Run 83 time 0.001562119
Run 84 time 0.001205921
Run 85 time 0.002825975
Run 86 time 0.001788139
Run 87 time 0.001162052
Run 88 time 0.001662970
Run 89 time 0.001412153
Run 90 time 0.001539946
Run 91 time 0.001550913
Run 92 time 0.002631903
Run 93 time 0.002104044
Run 94 time 0.003655910
Run 95 time 0.002148151
Run 96 time 0.002475977
Run 97 time 0.003239870
Run 98 time 0.003731966
Run 99 time 0.002514839
Run 100 time 0.001605988
 
Batch Job Summary Report for Job "newtry.sh" (6256505) on daint
-----------------------------------------------------------------------------------------------------
             Submit            Eligible               Start                 End    Elapsed  Timelimit 
------------------- ------------------- ------------------- ------------------- ---------- ---------- 
2018-03-02T14:19:26 2018-03-02T14:19:26 2018-03-02T15:42:34 2018-03-02T15:48:39   00:06:05   00:20:00 
-----------------------------------------------------------------------------------------------------
Username    Account     Partition   NNodes   Energy
----------  ----------  ----------  ------  --------------
jagpreet    g34         normal         256    1.66M joules
----------------------------------------------------------
Scratch File System        Files       Quota
--------------------  ----------  ----------
/scratch/snx3000               1     1000000
 
