2TreeSandersBottom_bcast 12 5242880 12
Time 0.048758030 rank 6 recvd chunk 0 from rank 4
Time 0.056776047 rank 6 recvd chunk 2 from rank 4
Time 0.056782007 rank 6 recvd chunk 1 from rank 5
Time 0.057287931 rank 6 recvd chunk 4 from rank 4
Time 0.057599068 rank 6 recvd chunk 3 from rank 5
Time 0.057817936 rank 6 recvd chunk 6 from rank 4
Time 0.058415890 rank 6 recvd chunk 5 from rank 5
Time 0.058670044 rank 6 recvd chunk 8 from rank 4
Time 0.058907032 rank 6 recvd chunk 7 from rank 5
Time 0.059134007 rank 6 recvd chunk 10 from rank 4
Time 0.059381962 rank 6 recvd chunk 9 from rank 5
Time 0.059757948 rank 6 recvd chunk 11 from rank 5
Time 0.032932043 rank 10 recvd chunk 0 from rank 8
Time 0.038640022 rank 10 recvd chunk 2 from rank 8
Time 0.039062977 rank 10 recvd chunk 4 from rank 8
Time 0.039552927 rank 10 recvd chunk 6 from rank 8
Time 0.039916992 rank 10 recvd chunk 8 from rank 8
Time 0.040213108 rank 10 recvd chunk 10 from rank 8
Time 0.053437948 rank 10 recvd chunk 1 from rank 9
Time 0.053785086 rank 10 recvd chunk 3 from rank 9
Time 0.054377079 rank 10 recvd chunk 5 from rank 9
Time 0.054763079 rank 10 recvd chunk 7 from rank 9
Time 0.055037022 rank 10 recvd chunk 9 from rank 9
Time 0.055247068 rank 10 recvd chunk 11 from rank 9
Time 0.048148155 rank 11 recvd chunk 0 from rank 10
Time 0.052736044 rank 11 recvd chunk 1 from rank 1
Time 0.052965164 rank 11 recvd chunk 2 from rank 10
Time 0.053266048 rank 11 recvd chunk 3 from rank 1
Time 0.053579092 rank 11 recvd chunk 4 from rank 10
Time 0.053847075 rank 11 recvd chunk 5 from rank 1
Time 0.054024935 rank 11 recvd chunk 6 from rank 10
Time 0.054306984 rank 11 recvd chunk 7 from rank 1
Time 0.054571152 rank 11 recvd chunk 8 from rank 10
Time 0.054770947 rank 11 recvd chunk 9 from rank 1
Time 0.055017948 rank 11 recvd chunk 10 from rank 10
Time 0.055206060 rank 11 recvd chunk 11 from rank 1
Time 0.047175169 rank 5 recvd chunk 1 from rank 7
Time 0.055082083 rank 5 recvd chunk 3 from rank 7
Time 0.055824041 rank 5 recvd chunk 5 from rank 7
Time 0.056051016 rank 5 recvd chunk 7 from rank 7
Time 0.056341171 rank 5 recvd chunk 9 from rank 7
Time 0.056567192 rank 5 recvd chunk 11 from rank 7
Time 0.057294130 rank 5 recvd chunk 0 from rank 6
Time 0.057607174 rank 5 recvd chunk 2 from rank 6
Time 0.058425188 rank 5 recvd chunk 4 from rank 6
Time 0.058807135 rank 5 recvd chunk 6 from rank 6
Time 0.059278011 rank 5 recvd chunk 8 from rank 6
Time 0.059657097 rank 5 recvd chunk 10 from rank 6
Time 0.016310930 rank 8 recvd chunk 0 from rank 0
Time 0.020008087 rank 8 recvd chunk 2 from rank 0
Time 0.020214081 rank 8 recvd chunk 4 from rank 0
Time 0.020401955 rank 8 recvd chunk 6 from rank 0
Time 0.020591021 rank 8 recvd chunk 8 from rank 0
Time 0.020808935 rank 8 recvd chunk 10 from rank 0
Time 0.053569078 rank 8 recvd chunk 1 from rank 9
Time 0.053941965 rank 8 recvd chunk 3 from rank 9
Time 0.054558992 rank 8 recvd chunk 5 from rank 9
Time 0.054948092 rank 8 recvd chunk 7 from rank 9
Time 0.055160046 rank 8 recvd chunk 9 from rank 9
Time 0.055406094 rank 8 recvd chunk 11 from rank 9
Time 0.016654968 rank 3 recvd chunk 1 from rank 0
Time 0.020159960 rank 3 recvd chunk 3 from rank 0
Time 0.020349026 rank 3 recvd chunk 5 from rank 0
Time 0.020529032 rank 3 recvd chunk 7 from rank 0
Time 0.020716906 rank 3 recvd chunk 9 from rank 0
Time 0.020897865 rank 3 recvd chunk 11 from rank 0
Time 0.052947044 rank 3 recvd chunk 0 from rank 2
Time 0.053190947 rank 3 recvd chunk 2 from rank 2
Time 0.053405046 rank 3 recvd chunk 4 from rank 2
Time 0.053879023 rank 3 recvd chunk 6 from rank 2
Time 0.054309845 rank 3 recvd chunk 8 from rank 2
Time 0.054736853 rank 3 recvd chunk 10 from rank 2
Time 0.034955978 rank 1 recvd chunk 1 from rank 3
Time 0.040034056 rank 1 recvd chunk 3 from rank 3
Time 0.040468931 rank 1 recvd chunk 5 from rank 3
Time 0.042273045 rank 1 recvd chunk 7 from rank 3
Time 0.042928934 rank 1 recvd chunk 9 from rank 3
Time 0.046916962 rank 1 recvd chunk 11 from rank 3
Time 0.052597046 rank 1 recvd chunk 0 from rank 2
Time 0.052794933 rank 1 recvd chunk 2 from rank 2
Time 0.053327084 rank 1 recvd chunk 4 from rank 2
Time 0.053634882 rank 1 recvd chunk 6 from rank 2
Time 0.054120064 rank 1 recvd chunk 8 from rank 2
Time 0.054550886 rank 1 recvd chunk 10 from rank 2
Time 0.032912970 rank 4 recvd chunk 0 from rank 8
Time 0.038038969 rank 4 recvd chunk 2 from rank 8
Time 0.038433790 rank 4 recvd chunk 4 from rank 8
Time 0.038833857 rank 4 recvd chunk 6 from rank 8
Time 0.039536953 rank 4 recvd chunk 8 from rank 8
Time 0.039899826 rank 4 recvd chunk 10 from rank 8
Time 0.055544853 rank 4 recvd chunk 1 from rank 5
Time 0.055941820 rank 4 recvd chunk 3 from rank 5
Time 0.056257010 rank 4 recvd chunk 5 from rank 5
Time 0.056526899 rank 4 recvd chunk 7 from rank 5
Time 0.056702852 rank 4 recvd chunk 9 from rank 5
Time 0.056882858 rank 4 recvd chunk 11 from rank 5
Time 0.034363031 rank 7 recvd chunk 1 from rank 3
Time 0.038573980 rank 7 recvd chunk 3 from rank 3
Time 0.038841009 rank 7 recvd chunk 5 from rank 3
Time 0.039195061 rank 7 recvd chunk 7 from rank 3
Time 0.039482117 rank 7 recvd chunk 9 from rank 3
Time 0.039832115 rank 7 recvd chunk 11 from rank 3
Time 0.057291031 rank 7 recvd chunk 0 from rank 6
Time 0.057605028 rank 7 recvd chunk 2 from rank 6
Time 0.057810068 rank 7 recvd chunk 4 from rank 6
Time 0.058556080 rank 7 recvd chunk 6 from rank 6
Time 0.059039116 rank 7 recvd chunk 8 from rank 6
Time 0.059388161 rank 7 recvd chunk 10 from rank 6
Time 0.047587156 rank 9 recvd chunk 0 from rank 10
Time 0.051228046 rank 9 recvd chunk 2 from rank 10
Time 0.051230192 rank 9 recvd chunk 1 from rank 7
Time 0.052884102 rank 9 recvd chunk 4 from rank 10
Time 0.053442001 rank 9 recvd chunk 3 from rank 7
Time 0.053654194 rank 9 recvd chunk 6 from rank 10
Time 0.054030180 rank 9 recvd chunk 5 from rank 7
Time 0.054246187 rank 9 recvd chunk 8 from rank 10
Time 0.054440022 rank 9 recvd chunk 7 from rank 7
Time 0.054633141 rank 9 recvd chunk 10 from rank 10
Time 0.054831028 rank 9 recvd chunk 9 from rank 7
Time 0.055023193 rank 9 recvd chunk 11 from rank 7
Tree Construction time = 0.010657072
Tree Coloring time = 0.000719786
Run 1 time 0.059760094
Time 0.046267986 rank 2 recvd chunk 0 from rank 4
Time 0.052082777 rank 2 recvd chunk 1 from rank 1
Time 0.052593946 rank 2 recvd chunk 2 from rank 4
Time 0.052788973 rank 2 recvd chunk 3 from rank 1
Time 0.052988768 rank 2 recvd chunk 4 from rank 4
Time 0.053190947 rank 2 recvd chunk 5 from rank 1
Time 0.053432941 rank 2 recvd chunk 6 from rank 4
Time 0.053628922 rank 2 recvd chunk 7 from rank 1
Time 0.053914785 rank 2 recvd chunk 8 from rank 4
Time 0.054113865 rank 2 recvd chunk 9 from rank 1
Time 0.054348946 rank 2 recvd chunk 10 from rank 4
Time 0.054543972 rank 2 recvd chunk 11 from rank 1
2TreeSandersBottomUnsynch_bcast 12 5242880 12
Run 1 time 0.028592110
Time 0.020577908 rank 7 recvd chunk 1 from rank 3
Time 0.020599842 rank 7 recvd chunk 3 from rank 3
Time 0.020602942 rank 7 recvd chunk 5 from rank 3
Time 0.020604849 rank 7 recvd chunk 7 from rank 3
Time 0.020607948 rank 7 recvd chunk 9 from rank 3
Time 0.020609856 rank 7 recvd chunk 11 from rank 3
Time 0.027370930 rank 7 recvd chunk 0 from rank 6
Time 0.027374029 rank 7 recvd chunk 2 from rank 6
Time 0.027374983 rank 7 recvd chunk 4 from rank 6
Time 0.027375937 rank 7 recvd chunk 6 from rank 6
Time 0.027376890 rank 7 recvd chunk 8 from rank 6
Time 0.027924061 rank 7 recvd chunk 10 from rank 6
Time 0.018524885 rank 4 recvd chunk 0 from rank 8
Time 0.018544912 rank 4 recvd chunk 2 from rank 8
Time 0.018548012 rank 4 recvd chunk 4 from rank 8
Time 0.018549919 rank 4 recvd chunk 6 from rank 8
Time 0.018551826 rank 4 recvd chunk 8 from rank 8
Time 0.018554926 rank 4 recvd chunk 10 from rank 8
Time 0.028026819 rank 4 recvd chunk 1 from rank 5
Time 0.028059959 rank 4 recvd chunk 3 from rank 5
Time 0.028153896 rank 4 recvd chunk 5 from rank 5
Time 0.028198004 rank 4 recvd chunk 7 from rank 5
Time 0.028235912 rank 4 recvd chunk 9 from rank 5
Time 0.028275967 rank 4 recvd chunk 11 from rank 5
Time 0.014379025 rank 3 recvd chunk 1 from rank 0
Time 0.014405012 rank 3 recvd chunk 3 from rank 0
Time 0.014408112 rank 3 recvd chunk 5 from rank 0
Time 0.014410019 rank 3 recvd chunk 7 from rank 0
Time 0.014411926 rank 3 recvd chunk 9 from rank 0
Time 0.014415026 rank 3 recvd chunk 11 from rank 0
Time 0.026175022 rank 3 recvd chunk 0 from rank 2
Time 0.026248932 rank 3 recvd chunk 2 from rank 2
Time 0.026314020 rank 3 recvd chunk 4 from rank 2
Time 0.026361942 rank 3 recvd chunk 6 from rank 2
Time 0.026427031 rank 3 recvd chunk 8 from rank 2
Time 0.026472092 rank 3 recvd chunk 10 from rank 2
Time 0.025422812 rank 11 recvd chunk 0 from rank 10
Time 0.025442839 rank 11 recvd chunk 2 from rank 10
Time 0.025443792 rank 11 recvd chunk 4 from rank 10
Time 0.025444984 rank 11 recvd chunk 6 from rank 10
Time 0.025445938 rank 11 recvd chunk 8 from rank 10
Time 0.025445938 rank 11 recvd chunk 10 from rank 10
Time 0.026230812 rank 11 recvd chunk 1 from rank 1
Time 0.026232958 rank 11 recvd chunk 3 from rank 1
Time 0.026232958 rank 11 recvd chunk 5 from rank 1
Time 0.026233912 rank 11 recvd chunk 7 from rank 1
Time 0.026233912 rank 11 recvd chunk 9 from rank 1
Time 0.026299000 rank 11 recvd chunk 11 from rank 1
Time 0.025822163 rank 6 recvd chunk 0 from rank 4
Time 0.025843143 rank 6 recvd chunk 2 from rank 4
Time 0.025846004 rank 6 recvd chunk 4 from rank 4
Time 0.025848150 rank 6 recvd chunk 6 from rank 4
Time 0.025850058 rank 6 recvd chunk 8 from rank 4
Time 0.025852203 rank 6 recvd chunk 10 from rank 4
Time 0.027790070 rank 6 recvd chunk 1 from rank 5
Time 0.027805090 rank 6 recvd chunk 3 from rank 5
Time 0.027931213 rank 6 recvd chunk 5 from rank 5
Time 0.027936220 rank 6 recvd chunk 7 from rank 5
Time 0.028029203 rank 6 recvd chunk 9 from rank 5
Time 0.028128147 rank 6 recvd chunk 11 from rank 5
Time 0.012703180 rank 8 recvd chunk 0 from rank 0
Time 0.012727022 rank 8 recvd chunk 2 from rank 0
Time 0.012729168 rank 8 recvd chunk 4 from rank 0
Time 0.012732029 rank 8 recvd chunk 6 from rank 0
Time 0.012734175 rank 8 recvd chunk 8 from rank 0
Time 0.012736082 rank 8 recvd chunk 10 from rank 0
Time 0.028161049 rank 8 recvd chunk 1 from rank 9
Time 0.028164148 rank 8 recvd chunk 3 from rank 9
Time 0.028216124 rank 8 recvd chunk 5 from rank 9
Time 0.028318167 rank 8 recvd chunk 7 from rank 9
Time 0.028445005 rank 8 recvd chunk 9 from rank 9
Time 0.028495073 rank 8 recvd chunk 11 from rank 9
Time 0.026607037 rank 5 recvd chunk 1 from rank 7
Time 0.026628017 rank 5 recvd chunk 3 from rank 7
Time 0.026631117 rank 5 recvd chunk 5 from rank 7
Time 0.026633024 rank 5 recvd chunk 7 from rank 7
Time 0.026634932 rank 5 recvd chunk 9 from rank 7
Time 0.026638031 rank 5 recvd chunk 11 from rank 7
Time 0.027832985 rank 5 recvd chunk 0 from rank 6
Time 0.027835131 rank 5 recvd chunk 2 from rank 6
Time 0.027836084 rank 5 recvd chunk 4 from rank 6
Time 0.027899027 rank 5 recvd chunk 6 from rank 6
Time 0.027979136 rank 5 recvd chunk 8 from rank 6
Time 0.028063059 rank 5 recvd chunk 10 from rank 6
Time 0.024682999 rank 2 recvd chunk 0 from rank 4
Time 0.024703026 rank 2 recvd chunk 2 from rank 4
Time 0.024705887 rank 2 recvd chunk 4 from rank 4
Time 0.024708033 rank 2 recvd chunk 6 from rank 4
Time 0.024709940 rank 2 recvd chunk 8 from rank 4
Time 0.024713039 rank 2 recvd chunk 10 from rank 4
Time 0.025944948 rank 2 recvd chunk 1 from rank 1
Time 0.025964022 rank 2 recvd chunk 3 from rank 1
Time 0.026021957 rank 2 recvd chunk 5 from rank 1
Time 0.026081085 rank 2 recvd chunk 7 from rank 1
Time 0.026139975 rank 2 recvd chunk 9 from rank 1
Time 0.026198864 rank 2 recvd chunk 11 from rank 1
Time 0.019348860 rank 10 recvd chunk 0 from rank 8
Time 0.019369841 rank 10 recvd chunk 2 from rank 8
Time 0.019372940 rank 10 recvd chunk 4 from rank 8
Time 0.019376040 rank 10 recvd chunk 6 from rank 8
Time 0.019377947 rank 10 recvd chunk 8 from rank 8
Time 0.019379854 rank 10 recvd chunk 10 from rank 8
Time 0.027678967 rank 10 recvd chunk 1 from rank 9
Time 0.027680874 rank 10 recvd chunk 3 from rank 9
Time 0.027681828 rank 10 recvd chunk 5 from rank 9
Time 0.027789831 rank 10 recvd chunk 7 from rank 9
Time 0.027925968 rank 10 recvd chunk 9 from rank 9
Time 0.028092861 rank 10 recvd chunk 11 from rank 9
Time 0.025745153 rank 9 recvd chunk 0 from rank 10
Time 0.025763035 rank 9 recvd chunk 2 from rank 10
Time 0.025764227 rank 9 recvd chunk 4 from rank 10
Time 0.025764227 rank 9 recvd chunk 6 from rank 10
Time 0.025765181 rank 9 recvd chunk 8 from rank 10
Time 0.025766134 rank 9 recvd chunk 10 from rank 10
Time 0.026682138 rank 9 recvd chunk 1 from rank 7
Time 0.026715040 rank 9 recvd chunk 3 from rank 7
Time 0.026777029 rank 9 recvd chunk 5 from rank 7
Time 0.027337074 rank 9 recvd chunk 7 from rank 7
Time 0.027342081 rank 9 recvd chunk 9 from rank 7
Time 0.027345181 rank 9 recvd chunk 11 from rank 7
Time 0.020550966 rank 1 recvd chunk 1 from rank 3
Time 0.020574808 rank 1 recvd chunk 3 from rank 3
Time 0.020576954 rank 1 recvd chunk 5 from rank 3
Time 0.020579815 rank 1 recvd chunk 7 from rank 3
Time 0.020581961 rank 1 recvd chunk 9 from rank 3
Time 0.020583868 rank 1 recvd chunk 11 from rank 3
Time 0.025920868 rank 1 recvd chunk 0 from rank 2
Time 0.025977850 rank 1 recvd chunk 2 from rank 2
Time 0.026036978 rank 1 recvd chunk 4 from rank 2
Time 0.026095867 rank 1 recvd chunk 6 from rank 2
Time 0.026153803 rank 1 recvd chunk 8 from rank 2
Time 0.026211977 rank 1 recvd chunk 10 from rank 2
 
Batch Job Summary Report for Job "run_bcast_SandersExp.sh" (7580465) on daint
-----------------------------------------------------------------------------------------------------
             Submit            Eligible               Start                 End    Elapsed  Timelimit 
------------------- ------------------- ------------------- ------------------- ---------- ---------- 
2018-05-18T10:28:41 2018-05-18T10:28:41 2018-05-18T10:33:33 2018-05-18T10:33:50   00:00:17   00:04:00 
-----------------------------------------------------------------------------------------------------
Username    Account     Partition   NNodes   Energy
----------  ----------  ----------  ------  --------------
jagpreet    g34         normal          12   11.82K joules
 
This job did not utilize any GPUs
 
----------------------------------------------------------
Scratch File System        Files       Quota
--------------------  ----------  ----------
/scratch/snx3000             600     1000000
 
