2TreeSandersBottom_bcast 12 5242880 12
Time 0.044827938 rank 7 recvd chunk 1 from rank 3
Time 0.049027920 rank 7 recvd chunk 3 from rank 3
Time 0.049214125 rank 7 recvd chunk 5 from rank 3
Time 0.049391985 rank 7 recvd chunk 7 from rank 3
Time 0.049640894 rank 7 recvd chunk 9 from rank 3
Time 0.049890041 rank 7 recvd chunk 11 from rank 3
Time 0.057203054 rank 7 recvd chunk 0 from rank 6
Time 0.057533026 rank 7 recvd chunk 2 from rank 6
Time 0.057863951 rank 7 recvd chunk 4 from rank 6
Time 0.058042049 rank 7 recvd chunk 6 from rank 6
Time 0.058223009 rank 7 recvd chunk 8 from rank 6
Time 0.058406115 rank 7 recvd chunk 10 from rank 6
Time 0.041238070 rank 10 recvd chunk 0 from rank 8
Time 0.045482159 rank 10 recvd chunk 2 from rank 8
Time 0.045686007 rank 10 recvd chunk 4 from rank 8
Time 0.045865059 rank 10 recvd chunk 6 from rank 8
Time 0.046050072 rank 10 recvd chunk 8 from rank 8
Time 0.046233177 rank 10 recvd chunk 10 from rank 8
Time 0.058331013 rank 10 recvd chunk 1 from rank 9
Time 0.058556080 rank 10 recvd chunk 3 from rank 9
Time 0.059231997 rank 10 recvd chunk 5 from rank 9
Time 0.059653044 rank 10 recvd chunk 7 from rank 9
Time 0.060024023 rank 10 recvd chunk 9 from rank 9
Time 0.060389996 rank 10 recvd chunk 11 from rank 9
Time 0.044924021 rank 1 recvd chunk 1 from rank 3
Time 0.048667192 rank 1 recvd chunk 3 from rank 3
Time 0.048850060 rank 1 recvd chunk 5 from rank 3
Time 0.049046040 rank 1 recvd chunk 7 from rank 3
Time 0.049233198 rank 1 recvd chunk 9 from rank 3
Time 0.049465179 rank 1 recvd chunk 11 from rank 3
Time 0.059286118 rank 1 recvd chunk 0 from rank 2
Time 0.059559107 rank 1 recvd chunk 2 from rank 2
Time 0.059952021 rank 1 recvd chunk 4 from rank 2
Time 0.060888052 rank 1 recvd chunk 6 from rank 2
Time 0.061378002 rank 1 recvd chunk 8 from rank 2
Time 0.061879158 rank 1 recvd chunk 10 from rank 2
Time 0.053643942 rank 5 recvd chunk 1 from rank 7
Time 0.059709072 rank 5 recvd chunk 3 from rank 7
Time 0.059714079 rank 5 recvd chunk 0 from rank 6
Time 0.060281992 rank 5 recvd chunk 5 from rank 7
Time 0.060494900 rank 5 recvd chunk 2 from rank 6
Time 0.060698986 rank 5 recvd chunk 7 from rank 7
Time 0.060928106 rank 5 recvd chunk 4 from rank 6
Time 0.061115026 rank 5 recvd chunk 9 from rank 7
Time 0.061292887 rank 5 recvd chunk 6 from rank 6
Time 0.061481953 rank 5 recvd chunk 11 from rank 7
Time 0.061666965 rank 5 recvd chunk 8 from rank 6
Time 0.061858892 rank 5 recvd chunk 10 from rank 6
Time 0.027683020 rank 3 recvd chunk 1 from rank 0
Time 0.037170887 rank 3 recvd chunk 3 from rank 0
Time 0.037420034 rank 3 recvd chunk 5 from rank 0
Time 0.037610054 rank 3 recvd chunk 7 from rank 0
Time 0.037837029 rank 3 recvd chunk 9 from rank 0
Time 0.038079023 rank 3 recvd chunk 11 from rank 0
Time 0.059432983 rank 3 recvd chunk 0 from rank 2
Time 0.059895992 rank 3 recvd chunk 2 from rank 2
Time 0.060276985 rank 3 recvd chunk 4 from rank 2
Time 0.061095953 rank 3 recvd chunk 6 from rank 2
Time 0.061564922 rank 3 recvd chunk 8 from rank 2
Time 0.062071085 rank 3 recvd chunk 10 from rank 2
Time 0.041357994 rank 4 recvd chunk 0 from rank 8
Time 0.045405865 rank 4 recvd chunk 2 from rank 8
Time 0.045656919 rank 4 recvd chunk 4 from rank 8
Time 0.046133995 rank 4 recvd chunk 6 from rank 8
Time 0.046392918 rank 4 recvd chunk 8 from rank 8
Time 0.046580076 rank 4 recvd chunk 10 from rank 8
Time 0.060291052 rank 4 recvd chunk 1 from rank 5
Time 0.060649872 rank 4 recvd chunk 3 from rank 5
Time 0.060935974 rank 4 recvd chunk 5 from rank 5
Time 0.061254978 rank 4 recvd chunk 7 from rank 5
Time 0.061490059 rank 4 recvd chunk 9 from rank 5
Time 0.061807871 rank 4 recvd chunk 11 from rank 5
Time 0.052365065 rank 11 recvd chunk 0 from rank 10
Time 0.054920912 rank 11 recvd chunk 1 from rank 1
Time 0.055132866 rank 11 recvd chunk 2 from rank 10
Time 0.055321932 rank 11 recvd chunk 3 from rank 1
Time 0.055520058 rank 11 recvd chunk 4 from rank 10
Time 0.055753946 rank 11 recvd chunk 5 from rank 1
Time 0.055932999 rank 11 recvd chunk 6 from rank 10
Time 0.056177855 rank 11 recvd chunk 7 from rank 1
Time 0.056356907 rank 11 recvd chunk 8 from rank 10
Time 0.056532860 rank 11 recvd chunk 9 from rank 1
Time 0.056710958 rank 11 recvd chunk 10 from rank 10
Time 0.056967020 rank 11 recvd chunk 11 from rank 1
Tree Construction time = 0.002245903
Tree Coloring time = 0.001171112
Run 1 time 0.062088966
Time 0.052155018 rank 9 recvd chunk 0 from rank 10
Time 0.054848194 rank 9 recvd chunk 1 from rank 7
Time 0.056573153 rank 9 recvd chunk 2 from rank 10
Time 0.058312178 rank 9 recvd chunk 3 from rank 7
Time 0.058532000 rank 9 recvd chunk 4 from rank 10
Time 0.059015036 rank 9 recvd chunk 5 from rank 7
Time 0.059208155 rank 9 recvd chunk 6 from rank 10
Time 0.059433222 rank 9 recvd chunk 7 from rank 7
Time 0.059628010 rank 9 recvd chunk 8 from rank 10
Time 0.059810162 rank 9 recvd chunk 9 from rank 7
Time 0.060000181 rank 9 recvd chunk 10 from rank 10
Time 0.060184002 rank 9 recvd chunk 11 from rank 7
Time 0.051959038 rank 6 recvd chunk 0 from rank 4
Time 0.056668043 rank 6 recvd chunk 2 from rank 4
Time 0.057204008 rank 6 recvd chunk 4 from rank 4
Time 0.057532072 rank 6 recvd chunk 6 from rank 4
Time 0.057729006 rank 6 recvd chunk 8 from rank 4
Time 0.057919979 rank 6 recvd chunk 10 from rank 4
Time 0.060302973 rank 6 recvd chunk 1 from rank 5
Time 0.060518980 rank 6 recvd chunk 3 from rank 5
Time 0.060721159 rank 6 recvd chunk 5 from rank 5
Time 0.061270952 rank 6 recvd chunk 7 from rank 5
Time 0.061635017 rank 6 recvd chunk 9 from rank 5
Time 0.061882973 rank 6 recvd chunk 11 from rank 5
Time 0.027314186 rank 8 recvd chunk 0 from rank 0
Time 0.032277107 rank 8 recvd chunk 2 from rank 0
Time 0.032473087 rank 8 recvd chunk 4 from rank 0
Time 0.032680988 rank 8 recvd chunk 6 from rank 0
Time 0.032911062 rank 8 recvd chunk 8 from rank 0
Time 0.033262968 rank 8 recvd chunk 10 from rank 0
Time 0.058484077 rank 8 recvd chunk 1 from rank 9
Time 0.058746099 rank 8 recvd chunk 3 from rank 9
Time 0.059424162 rank 8 recvd chunk 5 from rank 9
Time 0.059949160 rank 8 recvd chunk 7 from rank 9
Time 0.060214996 rank 8 recvd chunk 9 from rank 9
Time 0.060420036 rank 8 recvd chunk 11 from rank 9
Time 0.052065134 rank 2 recvd chunk 0 from rank 4
Time 0.056667089 rank 2 recvd chunk 1 from rank 1
Time 0.059314013 rank 2 recvd chunk 2 from rank 4
Time 0.059584141 rank 2 recvd chunk 3 from rank 1
Time 0.059780121 rank 2 recvd chunk 4 from rank 4
Time 0.059976101 rank 2 recvd chunk 5 from rank 1
Time 0.060163975 rank 2 recvd chunk 6 from rank 4
Time 0.060912132 rank 2 recvd chunk 7 from rank 1
Time 0.061177969 rank 2 recvd chunk 8 from rank 4
Time 0.061403036 rank 2 recvd chunk 9 from rank 1
Time 0.061712027 rank 2 recvd chunk 10 from rank 4
Time 0.061903954 rank 2 recvd chunk 11 from rank 1
2TreeSandersBottomUnsynch_bcast 12 5242880 12
Time 0.019179106 rank 7 recvd chunk 1 from rank 3
Time 0.019201040 rank 7 recvd chunk 3 from rank 3
Time 0.019204140 rank 7 recvd chunk 5 from rank 3
Time 0.019206047 rank 7 recvd chunk 7 from rank 3
Time 0.019208193 rank 7 recvd chunk 9 from rank 3
Time 0.019212008 rank 7 recvd chunk 11 from rank 3
Time 0.026444197 rank 7 recvd chunk 0 from rank 6
Time 0.026447058 rank 7 recvd chunk 2 from rank 6
Time 0.026447058 rank 7 recvd chunk 4 from rank 6
Time 0.026448011 rank 7 recvd chunk 6 from rank 6
Time 0.026829004 rank 7 recvd chunk 8 from rank 6
Time 0.026885986 rank 7 recvd chunk 10 from rank 6
Time 0.025038004 rank 9 recvd chunk 0 from rank 10
Time 0.025057077 rank 9 recvd chunk 2 from rank 10
Time 0.025058031 rank 9 recvd chunk 4 from rank 10
Time 0.025058031 rank 9 recvd chunk 6 from rank 10
Time 0.025058985 rank 9 recvd chunk 8 from rank 10
Time 0.025059938 rank 9 recvd chunk 10 from rank 10
Time 0.025882959 rank 9 recvd chunk 1 from rank 7
Time 0.025887012 rank 9 recvd chunk 3 from rank 7
Time 0.025888920 rank 9 recvd chunk 5 from rank 7
Time 0.025891066 rank 9 recvd chunk 7 from rank 7
Time 0.025892973 rank 9 recvd chunk 9 from rank 7
Time 0.025954962 rank 9 recvd chunk 11 from rank 7
Time 0.024464846 rank 2 recvd chunk 0 from rank 4
Time 0.024485826 rank 2 recvd chunk 2 from rank 4
Time 0.024487972 rank 2 recvd chunk 4 from rank 4
Time 0.024490833 rank 2 recvd chunk 6 from rank 4
Time 0.024492979 rank 2 recvd chunk 8 from rank 4
Time 0.024497032 rank 2 recvd chunk 10 from rank 4
Time 0.025833845 rank 2 recvd chunk 1 from rank 1
Time 0.025862932 rank 2 recvd chunk 3 from rank 1
Time 0.025919914 rank 2 recvd chunk 5 from rank 1
Time 0.025974035 rank 2 recvd chunk 7 from rank 1
Time 0.026051044 rank 2 recvd chunk 9 from rank 1
Time 0.026103973 rank 2 recvd chunk 11 from rank 1
Time 0.018790960 rank 1 recvd chunk 1 from rank 3
Time 0.018811941 rank 1 recvd chunk 3 from rank 3
Time 0.018815041 rank 1 recvd chunk 5 from rank 3
Time 0.018816948 rank 1 recvd chunk 7 from rank 3
Time 0.018819094 rank 1 recvd chunk 9 from rank 3
Time 0.018822908 rank 1 recvd chunk 11 from rank 3
Time 0.026232958 rank 1 recvd chunk 0 from rank 2
Time 0.026308060 rank 1 recvd chunk 2 from rank 2
Time 0.026357889 rank 1 recvd chunk 4 from rank 2
Time 0.026448011 rank 1 recvd chunk 6 from rank 2
Time 0.026517868 rank 1 recvd chunk 8 from rank 2
Time 0.026524067 rank 1 recvd chunk 10 from rank 2
Time 0.012931108 rank 3 recvd chunk 1 from rank 0
Time 0.012954950 rank 3 recvd chunk 3 from rank 0
Time 0.012958050 rank 3 recvd chunk 5 from rank 0
Time 0.012959957 rank 3 recvd chunk 7 from rank 0
Time 0.012963057 rank 3 recvd chunk 9 from rank 0
Time 0.012964964 rank 3 recvd chunk 11 from rank 0
Time 0.026839972 rank 3 recvd chunk 0 from rank 2
Time 0.026884079 rank 3 recvd chunk 2 from rank 2
Time 0.026928902 rank 3 recvd chunk 4 from rank 2
Time 0.026973009 rank 3 recvd chunk 6 from rank 2
Time 0.027018070 rank 3 recvd chunk 8 from rank 2
Time 0.027063131 rank 3 recvd chunk 10 from rank 2
Run 1 time 0.027218103
Time 0.025077105 rank 11 recvd chunk 0 from rank 10
Time 0.025094986 rank 11 recvd chunk 2 from rank 10
Time 0.025094986 rank 11 recvd chunk 4 from rank 10
Time 0.025096178 rank 11 recvd chunk 6 from rank 10
Time 0.025097132 rank 11 recvd chunk 8 from rank 10
Time 0.025097132 rank 11 recvd chunk 10 from rank 10
Time 0.026692152 rank 11 recvd chunk 1 from rank 1
Time 0.026737213 rank 11 recvd chunk 3 from rank 1
Time 0.026781082 rank 11 recvd chunk 5 from rank 1
Time 0.026826143 rank 11 recvd chunk 7 from rank 1
Time 0.026870012 rank 11 recvd chunk 9 from rank 1
Time 0.026917219 rank 11 recvd chunk 11 from rank 1
Time 0.024828911 rank 5 recvd chunk 1 from rank 7
Time 0.024849892 rank 5 recvd chunk 3 from rank 7
Time 0.024852037 rank 5 recvd chunk 5 from rank 7
Time 0.024853945 rank 5 recvd chunk 7 from rank 7
Time 0.024856091 rank 5 recvd chunk 9 from rank 7
Time 0.024862051 rank 5 recvd chunk 11 from rank 7
Time 0.026114941 rank 5 recvd chunk 0 from rank 6
Time 0.026118040 rank 5 recvd chunk 2 from rank 6
Time 0.026118040 rank 5 recvd chunk 4 from rank 6
Time 0.026170015 rank 5 recvd chunk 6 from rank 6
Time 0.026226997 rank 5 recvd chunk 8 from rank 6
Time 0.026283026 rank 5 recvd chunk 10 from rank 6
Time 0.011775970 rank 8 recvd chunk 0 from rank 0
Time 0.011801004 rank 8 recvd chunk 2 from rank 0
Time 0.011804104 rank 8 recvd chunk 4 from rank 0
Time 0.011806011 rank 8 recvd chunk 6 from rank 0
Time 0.011807919 rank 8 recvd chunk 8 from rank 0
Time 0.011810064 rank 8 recvd chunk 10 from rank 0
Time 0.026170969 rank 8 recvd chunk 1 from rank 9
Time 0.026173115 rank 8 recvd chunk 3 from rank 9
Time 0.026195049 rank 8 recvd chunk 5 from rank 9
Time 0.026240110 rank 8 recvd chunk 7 from rank 9
Time 0.026283979 rank 8 recvd chunk 9 from rank 9
Time 0.026603937 rank 8 recvd chunk 11 from rank 9
Time 0.018645048 rank 4 recvd chunk 0 from rank 8
Time 0.018668175 rank 4 recvd chunk 2 from rank 8
Time 0.018670082 rank 4 recvd chunk 4 from rank 8
Time 0.018673182 rank 4 recvd chunk 6 from rank 8
Time 0.018675089 rank 4 recvd chunk 8 from rank 8
Time 0.018682003 rank 4 recvd chunk 10 from rank 8
Time 0.026875973 rank 4 recvd chunk 1 from rank 5
Time 0.026921034 rank 4 recvd chunk 3 from rank 5
Time 0.026965141 rank 4 recvd chunk 5 from rank 5
Time 0.027009964 rank 4 recvd chunk 7 from rank 5
Time 0.027055025 rank 4 recvd chunk 9 from rank 5
Time 0.027099133 rank 4 recvd chunk 11 from rank 5
Time 0.024269104 rank 6 recvd chunk 0 from rank 4
Time 0.024291039 rank 6 recvd chunk 2 from rank 4
Time 0.024294138 rank 6 recvd chunk 4 from rank 4
Time 0.024296045 rank 6 recvd chunk 6 from rank 4
Time 0.024299145 rank 6 recvd chunk 8 from rank 4
Time 0.024302959 rank 6 recvd chunk 10 from rank 4
Time 0.025892973 rank 6 recvd chunk 1 from rank 5
Time 0.025947094 rank 6 recvd chunk 3 from rank 5
Time 0.026004076 rank 6 recvd chunk 5 from rank 5
Time 0.026062012 rank 6 recvd chunk 7 from rank 5
Time 0.026118040 rank 6 recvd chunk 9 from rank 5
Time 0.026163101 rank 6 recvd chunk 11 from rank 5
Time 0.018583059 rank 10 recvd chunk 0 from rank 8
Time 0.018607140 rank 10 recvd chunk 2 from rank 8
Time 0.018610001 rank 10 recvd chunk 4 from rank 8
Time 0.018613100 rank 10 recvd chunk 6 from rank 8
Time 0.018615007 rank 10 recvd chunk 8 from rank 8
Time 0.018619061 rank 10 recvd chunk 10 from rank 8
Time 0.026941061 rank 10 recvd chunk 1 from rank 9
Time 0.026993036 rank 10 recvd chunk 3 from rank 9
Time 0.027037144 rank 10 recvd chunk 5 from rank 9
Time 0.027081966 rank 10 recvd chunk 7 from rank 9
Time 0.027127028 rank 10 recvd chunk 9 from rank 9
Time 0.027215958 rank 10 recvd chunk 11 from rank 9
 
Batch Job Summary Report for Job "run_bcast_SandersExp.sh" (7582024) on daint
-----------------------------------------------------------------------------------------------------
             Submit            Eligible               Start                 End    Elapsed  Timelimit 
------------------- ------------------- ------------------- ------------------- ---------- ---------- 
2018-05-18T11:35:41 2018-05-18T11:35:41 2018-05-18T11:40:38 2018-05-18T11:41:10   00:00:32   00:04:00 
-----------------------------------------------------------------------------------------------------
Username    Account     Partition   NNodes   Energy
----------  ----------  ----------  ------  --------------
jagpreet    g34         normal          12   14.32K joules
 
This job did not utilize any GPUs
 
----------------------------------------------------------
Scratch File System        Files       Quota
--------------------  ----------  ----------
/scratch/snx3000             602     1000000
 
