/var/spool/slurmd/job4802691/slurm_script: line 31: :
for f in ~/cfiles/test_pip_*; do
	temp=$(echo $f | cut -d "." -f 1)
	algo=$(echo $temp | cut -d "_" -f 2)
	np=$(echo $temp | cut -d "_" -f 3)
	ms=$(echo $temp | cut -d "_" -f 4)
	chunks=$(echo $temp | cut -d "_" -f 5)
	((chunks--))
	echo "bintree $np $ms $chunks"
	srun -N $np -n $np -c $SLURM_CPUS_PER_TASK --cpu_bind=rank --ntasks-per-node $SLURM_NTASKS_PER_NODE ./bintree $ms $chunks
	echo "2TreeBdcast $np $ms $chunks"
	srun -N $np -n $np -c $SLURM_CPUS_PER_TASK --cpu_bind=rank --ntasks-per-node $SLURM_NTASKS_PER_NODE ./2TreeBdcast $np $ms $chunks
	echo "bin2tree $np $ms $chunks"
	srun -N $np -n $np -c $SLURM_CPUS_PER_TASK --cpu_bind=rank --ntasks-per-node $SLURM_NTASKS_PER_NODE ./bin2tree $ms $chunks
	
done
#    echo $algo $np $ms;
 #   srun -N $np -n $np -c $SLURM_CPUS_PER_TASK --cpu_bind=rank --ntasks-per-node $SLURM_NTASKS_PER_NODE $f
#done

#for np in 8 16 32 64 128 256 512; do
#    srun -N $np -n $np -c $SLURM_CPUS_PER_TASK --cpu_bind=rank --ntasks-per-node $SLURM_NTASKS_PER_NODE mpibcast.out
#done: No such file or directory
MPI_BCAST 126 1048576
Run 1 time 0.016765833
Run 2 time 0.001489878
Run 3 time 0.001238108
Run 4 time 0.001466036
Run 5 time 0.002240181
Run 6 time 0.003955126
Run 7 time 0.001846075
Run 8 time 0.001751900
Run 9 time 0.001620054
Run 10 time 0.001644135
Run 11 time 0.001910925
Run 12 time 0.001586914
Run 13 time 0.002792835
Run 14 time 0.002516031
Run 15 time 0.002154112
Run 16 time 0.001647949
Run 17 time 0.001518011
Run 18 time 0.001870155
Run 19 time 0.001554966
Run 20 time 0.001682997
Run 21 time 0.001708984
Run 22 time 0.001485109
Run 23 time 0.001477003
Run 24 time 0.001625061
Run 25 time 0.001477003
Run 26 time 0.001751900
Run 27 time 0.002137899
Run 28 time 0.002552986
Run 29 time 0.001455069
Run 30 time 0.001490116
Run 31 time 0.002465963
Run 32 time 0.002056122
Run 33 time 0.002638102
Run 34 time 0.001380205
Run 35 time 0.001375914
Run 36 time 0.001479864
Run 37 time 0.001506090
Run 38 time 0.001566887
Run 39 time 0.001598835
Run 40 time 0.001510859
Run 41 time 0.003637075
Run 42 time 0.002575874
Run 43 time 0.001650810
Run 44 time 0.001482964
Run 45 time 0.001573086
Run 46 time 0.001591921
Run 47 time 0.001462221
Run 48 time 0.001477957
Run 49 time 0.001410007
Run 50 time 0.001378059
Run 51 time 0.001314878
Run 52 time 0.001252174
Run 53 time 0.001614094
Run 54 time 0.001429796
Run 55 time 0.001341105
Run 56 time 0.001240969
Run 57 time 0.001439095
Run 58 time 0.001329184
Run 59 time 0.005684853
Run 60 time 0.001497030
Run 61 time 0.002307892
Run 62 time 0.005247116
Run 63 time 0.001371861
Run 64 time 0.001545191
Run 65 time 0.001458168
Run 66 time 0.004707098
Run 67 time 0.001303196
Run 68 time 0.003636837
Run 69 time 0.002469063
Run 70 time 0.002551079
Run 71 time 0.001585007
Run 72 time 0.003478050
Run 73 time 0.001597166
Run 74 time 0.001535892
Run 75 time 0.001749992
Run 76 time 0.001780033
Run 77 time 0.001423120
Run 78 time 0.001539946
Run 79 time 0.001451015
Run 80 time 0.001447916
Run 81 time 0.001480103
Run 82 time 0.001783133
Run 83 time 0.003590822
Run 84 time 0.002485037
Run 85 time 0.002978086
Run 86 time 0.001890182
Run 87 time 0.001810074
Run 88 time 0.001741886
Run 89 time 0.002440929
Run 90 time 0.001873016
Run 91 time 0.001875877
Run 92 time 0.002002001
Run 93 time 0.001815081
Run 94 time 0.001422167
Run 95 time 0.002802134
Run 96 time 0.002168894
Run 97 time 0.001719952
Run 98 time 0.001666069
Run 99 time 0.004719973
Run 100 time 0.005352020
bintree 126 1048576 8
Run 1 time 0.029711008
Run 2 time 0.001066923
Run 3 time 0.001065016
Run 4 time 0.001243114
Run 5 time 0.001083851
Run 6 time 0.001261950
Run 7 time 0.001070023
Run 8 time 0.001074076
Run 9 time 0.001116037
Run 10 time 0.001055002
Run 11 time 0.001005888
Run 12 time 0.001039028
Run 13 time 0.001021147
Run 14 time 0.001020908
Run 15 time 0.001070976
Run 16 time 0.001085997
Run 17 time 0.001029968
Run 18 time 0.001104116
Run 19 time 0.000980854
Run 20 time 0.001152992
Run 21 time 0.001095057
Run 22 time 0.001140118
Run 23 time 0.001044989
Run 24 time 0.001007080
Run 25 time 0.001029015
Run 26 time 0.001002073
Run 27 time 0.001052856
Run 28 time 0.001129866
Run 29 time 0.001080036
Run 30 time 0.001049995
Run 31 time 0.001016140
Run 32 time 0.000954866
Run 33 time 0.000984907
Run 34 time 0.001014948
Run 35 time 0.001083136
Run 36 time 0.001064062
Run 37 time 0.001254082
Run 38 time 0.001002073
Run 39 time 0.001029015
Run 40 time 0.001265049
Run 41 time 0.001049995
Run 42 time 0.000997066
Run 43 time 0.001096964
Run 44 time 0.001003027
Run 45 time 0.001145124
Run 46 time 0.001000881
Run 47 time 0.001061916
Run 48 time 0.001085997
Run 49 time 0.001118898
Run 50 time 0.001255989
Run 51 time 0.001036167
Run 52 time 0.001159906
Run 53 time 0.001144171
Run 54 time 0.001066923
Run 55 time 0.001000166
Run 56 time 0.001111031
Run 57 time 0.001008987
Run 58 time 0.001228094
Run 59 time 0.001017809
Run 60 time 0.000998974
Run 61 time 0.001044989
Run 62 time 0.001094103
Run 63 time 0.001043081
Run 64 time 0.001077175
Run 65 time 0.001152039
Run 66 time 0.001009941
Run 67 time 0.001017094
Run 68 time 0.001086950
Run 69 time 0.001252890
Run 70 time 0.001163006
Run 71 time 0.001043081
Run 72 time 0.000995874
Run 73 time 0.001262903
Run 74 time 0.001105070
Run 75 time 0.001064062
Run 76 time 0.001385927
Run 77 time 0.001265049
Run 78 time 0.000999928
Run 79 time 0.000986099
Run 80 time 0.001151085
Run 81 time 0.001295090
Run 82 time 0.001142979
Run 83 time 0.001022816
Run 84 time 0.001037836
Run 85 time 0.001223087
Run 86 time 0.001174927
Run 87 time 0.001058102
Run 88 time 0.001008987
Run 89 time 0.001042128
Run 90 time 0.001152992
Run 91 time 0.001126051
Run 92 time 0.001065016
Run 93 time 0.001018047
Run 94 time 0.001362085
Run 95 time 0.001047134
Run 96 time 0.001591921
Run 97 time 0.001049042
Run 98 time 0.000989199
Run 99 time 0.001067877
Run 100 time 0.000932932
bin2tree 126 1048576 8
Run 1 time 0.024894953
Run 2 time 0.000957012
Run 3 time 0.000987053
Run 4 time 0.000779152
Run 5 time 0.000833035
Run 6 time 0.000907898
Run 7 time 0.000792980
Run 8 time 0.000784874
Run 9 time 0.000844955
Run 10 time 0.000952005
Run 11 time 0.000838041
Run 12 time 0.000900984
Run 13 time 0.000859022
Run 14 time 0.000838041
Run 15 time 0.000885010
Run 16 time 0.000891924
Run 17 time 0.000890970
Run 18 time 0.000978947
Run 19 time 0.001130819
Run 20 time 0.000895023
Run 21 time 0.000936031
Run 22 time 0.002629995
Run 23 time 0.002451897
Run 24 time 0.000936031
Run 25 time 0.001039982
Run 26 time 0.000769854
Run 27 time 0.001039028
Run 28 time 0.000808001
Run 29 time 0.000880003
Run 30 time 0.000846863
Run 31 time 0.001124144
Run 32 time 0.001111031
Run 33 time 0.000988960
Run 34 time 0.000965834
Run 35 time 0.000785112
Run 36 time 0.000831842
Run 37 time 0.000874996
Run 38 time 0.000892162
Run 39 time 0.001139164
Run 40 time 0.000946045
Run 41 time 0.000738144
Run 42 time 0.000823975
Run 43 time 0.000880957
Run 44 time 0.001033783
Run 45 time 0.000771046
Run 46 time 0.000895977
Run 47 time 0.000854015
Run 48 time 0.000735044
Run 49 time 0.000899076
Run 50 time 0.000764132
Run 51 time 0.000835896
Run 52 time 0.000820160
Run 53 time 0.000792980
Run 54 time 0.000981092
Run 55 time 0.000773907
Run 56 time 0.000908136
Run 57 time 0.002419949
Run 58 time 0.002625942
Run 59 time 0.000874996
Run 60 time 0.000965118
Run 61 time 0.000787020
Run 62 time 0.000869036
Run 63 time 0.000811100
Run 64 time 0.000944138
Run 65 time 0.000817060
Run 66 time 0.000869989
Run 67 time 0.000881195
Run 68 time 0.000952959
Run 69 time 0.000880957
Run 70 time 0.000792027
Run 71 time 0.000841856
Run 72 time 0.000722170
Run 73 time 0.000770092
Run 74 time 0.001009941
Run 75 time 0.000834942
Run 76 time 0.000991106
Run 77 time 0.001074076
Run 78 time 0.000792980
Run 79 time 0.000840902
Run 80 time 0.000763893
Run 81 time 0.000923157
Run 82 time 0.000783920
Run 83 time 0.000851154
Run 84 time 0.000924110
Run 85 time 0.000785112
Run 86 time 0.000904083
Run 87 time 0.000859022
Run 88 time 0.000945091
Run 89 time 0.000829935
Run 90 time 0.000830889
Run 91 time 0.000885010
Run 92 time 0.000910044
Run 93 time 0.001008987
Run 94 time 0.000884056
Run 95 time 0.001012087
Run 96 time 0.000987053
Run 97 time 0.000864983
Run 98 time 0.001196146
Run 99 time 0.001280069
Run 100 time 0.001005888
2TreeBdcast 129 1048576 8
Tree Construction time = 0.000091076
Tree Coloring time = 0.000020027
Run 1 time 0.023102999
Run 2 time 0.000933170
Run 3 time 0.001007080
Run 4 time 0.002326012
Run 5 time 0.001382828
Run 6 time 0.000817060
Run 7 time 0.000899076
Run 8 time 0.001111031
Run 9 time 0.001187086
Run 10 time 0.001267910
Run 11 time 0.001133919
Run 12 time 0.001085997
Run 13 time 0.001481056
Run 14 time 0.000942945
Run 15 time 0.000735998
Run 16 time 0.000859022
Run 17 time 0.001312971
Run 18 time 0.001304150
Run 19 time 0.001302004
Run 20 time 0.001866102
Run 21 time 0.001565933
Run 22 time 0.001295090
Run 23 time 0.001207829
Run 24 time 0.001156092
Run 25 time 0.001012087
Run 26 time 0.000984907
Run 27 time 0.000936031
Run 28 time 0.000921965
Run 29 time 0.000924110
Run 30 time 0.001122952
Run 31 time 0.001547098
Run 32 time 0.001183033
Run 33 time 0.001095057
Run 34 time 0.001377821
Run 35 time 0.000985861
Run 36 time 0.001069069
Run 37 time 0.000965118
Run 38 time 0.001348972
Run 39 time 0.001298904
Run 40 time 0.001569986
Run 41 time 0.001281023
Run 42 time 0.001284838
Run 43 time 0.000956059
Run 44 time 0.001630068
Run 45 time 0.001080990
Run 46 time 0.001072168
Run 47 time 0.000822783
Run 48 time 0.000944138
Run 49 time 0.000874996
Run 50 time 0.000899076
Run 51 time 0.000783205
Run 52 time 0.000818014
Run 53 time 0.000925064
Run 54 time 0.001039982
Run 55 time 0.000766039
Run 56 time 0.000905991
Run 57 time 0.001049995
Run 58 time 0.001064062
Run 59 time 0.000878096
Run 60 time 0.001040936
Run 61 time 0.001426935
Run 62 time 0.001151085
Run 63 time 0.001160145
Run 64 time 0.000972033
Run 65 time 0.000813007
Run 66 time 0.001142025
Run 67 time 0.000735998
Run 68 time 0.000989914
Run 69 time 0.000764132
Run 70 time 0.000792027
Run 71 time 0.001055956
Run 72 time 0.000741959
Run 73 time 0.000850916
Run 74 time 0.000928164
Run 75 time 0.000766993
Run 76 time 0.000874043
Run 77 time 0.000963926
Run 78 time 0.001074076
Run 79 time 0.000913143
Run 80 time 0.000957012
Run 81 time 0.000897169
Run 82 time 0.000881195
Run 83 time 0.000936031
Run 84 time 0.001100063
Run 85 time 0.000878096
Run 86 time 0.001017094
Run 87 time 0.000786066
Run 88 time 0.000849009
Run 89 time 0.000887156
Run 90 time 0.001173973
Run 91 time 0.001095057
Run 92 time 0.000733852
Run 93 time 0.001239061
Run 94 time 0.001568079
Run 95 time 0.001896143
Run 96 time 0.001097918
Run 97 time 0.001715899
Run 98 time 0.001056194
Run 99 time 0.000860929
Run 100 time 0.001228094
bintree 126 1048576 15
Run 1 time 0.027637959
Run 2 time 0.000856876
Run 3 time 0.000854969
Run 4 time 0.001013994
Run 5 time 0.000814915
Run 6 time 0.000935078
Run 7 time 0.000806093
Run 8 time 0.001194000
Run 9 time 0.001004934
Run 10 time 0.000846863
Run 11 time 0.000957012
Run 12 time 0.000796080
Run 13 time 0.000886917
Run 14 time 0.001060009
Run 15 time 0.000949144
Run 16 time 0.000835896
Run 17 time 0.000864983
Run 18 time 0.000996113
Run 19 time 0.001001120
Run 20 time 0.000968933
Run 21 time 0.001094103
Run 22 time 0.000916958
Run 23 time 0.000983000
Run 24 time 0.000874043
Run 25 time 0.001062155
Run 26 time 0.000911951
Run 27 time 0.001503944
Run 28 time 0.001060009
Run 29 time 0.000859022
Run 30 time 0.002096176
Run 31 time 0.001062155
Run 32 time 0.000972986
Run 33 time 0.001291037
Run 34 time 0.001085997
Run 35 time 0.000922918
Run 36 time 0.000816107
Run 37 time 0.000928164
Run 38 time 0.000886202
Run 39 time 0.000849009
Run 40 time 0.001015902
Run 41 time 0.001101017
Run 42 time 0.000866890
Run 43 time 0.001345873
Run 44 time 0.001047850
Run 45 time 0.001246929
Run 46 time 0.000847816
Run 47 time 0.000953197
Run 48 time 0.000914097
Run 49 time 0.000924826
Run 50 time 0.001267910
Run 51 time 0.000952959
Run 52 time 0.001251221
Run 53 time 0.001651049
Run 54 time 0.000956059
Run 55 time 0.001117945
Run 56 time 0.001105070
Run 57 time 0.000899076
Run 58 time 0.000985861
Run 59 time 0.001523972
Run 60 time 0.000943899
Run 61 time 0.001236916
Run 62 time 0.001323938
Run 63 time 0.000989914
Run 64 time 0.001085997
Run 65 time 0.000844955
Run 66 time 0.001034975
Run 67 time 0.000834942
Run 68 time 0.001261950
Run 69 time 0.000955105
Run 70 time 0.000840902
Run 71 time 0.001185179
Run 72 time 0.000875950
Run 73 time 0.001102924
Run 74 time 0.000782013
Run 75 time 0.000846863
Run 76 time 0.000933170
Run 77 time 0.001294851
Run 78 time 0.000905037
Run 79 time 0.000877142
Run 80 time 0.001442909
Run 81 time 0.001033068
Run 82 time 0.000880957
Run 83 time 0.001279116
Run 84 time 0.001209021
Run 85 time 0.000899076
Run 86 time 0.000888109
Run 87 time 0.000917196
Run 88 time 0.000846148
Run 89 time 0.001061916
Run 90 time 0.000870943
Run 91 time 0.000905991
Run 92 time 0.000900984
Run 93 time 0.000977039
Run 94 time 0.000885963
Run 95 time 0.001034975
Run 96 time 0.001375914
Run 97 time 0.000926018
Run 98 time 0.000955820
Run 99 time 0.000816107
Run 100 time 0.000797987
bin2tree 126 1048576 15
Run 1 time 0.028522015
Run 2 time 0.001053095
Run 3 time 0.001123905
Run 4 time 0.000876904
Run 5 time 0.000845909
Run 6 time 0.001022100
Run 7 time 0.001151800
Run 8 time 0.000933170
Run 9 time 0.002509117
Run 10 time 0.002221107
Run 11 time 0.002753019
Run 12 time 0.002282143
Run 13 time 0.003164053
Run 14 time 0.001719952
Run 15 time 0.000773907
Run 16 time 0.000717878
Run 17 time 0.000817060
Run 18 time 0.000828028
Run 19 time 0.000898838
Run 20 time 0.001023054
Run 21 time 0.000945091
Run 22 time 0.001205921
Run 23 time 0.004586935
Run 24 time 0.001027107
Run 25 time 0.000935078
Run 26 time 0.001101971
Run 27 time 0.000962973
Run 28 time 0.000926018
Run 29 time 0.000917912
Run 30 time 0.000977993
Run 31 time 0.001294136
Run 32 time 0.001180887
Run 33 time 0.000836134
Run 34 time 0.001053810
Run 35 time 0.000993013
Run 36 time 0.001064062
Run 37 time 0.000856161
Run 38 time 0.000929117
Run 39 time 0.000849009
Run 40 time 0.002549171
Run 41 time 0.002991915
Run 42 time 0.000796080
Run 43 time 0.000804901
Run 44 time 0.001026154
Run 45 time 0.000874043
Run 46 time 0.001253843
Run 47 time 0.001104116
Run 48 time 0.000979900
Run 49 time 0.000996828
Run 50 time 0.001070976
Run 51 time 0.001348019
Run 52 time 0.001174927
Run 53 time 0.001499176
Run 54 time 0.002610922
Run 55 time 0.003077984
Run 56 time 0.002429008
Run 57 time 0.000948906
Run 58 time 0.000894070
Run 59 time 0.000991106
Run 60 time 0.000954151
Run 61 time 0.000983000
Run 62 time 0.000883102
Run 63 time 0.001009941
Run 64 time 0.001008034
Run 65 time 0.000944853
Run 66 time 0.000954151
Run 67 time 0.001082897
Run 68 time 0.001034021
Run 69 time 0.000975132
Run 70 time 0.000975847
Run 71 time 0.001127958
Run 72 time 0.000771046
Run 73 time 0.000824928
Run 74 time 0.004462004
Run 75 time 0.001058102
Run 76 time 0.000792980
Run 77 time 0.000728130
Run 78 time 0.000938892
Run 79 time 0.000889063
Run 80 time 0.000993013
Run 81 time 0.001015186
Run 82 time 0.000938177
Run 83 time 0.000855923
Run 84 time 0.000984192
Run 85 time 0.000827789
Run 86 time 0.000869036
Run 87 time 0.001018047
Run 88 time 0.000886917
Run 89 time 0.001011133
Run 90 time 0.000746012
Run 91 time 0.000835896
Run 92 time 0.000953913
Run 93 time 0.002089024
Run 94 time 0.002465963
Run 95 time 0.000797033
Run 96 time 0.000845194
Run 97 time 0.000827074
Run 98 time 0.001088142
Run 99 time 0.001106977
Run 100 time 0.001019955
2TreeBdcast 129 1048576 15
Tree Construction time = 0.000092983
Tree Coloring time = 0.000007868
Run 1 time 0.022783995
Run 2 time 0.002007961
Run 3 time 0.002582073
Run 4 time 0.004878044
Run 5 time 0.002800941
Run 6 time 0.001753807
Run 7 time 0.001598120
Run 8 time 0.001726866
Run 9 time 0.002123117
Run 10 time 0.001829863
Run 11 time 0.002536774
Run 12 time 0.002441168
Run 13 time 0.005474806
Run 14 time 0.003753901
Run 15 time 0.003412962
Run 16 time 0.001918077
Run 17 time 0.002182961
Run 18 time 0.002707958
Run 19 time 0.001826048
Run 20 time 0.001512051
Run 21 time 0.002084017
Run 22 time 0.001935005
Run 23 time 0.001346827
Run 24 time 0.001762152
Run 25 time 0.002058029
Run 26 time 0.002353907
Run 27 time 0.002254963
Run 28 time 0.001869917
Run 29 time 0.002750158
Run 30 time 0.001989126
Run 31 time 0.002238035
Run 32 time 0.002017975
Run 33 time 0.002003908
Run 34 time 0.002744913
Run 35 time 0.003602028
Run 36 time 0.006170988
Run 37 time 0.002696991
Run 38 time 0.001891136
Run 39 time 0.001807928
Run 40 time 0.001875162
Run 41 time 0.001720905
Run 42 time 0.001983881
Run 43 time 0.002200127
Run 44 time 0.002481937
Run 45 time 0.001907825
Run 46 time 0.001993895
Run 47 time 0.001886129
Run 48 time 0.001908064
Run 49 time 0.002104998
Run 50 time 0.002362967
Run 51 time 0.001815081
Run 52 time 0.002619982
Run 53 time 0.002879858
Run 54 time 0.002191067
Run 55 time 0.001892090
Run 56 time 0.002944946
Run 57 time 0.002723932
Run 58 time 0.002737999
Run 59 time 0.002471924
Run 60 time 0.002677917
Run 61 time 0.002358913
Run 62 time 0.002851009
Run 63 time 0.002132893
Run 64 time 0.002351999
Run 65 time 0.002700090
Run 66 time 0.002117872
Run 67 time 0.002476931
Run 68 time 0.003270149
Run 69 time 0.004689932
Run 70 time 0.007869005
Run 71 time 0.004363060
Run 72 time 0.003995895
Run 73 time 0.001379967
Run 74 time 0.001989126
Run 75 time 0.001315832
Run 76 time 0.002244949
Run 77 time 0.002162933
Run 78 time 0.002789974
Run 79 time 0.002408028
Run 80 time 0.003667116
Run 81 time 0.002568960
Run 82 time 0.002000093
Run 83 time 0.002381086
Run 84 time 0.002344847
Run 85 time 0.002560139
Run 86 time 0.002205133
Run 87 time 0.001904964
Run 88 time 0.002578020
Run 89 time 0.001173019
Run 90 time 0.001513004
Run 91 time 0.002261877
Run 92 time 0.002078056
Run 93 time 0.002369881
Run 94 time 0.002804995
Run 95 time 0.002609015
Run 96 time 0.001775980
Run 97 time 0.001739025
Run 98 time 0.001811981
Run 99 time 0.001955032
Run 100 time 0.001700163
bintree 126 1048576 21
Run 1 time 0.027014971
Run 2 time 0.000957012
Run 3 time 0.000944853
Run 4 time 0.000965118
Run 5 time 0.000918865
Run 6 time 0.001131058
Run 7 time 0.001429081
Run 8 time 0.000891924
Run 9 time 0.000915051
Run 10 time 0.000869989
Run 11 time 0.000913858
Run 12 time 0.000952005
Run 13 time 0.001050949
Run 14 time 0.001031876
Run 15 time 0.001009941
Run 16 time 0.001084089
Run 17 time 0.000874996
Run 18 time 0.000927210
Run 19 time 0.000983000
Run 20 time 0.001056910
Run 21 time 0.000847816
Run 22 time 0.000910044
Run 23 time 0.000921965
Run 24 time 0.000931025
Run 25 time 0.000839949
Run 26 time 0.000890017
Run 27 time 0.000946999
Run 28 time 0.000950098
Run 29 time 0.000883102
Run 30 time 0.000927210
Run 31 time 0.000856161
Run 32 time 0.000903130
Run 33 time 0.000854969
Run 34 time 0.000843048
Run 35 time 0.000919104
Run 36 time 0.000920057
Run 37 time 0.001008987
Run 38 time 0.001051903
Run 39 time 0.001129150
Run 40 time 0.000885963
Run 41 time 0.000894070
Run 42 time 0.001020908
Run 43 time 0.000937939
Run 44 time 0.000998974
Run 45 time 0.000995874
Run 46 time 0.000972033
Run 47 time 0.000950098
Run 48 time 0.001224041
Run 49 time 0.001043797
Run 50 time 0.000864983
Run 51 time 0.000926971
Run 52 time 0.001016140
Run 53 time 0.001134157
Run 54 time 0.000966072
Run 55 time 0.000967026
Run 56 time 0.000828981
Run 57 time 0.000859022
Run 58 time 0.000864029
Run 59 time 0.000933170
Run 60 time 0.000900030
Run 61 time 0.000843048
Run 62 time 0.000854969
Run 63 time 0.000882149
Run 64 time 0.000859976
Run 65 time 0.000892878
Run 66 time 0.000943899
Run 67 time 0.001087904
Run 68 time 0.001065016
Run 69 time 0.000962019
Run 70 time 0.000854015
Run 71 time 0.000933886
Run 72 time 0.000926971
Run 73 time 0.000845909
Run 74 time 0.001321793
Run 75 time 0.000952005
Run 76 time 0.000966072
Run 77 time 0.000916958
Run 78 time 0.000847816
Run 79 time 0.000957966
Run 80 time 0.000838995
Run 81 time 0.000999928
Run 82 time 0.000904083
Run 83 time 0.000994921
Run 84 time 0.000981092
Run 85 time 0.000923157
Run 86 time 0.001012802
Run 87 time 0.001039028
Run 88 time 0.000919104
Run 89 time 0.001511097
Run 90 time 0.001029968
Run 91 time 0.001046896
Run 92 time 0.001000881
Run 93 time 0.000956059
Run 94 time 0.000885963
Run 95 time 0.000882864
Run 96 time 0.000919819
Run 97 time 0.000876904
Run 98 time 0.000986814
Run 99 time 0.000921965
Run 100 time 0.000970125
bin2tree 126 1048576 21
Run 1 time 0.026745081
Run 2 time 0.001307964
Run 3 time 0.000633955
Run 4 time 0.000795841
Run 5 time 0.000676155
Run 6 time 0.000874996
Run 7 time 0.000732899
Run 8 time 0.000882864
Run 9 time 0.000783920
Run 10 time 0.000821114
Run 11 time 0.000811815
Run 12 time 0.000694990
Run 13 time 0.000815868
Run 14 time 0.000808001
Run 15 time 0.000797987
Run 16 time 0.000750065
Run 17 time 0.000782013
Run 18 time 0.000962973
Run 19 time 0.000702858
Run 20 time 0.000656128
Run 21 time 0.001497030
Run 22 time 0.004290104
Run 23 time 0.000726223
Run 24 time 0.000585079
Run 25 time 0.000782013
Run 26 time 0.000694990
Run 27 time 0.000613928
Run 28 time 0.000657082
Run 29 time 0.000620127
Run 30 time 0.000704050
Run 31 time 0.000714064
Run 32 time 0.000684977
Run 33 time 0.000657082
Run 34 time 0.000649929
Run 35 time 0.000813007
Run 36 time 0.000591040
Run 37 time 0.000766039
Run 38 time 0.000770092
Run 39 time 0.000887156
Run 40 time 0.000875950
Run 41 time 0.000854969
Run 42 time 0.000657082
Run 43 time 0.003343821
Run 44 time 0.002599001
Run 45 time 0.000859022
Run 46 time 0.000685930
Run 47 time 0.000616074
Run 48 time 0.000641823
Run 49 time 0.000683784
Run 50 time 0.000655174
Run 51 time 0.000751019
Run 52 time 0.000767946
Run 53 time 0.000664949
Run 54 time 0.000790119
Run 55 time 0.000859976
Run 56 time 0.001070023
Run 57 time 0.000728130
Run 58 time 0.001163960
Run 59 time 0.000772953
Run 60 time 0.002089977
Run 61 time 0.001537085
Run 62 time 0.005259991
Run 63 time 0.001132965
Run 64 time 0.001086950
Run 65 time 0.001338005
Run 66 time 0.002163887
Run 67 time 0.001406908
Run 68 time 0.001051188
Run 69 time 0.000693083
Run 70 time 0.000710011
Run 71 time 0.000851870
Run 72 time 0.000705004
Run 73 time 0.000620127
Run 74 time 0.000662804
Run 75 time 0.000624180
Run 76 time 0.000632048
Run 77 time 0.000664949
Run 78 time 0.000764847
Run 79 time 0.005054951
Run 80 time 0.000617981
Run 81 time 0.000654936
Run 82 time 0.000808001
Run 83 time 0.000716925
Run 84 time 0.000651121
Run 85 time 0.000780821
Run 86 time 0.000746965
Run 87 time 0.000821114
Run 88 time 0.000763893
Run 89 time 0.000680923
Run 90 time 0.000812054
Run 91 time 0.000872850
Run 92 time 0.000722170
Run 93 time 0.000774860
Run 94 time 0.000852108
Run 95 time 0.000782967
Run 96 time 0.000767946
Run 97 time 0.000735044
Run 98 time 0.000717878
Run 99 time 0.000653982
Run 100 time 0.002943039
2TreeBdcast 129 1048576 21
Tree Construction time = 0.000091076
Tree Coloring time = 0.000019073
Run 1 time 0.051532030
Run 2 time 0.000866175
Run 3 time 0.001080036
Run 4 time 0.000910997
Run 5 time 0.000847101
Run 6 time 0.000809193
Run 7 time 0.000639915
Run 8 time 0.001034975
Run 9 time 0.000581026
Run 10 time 0.001257896
Run 11 time 0.000544071
Run 12 time 0.000482082
Run 13 time 0.000718117
Run 14 time 0.000798941
Run 15 time 0.000848055
Run 16 time 0.000768900
Run 17 time 0.001156092
Run 18 time 0.001756907
Run 19 time 0.001091003
Run 20 time 0.000936985
Run 21 time 0.001090050
Run 22 time 0.001210928
Run 23 time 0.001163006
Run 24 time 0.000853062
Run 25 time 0.000792027
Run 26 time 0.000952959
Run 27 time 0.000831842
Run 28 time 0.001182079
Run 29 time 0.001335859
Run 30 time 0.000755072
Run 31 time 0.001201153
Run 32 time 0.001132011
Run 33 time 0.001162052
Run 34 time 0.000986814
Run 35 time 0.001513958
Run 36 time 0.002026081
Run 37 time 0.001204967
Run 38 time 0.001255989
Run 39 time 0.001400948
Run 40 time 0.001728058
Run 41 time 0.001841068
Run 42 time 0.000889063
Run 43 time 0.001068115
Run 44 time 0.000872135
Run 45 time 0.000809193
Run 46 time 0.001231194
Run 47 time 0.001127005
Run 48 time 0.001633883
Run 49 time 0.000803947
Run 50 time 0.000959158
Run 51 time 0.000715017
Run 52 time 0.000752926
Run 53 time 0.000888109
Run 54 time 0.001229048
Run 55 time 0.001336813
Run 56 time 0.001466990
Run 57 time 0.001492023
Run 58 time 0.001197815
Run 59 time 0.001024961
Run 60 time 0.001083851
Run 61 time 0.001340151
Run 62 time 0.000882149
Run 63 time 0.000668049
Run 64 time 0.001343966
Run 65 time 0.000612974
Run 66 time 0.000912905
Run 67 time 0.001075029
Run 68 time 0.001495123
Run 69 time 0.000949144
Run 70 time 0.001003027
Run 71 time 0.000875950
Run 72 time 0.001264095
Run 73 time 0.001063108
Run 74 time 0.001411915
Run 75 time 0.001207113
Run 76 time 0.001718998
Run 77 time 0.001439095
Run 78 time 0.001619101
Run 79 time 0.001742125
Run 80 time 0.001439810
Run 81 time 0.000959873
Run 82 time 0.001013994
Run 83 time 0.001497030
Run 84 time 0.000920057
Run 85 time 0.000900030
Run 86 time 0.001034975
Run 87 time 0.001152039
Run 88 time 0.001735926
Run 89 time 0.002000093
Run 90 time 0.000946045
Run 91 time 0.000974178
Run 92 time 0.001271009
Run 93 time 0.001237869
Run 94 time 0.001325130
Run 95 time 0.001301050
Run 96 time 0.001523018
Run 97 time 0.001567841
Run 98 time 0.001181126
Run 99 time 0.001039982
Run 100 time 0.001361132
MPI_BCAST 127 1048576
Run 1 time 0.016056061
Run 2 time 0.001272202
Run 3 time 0.001234055
Run 4 time 0.001286030
Run 5 time 0.001237154
Run 6 time 0.001626015
Run 7 time 0.001432896
Run 8 time 0.001289129
Run 9 time 0.001306057
Run 10 time 0.001225948
Run 11 time 0.001321077
Run 12 time 0.001308918
Run 13 time 0.001266956
Run 14 time 0.001267910
Run 15 time 0.001281023
Run 16 time 0.001237154
Run 17 time 0.001245975
Run 18 time 0.001270056
Run 19 time 0.001332045
Run 20 time 0.001820087
Run 21 time 0.001252174
Run 22 time 0.001524925
Run 23 time 0.001291037
Run 24 time 0.001275063
Run 25 time 0.001254082
Run 26 time 0.001289129
Run 27 time 0.001327991
Run 28 time 0.001296997
Run 29 time 0.001365185
Run 30 time 0.001368046
Run 31 time 0.001672029
Run 32 time 0.001358032
Run 33 time 0.001309156
Run 34 time 0.001399994
Run 35 time 0.001240015
Run 36 time 0.001285076
Run 37 time 0.001323938
Run 38 time 0.001260996
Run 39 time 0.001239061
Run 40 time 0.001293898
Run 41 time 0.001410961
Run 42 time 0.001250029
Run 43 time 0.001302958
Run 44 time 0.001564026
Run 45 time 0.001638889
Run 46 time 0.001388073
Run 47 time 0.001313925
Run 48 time 0.001323938
Run 49 time 0.001263857
Run 50 time 0.001434088
Run 51 time 0.001231909
Run 52 time 0.001316071
Run 53 time 0.001260996
Run 54 time 0.001258135
Run 55 time 0.001251936
Run 56 time 0.001610994
Run 57 time 0.001258135
Run 58 time 0.001245975
Run 59 time 0.001224995
Run 60 time 0.001263142
Run 61 time 0.001275063
Run 62 time 0.001243830
Run 63 time 0.001375914
Run 64 time 0.001250029
Run 65 time 0.001235962
Run 66 time 0.001228094
Run 67 time 0.001482010
Run 68 time 0.001282930
Run 69 time 0.001379967
Run 70 time 0.001255035
Run 71 time 0.001270056
Run 72 time 0.001268864
Run 73 time 0.001269102
Run 74 time 0.001225948
Run 75 time 0.001294136
Run 76 time 0.001327038
Run 77 time 0.001240015
Run 78 time 0.001247168
Run 79 time 0.001225948
Run 80 time 0.001231909
Run 81 time 0.001529932
Run 82 time 0.001315117
Run 83 time 0.001222134
Run 84 time 0.001336098
Run 85 time 0.001296997
Run 86 time 0.001266956
Run 87 time 0.001285076
Run 88 time 0.001317024
Run 89 time 0.001265049
Run 90 time 0.001259804
Run 91 time 0.001258135
Run 92 time 0.001391888
Run 93 time 0.001428127
Run 94 time 0.001399040
Run 95 time 0.001261950
Run 96 time 0.001316071
Run 97 time 0.001258850
Run 98 time 0.001301050
Run 99 time 0.001258135
Run 100 time 0.001336098
bintree 127 1048576 8
Run 1 time 0.031009912
Run 2 time 0.001251936
Run 3 time 0.001287937
Run 4 time 0.001145124
Run 5 time 0.001057863
Run 6 time 0.001379013
Run 7 time 0.001594067
Run 8 time 0.001123905
Run 9 time 0.001173973
Run 10 time 0.001196861
Run 11 time 0.001204014
Run 12 time 0.001144886
Run 13 time 0.001173973
Run 14 time 0.001152992
Run 15 time 0.001008987
Run 16 time 0.001055002
Run 17 time 0.001132011
Run 18 time 0.001165152
Run 19 time 0.001180172
Run 20 time 0.001246929
Run 21 time 0.001188993
Run 22 time 0.001122952
Run 23 time 0.001030922
Run 24 time 0.001241922
Run 25 time 0.001097918
Run 26 time 0.001156092
Run 27 time 0.001070976
Run 28 time 0.001505136
Run 29 time 0.001080036
Run 30 time 0.001152039
Run 31 time 0.001492977
Run 32 time 0.001165867
Run 33 time 0.001123905
Run 34 time 0.001126051
Run 35 time 0.001228809
Run 36 time 0.001407862
Run 37 time 0.001024008
Run 38 time 0.001187801
Run 39 time 0.001204014
Run 40 time 0.001116991
Run 41 time 0.001264095
Run 42 time 0.001208067
Run 43 time 0.001127958
Run 44 time 0.001350880
Run 45 time 0.001177073
Run 46 time 0.001219988
Run 47 time 0.001440048
Run 48 time 0.001168966
Run 49 time 0.001145124
Run 50 time 0.001240015
Run 51 time 0.001197815
Run 52 time 0.001147032
Run 53 time 0.001191139
Run 54 time 0.001305103
Run 55 time 0.001379967
Run 56 time 0.001092196
Run 57 time 0.001103163
Run 58 time 0.001271009
Run 59 time 0.001147985
Run 60 time 0.001183033
Run 61 time 0.001306057
Run 62 time 0.001379967
Run 63 time 0.001244068
Run 64 time 0.001253843
Run 65 time 0.001269102
Run 66 time 0.001199007
Run 67 time 0.001240969
Run 68 time 0.001081944
Run 69 time 0.001049995
Run 70 time 0.001106024
Run 71 time 0.001123905
Run 72 time 0.001207113
Run 73 time 0.001258135
Run 74 time 0.001208067
Run 75 time 0.001044035
Run 76 time 0.001281023
Run 77 time 0.001206875
Run 78 time 0.001185894
Run 79 time 0.001240015
Run 80 time 0.001262188
Run 81 time 0.001163960
Run 82 time 0.001210928
Run 83 time 0.001133919
Run 84 time 0.001356125
Run 85 time 0.001002789
Run 86 time 0.001127958
Run 87 time 0.001908064
Run 88 time 0.001163006
Run 89 time 0.001693010
Run 90 time 0.001370907
Run 91 time 0.001201153
Run 92 time 0.001302004
Run 93 time 0.001543045
Run 94 time 0.001282930
Run 95 time 0.001127958
Run 96 time 0.001348972
Run 97 time 0.001110077
Run 98 time 0.001374960
Run 99 time 0.001188993
Run 100 time 0.001252890
bin2tree 127 1048576 8
Run 1 time 0.028350830
Run 2 time 0.000725985
Run 3 time 0.000986099
Run 4 time 0.000836134
Run 5 time 0.000894070
Run 6 time 0.000699997
Run 7 time 0.000825167
Run 8 time 0.000777006
Run 9 time 0.000770092
Run 10 time 0.000718117
Run 11 time 0.000746965
Run 12 time 0.000761986
Run 13 time 0.000880003
Run 14 time 0.000771999
Run 15 time 0.000889063
Run 16 time 0.000768185
Run 17 time 0.000828981
Run 18 time 0.000781059
Run 19 time 0.000835180
Run 20 time 0.000848055
Run 21 time 0.000844002
Run 22 time 0.000746965
Run 23 time 0.000939846
Run 24 time 0.000771999
Run 25 time 0.000890970
Run 26 time 0.001144171
Run 27 time 0.000774860
Run 28 time 0.000916004
Run 29 time 0.000780106
Run 30 time 0.000795126
Run 31 time 0.000794172
Run 32 time 0.000872135
Run 33 time 0.001043081
Run 34 time 0.000783920
Run 35 time 0.000916958
Run 36 time 0.001301050
Run 37 time 0.000855923
Run 38 time 0.000816107
Run 39 time 0.001039982
Run 40 time 0.001020908
Run 41 time 0.000794888
Run 42 time 0.000946999
Run 43 time 0.000850201
Run 44 time 0.000746965
Run 45 time 0.000914097
Run 46 time 0.000808001
Run 47 time 0.000805140
Run 48 time 0.000931978
Run 49 time 0.000881910
Run 50 time 0.000827074
Run 51 time 0.000745058
Run 52 time 0.000804186
Run 53 time 0.000766993
Run 54 time 0.000965834
Run 55 time 0.000767946
Run 56 time 0.000786066
Run 57 time 0.000964880
Run 58 time 0.000742197
Run 59 time 0.000721931
Run 60 time 0.000702143
Run 61 time 0.000771999
Run 62 time 0.000867128
Run 63 time 0.000859022
Run 64 time 0.000752926
Run 65 time 0.000760078
Run 66 time 0.000767946
Run 67 time 0.000827074
Run 68 time 0.000802994
Run 69 time 0.000746965
Run 70 time 0.001091003
Run 71 time 0.000746965
Run 72 time 0.000815153
Run 73 time 0.000712156
Run 74 time 0.000822067
Run 75 time 0.000751972
Run 76 time 0.000754118
Run 77 time 0.000766039
Run 78 time 0.000797033
Run 79 time 0.000792980
Run 80 time 0.000931025
Run 81 time 0.000797987
Run 82 time 0.000792980
Run 83 time 0.000807047
Run 84 time 0.000927210
Run 85 time 0.000762939
Run 86 time 0.000974894
Run 87 time 0.000748158
Run 88 time 0.000711918
Run 89 time 0.000943184
Run 90 time 0.000777006
Run 91 time 0.000839949
Run 92 time 0.000841141
Run 93 time 0.000773191
Run 94 time 0.000761032
Run 95 time 0.000818014
Run 96 time 0.000677824
Run 97 time 0.000750065
Run 98 time 0.000742912
Run 99 time 0.001096010
Run 100 time 0.000819206
2TreeBdcast 129 1048576 8
Tree Construction time = 0.000092030
Tree Coloring time = 0.000023127
Run 1 time 0.024147034
Run 2 time 0.001275063
Run 3 time 0.001615047
Run 4 time 0.001117945
Run 5 time 0.000983000
Run 6 time 0.001231194
Run 7 time 0.000988007
Run 8 time 0.001045942
Run 9 time 0.001242161
Run 10 time 0.001019955
Run 11 time 0.001204014
Run 12 time 0.000977993
Run 13 time 0.001094818
Run 14 time 0.001292944
Run 15 time 0.001383066
Run 16 time 0.000832081
Run 17 time 0.001729965
Run 18 time 0.002856970
Run 19 time 0.001182079
Run 20 time 0.001224995
Run 21 time 0.000988960
Run 22 time 0.001003981
Run 23 time 0.000932217
Run 24 time 0.000818014
Run 25 time 0.000931978
Run 26 time 0.001460075
Run 27 time 0.001449823
Run 28 time 0.001060963
Run 29 time 0.000907898
Run 30 time 0.000977039
Run 31 time 0.001367807
Run 32 time 0.001127958
Run 33 time 0.001147032
Run 34 time 0.001258135
Run 35 time 0.001376152
Run 36 time 0.001365900
Run 37 time 0.000914812
Run 38 time 0.001203060
Run 39 time 0.001138926
Run 40 time 0.001163960
Run 41 time 0.001055002
Run 42 time 0.001068115
Run 43 time 0.001293898
Run 44 time 0.001394033
Run 45 time 0.001155138
Run 46 time 0.000803947
Run 47 time 0.001397848
Run 48 time 0.001129150
Run 49 time 0.001064062
Run 50 time 0.001370907
Run 51 time 0.001093864
Run 52 time 0.001130819
Run 53 time 0.001384974
Run 54 time 0.000992060
Run 55 time 0.001415014
Run 56 time 0.001368999
Run 57 time 0.001246929
Run 58 time 0.001127005
Run 59 time 0.001118898
Run 60 time 0.001250982
Run 61 time 0.001196146
Run 62 time 0.000835180
Run 63 time 0.001377106
Run 64 time 0.001121044
Run 65 time 0.001139164
Run 66 time 0.001312017
Run 67 time 0.001057148
Run 68 time 0.001036882
Run 69 time 0.000864983
Run 70 time 0.001521826
Run 71 time 0.001067877
Run 72 time 0.001216173
Run 73 time 0.001003027
Run 74 time 0.001367807
Run 75 time 0.001248121
Run 76 time 0.000931025
Run 77 time 0.001176119
Run 78 time 0.001064062
Run 79 time 0.000910044
Run 80 time 0.000977993
Run 81 time 0.001056194
Run 82 time 0.001305103
Run 83 time 0.000802994
Run 84 time 0.001300812
Run 85 time 0.000892878
Run 86 time 0.000685930
Run 87 time 0.000763178
Run 88 time 0.001287937
Run 89 time 0.001609087
Run 90 time 0.000983953
Run 91 time 0.000946045
Run 92 time 0.001364946
Run 93 time 0.001011133
Run 94 time 0.001062870
Run 95 time 0.001146078
Run 96 time 0.000982046
Run 97 time 0.000979900
Run 98 time 0.001010180
Run 99 time 0.000972033
Run 100 time 0.000833988
bintree 127 1048576 15
Run 1 time 0.028916121
Run 2 time 0.000882149
Run 3 time 0.000826120
Run 4 time 0.000856161
Run 5 time 0.000863075
Run 6 time 0.000912189
Run 7 time 0.000889063
Run 8 time 0.000866890
Run 9 time 0.000986099
Run 10 time 0.000921965
Run 11 time 0.000998974
Run 12 time 0.001006126
Run 13 time 0.000860929
Run 14 time 0.000939131
Run 15 time 0.000938177
Run 16 time 0.000817060
Run 17 time 0.000838041
Run 18 time 0.000930071
Run 19 time 0.000870943
Run 20 time 0.000817060
Run 21 time 0.000854015
Run 22 time 0.000905037
Run 23 time 0.000895023
Run 24 time 0.001000166
Run 25 time 0.000870943
Run 26 time 0.000873804
Run 27 time 0.000802040
Run 28 time 0.000813961
Run 29 time 0.000863075
Run 30 time 0.001079082
Run 31 time 0.000823975
Run 32 time 0.000874996
Run 33 time 0.000856161
Run 34 time 0.000838041
Run 35 time 0.000864983
Run 36 time 0.000950098
Run 37 time 0.000885963
Run 38 time 0.000759125
Run 39 time 0.000961065
Run 40 time 0.001312017
Run 41 time 0.000783920
Run 42 time 0.000913143
Run 43 time 0.000715017
Run 44 time 0.000874996
Run 45 time 0.000955105
Run 46 time 0.001054049
Run 47 time 0.001403093
Run 48 time 0.001421928
Run 49 time 0.001029015
Run 50 time 0.001024961
Run 51 time 0.000847101
Run 52 time 0.000967979
Run 53 time 0.000930071
Run 54 time 0.001000881
Run 55 time 0.000871181
Run 56 time 0.000926971
Run 57 time 0.000823975
Run 58 time 0.000787020
Run 59 time 0.000954866
Run 60 time 0.000895977
Run 61 time 0.001085043
Run 62 time 0.000879049
Run 63 time 0.000835180
Run 64 time 0.000822067
Run 65 time 0.000987053
Run 66 time 0.000833035
Run 67 time 0.000878096
Run 68 time 0.000968933
Run 69 time 0.001000166
Run 70 time 0.001008034
Run 71 time 0.000883102
Run 72 time 0.000991821
Run 73 time 0.000895023
Run 74 time 0.001053095
Run 75 time 0.000838995
Run 76 time 0.001184940
Run 77 time 0.000793934
Run 78 time 0.000977993
Run 79 time 0.000926971
Run 80 time 0.000813961
Run 81 time 0.000873089
Run 82 time 0.001085997
Run 83 time 0.000960112
Run 84 time 0.001048088
Run 85 time 0.001164913
Run 86 time 0.001036882
Run 87 time 0.000879049
Run 88 time 0.000946999
Run 89 time 0.000877142
Run 90 time 0.000996113
Run 91 time 0.000956059
Run 92 time 0.000963926
Run 93 time 0.000834942
Run 94 time 0.001101971
Run 95 time 0.000877142
Run 96 time 0.000817060
Run 97 time 0.000796795
Run 98 time 0.000816822
Run 99 time 0.001296043
Run 100 time 0.001071930
bin2tree 127 1048576 15
Run 1 time 0.026802063
Run 2 time 0.000816107
Run 3 time 0.001130104
Run 4 time 0.000855923
Run 5 time 0.000854969
Run 6 time 0.000745058
Run 7 time 0.000759125
Run 8 time 0.000792027
Run 9 time 0.000805140
Run 10 time 0.000860929
Run 11 time 0.000730038
Run 12 time 0.000769138
Run 13 time 0.000837803
Run 14 time 0.000931025
Run 15 time 0.001051188
Run 16 time 0.000722885
Run 17 time 0.000705004
Run 18 time 0.000933886
Run 19 time 0.000919104
Run 20 time 0.000859976
Run 21 time 0.000783920
Run 22 time 0.000717878
Run 23 time 0.001261950
Run 24 time 0.000929117
Run 25 time 0.000859976
Run 26 time 0.000916958
Run 27 time 0.000784159
Run 28 time 0.000749111
Run 29 time 0.000802994
Run 30 time 0.000712156
Run 31 time 0.000832081
Run 32 time 0.000766039
Run 33 time 0.000851154
Run 34 time 0.000792980
Run 35 time 0.000873089
Run 36 time 0.001294136
Run 37 time 0.001060009
Run 38 time 0.000741959
Run 39 time 0.001062155
Run 40 time 0.000912905
Run 41 time 0.000709057
Run 42 time 0.000821114
Run 43 time 0.000703096
Run 44 time 0.000786066
Run 45 time 0.000854969
Run 46 time 0.000719070
Run 47 time 0.000724077
Run 48 time 0.000669003
Run 49 time 0.000722170
Run 50 time 0.000909805
Run 51 time 0.000730991
Run 52 time 0.000775814
Run 53 time 0.000793934
Run 54 time 0.000817060
Run 55 time 0.000700951
Run 56 time 0.000684977
Run 57 time 0.000773907
Run 58 time 0.000777006
Run 59 time 0.000962019
Run 60 time 0.001155138
Run 61 time 0.000925064
Run 62 time 0.000720978
Run 63 time 0.000880957
Run 64 time 0.000877142
Run 65 time 0.000862122
Run 66 time 0.000763178
Run 67 time 0.000699043
Run 68 time 0.000710964
Run 69 time 0.000890970
Run 70 time 0.000693083
Run 71 time 0.000795126
Run 72 time 0.001023054
Run 73 time 0.000693083
Run 74 time 0.000778913
Run 75 time 0.000819921
Run 76 time 0.000702858
Run 77 time 0.000653028
Run 78 time 0.000734806
Run 79 time 0.000728130
Run 80 time 0.000760078
Run 81 time 0.000766993
Run 82 time 0.000697136
Run 83 time 0.000675917
Run 84 time 0.000721931
Run 85 time 0.001376152
Run 86 time 0.000780106
Run 87 time 0.000735044
Run 88 time 0.000825167
Run 89 time 0.000737190
Run 90 time 0.000813007
Run 91 time 0.000751019
Run 92 time 0.000787973
Run 93 time 0.000852108
Run 94 time 0.000715017
Run 95 time 0.000720024
Run 96 time 0.000738144
Run 97 time 0.000752926
Run 98 time 0.000939131
Run 99 time 0.000807047
Run 100 time 0.000795841
2TreeBdcast 129 1048576 15
Tree Construction time = 0.000082970
Tree Coloring time = 0.000008106
Run 1 time 0.023818970
Run 2 time 0.001348972
Run 3 time 0.001925945
Run 4 time 0.001215935
Run 5 time 0.001547098
Run 6 time 0.001687765
Run 7 time 0.001495123
Run 8 time 0.002543926
Run 9 time 0.001332998
Run 10 time 0.001385927
Run 11 time 0.001375914
Run 12 time 0.001344204
Run 13 time 0.001370907
Run 14 time 0.001629114
Run 15 time 0.001152992
Run 16 time 0.001173973
Run 17 time 0.001114845
Run 18 time 0.001047850
Run 19 time 0.001022816
Run 20 time 0.001471996
Run 21 time 0.001305103
Run 22 time 0.001209021
Run 23 time 0.001098156
Run 24 time 0.001157045
Run 25 time 0.001423120
Run 26 time 0.001420021
Run 27 time 0.000960112
Run 28 time 0.001494884
Run 29 time 0.001281023
Run 30 time 0.001406193
Run 31 time 0.001246929
Run 32 time 0.001246929
Run 33 time 0.001139879
Run 34 time 0.001304865
Run 35 time 0.001096964
Run 36 time 0.001570940
Run 37 time 0.002025843
Run 38 time 0.001261950
Run 39 time 0.001582146
Run 40 time 0.001276970
Run 41 time 0.001456976
Run 42 time 0.001530886
Run 43 time 0.001127958
Run 44 time 0.001095057
Run 45 time 0.001157999
Run 46 time 0.001152039
Run 47 time 0.001665831
Run 48 time 0.001213789
Run 49 time 0.001230001
Run 50 time 0.001928091
Run 51 time 0.002065182
Run 52 time 0.001626015
Run 53 time 0.001698971
Run 54 time 0.001573086
Run 55 time 0.001389980
Run 56 time 0.001317978
Run 57 time 0.001509905
Run 58 time 0.001263857
Run 59 time 0.001827955
Run 60 time 0.001582861
Run 61 time 0.001343966
Run 62 time 0.001272917
Run 63 time 0.001278162
Run 64 time 0.001282215
Run 65 time 0.001892090
Run 66 time 0.001202106
Run 67 time 0.001236916
Run 68 time 0.001554966
Run 69 time 0.001358986
Run 70 time 0.001878023
Run 71 time 0.001471043
Run 72 time 0.001426935
Run 73 time 0.000983953
Run 74 time 0.001228094
Run 75 time 0.001166105
Run 76 time 0.001183987
Run 77 time 0.001106024
Run 78 time 0.001321077
Run 79 time 0.001081944
Run 80 time 0.001199007
Run 81 time 0.001376867
Run 82 time 0.001633883
Run 83 time 0.001071930
Run 84 time 0.000988007
Run 85 time 0.001482964
Run 86 time 0.001554012
Run 87 time 0.001194954
Run 88 time 0.001205921
Run 89 time 0.001715899
Run 90 time 0.001332045
Run 91 time 0.001280069
Run 92 time 0.001281023
Run 93 time 0.001816988
Run 94 time 0.001138926
Run 95 time 0.001188040
Run 96 time 0.000985861
Run 97 time 0.001244068
Run 98 time 0.001240969
Run 99 time 0.001483917
Run 100 time 0.001631021
bintree 127 1048576 21
Run 1 time 0.028504133
Run 2 time 0.000998974
Run 3 time 0.000976086
Run 4 time 0.000877142
Run 5 time 0.001062155
Run 6 time 0.000849962
Run 7 time 0.000862122
Run 8 time 0.000881910
Run 9 time 0.001126051
Run 10 time 0.000920057
Run 11 time 0.000876188
Run 12 time 0.001091003
Run 13 time 0.001027107
Run 14 time 0.000926971
Run 15 time 0.000899076
Run 16 time 0.000960112
Run 17 time 0.000912905
Run 18 time 0.000881910
Run 19 time 0.001343966
Run 20 time 0.000849009
Run 21 time 0.000874996
Run 22 time 0.000994921
Run 23 time 0.001196861
Run 24 time 0.001076937
Run 25 time 0.001595020
Run 26 time 0.000997782
Run 27 time 0.000921011
Run 28 time 0.000945807
Run 29 time 0.001161098
Run 30 time 0.000904799
Run 31 time 0.001044035
Run 32 time 0.001147985
Run 33 time 0.001021862
Run 34 time 0.000833035
Run 35 time 0.000842094
Run 36 time 0.001286983
Run 37 time 0.000997066
Run 38 time 0.000986814
Run 39 time 0.001089096
Run 40 time 0.000917912
Run 41 time 0.000887156
Run 42 time 0.001036882
Run 43 time 0.000809908
Run 44 time 0.000854015
Run 45 time 0.000844955
Run 46 time 0.000887871
Run 47 time 0.000926971
Run 48 time 0.001165867
Run 49 time 0.001075983
Run 50 time 0.000849962
Run 51 time 0.000867844
Run 52 time 0.001004934
Run 53 time 0.000921011
Run 54 time 0.000936985
Run 55 time 0.000962019
Run 56 time 0.000952005
Run 57 time 0.000948191
Run 58 time 0.001053810
Run 59 time 0.000974894
Run 60 time 0.001142979
Run 61 time 0.000867844
Run 62 time 0.002336025
Run 63 time 0.000904799
Run 64 time 0.001367092
Run 65 time 0.001263142
Run 66 time 0.001375914
Run 67 time 0.001513958
Run 68 time 0.001060963
Run 69 time 0.000925064
Run 70 time 0.000827074
Run 71 time 0.000900030
Run 72 time 0.000908852
Run 73 time 0.000982046
Run 74 time 0.001049995
Run 75 time 0.000849962
Run 76 time 0.000962973
Run 77 time 0.000919819
Run 78 time 0.000856161
Run 79 time 0.000909090
Run 80 time 0.000880957
Run 81 time 0.001048088
Run 82 time 0.000854015
Run 83 time 0.000880003
Run 84 time 0.000808954
Run 85 time 0.000978947
Run 86 time 0.000959158
Run 87 time 0.001008987
Run 88 time 0.000924110
Run 89 time 0.000851154
Run 90 time 0.001023054
Run 91 time 0.000833988
Run 92 time 0.001000166
Run 93 time 0.000818014
Run 94 time 0.000890017
Run 95 time 0.000885010
Run 96 time 0.000890017
Run 97 time 0.000872850
Run 98 time 0.000925064
Run 99 time 0.000801086
Run 100 time 0.000863075
bin2tree 127 1048576 21
Run 1 time 0.024850845
Run 2 time 0.000782013
Run 3 time 0.000635862
Run 4 time 0.000957966
Run 5 time 0.000581980
Run 6 time 0.000766993
Run 7 time 0.000631094
Run 8 time 0.000688076
Run 9 time 0.000617027
Run 10 time 0.000716925
Run 11 time 0.000723124
Run 12 time 0.000813007
Run 13 time 0.000735044
Run 14 time 0.000703812
Run 15 time 0.000776052
Run 16 time 0.000778913
Run 17 time 0.000625849
Run 18 time 0.000706911
Run 19 time 0.000687122
Run 20 time 0.000720978
Run 21 time 0.000652075
Run 22 time 0.000644922
Run 23 time 0.000739098
Run 24 time 0.000835896
Run 25 time 0.000706911
Run 26 time 0.000638962
Run 27 time 0.000681162
Run 28 time 0.000650167
Run 29 time 0.000981092
Run 30 time 0.000638962
Run 31 time 0.000754833
Run 32 time 0.001478195
Run 33 time 0.000790834
Run 34 time 0.000659227
Run 35 time 0.000882149
Run 36 time 0.000720978
Run 37 time 0.000674009
Run 38 time 0.000791073
Run 39 time 0.000631094
Run 40 time 0.000652075
Run 41 time 0.000746012
Run 42 time 0.000709057
Run 43 time 0.000658035
Run 44 time 0.000811100
Run 45 time 0.000758886
Run 46 time 0.001493216
Run 47 time 0.000707865
Run 48 time 0.000674963
Run 49 time 0.000728130
Run 50 time 0.000936031
Run 51 time 0.000764132
Run 52 time 0.000666142
Run 53 time 0.000708818
Run 54 time 0.000638962
Run 55 time 0.000813961
Run 56 time 0.000718117
Run 57 time 0.000761032
Run 58 time 0.000708818
Run 59 time 0.001420021
Run 60 time 0.000794172
Run 61 time 0.000735044
Run 62 time 0.000756979
Run 63 time 0.000762939
Run 64 time 0.000746012
Run 65 time 0.000922918
Run 66 time 0.000758171
Run 67 time 0.000641108
Run 68 time 0.000876188
Run 69 time 0.000705957
Run 70 time 0.000782013
Run 71 time 0.000667095
Run 72 time 0.000802040
Run 73 time 0.000639915
Run 74 time 0.000648022
Run 75 time 0.000619173
Run 76 time 0.000740051
Run 77 time 0.000920057
Run 78 time 0.000736952
Run 79 time 0.000791073
Run 80 time 0.000720024
Run 81 time 0.000935793
Run 82 time 0.000745058
Run 83 time 0.000790119
Run 84 time 0.000837803
Run 85 time 0.000654936
Run 86 time 0.000620127
Run 87 time 0.000899792
Run 88 time 0.000709057
Run 89 time 0.000699043
Run 90 time 0.000793934
Run 91 time 0.000725031
Run 92 time 0.000854969
Run 93 time 0.000951052
Run 94 time 0.000964165
Run 95 time 0.000631094
Run 96 time 0.000623941
Run 97 time 0.000811815
Run 98 time 0.000617027
Run 99 time 0.000641108
Run 100 time 0.000680923
2TreeBdcast 129 1048576 21
Tree Construction time = 0.000082016
Tree Coloring time = 0.000008106
Run 1 time 0.025002956
Run 2 time 0.001327991
Run 3 time 0.001260996
Run 4 time 0.001387835
Run 5 time 0.001699924
Run 6 time 0.001230955
Run 7 time 0.001132965
Run 8 time 0.001950979
Run 9 time 0.001091957
Run 10 time 0.001334906
Run 11 time 0.000723124
Run 12 time 0.003154993
Run 13 time 0.001890898
Run 14 time 0.001595974
Run 15 time 0.003857136
Run 16 time 0.001646042
Run 17 time 0.001052141
Run 18 time 0.001300097
Run 19 time 0.001346827
Run 20 time 0.000711918
Run 21 time 0.001139879
Run 22 time 0.001255035
Run 23 time 0.001352072
Run 24 time 0.001396894
Run 25 time 0.001674891
Run 26 time 0.001684189
Run 27 time 0.001492977
Run 28 time 0.001850128
Run 29 time 0.001473904
Run 30 time 0.001703978
Run 31 time 0.001579046
Run 32 time 0.001303911
Run 33 time 0.001208067
Run 34 time 0.001339912
Run 35 time 0.001379013
Run 36 time 0.000977993
Run 37 time 0.001498938
Run 38 time 0.001091957
Run 39 time 0.001482010
Run 40 time 0.001504898
Run 41 time 0.001600027
Run 42 time 0.001557112
Run 43 time 0.001564980
Run 44 time 0.001473188
Run 45 time 0.001351118
Run 46 time 0.001235962
Run 47 time 0.001755953
Run 48 time 0.001652002
Run 49 time 0.001716137
Run 50 time 0.001816034
Run 51 time 0.001287937
Run 52 time 0.001296043
Run 53 time 0.001185894
Run 54 time 0.001250029
Run 55 time 0.000983000
Run 56 time 0.001393080
Run 57 time 0.001590014
Run 58 time 0.001085043
Run 59 time 0.001028061
Run 60 time 0.000925064
Run 61 time 0.001552105
Run 62 time 0.001085043
Run 63 time 0.001285076
Run 64 time 0.000992060
Run 65 time 0.000893831
Run 66 time 0.001070023
Run 67 time 0.001183987
Run 68 time 0.001203060
Run 69 time 0.001255035
Run 70 time 0.000957966
Run 71 time 0.000974894
Run 72 time 0.000982046
Run 73 time 0.000859976
Run 74 time 0.001366138
Run 75 time 0.001774788
Run 76 time 0.001287937
Run 77 time 0.000895977
Run 78 time 0.001054049
Run 79 time 0.001555920
Run 80 time 0.001211882
Run 81 time 0.001064062
Run 82 time 0.001890182
Run 83 time 0.001193047
Run 84 time 0.001316071
Run 85 time 0.001160860
Run 86 time 0.001270056
Run 87 time 0.001951933
Run 88 time 0.002449989
Run 89 time 0.001209974
Run 90 time 0.001197815
Run 91 time 0.001150131
Run 92 time 0.001644135
Run 93 time 0.001417875
Run 94 time 0.001289129
Run 95 time 0.001542091
Run 96 time 0.001315832
Run 97 time 0.001219034
Run 98 time 0.001471996
Run 99 time 0.001179934
Run 100 time 0.001631975
MPI_BCAST 128 1048576
Run 1 time 0.018113136
Run 2 time 0.001449108
Run 3 time 0.001397848
Run 4 time 0.001398087
Run 5 time 0.001410007
Run 6 time 0.001419783
Run 7 time 0.001368046
Run 8 time 0.001377821
Run 9 time 0.001375914
Run 10 time 0.001546144
Run 11 time 0.001362085
Run 12 time 0.001391172
Run 13 time 0.001586199
Run 14 time 0.001393080
Run 15 time 0.001434088
Run 16 time 0.001429081
Run 17 time 0.001403093
Run 18 time 0.001435041
Run 19 time 0.001369953
Run 20 time 0.001409054
Run 21 time 0.001606941
Run 22 time 0.001358986
Run 23 time 0.001368046
Run 24 time 0.001399040
Run 25 time 0.001350164
Run 26 time 0.001398087
Run 27 time 0.001600981
Run 28 time 0.001390934
Run 29 time 0.001397133
Run 30 time 0.001353025
Run 31 time 0.001477003
Run 32 time 0.001403093
Run 33 time 0.001431942
Run 34 time 0.001395941
Run 35 time 0.001502991
Run 36 time 0.001422882
Run 37 time 0.001410961
Run 38 time 0.001336098
Run 39 time 0.001346111
Run 40 time 0.001384020
Run 41 time 0.001472950
Run 42 time 0.001406193
Run 43 time 0.001408100
Run 44 time 0.001483917
Run 45 time 0.001404047
Run 46 time 0.001334906
Run 47 time 0.001339912
Run 48 time 0.001344919
Run 49 time 0.001338959
Run 50 time 0.001374006
Run 51 time 0.001417875
Run 52 time 0.001442909
Run 53 time 0.001334906
Run 54 time 0.001362085
Run 55 time 0.001399994
Run 56 time 0.001386881
Run 57 time 0.001419067
Run 58 time 0.001458168
Run 59 time 0.001400948
Run 60 time 0.001362801
Run 61 time 0.001429081
Run 62 time 0.001368999
Run 63 time 0.001340151
Run 64 time 0.001338005
Run 65 time 0.001583099
Run 66 time 0.001394033
Run 67 time 0.001374960
Run 68 time 0.001335144
Run 69 time 0.001357079
Run 70 time 0.001363039
Run 71 time 0.001591921
Run 72 time 0.001425028
Run 73 time 0.001382113
Run 74 time 0.001389980
Run 75 time 0.001396179
Run 76 time 0.002485037
Run 77 time 0.001746893
Run 78 time 0.002053976
Run 79 time 0.001427174
Run 80 time 0.002295971
Run 81 time 0.001628876
Run 82 time 0.001409054
Run 83 time 0.001448870
Run 84 time 0.001475096
Run 85 time 0.001571178
Run 86 time 0.001657963
Run 87 time 0.001467943
Run 88 time 0.001399994
Run 89 time 0.001370907
Run 90 time 0.001903057
Run 91 time 0.001380920
Run 92 time 0.001338005
Run 93 time 0.001363039
Run 94 time 0.001507998
Run 95 time 0.001371145
Run 96 time 0.001368999
Run 97 time 0.001378059
Run 98 time 0.001360178
Run 99 time 0.001376152
Run 100 time 0.001371145
bintree 128 1048576 8
Run 1 time 0.031232834
Run 2 time 0.001032114
Run 3 time 0.001092911
Run 4 time 0.001058102
Run 5 time 0.001047134
Run 6 time 0.001055002
Run 7 time 0.001100063
Run 8 time 0.001358032
Run 9 time 0.001514912
Run 10 time 0.001260042
Run 11 time 0.001153946
Run 12 time 0.001132965
Run 13 time 0.001247168
Run 14 time 0.001415014
Run 15 time 0.001070023
Run 16 time 0.001125097
Run 17 time 0.001016140
Run 18 time 0.001015902
Run 19 time 0.001538992
Run 20 time 0.001152992
Run 21 time 0.001776934
Run 22 time 0.001353979
Run 23 time 0.001157999
Run 24 time 0.001371861
Run 25 time 0.001449108
Run 26 time 0.001517057
Run 27 time 0.001673937
Run 28 time 0.001383066
Run 29 time 0.001500130
Run 30 time 0.001105070
Run 31 time 0.001052141
Run 32 time 0.001150846
Run 33 time 0.001518011
Run 34 time 0.001013994
Run 35 time 0.001149178
Run 36 time 0.001986980
Run 37 time 0.001403809
Run 38 time 0.001327038
Run 39 time 0.001590014
Run 40 time 0.001641989
Run 41 time 0.002501965
Run 42 time 0.003576994
Run 43 time 0.007010937
Run 44 time 0.010085821
Run 45 time 0.007148027
Run 46 time 0.002146006
Run 47 time 0.002038956
Run 48 time 0.001960039
Run 49 time 0.001914978
Run 50 time 0.001708984
Run 51 time 0.001696110
Run 52 time 0.003303051
Run 53 time 0.001594067
Run 54 time 0.001219988
Run 55 time 0.002182961
Run 56 time 0.001268148
Run 57 time 0.002154827
Run 58 time 0.001330853
Run 59 time 0.001079082
Run 60 time 0.001087904
Run 61 time 0.001162052
Run 62 time 0.001609802
Run 63 time 0.001065016
Run 64 time 0.001430035
Run 65 time 0.001084089
Run 66 time 0.001092911
Run 67 time 0.001049995
Run 68 time 0.001143932
Run 69 time 0.001068115
Run 70 time 0.001142979
Run 71 time 0.001033068
Run 72 time 0.001154900
Run 73 time 0.001168966
Run 74 time 0.001059055
Run 75 time 0.001132011
Run 76 time 0.001175165
Run 77 time 0.001070023
Run 78 time 0.001134872
Run 79 time 0.000993967
Run 80 time 0.001314878
Run 81 time 0.001170158
Run 82 time 0.001133919
Run 83 time 0.001466990
Run 84 time 0.001128912
Run 85 time 0.004343987
Run 86 time 0.003569126
Run 87 time 0.001344919
Run 88 time 0.001723051
Run 89 time 0.001657963
Run 90 time 0.001601934
Run 91 time 0.001790047
Run 92 time 0.001622915
Run 93 time 0.003039837
Run 94 time 0.002300978
Run 95 time 0.001601934
Run 96 time 0.002204895
Run 97 time 0.001930952
Run 98 time 0.002243042
Run 99 time 0.001045942
Run 100 time 0.001139879
bin2tree 128 1048576 8
Run 1 time 0.029469013
Run 2 time 0.000952005
Run 3 time 0.000934124
Run 4 time 0.000844955
Run 5 time 0.000877142
Run 6 time 0.000844955
Run 7 time 0.000868082
Run 8 time 0.001069069
Run 9 time 0.000870943
Run 10 time 0.000819921
Run 11 time 0.000995159
Run 12 time 0.000730038
Run 13 time 0.000813007
Run 14 time 0.000798941
Run 15 time 0.000808001
Run 16 time 0.000874996
Run 17 time 0.001049042
Run 18 time 0.000800848
Run 19 time 0.000798941
Run 20 time 0.000906944
Run 21 time 0.000864983
Run 22 time 0.000768900
Run 23 time 0.001011848
Run 24 time 0.000993967
Run 25 time 0.000847816
Run 26 time 0.000782013
Run 27 time 0.000838995
Run 28 time 0.000843048
Run 29 time 0.000899076
Run 30 time 0.000897169
Run 31 time 0.000852823
Run 32 time 0.000926018
Run 33 time 0.000718117
Run 34 time 0.000886202
Run 35 time 0.000860929
Run 36 time 0.001029015
Run 37 time 0.000783920
Run 38 time 0.000946045
Run 39 time 0.000761032
Run 40 time 0.000887156
Run 41 time 0.000754833
Run 42 time 0.001182079
Run 43 time 0.000867844
Run 44 time 0.000825167
Run 45 time 0.000849962
Run 46 time 0.000796080
Run 47 time 0.000878096
Run 48 time 0.001014948
Run 49 time 0.000849009
Run 50 time 0.000966072
Run 51 time 0.001064062
Run 52 time 0.000886917
Run 53 time 0.000757933
Run 54 time 0.000825167
Run 55 time 0.000782013
Run 56 time 0.000864983
Run 57 time 0.000846863
Run 58 time 0.000737190
Run 59 time 0.000771999
Run 60 time 0.000735998
Run 61 time 0.000885010
Run 62 time 0.000830889
Run 63 time 0.000792980
Run 64 time 0.000816107
Run 65 time 0.000777006
Run 66 time 0.001083136
Run 67 time 0.000869989
Run 68 time 0.000836134
Run 69 time 0.000805140
Run 70 time 0.000969887
Run 71 time 0.000958204
Run 72 time 0.001025915
Run 73 time 0.000880957
Run 74 time 0.000862122
Run 75 time 0.000858068
Run 76 time 0.000856876
Run 77 time 0.001034021
Run 78 time 0.000901937
Run 79 time 0.000875950
Run 80 time 0.000849009
Run 81 time 0.000792980
Run 82 time 0.000751019
Run 83 time 0.000849009
Run 84 time 0.001025915
Run 85 time 0.001125097
Run 86 time 0.000953197
Run 87 time 0.001331091
Run 88 time 0.000856876
Run 89 time 0.001006126
Run 90 time 0.000902176
Run 91 time 0.000733852
Run 92 time 0.000837088
Run 93 time 0.001312971
Run 94 time 0.000795126
Run 95 time 0.000872850
Run 96 time 0.000823021
Run 97 time 0.000818968
Run 98 time 0.000887156
Run 99 time 0.000741959
Run 100 time 0.000766993
2TreeBdcast 129 1048576 8
Tree Construction time = 0.000091791
Tree Coloring time = 0.000008106
Run 1 time 0.068480968
Run 2 time 0.008544922
Run 3 time 0.000885010
Run 4 time 0.000952005
Run 5 time 0.000937939
Run 6 time 0.001026154
Run 7 time 0.001200914
Run 8 time 0.001149178
Run 9 time 0.001381874
Run 10 time 0.001058817
Run 11 time 0.001742840
Run 12 time 0.001127005
Run 13 time 0.001350880
Run 14 time 0.001297951
Run 15 time 0.001419067
Run 16 time 0.001073122
Run 17 time 0.001266956
Run 18 time 0.001338959
Run 19 time 0.000936985
Run 20 time 0.001327991
Run 21 time 0.000972986
Run 22 time 0.001336098
Run 23 time 0.001231909
Run 24 time 0.001050949
Run 25 time 0.000833988
Run 26 time 0.000913143
Run 27 time 0.001069069
Run 28 time 0.001007795
Run 29 time 0.001045942
Run 30 time 0.000797033
Run 31 time 0.001088142
Run 32 time 0.000923157
Run 33 time 0.001330853
Run 34 time 0.001091003
Run 35 time 0.000844002
Run 36 time 0.001092911
Run 37 time 0.000820875
Run 38 time 0.000910997
Run 39 time 0.001155138
Run 40 time 0.001047134
Run 41 time 0.001394987
Run 42 time 0.000993013
Run 43 time 0.001138926
Run 44 time 0.001304150
Run 45 time 0.001308918
Run 46 time 0.001523018
Run 47 time 0.001133919
Run 48 time 0.001132965
Run 49 time 0.000988007
Run 50 time 0.001308203
Run 51 time 0.001033068
Run 52 time 0.001181126
Run 53 time 0.000733852
Run 54 time 0.001278877
Run 55 time 0.001315117
Run 56 time 0.001334190
Run 57 time 0.001270056
Run 58 time 0.001107931
Run 59 time 0.000921965
Run 60 time 0.001331091
Run 61 time 0.001124144
Run 62 time 0.001727819
Run 63 time 0.001596928
Run 64 time 0.001008034
Run 65 time 0.001044035
Run 66 time 0.001257181
Run 67 time 0.001005173
Run 68 time 0.001734018
Run 69 time 0.000956059
Run 70 time 0.001038074
Run 71 time 0.001162052
Run 72 time 0.001124144
Run 73 time 0.001354218
Run 74 time 0.001261950
Run 75 time 0.000866890
Run 76 time 0.001206875
Run 77 time 0.001538992
Run 78 time 0.001574039
Run 79 time 0.001330137
Run 80 time 0.001026869
Run 81 time 0.001085043
Run 82 time 0.000862122
Run 83 time 0.001214981
Run 84 time 0.001165867
Run 85 time 0.001383066
Run 86 time 0.001477003
Run 87 time 0.001039982
Run 88 time 0.001002073
Run 89 time 0.001304150
Run 90 time 0.001168013
Run 91 time 0.000997782
Run 92 time 0.000895977
Run 93 time 0.000902891
Run 94 time 0.001085997
Run 95 time 0.001072168
Run 96 time 0.001518965
Run 97 time 0.001230955
Run 98 time 0.000990868
Run 99 time 0.000981092
Run 100 time 0.000948906
bintree 128 1048576 15
Run 1 time 0.028923035
Run 2 time 0.001131058
Run 3 time 0.001127005
Run 4 time 0.001040220
Run 5 time 0.000891209
Run 6 time 0.001018047
Run 7 time 0.000890970
Run 8 time 0.001030922
Run 9 time 0.001142025
Run 10 time 0.000859976
Run 11 time 0.000884056
Run 12 time 0.000891209
Run 13 time 0.000908136
Run 14 time 0.000880003
Run 15 time 0.001021147
Run 16 time 0.000941038
Run 17 time 0.000847101
Run 18 time 0.001144171
Run 19 time 0.000931025
Run 20 time 0.000993967
Run 21 time 0.000974894
Run 22 time 0.000848055
Run 23 time 0.001084089
Run 24 time 0.000989199
Run 25 time 0.001020908
Run 26 time 0.001104116
Run 27 time 0.000910044
Run 28 time 0.001081944
Run 29 time 0.000904083
Run 30 time 0.001203060
Run 31 time 0.000888109
Run 32 time 0.000841856
Run 33 time 0.000795841
Run 34 time 0.000893116
Run 35 time 0.000819921
Run 36 time 0.001022816
Run 37 time 0.000808001
Run 38 time 0.000834942
Run 39 time 0.000849009
Run 40 time 0.000988007
Run 41 time 0.000852108
Run 42 time 0.000988007
Run 43 time 0.000866890
Run 44 time 0.000851154
Run 45 time 0.000983953
Run 46 time 0.000940084
Run 47 time 0.000785112
Run 48 time 0.000993013
Run 49 time 0.000801086
Run 50 time 0.001013994
Run 51 time 0.000854015
Run 52 time 0.000871897
Run 53 time 0.000926971
Run 54 time 0.001041889
Run 55 time 0.000922203
Run 56 time 0.000886917
Run 57 time 0.000977039
Run 58 time 0.000844002
Run 59 time 0.001039982
Run 60 time 0.000856876
Run 61 time 0.000854969
Run 62 time 0.000841141
Run 63 time 0.000807047
Run 64 time 0.000851154
Run 65 time 0.000994205
Run 66 time 0.000804901
Run 67 time 0.000922918
Run 68 time 0.000890017
Run 69 time 0.000945091
Run 70 time 0.001073122
Run 71 time 0.000848055
Run 72 time 0.000792027
Run 73 time 0.000931025
Run 74 time 0.000809908
Run 75 time 0.000812054
Run 76 time 0.001091003
Run 77 time 0.001141071
Run 78 time 0.002435923
Run 79 time 0.001175880
Run 80 time 0.000929117
Run 81 time 0.001107931
Run 82 time 0.000808001
Run 83 time 0.000801086
Run 84 time 0.000799179
Run 85 time 0.001079082
Run 86 time 0.000862122
Run 87 time 0.001191139
Run 88 time 0.000952005
Run 89 time 0.000889063
Run 90 time 0.000958920
Run 91 time 0.001039028
Run 92 time 0.000801086
Run 93 time 0.000931025
Run 94 time 0.000840187
Run 95 time 0.000988960
Run 96 time 0.000869989
Run 97 time 0.000819921
Run 98 time 0.000910044
Run 99 time 0.001157999
Run 100 time 0.000895977
bin2tree 128 1048576 15
Run 1 time 0.027025223
Run 2 time 0.001662970
Run 3 time 0.000708103
Run 4 time 0.000751972
Run 5 time 0.000745058
Run 6 time 0.000780106
Run 7 time 0.000905991
Run 8 time 0.000795841
Run 9 time 0.000786066
Run 10 time 0.000978947
Run 11 time 0.000781059
Run 12 time 0.000692129
Run 13 time 0.000880957
Run 14 time 0.000964165
Run 15 time 0.000973940
Run 16 time 0.000720024
Run 17 time 0.000784874
Run 18 time 0.000808001
Run 19 time 0.000919104
Run 20 time 0.000907898
Run 21 time 0.003152847
Run 22 time 0.002346992
Run 23 time 0.000956059
Run 24 time 0.000679970
Run 25 time 0.000819921
Run 26 time 0.000954151
Run 27 time 0.000984907
Run 28 time 0.001223087
Run 29 time 0.000945091
Run 30 time 0.000944138
Run 31 time 0.001405954
Run 32 time 0.001065969
Run 33 time 0.001079082
Run 34 time 0.000806093
Run 35 time 0.000916004
Run 36 time 0.001133919
Run 37 time 0.000845909
Run 38 time 0.001088858
Run 39 time 0.002990007
Run 40 time 0.002212048
Run 41 time 0.000684977
Run 42 time 0.000663996
Run 43 time 0.000745058
Run 44 time 0.000823975
Run 45 time 0.000730991
Run 46 time 0.000768900
Run 47 time 0.000685930
Run 48 time 0.000903130
Run 49 time 0.000741005
Run 50 time 0.000823021
Run 51 time 0.000741959
Run 52 time 0.000726938
Run 53 time 0.000835896
Run 54 time 0.000724077
Run 55 time 0.000828981
Run 56 time 0.000757933
Run 57 time 0.000861168
Run 58 time 0.000755787
Run 59 time 0.000701189
Run 60 time 0.001829147
Run 61 time 0.003158092
Run 62 time 0.001202106
Run 63 time 0.000740051
Run 64 time 0.000841141
Run 65 time 0.000766039
Run 66 time 0.000779152
Run 67 time 0.000746012
Run 68 time 0.000757933
Run 69 time 0.000711918
Run 70 time 0.000895023
Run 71 time 0.000854969
Run 72 time 0.000844002
Run 73 time 0.000766993
Run 74 time 0.000851154
Run 75 time 0.000838041
Run 76 time 0.000871897
Run 77 time 0.000858068
Run 78 time 0.000870943
Run 79 time 0.000744820
Run 80 time 0.000679016
Run 81 time 0.001665115
Run 82 time 0.003598928
Run 83 time 0.001004934
Run 84 time 0.000988007
Run 85 time 0.000964880
Run 86 time 0.000901937
Run 87 time 0.000905037
Run 88 time 0.000957966
Run 89 time 0.001004934
Run 90 time 0.000855923
Run 91 time 0.001045942
Run 92 time 0.001030922
Run 93 time 0.000941992
Run 94 time 0.000950813
Run 95 time 0.001233101
Run 96 time 0.000966072
Run 97 time 0.000900984
Run 98 time 0.000909090
Run 99 time 0.001477003
Run 100 time 0.001301050
2TreeBdcast 129 1048576 15
Tree Construction time = 0.000087023
Tree Coloring time = 0.000007868
Run 1 time 0.021317959
Run 2 time 0.001163006
Run 3 time 0.000892878
Run 4 time 0.000880957
Run 5 time 0.001353025
Run 6 time 0.001797915
Run 7 time 0.001337051
Run 8 time 0.001713037
Run 9 time 0.001157999
Run 10 time 0.001456022
Run 11 time 0.001707077
Run 12 time 0.001041889
Run 13 time 0.001317978
Run 14 time 0.001037836
Run 15 time 0.001487970
Run 16 time 0.000889063
Run 17 time 0.001091957
Run 18 time 0.001569033
Run 19 time 0.001242876
Run 20 time 0.001473188
Run 21 time 0.001156092
Run 22 time 0.001187086
Run 23 time 0.001465082
Run 24 time 0.001261950
Run 25 time 0.001261950
Run 26 time 0.001235008
Run 27 time 0.001471996
Run 28 time 0.001790047
Run 29 time 0.001178980
Run 30 time 0.001338005
Run 31 time 0.001265049
Run 32 time 0.001188040
Run 33 time 0.001477957
Run 34 time 0.001368999
Run 35 time 0.001713991
Run 36 time 0.000973940
Run 37 time 0.001247883
Run 38 time 0.001435995
Run 39 time 0.000965834
Run 40 time 0.001052856
Run 41 time 0.001041889
Run 42 time 0.000993013
Run 43 time 0.001121998
Run 44 time 0.000980139
Run 45 time 0.000832081
Run 46 time 0.001019001
Run 47 time 0.001110077
Run 48 time 0.001884937
Run 49 time 0.000997066
Run 50 time 0.001273870
Run 51 time 0.000750065
Run 52 time 0.001270056
Run 53 time 0.000902176
Run 54 time 0.000772953
Run 55 time 0.000887871
Run 56 time 0.001039028
Run 57 time 0.001302004
Run 58 time 0.001543999
Run 59 time 0.001162052
Run 60 time 0.001283169
Run 61 time 0.001519918
Run 62 time 0.001472950
Run 63 time 0.001420021
Run 64 time 0.001224041
Run 65 time 0.001155138
Run 66 time 0.001208067
Run 67 time 0.001522064
Run 68 time 0.000834942
Run 69 time 0.001199961
Run 70 time 0.001036882
Run 71 time 0.001082182
Run 72 time 0.001038074
Run 73 time 0.001510143
Run 74 time 0.002279043
Run 75 time 0.001575947
Run 76 time 0.001539230
Run 77 time 0.001441956
Run 78 time 0.001309872
Run 79 time 0.001101017
Run 80 time 0.001130104
Run 81 time 0.001388073
Run 82 time 0.000880003
Run 83 time 0.001173973
Run 84 time 0.001806021
Run 85 time 0.001393080
Run 86 time 0.001317978
Run 87 time 0.001256943
Run 88 time 0.001481056
Run 89 time 0.001613855
Run 90 time 0.001574993
Run 91 time 0.001243114
Run 92 time 0.001279116
Run 93 time 0.001598120
Run 94 time 0.001417160
Run 95 time 0.001183987
Run 96 time 0.001126051
Run 97 time 0.000738144
Run 98 time 0.001316071
Run 99 time 0.001230001
Run 100 time 0.001199961
bintree 128 1048576 21
Run 1 time 0.030695915
Run 2 time 0.000895023
Run 3 time 0.001018047
Run 4 time 0.000962973
Run 5 time 0.000940800
Run 6 time 0.000916004
Run 7 time 0.000889063
Run 8 time 0.000883102
Run 9 time 0.000910997
Run 10 time 0.000971079
Run 11 time 0.001141071
Run 12 time 0.000957966
Run 13 time 0.000896931
Run 14 time 0.000883102
Run 15 time 0.001837015
Run 16 time 0.003711939
Run 17 time 0.001667023
Run 18 time 0.001022100
Run 19 time 0.001029968
Run 20 time 0.001034975
Run 21 time 0.001128912
Run 22 time 0.001040936
Run 23 time 0.001236916
Run 24 time 0.000877142
Run 25 time 0.000879049
Run 26 time 0.001034021
Run 27 time 0.000896931
Run 28 time 0.001183033
Run 29 time 0.001065016
Run 30 time 0.000978947
Run 31 time 0.001094103
Run 32 time 0.005199909
Run 33 time 0.001749992
Run 34 time 0.000988007
Run 35 time 0.000948191
Run 36 time 0.001202106
Run 37 time 0.001162052
Run 38 time 0.000954866
Run 39 time 0.000972986
Run 40 time 0.000885010
Run 41 time 0.000955820
Run 42 time 0.000861883
Run 43 time 0.001241922
Run 44 time 0.001120090
Run 45 time 0.000931025
Run 46 time 0.000917912
Run 47 time 0.000982046
Run 48 time 0.002943993
Run 49 time 0.003385067
Run 50 time 0.001113176
Run 51 time 0.000890970
Run 52 time 0.001036882
Run 53 time 0.001121044
Run 54 time 0.000929117
Run 55 time 0.000972033
Run 56 time 0.000928879
Run 57 time 0.001091003
Run 58 time 0.001111031
Run 59 time 0.000940084
Run 60 time 0.001103878
Run 61 time 0.000852823
Run 62 time 0.000899076
Run 63 time 0.001269102
Run 64 time 0.001046896
Run 65 time 0.003080130
Run 66 time 0.002437830
Run 67 time 0.000905037
Run 68 time 0.000890017
Run 69 time 0.000991106
Run 70 time 0.000932932
Run 71 time 0.000900030
Run 72 time 0.000931978
Run 73 time 0.001200199
Run 74 time 0.000897884
Run 75 time 0.000821114
Run 76 time 0.001029015
Run 77 time 0.000859976
Run 78 time 0.000901937
Run 79 time 0.001211166
Run 80 time 0.000859022
Run 81 time 0.001003981
Run 82 time 0.000991106
Run 83 time 0.005169868
Run 84 time 0.000998020
Run 85 time 0.000856161
Run 86 time 0.000957012
Run 87 time 0.000951052
Run 88 time 0.001085997
Run 89 time 0.001139879
Run 90 time 0.000903130
Run 91 time 0.000997066
Run 92 time 0.001188993
Run 93 time 0.001106977
Run 94 time 0.001147985
Run 95 time 0.000983000
Run 96 time 0.000945091
Run 97 time 0.000947952
Run 98 time 0.000925779
Run 99 time 0.002696991
Run 100 time 0.003844976
bin2tree 128 1048576 21
Run 1 time 0.023791790
Run 2 time 0.000926018
Run 3 time 0.001051903
Run 4 time 0.000831127
Run 5 time 0.000753880
Run 6 time 0.000644922
Run 7 time 0.000775099
Run 8 time 0.000729084
Run 9 time 0.000880957
Run 10 time 0.001006126
Run 11 time 0.000765085
Run 12 time 0.000928164
Run 13 time 0.000684023
Run 14 time 0.000730038
Run 15 time 0.001067162
Run 16 time 0.000713825
Run 17 time 0.000787973
Run 18 time 0.000649929
Run 19 time 0.000631809
Run 20 time 0.000905037
Run 21 time 0.000704765
Run 22 time 0.000648975
Run 23 time 0.000716925
Run 24 time 0.000754118
Run 25 time 0.000663996
Run 26 time 0.000658035
Run 27 time 0.000764132
Run 28 time 0.000782967
Run 29 time 0.000783920
Run 30 time 0.000782967
Run 31 time 0.000626087
Run 32 time 0.000599861
Run 33 time 0.000667810
Run 34 time 0.000782013
Run 35 time 0.000773191
Run 36 time 0.000616789
Run 37 time 0.000675917
Run 38 time 0.000689983
Run 39 time 0.000714064
Run 40 time 0.000643015
Run 41 time 0.000840902
Run 42 time 0.000671864
Run 43 time 0.000643015
Run 44 time 0.000843048
Run 45 time 0.000720978
Run 46 time 0.000763893
Run 47 time 0.000897169
Run 48 time 0.000664949
Run 49 time 0.000613928
Run 50 time 0.000633955
Run 51 time 0.000822067
Run 52 time 0.000646830
Run 53 time 0.000818968
Run 54 time 0.000831127
Run 55 time 0.000782013
Run 56 time 0.000921011
Run 57 time 0.000650883
Run 58 time 0.000635862
Run 59 time 0.000730991
Run 60 time 0.000632048
Run 61 time 0.000890017
Run 62 time 0.000747919
Run 63 time 0.000704050
Run 64 time 0.000658989
Run 65 time 0.000759125
Run 66 time 0.000644922
Run 67 time 0.000606060
Run 68 time 0.000727892
Run 69 time 0.000889063
Run 70 time 0.000909805
Run 71 time 0.000811100
Run 72 time 0.000895977
Run 73 time 0.000725985
Run 74 time 0.000751972
Run 75 time 0.000667810
Run 76 time 0.000906944
Run 77 time 0.000676870
Run 78 time 0.000796080
Run 79 time 0.000935078
Run 80 time 0.000911236
Run 81 time 0.000734091
Run 82 time 0.000734806
Run 83 time 0.000737906
Run 84 time 0.000823975
Run 85 time 0.000746965
Run 86 time 0.000781059
Run 87 time 0.000667095
Run 88 time 0.000935078
Run 89 time 0.000720978
Run 90 time 0.000695944
Run 91 time 0.000726938
Run 92 time 0.000722170
Run 93 time 0.000985146
Run 94 time 0.001061201
Run 95 time 0.000805140
Run 96 time 0.000709772
Run 97 time 0.000717878
Run 98 time 0.000764847
Run 99 time 0.000806093
Run 100 time 0.000804901
2TreeBdcast 129 1048576 21
Tree Construction time = 0.000090122
Tree Coloring time = 0.000007868
Run 1 time 0.024852991
Run 2 time 0.001371145
Run 3 time 0.001535892
Run 4 time 0.003592014
Run 5 time 0.001386166
Run 6 time 0.001271963
Run 7 time 0.007467985
Run 8 time 0.001941204
Run 9 time 0.001448154
Run 10 time 0.001672029
Run 11 time 0.001606941
Run 12 time 0.001589060
Run 13 time 0.001470804
Run 14 time 0.001532078
Run 15 time 0.001573086
Run 16 time 0.001636982
Run 17 time 0.001292944
Run 18 time 0.000993013
Run 19 time 0.006813049
Run 20 time 0.001497030
Run 21 time 0.001917124
Run 22 time 0.001580954
Run 23 time 0.001443863
Run 24 time 0.001458883
Run 25 time 0.001819134
Run 26 time 0.002876043
Run 27 time 0.004085064
Run 28 time 0.004520893
Run 29 time 0.002043009
Run 30 time 0.001822948
Run 31 time 0.001586914
Run 32 time 0.001393080
Run 33 time 0.001368046
Run 34 time 0.001417160
Run 35 time 0.001306057
Run 36 time 0.001291037
Run 37 time 0.001237869
Run 38 time 0.001061916
Run 39 time 0.001125097
Run 40 time 0.000776052
Run 41 time 0.001294136
Run 42 time 0.001057863
Run 43 time 0.001072168
Run 44 time 0.001105070
Run 45 time 0.001241922
Run 46 time 0.001461029
Run 47 time 0.001281977
Run 48 time 0.001528978
Run 49 time 0.001695871
Run 50 time 0.001003981
Run 51 time 0.001425982
Run 52 time 0.002105951
Run 53 time 0.001360893
Run 54 time 0.001615047
Run 55 time 0.001330137
Run 56 time 0.001536131
Run 57 time 0.001106977
Run 58 time 0.001057863
Run 59 time 0.001203060
Run 60 time 0.001173019
Run 61 time 0.001183033
Run 62 time 0.001140833
Run 63 time 0.001431942
Run 64 time 0.001282930
Run 65 time 0.001332045
Run 66 time 0.001407862
Run 67 time 0.000977993
Run 68 time 0.001321793
Run 69 time 0.001080990
Run 70 time 0.001238108
Run 71 time 0.001202106
Run 72 time 0.001499176
Run 73 time 0.001682997
Run 74 time 0.001577139
Run 75 time 0.001196146
Run 76 time 0.001157999
Run 77 time 0.001224041
Run 78 time 0.001713037
Run 79 time 0.001024961
Run 80 time 0.001302004
Run 81 time 0.001045942
Run 82 time 0.001143932
Run 83 time 0.001685143
Run 84 time 0.001883030
Run 85 time 0.001980782
Run 86 time 0.004204035
Run 87 time 0.004024029
Run 88 time 0.004379988
Run 89 time 0.002135038
Run 90 time 0.001062155
Run 91 time 0.001162052
Run 92 time 0.001207113
Run 93 time 0.001393795
Run 94 time 0.001099110
Run 95 time 0.001430988
Run 96 time 0.001100063
Run 97 time 0.000997066
Run 98 time 0.001168013
Run 99 time 0.001214981
Run 100 time 0.000593901
MPI_BCAST 129 1048576
Run 1 time 0.020055056
Run 2 time 0.001485109
Run 3 time 0.001379013
Run 4 time 0.001559973
Run 5 time 0.001538038
Run 6 time 0.001594067
Run 7 time 0.001395941
Run 8 time 0.001456976
Run 9 time 0.001567125
Run 10 time 0.001466036
Run 11 time 0.001666069
Run 12 time 0.001396894
Run 13 time 0.001549006
Run 14 time 0.001621008
Run 15 time 0.001471996
Run 16 time 0.001393080
Run 17 time 0.001405001
Run 18 time 0.001507998
Run 19 time 0.001472950
Run 20 time 0.001720905
Run 21 time 0.001424074
Run 22 time 0.001517773
Run 23 time 0.001450062
Run 24 time 0.001583815
Run 25 time 0.001470089
Run 26 time 0.001451015
Run 27 time 0.001363993
Run 28 time 0.001530170
Run 29 time 0.001451969
Run 30 time 0.001580000
Run 31 time 0.001425982
Run 32 time 0.001455784
Run 33 time 0.001500130
Run 34 time 0.001558065
Run 35 time 0.001616955
Run 36 time 0.001573086
Run 37 time 0.001521111
Run 38 time 0.001480103
Run 39 time 0.001380920
Run 40 time 0.001639843
Run 41 time 0.001399040
Run 42 time 0.001411915
Run 43 time 0.001526117
Run 44 time 0.001577139
Run 45 time 0.001549006
Run 46 time 0.001440048
Run 47 time 0.001867056
Run 48 time 0.001633167
Run 49 time 0.001394987
Run 50 time 0.001499176
Run 51 time 0.001533031
Run 52 time 0.001671076
Run 53 time 0.001487017
Run 54 time 0.003081083
Run 55 time 0.004936934
Run 56 time 0.005167007
Run 57 time 0.001441956
Run 58 time 0.001538992
Run 59 time 0.001450062
Run 60 time 0.001420975
Run 61 time 0.001496077
Run 62 time 0.001616955
Run 63 time 0.001557112
Run 64 time 0.001642942
Run 65 time 0.001413822
Run 66 time 0.001524925
Run 67 time 0.001461029
Run 68 time 0.001519918
Run 69 time 0.001414061
Run 70 time 0.001451015
Run 71 time 0.001499891
Run 72 time 0.001567125
Run 73 time 0.001565218
Run 74 time 0.001433134
Run 75 time 0.001441002
Run 76 time 0.001442909
Run 77 time 0.001460075
Run 78 time 0.001585007
Run 79 time 0.001441002
Run 80 time 0.001445055
Run 81 time 0.001676083
Run 82 time 0.001589060
Run 83 time 0.001465797
Run 84 time 0.001491070
Run 85 time 0.001391888
Run 86 time 0.002060890
Run 87 time 0.002644062
Run 88 time 0.001482010
Run 89 time 0.001479149
Run 90 time 0.001670122
Run 91 time 0.002054214
Run 92 time 0.001714945
Run 93 time 0.001443148
Run 94 time 0.001459122
Run 95 time 0.001528978
Run 96 time 0.001387119
Run 97 time 0.001515150
Run 98 time 0.001441002
Run 99 time 0.001514912
Run 100 time 0.001707077
bintree 129 1048576 8
Run 1 time 0.036683083
Run 2 time 0.001318216
Run 3 time 0.001255035
Run 4 time 0.001055002
Run 5 time 0.001099110
Run 6 time 0.001115084
Run 7 time 0.001106024
Run 8 time 0.001139879
Run 9 time 0.001229048
Run 10 time 0.001570940
Run 11 time 0.001198053
Run 12 time 0.001152039
Run 13 time 0.001114130
Run 14 time 0.001441002
Run 15 time 0.001106024
Run 16 time 0.001023054
Run 17 time 0.001519203
Run 18 time 0.001051903
Run 19 time 0.001299143
Run 20 time 0.001157045
Run 21 time 0.001119137
Run 22 time 0.001109838
Run 23 time 0.001065969
Run 24 time 0.001411915
Run 25 time 0.001209974
Run 26 time 0.001042843
Run 27 time 0.001247883
Run 28 time 0.001061201
Run 29 time 0.001226902
Run 30 time 0.001025915
Run 31 time 0.001134157
Run 32 time 0.001052856
Run 33 time 0.001234055
Run 34 time 0.001039982
Run 35 time 0.001135111
Run 36 time 0.001019001
Run 37 time 0.001139164
Run 38 time 0.001208067
Run 39 time 0.001060009
Run 40 time 0.000947952
Run 41 time 0.001072168
Run 42 time 0.001054049
Run 43 time 0.001081944
Run 44 time 0.001019955
Run 45 time 0.001096010
Run 46 time 0.001003981
Run 47 time 0.001129150
Run 48 time 0.001014948
Run 49 time 0.001047850
Run 50 time 0.001023054
Run 51 time 0.001049042
Run 52 time 0.001003027
Run 53 time 0.001025915
Run 54 time 0.001020193
Run 55 time 0.001071930
Run 56 time 0.001129150
Run 57 time 0.001041889
Run 58 time 0.001024961
Run 59 time 0.001051188
Run 60 time 0.001070023
Run 61 time 0.001147032
Run 62 time 0.001047134
Run 63 time 0.001068830
Run 64 time 0.001034021
Run 65 time 0.000934839
Run 66 time 0.001033068
Run 67 time 0.001116991
Run 68 time 0.001019001
Run 69 time 0.001098871
Run 70 time 0.001009941
Run 71 time 0.001205921
Run 72 time 0.001069069
Run 73 time 0.001037121
Run 74 time 0.001002789
Run 75 time 0.000998020
Run 76 time 0.001080036
Run 77 time 0.001007080
Run 78 time 0.000989914
Run 79 time 0.001085997
Run 80 time 0.001032829
Run 81 time 0.001348019
Run 82 time 0.001152992
Run 83 time 0.001070976
Run 84 time 0.001016855
Run 85 time 0.001081944
Run 86 time 0.001002073
Run 87 time 0.001096010
Run 88 time 0.001101017
Run 89 time 0.001020908
Run 90 time 0.001008034
Run 91 time 0.001005173
Run 92 time 0.001034975
Run 93 time 0.001029968
Run 94 time 0.001070976
Run 95 time 0.001046896
Run 96 time 0.001155853
Run 97 time 0.001120090
Run 98 time 0.001038074
Run 99 time 0.001042128
Run 100 time 0.001101017
bin2tree 129 1048576 8
Run 1 time 0.032359123
Run 2 time 0.000908852
Run 3 time 0.000952005
Run 4 time 0.000967026
Run 5 time 0.000818014
Run 6 time 0.001128197
Run 7 time 0.001133919
Run 8 time 0.000766039
Run 9 time 0.000809193
Run 10 time 0.000868082
Run 11 time 0.000808954
Run 12 time 0.001229048
Run 13 time 0.001966953
Run 14 time 0.000844002
Run 15 time 0.000756025
Run 16 time 0.000815153
Run 17 time 0.000817060
Run 18 time 0.000793934
Run 19 time 0.000792980
Run 20 time 0.000761986
Run 21 time 0.000916004
Run 22 time 0.000925064
Run 23 time 0.000823021
Run 24 time 0.000850201
Run 25 time 0.000927925
Run 26 time 0.000892878
Run 27 time 0.000902891
Run 28 time 0.000991106
Run 29 time 0.000896931
Run 30 time 0.001039982
Run 31 time 0.000780106
Run 32 time 0.000892162
Run 33 time 0.000836134
Run 34 time 0.000802040
Run 35 time 0.000752926
Run 36 time 0.000880003
Run 37 time 0.000838995
Run 38 time 0.000861168
Run 39 time 0.000888824
Run 40 time 0.000732899
Run 41 time 0.000926018
Run 42 time 0.000808954
Run 43 time 0.000944853
Run 44 time 0.000852108
Run 45 time 0.000970840
Run 46 time 0.000835180
Run 47 time 0.000822067
Run 48 time 0.000845909
Run 49 time 0.000818968
Run 50 time 0.001006126
Run 51 time 0.000722170
Run 52 time 0.000858068
Run 53 time 0.000952959
Run 54 time 0.001163960
Run 55 time 0.000936985
Run 56 time 0.000865936
Run 57 time 0.000912905
Run 58 time 0.001782179
Run 59 time 0.000830889
Run 60 time 0.000914097
Run 61 time 0.000794888
Run 62 time 0.001085043
Run 63 time 0.000825167
Run 64 time 0.000790834
Run 65 time 0.000916004
Run 66 time 0.000730991
Run 67 time 0.000808954
Run 68 time 0.000816107
Run 69 time 0.000823021
Run 70 time 0.000797033
Run 71 time 0.000759840
Run 72 time 0.000747204
Run 73 time 0.000785828
Run 74 time 0.000984907
Run 75 time 0.000862122
Run 76 time 0.000990868
Run 77 time 0.000838995
Run 78 time 0.000746012
Run 79 time 0.000769138
Run 80 time 0.000799179
Run 81 time 0.000787020
Run 82 time 0.000972986
Run 83 time 0.000774145
Run 84 time 0.000867128
Run 85 time 0.001102924
Run 86 time 0.000818968
Run 87 time 0.000921011
Run 88 time 0.001207113
Run 89 time 0.001271963
Run 90 time 0.000828028
Run 91 time 0.000916958
Run 92 time 0.000804186
Run 93 time 0.001105070
Run 94 time 0.000785828
Run 95 time 0.000875950
Run 96 time 0.000844002
Run 97 time 0.000946999
Run 98 time 0.000820160
Run 99 time 0.000864983
Run 100 time 0.000998020
2TreeBdcast 129 1048576 8
Tree Construction time = 0.000086069
Tree Coloring time = 0.000006914
Run 1 time 0.028570175
Run 2 time 0.001146078
Run 3 time 0.001070023
Run 4 time 0.000941992
Run 5 time 0.000816107
Run 6 time 0.000823975
Run 7 time 0.001024008
Run 8 time 0.000717878
Run 9 time 0.000925064
Run 10 time 0.000725031
Run 11 time 0.001081944
Run 12 time 0.000988007
Run 13 time 0.000676155
Run 14 time 0.001106977
Run 15 time 0.001065016
Run 16 time 0.000817060
Run 17 time 0.001281977
Run 18 time 0.000696182
Run 19 time 0.001106024
Run 20 time 0.001164913
Run 21 time 0.001287937
Run 22 time 0.001284122
Run 23 time 0.001254082
Run 24 time 0.000746012
Run 25 time 0.000833035
Run 26 time 0.001438141
Run 27 time 0.001044989
Run 28 time 0.000983953
Run 29 time 0.001037121
Run 30 time 0.001106024
Run 31 time 0.001030922
Run 32 time 0.001253843
Run 33 time 0.001438141
Run 34 time 0.001526117
Run 35 time 0.001341105
Run 36 time 0.001291990
Run 37 time 0.001303911
Run 38 time 0.000998020
Run 39 time 0.000864983
Run 40 time 0.000918865
Run 41 time 0.001324892
Run 42 time 0.000984192
Run 43 time 0.001369953
Run 44 time 0.001235962
Run 45 time 0.001243114
Run 46 time 0.001209021
Run 47 time 0.000971079
Run 48 time 0.000921965
Run 49 time 0.001306057
Run 50 time 0.001103878
Run 51 time 0.001119852
Run 52 time 0.000957966
Run 53 time 0.000837088
Run 54 time 0.001569986
Run 55 time 0.000757933
Run 56 time 0.001205921
Run 57 time 0.000607967
Run 58 time 0.001319170
Run 59 time 0.000906944
Run 60 time 0.000845909
Run 61 time 0.000686884
Run 62 time 0.000857115
Run 63 time 0.000856161
Run 64 time 0.000672817
Run 65 time 0.000743151
Run 66 time 0.000802040
Run 67 time 0.000850916
Run 68 time 0.000746965
Run 69 time 0.000868082
Run 70 time 0.000759125
Run 71 time 0.000830889
Run 72 time 0.000835180
Run 73 time 0.000850201
Run 74 time 0.000888824
Run 75 time 0.001168013
Run 76 time 0.001073122
Run 77 time 0.001384974
Run 78 time 0.000960112
Run 79 time 0.000784159
Run 80 time 0.000780106
Run 81 time 0.000797987
Run 82 time 0.000787020
Run 83 time 0.000780106
Run 84 time 0.006561041
Run 85 time 0.000842094
Run 86 time 0.000865936
Run 87 time 0.000925064
Run 88 time 0.000803947
Run 89 time 0.001008034
Run 90 time 0.001279116
Run 91 time 0.001257896
Run 92 time 0.000916958
Run 93 time 0.000720024
Run 94 time 0.000872850
Run 95 time 0.000709057
Run 96 time 0.000869036
Run 97 time 0.000729084
Run 98 time 0.000950098
Run 99 time 0.000899076
Run 100 time 0.000750065
bintree 129 1048576 15
Run 1 time 0.030809164
Run 2 time 0.001198053
Run 3 time 0.000844002
Run 4 time 0.000807047
Run 5 time 0.000828028
Run 6 time 0.000834942
Run 7 time 0.000812054
Run 8 time 0.000877857
Run 9 time 0.001053095
Run 10 time 0.001224995
Run 11 time 0.000825167
Run 12 time 0.001332998
Run 13 time 0.000888824
Run 14 time 0.000883818
Run 15 time 0.000961065
Run 16 time 0.000782967
Run 17 time 0.000951052
Run 18 time 0.000936985
Run 19 time 0.000872135
Run 20 time 0.000792027
Run 21 time 0.000839949
Run 22 time 0.000879049
Run 23 time 0.000855923
Run 24 time 0.000868082
Run 25 time 0.001088142
Run 26 time 0.000992060
Run 27 time 0.000874996
Run 28 time 0.000908136
Run 29 time 0.000887156
Run 30 time 0.000917912
Run 31 time 0.000959158
Run 32 time 0.000898123
Run 33 time 0.000963926
Run 34 time 0.000871181
Run 35 time 0.000906944
Run 36 time 0.000910997
Run 37 time 0.001101971
Run 38 time 0.000907183
Run 39 time 0.001079082
Run 40 time 0.001038074
Run 41 time 0.000844955
Run 42 time 0.000926018
Run 43 time 0.000898123
Run 44 time 0.000902891
Run 45 time 0.000918150
Run 46 time 0.000880003
Run 47 time 0.001350880
Run 48 time 0.001353025
Run 49 time 0.000924110
Run 50 time 0.000868082
Run 51 time 0.000910997
Run 52 time 0.001055002
Run 53 time 0.001215935
Run 54 time 0.000977039
Run 55 time 0.000855923
Run 56 time 0.004260063
Run 57 time 0.002136946
Run 58 time 0.000874043
Run 59 time 0.000932932
Run 60 time 0.001275778
Run 61 time 0.000872135
Run 62 time 0.001109838
Run 63 time 0.001312017
Run 64 time 0.001056910
Run 65 time 0.001157999
Run 66 time 0.001353979
Run 67 time 0.001164913
Run 68 time 0.000880003
Run 69 time 0.001019955
Run 70 time 0.001229048
Run 71 time 0.001115799
Run 72 time 0.000917912
Run 73 time 0.000799894
Run 74 time 0.000857830
Run 75 time 0.000802040
Run 76 time 0.001093149
Run 77 time 0.001219988
Run 78 time 0.000837088
Run 79 time 0.000808001
Run 80 time 0.000925064
Run 81 time 0.000854015
Run 82 time 0.000865936
Run 83 time 0.000890970
Run 84 time 0.001021147
Run 85 time 0.000893831
Run 86 time 0.001116037
Run 87 time 0.000970125
Run 88 time 0.002892971
Run 89 time 0.002159119
Run 90 time 0.000864983
Run 91 time 0.001729012
Run 92 time 0.000813961
Run 93 time 0.001096010
Run 94 time 0.000846863
Run 95 time 0.000951767
Run 96 time 0.000811100
Run 97 time 0.000996113
Run 98 time 0.000808001
Run 99 time 0.000878096
Run 100 time 0.001158953
bin2tree 129 1048576 15
Run 1 time 0.024879932
Run 2 time 0.000901937
Run 3 time 0.000826836
Run 4 time 0.000833035
Run 5 time 0.000778913
Run 6 time 0.000773907
Run 7 time 0.000739098
Run 8 time 0.000905991
Run 9 time 0.001209021
Run 10 time 0.002671957
Run 11 time 0.000951052
Run 12 time 0.000824213
Run 13 time 0.000877142
Run 14 time 0.000787020
Run 15 time 0.001077890
Run 16 time 0.001702785
Run 17 time 0.001415014
Run 18 time 0.000849962
Run 19 time 0.001003027
Run 20 time 0.000752926
Run 21 time 0.000850201
Run 22 time 0.000777006
Run 23 time 0.000931978
Run 24 time 0.000720024
Run 25 time 0.001091003
Run 26 time 0.000749826
Run 27 time 0.000759840
Run 28 time 0.000710964
Run 29 time 0.000746012
Run 30 time 0.000838041
Run 31 time 0.001284122
Run 32 time 0.001016140
Run 33 time 0.001094818
Run 34 time 0.000828981
Run 35 time 0.000792027
Run 36 time 0.000796080
Run 37 time 0.000716925
Run 38 time 0.000805855
Run 39 time 0.001960993
Run 40 time 0.002068043
Run 41 time 0.001362085
Run 42 time 0.001718998
Run 43 time 0.001182079
Run 44 time 0.001373053
Run 45 time 0.001363039
Run 46 time 0.001052141
Run 47 time 0.001287222
Run 48 time 0.000863075
Run 49 time 0.000857115
Run 50 time 0.000752926
Run 51 time 0.000901937
Run 52 time 0.000882864
Run 53 time 0.000833035
Run 54 time 0.000844002
Run 55 time 0.000882864
Run 56 time 0.000780821
Run 57 time 0.001219988
Run 58 time 0.000763893
Run 59 time 0.000783205
Run 60 time 0.000790834
Run 61 time 0.000833035
Run 62 time 0.000795126
Run 63 time 0.000756979
Run 64 time 0.000787973
Run 65 time 0.000771999
Run 66 time 0.000883102
Run 67 time 0.000813961
Run 68 time 0.000766039
Run 69 time 0.000820875
Run 70 time 0.000941992
Run 71 time 0.000755787
Run 72 time 0.000957966
Run 73 time 0.000779867
Run 74 time 0.000772953
Run 75 time 0.000753164
Run 76 time 0.000727892
Run 77 time 0.001005888
Run 78 time 0.000932932
Run 79 time 0.000859022
Run 80 time 0.000857830
Run 81 time 0.000842094
Run 82 time 0.000760078
Run 83 time 0.000760078
Run 84 time 0.001064062
Run 85 time 0.000795126
Run 86 time 0.000699997
Run 87 time 0.000946045
Run 88 time 0.001123905
Run 89 time 0.000725031
Run 90 time 0.000725031
Run 91 time 0.000900984
Run 92 time 0.001127958
Run 93 time 0.000963926
Run 94 time 0.000936031
Run 95 time 0.000854015
Run 96 time 0.000838995
Run 97 time 0.000912189
Run 98 time 0.001166105
Run 99 time 0.000910997
Run 100 time 0.000760078
2TreeBdcast 129 1048576 15
Tree Construction time = 0.000087023
Tree Coloring time = 0.000008106
Run 1 time 0.027151823
Run 2 time 0.001199007
Run 3 time 0.001121044
Run 4 time 0.001420975
Run 5 time 0.001086950
Run 6 time 0.001430988
Run 7 time 0.001754045
Run 8 time 0.000966072
Run 9 time 0.001499891
Run 10 time 0.001027822
Run 11 time 0.001326084
Run 12 time 0.001021147
Run 13 time 0.001301050
Run 14 time 0.000782967
Run 15 time 0.001772881
Run 16 time 0.001851082
Run 17 time 0.001447916
Run 18 time 0.001282930
Run 19 time 0.003388882
Run 20 time 0.001395941
Run 21 time 0.001204014
Run 22 time 0.002212048
Run 23 time 0.001194000
Run 24 time 0.001388073
Run 25 time 0.001650095
Run 26 time 0.001533031
Run 27 time 0.001612902
Run 28 time 0.001395941
Run 29 time 0.002246857
Run 30 time 0.000838041
Run 31 time 0.001308918
Run 32 time 0.001357079
Run 33 time 0.000933886
Run 34 time 0.000910044
Run 35 time 0.001031160
Run 36 time 0.000828981
Run 37 time 0.000973940
Run 38 time 0.000813007
Run 39 time 0.001026154
Run 40 time 0.001278162
Run 41 time 0.001167059
Run 42 time 0.001543045
Run 43 time 0.000883102
Run 44 time 0.001335859
Run 45 time 0.001107931
Run 46 time 0.001375914
Run 47 time 0.001043081
Run 48 time 0.001405954
Run 49 time 0.001179934
Run 50 time 0.000875950
Run 51 time 0.001705885
Run 52 time 0.001554012
Run 53 time 0.001209974
Run 54 time 0.000988960
Run 55 time 0.001228094
Run 56 time 0.001437902
Run 57 time 0.001276970
Run 58 time 0.001214981
Run 59 time 0.001285076
Run 60 time 0.001214981
Run 61 time 0.001578093
Run 62 time 0.001306057
Run 63 time 0.001523018
Run 64 time 0.001518011
Run 65 time 0.001098871
Run 66 time 0.001243114
Run 67 time 0.001765966
Run 68 time 0.001543045
Run 69 time 0.001190901
Run 70 time 0.001325846
Run 71 time 0.001232147
Run 72 time 0.001108885
Run 73 time 0.001827955
Run 74 time 0.001574039
Run 75 time 0.001265049
Run 76 time 0.001502991
Run 77 time 0.001348019
Run 78 time 0.001208067
Run 79 time 0.001543045
Run 80 time 0.001721144
Run 81 time 0.001750946
Run 82 time 0.005614996
Run 83 time 0.009806156
Run 84 time 0.001269102
Run 85 time 0.001317978
Run 86 time 0.002019167
Run 87 time 0.001856089
Run 88 time 0.001821041
Run 89 time 0.001497984
Run 90 time 0.001063824
Run 91 time 0.000950098
Run 92 time 0.001321077
Run 93 time 0.001242876
Run 94 time 0.001064062
Run 95 time 0.000952005
Run 96 time 0.001536131
Run 97 time 0.000976086
Run 98 time 0.001088142
Run 99 time 0.001368046
Run 100 time 0.001426935
bintree 129 1048576 21
Run 1 time 0.029350996
Run 2 time 0.001019001
Run 3 time 0.000879049
Run 4 time 0.000777006
Run 5 time 0.000835896
Run 6 time 0.001111031
Run 7 time 0.001174927
Run 8 time 0.000946045
Run 9 time 0.000859022
Run 10 time 0.000868082
Run 11 time 0.001335859
Run 12 time 0.000982046
Run 13 time 0.001117945
Run 14 time 0.001024008
Run 15 time 0.001103878
Run 16 time 0.000972986
Run 17 time 0.000874996
Run 18 time 0.000859022
Run 19 time 0.000854015
Run 20 time 0.001111984
Run 21 time 0.001034021
Run 22 time 0.000863075
Run 23 time 0.000986099
Run 24 time 0.001369953
Run 25 time 0.000917912
Run 26 time 0.000933886
Run 27 time 0.000937939
Run 28 time 0.000982046
Run 29 time 0.000946999
Run 30 time 0.001039028
Run 31 time 0.000906944
Run 32 time 0.001064062
Run 33 time 0.000972986
Run 34 time 0.001006842
Run 35 time 0.001131058
Run 36 time 0.000867128
Run 37 time 0.000950813
Run 38 time 0.000999928
Run 39 time 0.000976086
Run 40 time 0.000887156
Run 41 time 0.000962019
Run 42 time 0.001506090
Run 43 time 0.000900984
Run 44 time 0.001064777
Run 45 time 0.000931978
Run 46 time 0.001053095
Run 47 time 0.001062870
Run 48 time 0.001116037
Run 49 time 0.000916004
Run 50 time 0.001071930
Run 51 time 0.001015902
Run 52 time 0.000887871
Run 53 time 0.001107931
Run 54 time 0.001149893
Run 55 time 0.001027822
Run 56 time 0.001044035
Run 57 time 0.001119852
Run 58 time 0.000949144
Run 59 time 0.001389980
Run 60 time 0.001071930
Run 61 time 0.001405001
Run 62 time 0.000936985
Run 63 time 0.000946045
Run 64 time 0.000897169
Run 65 time 0.000917912
Run 66 time 0.000993013
Run 67 time 0.000962973
Run 68 time 0.000977993
Run 69 time 0.000887156
Run 70 time 0.000906944
Run 71 time 0.000827789
Run 72 time 0.000926018
Run 73 time 0.001006126
Run 74 time 0.000823021
Run 75 time 0.001117945
Run 76 time 0.000939846
Run 77 time 0.000897884
Run 78 time 0.000895977
Run 79 time 0.001232862
Run 80 time 0.000836134
Run 81 time 0.000834942
Run 82 time 0.000812054
Run 83 time 0.000920773
Run 84 time 0.000860214
Run 85 time 0.001093149
Run 86 time 0.000959873
Run 87 time 0.000971079
Run 88 time 0.000926018
Run 89 time 0.000918150
Run 90 time 0.000928164
Run 91 time 0.000971079
Run 92 time 0.001111984
Run 93 time 0.001071930
Run 94 time 0.000907898
Run 95 time 0.000836134
Run 96 time 0.000971079
Run 97 time 0.001039028
Run 98 time 0.000965118
Run 99 time 0.000895977
Run 100 time 0.000887871
bin2tree 129 1048576 21
Run 1 time 0.025846004
Run 2 time 0.000754118
Run 3 time 0.000680923
Run 4 time 0.000777960
Run 5 time 0.000675201
Run 6 time 0.000633955
Run 7 time 0.000691891
Run 8 time 0.000730038
Run 9 time 0.000638008
Run 10 time 0.000623941
Run 11 time 0.000718832
Run 12 time 0.000648022
Run 13 time 0.000837803
Run 14 time 0.000766993
Run 15 time 0.000628948
Run 16 time 0.000618935
Run 17 time 0.000652075
Run 18 time 0.000653982
Run 19 time 0.000679970
Run 20 time 0.000735998
Run 21 time 0.000783920
Run 22 time 0.000745058
Run 23 time 0.000699997
Run 24 time 0.000880003
Run 25 time 0.000777006
Run 26 time 0.000634193
Run 27 time 0.000684023
Run 28 time 0.000733852
Run 29 time 0.000669003
Run 30 time 0.000776052
Run 31 time 0.000690937
Run 32 time 0.000867844
Run 33 time 0.000635147
Run 34 time 0.000903130
Run 35 time 0.003781080
Run 36 time 0.001489162
Run 37 time 0.000846148
Run 38 time 0.001125813
Run 39 time 0.001029968
Run 40 time 0.001466990
Run 41 time 0.002656937
Run 42 time 0.001780987
Run 43 time 0.003539085
Run 44 time 0.001178026
Run 45 time 0.001312017
Run 46 time 0.001692057
Run 47 time 0.002611876
Run 48 time 0.003186941
Run 49 time 0.004348040
Run 50 time 0.002286911
Run 51 time 0.001119137
Run 52 time 0.001421928
Run 53 time 0.001486063
Run 54 time 0.004011869
Run 55 time 0.001049995
Run 56 time 0.001025915
Run 57 time 0.000777006
Run 58 time 0.000746012
Run 59 time 0.000936031
Run 60 time 0.000669956
Run 61 time 0.000884056
Run 62 time 0.000745058
Run 63 time 0.000724077
Run 64 time 0.000723124
Run 65 time 0.000736952
Run 66 time 0.000753880
Run 67 time 0.000677109
Run 68 time 0.000746965
Run 69 time 0.000735998
Run 70 time 0.000648022
Run 71 time 0.000627995
Run 72 time 0.000694990
Run 73 time 0.000730991
Run 74 time 0.000713825
Run 75 time 0.000702858
Run 76 time 0.000647783
Run 77 time 0.003320932
Run 78 time 0.001739979
Run 79 time 0.002472162
Run 80 time 0.002062082
Run 81 time 0.001613140
Run 82 time 0.001826048
Run 83 time 0.001173019
Run 84 time 0.001006126
Run 85 time 0.001172781
Run 86 time 0.000977993
Run 87 time 0.001599073
Run 88 time 0.001771927
Run 89 time 0.001379013
Run 90 time 0.001420021
Run 91 time 0.001816988
Run 92 time 0.001874208
Run 93 time 0.000983953
Run 94 time 0.000705957
Run 95 time 0.000770807
Run 96 time 0.000963211
Run 97 time 0.000901222
Run 98 time 0.000645876
Run 99 time 0.000895023
Run 100 time 0.000773191
2TreeBdcast 129 1048576 21
Tree Construction time = 0.000093937
Tree Coloring time = 0.000020027
Run 1 time 0.027436972
Run 2 time 0.001681089
Run 3 time 0.001353979
Run 4 time 0.001419067
Run 5 time 0.001548052
Run 6 time 0.001656055
Run 7 time 0.006064892
Run 8 time 0.001972198
Run 9 time 0.001775980
Run 10 time 0.001528025
Run 11 time 0.001368999
Run 12 time 0.001485825
Run 13 time 0.001139164
Run 14 time 0.001636982
Run 15 time 0.001258850
Run 16 time 0.001997948
Run 17 time 0.001616001
Run 18 time 0.005443096
Run 19 time 0.002393007
Run 20 time 0.001514912
Run 21 time 0.001580000
Run 22 time 0.002861023
Run 23 time 0.005172968
Run 24 time 0.010602951
Run 25 time 0.002566099
Run 26 time 0.002230167
Run 27 time 0.001562834
Run 28 time 0.001121044
Run 29 time 0.001075029
Run 30 time 0.001097918
Run 31 time 0.000963211
Run 32 time 0.001336098
Run 33 time 0.000957966
Run 34 time 0.001410007
Run 35 time 0.000952005
Run 36 time 0.006186008
Run 37 time 0.001184940
Run 38 time 0.001019955
Run 39 time 0.001313925
Run 40 time 0.001710176
Run 41 time 0.001746893
Run 42 time 0.001251936
Run 43 time 0.001462221
Run 44 time 0.001360893
Run 45 time 0.001769066
Run 46 time 0.001305103
Run 47 time 0.001645088
Run 48 time 0.006161928
Run 49 time 0.001754045
Run 50 time 0.001523972
Run 51 time 0.001319885
Run 52 time 0.001610041
Run 53 time 0.001528978
Run 54 time 0.001405954
Run 55 time 0.001405954
Run 56 time 0.001437902
Run 57 time 0.001167059
Run 58 time 0.001225948
Run 59 time 0.001641989
Run 60 time 0.006831884
Run 61 time 0.001204967
Run 62 time 0.001101017
Run 63 time 0.001435041
Run 64 time 0.001331806
Run 65 time 0.001140118
Run 66 time 0.001075029
Run 67 time 0.001083851
Run 68 time 0.001126051
Run 69 time 0.001005173
Run 70 time 0.001204967
Run 71 time 0.001001120
Run 72 time 0.001206160
Run 73 time 0.001402855
Run 74 time 0.005949020
Run 75 time 0.001070023
Run 76 time 0.001600981
Run 77 time 0.000941038
Run 78 time 0.001008034
Run 79 time 0.001136065
Run 80 time 0.001077175
Run 81 time 0.000905037
Run 82 time 0.001281023
Run 83 time 0.001323938
Run 84 time 0.001389027
Run 85 time 0.001033068
Run 86 time 0.001412153
Run 87 time 0.001031160
Run 88 time 0.006118059
Run 89 time 0.001057148
Run 90 time 0.001554966
Run 91 time 0.001415014
Run 92 time 0.001338005
Run 93 time 0.001013994
Run 94 time 0.001528978
Run 95 time 0.001510859
Run 96 time 0.001064062
Run 97 time 0.002056122
Run 98 time 0.001684189
Run 99 time 0.001486063
Run 100 time 0.006021023
/var/spool/slurmd/job4802691/slurm_script: line 66: :

for np in 8 16 32 64 128 150 256 512; do

	for msgsize in 1048576; do
		echo "MPI_BCAST $np $msgsize" 
		srun -N $np -n $np -c $SLURM_CPUS_PER_TASK --cpu_bind=rank --ntasks-per-node $SLURM_NTASKS_PER_NODE ./mpibcast $msgsize
			
#		if [ np == 8 ] 
#		then	
	#		echo "bintree $np $msgsize"
	#		srun -N $np -n $np -c $SLURM_CPUS_PER_TASK --cpu_bind=rank --ntasks-per-node $SLURM_NTASKS_PER_NODE ./bintree $msgsize $chunks
	#		echo "2TreeBdcast $np $msgsize $chunks"
	#		srun -N $np -n $np -c $SLURM_CPUS_PER_TASK --cpu_bind=rank --ntasks-per-node $SLURM_NTASKS_PER_NODE ./2TreeBdcast $np $msgsize $chunks
	#		echo "bin2Tree $np $msgsize $chunks"
	#		srun -N $np -n $np -c $SLURM_CPUS_PER_TASK --cpu_bind=rank --ntasks-per-node $SLURM_NTASKS_PER_NODE ./bin2tree $msgsize $chunks
		
	done
done: No such file or directory
