bintree 128 1048576 8
Run 1 time 0.061146975
Run 2 time 0.000913858
Run 3 time 0.000933170
Run 4 time 0.000856161
Run 5 time 0.000961065
Run 6 time 0.000977039
Run 7 time 0.000923872
Run 8 time 0.000849962
Run 9 time 0.000834942
Run 10 time 0.000826120
Run 11 time 0.000876188
Run 12 time 0.000836134
Run 13 time 0.000842094
Run 14 time 0.000850916
Run 15 time 0.000809908
Run 16 time 0.000833035
Run 17 time 0.000864029
Run 18 time 0.000795841
Run 19 time 0.000853062
Run 20 time 0.000839949
Run 21 time 0.000843048
Run 22 time 0.000813007
Run 23 time 0.000815153
Run 24 time 0.000823975
Run 25 time 0.000827074
Run 26 time 0.000840902
Run 27 time 0.000800848
Run 28 time 0.000858068
Run 29 time 0.000824928
Run 30 time 0.000846863
Run 31 time 0.000787020
Run 32 time 0.000879049
Run 33 time 0.000840187
Run 34 time 0.000873089
Run 35 time 0.000832081
Run 36 time 0.000844955
Run 37 time 0.000780106
Run 38 time 0.000826120
Run 39 time 0.000819921
Run 40 time 0.000864983
Run 41 time 0.000844002
Run 42 time 0.000993967
Run 43 time 0.000827074
Run 44 time 0.000861168
Run 45 time 0.000820875
Run 46 time 0.000841856
Run 47 time 0.000849962
Run 48 time 0.000858068
Run 49 time 0.000910997
Run 50 time 0.000835896
Run 51 time 0.000846148
Run 52 time 0.000782967
Run 53 time 0.000823021
Run 54 time 0.000849962
Run 55 time 0.000874996
Run 56 time 0.000904083
Run 57 time 0.000888824
Run 58 time 0.000808001
Run 59 time 0.000823021
Run 60 time 0.000808954
Run 61 time 0.000883102
Run 62 time 0.000888109
Run 63 time 0.000853062
Run 64 time 0.000835180
Run 65 time 0.000846148
Run 66 time 0.000844955
Run 67 time 0.000926018
Run 68 time 0.000931978
Run 69 time 0.000939846
Run 70 time 0.000814915
Run 71 time 0.000854969
Run 72 time 0.000824928
Run 73 time 0.000815868
Run 74 time 0.000864029
Run 75 time 0.000838995
Run 76 time 0.000831842
Run 77 time 0.000844955
Run 78 time 0.000792027
Run 79 time 0.000846148
Run 80 time 0.000838995
Run 81 time 0.000826120
Run 82 time 0.000808954
Run 83 time 0.000815868
Run 84 time 0.000843048
Run 85 time 0.000923872
Run 86 time 0.001019001
Run 87 time 0.000921965
Run 88 time 0.000918865
Run 89 time 0.000924826
Run 90 time 0.000865936
Run 91 time 0.000842094
Run 92 time 0.000826120
Run 93 time 0.000864029
Run 94 time 0.000806093
Run 95 time 0.000832796
Run 96 time 0.000825882
Run 97 time 0.000868082
Run 98 time 0.000839949
Run 99 time 0.000791073
Run 100 time 0.000854969
bin2tree 128 1048576 8
Run 1 time 0.025864124
Run 2 time 0.000736952
Run 3 time 0.000746012
Run 4 time 0.000779867
Run 5 time 0.000753880
Run 6 time 0.000663996
Run 7 time 0.000796080
Run 8 time 0.000960827
Run 9 time 0.000718117
Run 10 time 0.000766039
Run 11 time 0.000788927
Run 12 time 0.000695944
Run 13 time 0.000826836
Run 14 time 0.000687838
Run 15 time 0.000926971
Run 16 time 0.000673056
Run 17 time 0.000755072
Run 18 time 0.000704050
Run 19 time 0.000654936
Run 20 time 0.000709057
Run 21 time 0.000703096
Run 22 time 0.000761986
Run 23 time 0.000808954
Run 24 time 0.000700951
Run 25 time 0.000844955
Run 26 time 0.000722885
Run 27 time 0.000782013
Run 28 time 0.000716925
Run 29 time 0.000751972
Run 30 time 0.000689030
Run 31 time 0.000727892
Run 32 time 0.000730991
Run 33 time 0.000695944
Run 34 time 0.000777960
Run 35 time 0.000731945
Run 36 time 0.000694990
Run 37 time 0.000715971
Run 38 time 0.000707150
Run 39 time 0.000727177
Run 40 time 0.000725985
Run 41 time 0.000797033
Run 42 time 0.000732183
Run 43 time 0.000705957
Run 44 time 0.000699043
Run 45 time 0.000703812
Run 46 time 0.000695944
Run 47 time 0.000788927
Run 48 time 0.000710964
Run 49 time 0.000676155
Run 50 time 0.000692129
Run 51 time 0.000725985
Run 52 time 0.000718832
Run 53 time 0.000694036
Run 54 time 0.000690937
Run 55 time 0.000679016
Run 56 time 0.000725031
Run 57 time 0.000737906
Run 58 time 0.000729084
Run 59 time 0.000717878
Run 60 time 0.000709057
Run 61 time 0.000758886
Run 62 time 0.000678062
Run 63 time 0.000696898
Run 64 time 0.000674009
Run 65 time 0.000689030
Run 66 time 0.000700951
Run 67 time 0.000671148
Run 68 time 0.000687122
Run 69 time 0.000697136
Run 70 time 0.000722885
Run 71 time 0.000751972
Run 72 time 0.000756979
Run 73 time 0.000727177
Run 74 time 0.000772953
Run 75 time 0.000741005
Run 76 time 0.000762224
Run 77 time 0.000683069
Run 78 time 0.000735044
Run 79 time 0.000699043
Run 80 time 0.000706911
Run 81 time 0.000692129
Run 82 time 0.000782967
Run 83 time 0.000711918
Run 84 time 0.000710964
Run 85 time 0.000831127
Run 86 time 0.000695944
Run 87 time 0.000692129
Run 88 time 0.000707150
Run 89 time 0.000696182
Run 90 time 0.000670910
Run 91 time 0.000665903
Run 92 time 0.000658035
Run 93 time 0.000765085
Run 94 time 0.000813007
Run 95 time 0.000694036
Run 96 time 0.000686884
Run 97 time 0.000761032
Run 98 time 0.000679016
Run 99 time 0.000769138
Run 100 time 0.000720978
2TreeBdcast 129 1048576 8
Tree Construction time = 0.000092983
Tree Coloring time = 0.000008106
Run 1 time 0.026061773
Run 2 time 0.000854969
Run 3 time 0.000575066
Run 4 time 0.000596046
Run 5 time 0.000585079
Run 6 time 0.000545979
Run 7 time 0.000644922
Run 8 time 0.000560045
Run 9 time 0.000571012
Run 10 time 0.000700951
Run 11 time 0.000578880
Run 12 time 0.000535011
Run 13 time 0.000553131
Run 14 time 0.000576019
Run 15 time 0.000565052
Run 16 time 0.000549078
Run 17 time 0.000674009
Run 18 time 0.000564814
Run 19 time 0.000622988
Run 20 time 0.000533104
Run 21 time 0.000593185
Run 22 time 0.001114130
Run 23 time 0.000614882
Run 24 time 0.000658035
Run 25 time 0.000689983
Run 26 time 0.000688076
Run 27 time 0.000813961
Run 28 time 0.000586033
Run 29 time 0.000760078
Run 30 time 0.000597954
Run 31 time 0.000549078
Run 32 time 0.000616789
Run 33 time 0.000546217
Run 34 time 0.000566006
Run 35 time 0.000558138
Run 36 time 0.000540972
Run 37 time 0.000552893
Run 38 time 0.000545025
Run 39 time 0.000602961
Run 40 time 0.000780106
Run 41 time 0.000597954
Run 42 time 0.000816107
Run 43 time 0.000782013
Run 44 time 0.000557899
Run 45 time 0.000664949
Run 46 time 0.000663996
Run 47 time 0.000581026
Run 48 time 0.000588179
Run 49 time 0.000557899
Run 50 time 0.000534058
Run 51 time 0.000560999
Run 52 time 0.000779867
Run 53 time 0.001243114
Run 54 time 0.000729084
Run 55 time 0.000838995
Run 56 time 0.000599861
Run 57 time 0.000604868
Run 58 time 0.000553131
Run 59 time 0.000564098
Run 60 time 0.000550032
Run 61 time 0.000564098
Run 62 time 0.000555038
Run 63 time 0.000651836
Run 64 time 0.000993013
Run 65 time 0.000627041
Run 66 time 0.000652075
Run 67 time 0.000854015
Run 68 time 0.000746012
Run 69 time 0.000767946
Run 70 time 0.000566959
Run 71 time 0.000709057
Run 72 time 0.000921965
Run 73 time 0.000663996
Run 74 time 0.000854969
Run 75 time 0.000692129
Run 76 time 0.000612974
Run 77 time 0.000655174
Run 78 time 0.000877142
Run 79 time 0.000578880
Run 80 time 0.000591040
Run 81 time 0.000533104
Run 82 time 0.000588894
Run 83 time 0.000551939
Run 84 time 0.000551939
Run 85 time 0.000572920
Run 86 time 0.000564098
Run 87 time 0.000617981
Run 88 time 0.000624895
Run 89 time 0.000648975
Run 90 time 0.000600100
Run 91 time 0.000656128
Run 92 time 0.000678062
Run 93 time 0.000540972
Run 94 time 0.000540018
Run 95 time 0.000662088
Run 96 time 0.000562906
Run 97 time 0.000552893
Run 98 time 0.000591040
Run 99 time 0.000787020
Run 100 time 0.000535965
bintree 128 1048576 15
Run 1 time 0.033712864
Run 2 time 0.000875950
Run 3 time 0.001031160
Run 4 time 0.000957012
Run 5 time 0.000860929
Run 6 time 0.000916958
Run 7 time 0.000737906
Run 8 time 0.000771999
Run 9 time 0.000700951
Run 10 time 0.000742912
Run 11 time 0.000734091
Run 12 time 0.000789165
Run 13 time 0.000826120
Run 14 time 0.000705004
Run 15 time 0.000697136
Run 16 time 0.000715017
Run 17 time 0.000705004
Run 18 time 0.000695944
Run 19 time 0.000735044
Run 20 time 0.000726938
Run 21 time 0.000705004
Run 22 time 0.000746965
Run 23 time 0.000728130
Run 24 time 0.000777960
Run 25 time 0.000766993
Run 26 time 0.000699043
Run 27 time 0.000698090
Run 28 time 0.000728130
Run 29 time 0.000715017
Run 30 time 0.000715017
Run 31 time 0.000726938
Run 32 time 0.000765800
Run 33 time 0.000699043
Run 34 time 0.000705957
Run 35 time 0.000734091
Run 36 time 0.000772953
Run 37 time 0.000751019
Run 38 time 0.000701904
Run 39 time 0.000710011
Run 40 time 0.000779867
Run 41 time 0.000746012
Run 42 time 0.000708103
Run 43 time 0.000782967
Run 44 time 0.000784159
Run 45 time 0.000713110
Run 46 time 0.000735044
Run 47 time 0.000701904
Run 48 time 0.000719070
Run 49 time 0.000707150
Run 50 time 0.000716925
Run 51 time 0.000720024
Run 52 time 0.000758171
Run 53 time 0.000723124
Run 54 time 0.000738144
Run 55 time 0.000769854
Run 56 time 0.000726938
Run 57 time 0.000715017
Run 58 time 0.000789881
Run 59 time 0.000668049
Run 60 time 0.000703812
Run 61 time 0.000849962
Run 62 time 0.000720024
Run 63 time 0.000717163
Run 64 time 0.000763893
Run 65 time 0.000844002
Run 66 time 0.000718832
Run 67 time 0.000705004
Run 68 time 0.000701904
Run 69 time 0.000755072
Run 70 time 0.000701904
Run 71 time 0.000705957
Run 72 time 0.000741005
Run 73 time 0.000805140
Run 74 time 0.000702858
Run 75 time 0.000699997
Run 76 time 0.000699043
Run 77 time 0.000766993
Run 78 time 0.000786066
Run 79 time 0.000782967
Run 80 time 0.000755072
Run 81 time 0.000921965
Run 82 time 0.000783205
Run 83 time 0.000684977
Run 84 time 0.000716925
Run 85 time 0.000710964
Run 86 time 0.000694990
Run 87 time 0.000703096
Run 88 time 0.000717878
Run 89 time 0.000704050
Run 90 time 0.000725031
Run 91 time 0.000751019
Run 92 time 0.000743151
Run 93 time 0.000690937
Run 94 time 0.000730991
Run 95 time 0.000699043
Run 96 time 0.000687122
Run 97 time 0.000679016
Run 98 time 0.000673056
Run 99 time 0.000765085
Run 100 time 0.000709057
bin2tree 128 1048576 15
Run 1 time 0.097542763
Run 2 time 0.000679016
Run 3 time 0.000684023
Run 4 time 0.000675917
Run 5 time 0.000625134
Run 6 time 0.000619888
Run 7 time 0.000682116
Run 8 time 0.000744104
Run 9 time 0.000663996
Run 10 time 0.000643969
Run 11 time 0.000638962
Run 12 time 0.000622988
Run 13 time 0.000667095
Run 14 time 0.000680923
Run 15 time 0.000645876
Run 16 time 0.000658989
Run 17 time 0.000617027
Run 18 time 0.000662088
Run 19 time 0.000701904
Run 20 time 0.000705004
Run 21 time 0.000658035
Run 22 time 0.000688791
Run 23 time 0.000662088
Run 24 time 0.000648022
Run 25 time 0.000657082
Run 26 time 0.000756979
Run 27 time 0.000679016
Run 28 time 0.000649214
Run 29 time 0.000669956
Run 30 time 0.000648975
Run 31 time 0.000607967
Run 32 time 0.000680923
Run 33 time 0.001207829
Run 34 time 0.001461029
Run 35 time 0.000665188
Run 36 time 0.000656128
Run 37 time 0.000628948
Run 38 time 0.000627041
Run 39 time 0.000677109
Run 40 time 0.000665903
Run 41 time 0.000662088
Run 42 time 0.000628948
Run 43 time 0.000633001
Run 44 time 0.000695944
Run 45 time 0.000627995
Run 46 time 0.000669956
Run 47 time 0.000647068
Run 48 time 0.000661135
Run 49 time 0.000644207
Run 50 time 0.000646114
Run 51 time 0.000622988
Run 52 time 0.000657082
Run 53 time 0.000622034
Run 54 time 0.000669956
Run 55 time 0.000671864
Run 56 time 0.000646114
Run 57 time 0.000627995
Run 58 time 0.000662088
Run 59 time 0.000643015
Run 60 time 0.000674009
Run 61 time 0.000621080
Run 62 time 0.000666857
Run 63 time 0.000873089
Run 64 time 0.000693083
Run 65 time 0.000810146
Run 66 time 0.000949144
Run 67 time 0.000757933
Run 68 time 0.000655890
Run 69 time 0.000678062
Run 70 time 0.000751972
Run 71 time 0.000656128
Run 72 time 0.000652075
Run 73 time 0.000629902
Run 74 time 0.000631094
Run 75 time 0.000631094
Run 76 time 0.000689983
Run 77 time 0.000688076
Run 78 time 0.000639200
Run 79 time 0.000624895
Run 80 time 0.000779152
Run 81 time 0.000634193
Run 82 time 0.000639200
Run 83 time 0.000691175
Run 84 time 0.000629902
Run 85 time 0.000725985
Run 86 time 0.000661850
Run 87 time 0.000668049
Run 88 time 0.000684023
Run 89 time 0.001631975
Run 90 time 0.000643969
Run 91 time 0.000641108
Run 92 time 0.000658989
Run 93 time 0.000760078
Run 94 time 0.000652075
Run 95 time 0.000710011
Run 96 time 0.000620127
Run 97 time 0.000625849
Run 98 time 0.000693083
Run 99 time 0.000883102
Run 100 time 0.000617981
2TreeBdcast 129 1048576 15
Tree Construction time = 0.000094175
Tree Coloring time = 0.000021935
Run 1 time 0.027647018
Run 2 time 0.000595093
Run 3 time 0.000622988
Run 4 time 0.000586987
Run 5 time 0.000857115
Run 6 time 0.000853062
Run 7 time 0.000544071
Run 8 time 0.000674963
Run 9 time 0.001142979
Run 10 time 0.001409054
Run 11 time 0.000895977
Run 12 time 0.000848055
Run 13 time 0.000766993
Run 14 time 0.000641108
Run 15 time 0.000554085
Run 16 time 0.000650883
Run 17 time 0.000716925
Run 18 time 0.000755072
Run 19 time 0.000599146
Run 20 time 0.000509977
Run 21 time 0.000496864
Run 22 time 0.000912905
Run 23 time 0.002125978
Run 24 time 0.001263857
Run 25 time 0.000530005
Run 26 time 0.000662804
Run 27 time 0.000811100
Run 28 time 0.000515938
Run 29 time 0.000643015
Run 30 time 0.001974821
Run 31 time 0.002455950
Run 32 time 0.002454996
Run 33 time 0.001869202
Run 34 time 0.002011061
Run 35 time 0.002429962
Run 36 time 0.000542164
Run 37 time 0.000581026
Run 38 time 0.000486851
Run 39 time 0.000514984
Run 40 time 0.000469923
Run 41 time 0.000661135
Run 42 time 0.000657082
Run 43 time 0.000555992
Run 44 time 0.000584841
Run 45 time 0.000539064
Run 46 time 0.000486135
Run 47 time 0.000580072
Run 48 time 0.000481844
Run 49 time 0.000511885
Run 50 time 0.000555992
Run 51 time 0.000601053
Run 52 time 0.000629902
Run 53 time 0.000559092
Run 54 time 0.000573158
Run 55 time 0.000483990
Run 56 time 0.000581026
Run 57 time 0.000613213
Run 58 time 0.000555992
Run 59 time 0.000530005
Run 60 time 0.000513077
Run 61 time 0.000571966
Run 62 time 0.000543118
Run 63 time 0.000514030
Run 64 time 0.000621796
Run 65 time 0.000562906
Run 66 time 0.000576973
Run 67 time 0.000535965
Run 68 time 0.000563860
Run 69 time 0.000514984
Run 70 time 0.000524998
Run 71 time 0.000561953
Run 72 time 0.000579834
Run 73 time 0.000493050
Run 74 time 0.000536203
Run 75 time 0.000469208
Run 76 time 0.000492096
Run 77 time 0.000499964
Run 78 time 0.000662804
Run 79 time 0.000649929
Run 80 time 0.000622034
Run 81 time 0.000838995
Run 82 time 0.000917912
Run 83 time 0.000597954
Run 84 time 0.000611067
Run 85 time 0.000622034
Run 86 time 0.000658989
Run 87 time 0.000831127
Run 88 time 0.000727892
Run 89 time 0.001093864
Run 90 time 0.000931025
Run 91 time 0.000648022
Run 92 time 0.000785112
Run 93 time 0.000818014
Run 94 time 0.000502110
Run 95 time 0.000557899
Run 96 time 0.000770092
Run 97 time 0.000573874
Run 98 time 0.000809908
Run 99 time 0.000570059
Run 100 time 0.000617981
bintree 128 1048576 21
Run 1 time 0.026712179
Run 2 time 0.000721931
Run 3 time 0.000703096
Run 4 time 0.000716209
Run 5 time 0.000745058
Run 6 time 0.000715971
Run 7 time 0.000720024
Run 8 time 0.000701904
Run 9 time 0.000710011
Run 10 time 0.000718117
Run 11 time 0.000717878
Run 12 time 0.000697851
Run 13 time 0.000710011
Run 14 time 0.000730038
Run 15 time 0.000691175
Run 16 time 0.000681877
Run 17 time 0.000707865
Run 18 time 0.001173973
Run 19 time 0.001114845
Run 20 time 0.000702858
Run 21 time 0.001174212
Run 22 time 0.000770807
Run 23 time 0.000897884
Run 24 time 0.000677109
Run 25 time 0.000686884
Run 26 time 0.000679016
Run 27 time 0.000669003
Run 28 time 0.000691175
Run 29 time 0.000684023
Run 30 time 0.000686884
Run 31 time 0.000691891
Run 32 time 0.000682116
Run 33 time 0.000714064
Run 34 time 0.000701904
Run 35 time 0.000692844
Run 36 time 0.000701189
Run 37 time 0.000672817
Run 38 time 0.000695944
Run 39 time 0.000720024
Run 40 time 0.000710011
Run 41 time 0.000688076
Run 42 time 0.000711918
Run 43 time 0.000694036
Run 44 time 0.000703812
Run 45 time 0.000684977
Run 46 time 0.000673056
Run 47 time 0.000679970
Run 48 time 0.000790834
Run 49 time 0.000699043
Run 50 time 0.000742912
Run 51 time 0.000686169
Run 52 time 0.000731945
Run 53 time 0.000687122
Run 54 time 0.000702143
Run 55 time 0.000730038
Run 56 time 0.000733137
Run 57 time 0.000694036
Run 58 time 0.000681162
Run 59 time 0.000771046
Run 60 time 0.000983000
Run 61 time 0.000988007
Run 62 time 0.000715017
Run 63 time 0.000734806
Run 64 time 0.000708818
Run 65 time 0.000715017
Run 66 time 0.000703096
Run 67 time 0.000718117
Run 68 time 0.000759125
Run 69 time 0.000675917
Run 70 time 0.000701904
Run 71 time 0.000728846
Run 72 time 0.000761032
Run 73 time 0.000737906
Run 74 time 0.000701189
Run 75 time 0.000700951
Run 76 time 0.000808001
Run 77 time 0.000734091
Run 78 time 0.000721216
Run 79 time 0.000713110
Run 80 time 0.000711918
Run 81 time 0.000686169
Run 82 time 0.000734091
Run 83 time 0.000679016
Run 84 time 0.000662088
Run 85 time 0.000725031
Run 86 time 0.000681877
Run 87 time 0.000710011
Run 88 time 0.000717878
Run 89 time 0.000694990
Run 90 time 0.000655890
Run 91 time 0.000699997
Run 92 time 0.000685930
Run 93 time 0.000653028
Run 94 time 0.000686884
Run 95 time 0.000718117
Run 96 time 0.000673056
Run 97 time 0.000732183
Run 98 time 0.000719070
Run 99 time 0.001030922
Run 100 time 0.000715017
bin2tree 128 1048576 21
Run 1 time 0.024930954
Run 2 time 0.000541925
Run 3 time 0.000550032
Run 4 time 0.000536203
Run 5 time 0.000559092
Run 6 time 0.000661135
Run 7 time 0.000705004
Run 8 time 0.000606060
Run 9 time 0.000553846
Run 10 time 0.000560045
Run 11 time 0.000553131
Run 12 time 0.000648022
Run 13 time 0.000557899
Run 14 time 0.000542879
Run 15 time 0.000584126
Run 16 time 0.000569820
Run 17 time 0.000578880
Run 18 time 0.000572920
Run 19 time 0.000537872
Run 20 time 0.000512123
Run 21 time 0.000555992
Run 22 time 0.000543118
Run 23 time 0.000743151
Run 24 time 0.000534058
Run 25 time 0.000565052
Run 26 time 0.000597000
Run 27 time 0.000555038
Run 28 time 0.000563145
Run 29 time 0.000563860
Run 30 time 0.000548124
Run 31 time 0.000545025
Run 32 time 0.000560999
Run 33 time 0.000588179
Run 34 time 0.000552893
Run 35 time 0.000570059
Run 36 time 0.000566006
Run 37 time 0.000557184
Run 38 time 0.000581026
Run 39 time 0.000542164
Run 40 time 0.000548124
Run 41 time 0.000555038
Run 42 time 0.000556946
Run 43 time 0.000583887
Run 44 time 0.000541925
Run 45 time 0.000587940
Run 46 time 0.000556946
Run 47 time 0.000581026
Run 48 time 0.000546932
Run 49 time 0.000576973
Run 50 time 0.000546932
Run 51 time 0.000558138
Run 52 time 0.000596046
Run 53 time 0.000648022
Run 54 time 0.000610828
Run 55 time 0.000535011
Run 56 time 0.000539064
Run 57 time 0.000581026
Run 58 time 0.000554085
Run 59 time 0.000534058
Run 60 time 0.000699997
Run 61 time 0.000708818
Run 62 time 0.000709057
Run 63 time 0.000774145
Run 64 time 0.000581026
Run 65 time 0.000585079
Run 66 time 0.000623941
Run 67 time 0.000602961
Run 68 time 0.000550985
Run 69 time 0.000579119
Run 70 time 0.000549078
Run 71 time 0.000536919
Run 72 time 0.000566959
Run 73 time 0.000592947
Run 74 time 0.000648022
Run 75 time 0.000556946
Run 76 time 0.000579119
Run 77 time 0.000526905
Run 78 time 0.000571012
Run 79 time 0.000566006
Run 80 time 0.000576973
Run 81 time 0.000581980
Run 82 time 0.000586033
Run 83 time 0.000675201
Run 84 time 0.000557184
Run 85 time 0.000536919
Run 86 time 0.000571012
Run 87 time 0.000538111
Run 88 time 0.000544786
Run 89 time 0.000545025
Run 90 time 0.000549078
Run 91 time 0.000542164
Run 92 time 0.000555038
Run 93 time 0.000576019
Run 94 time 0.000576973
Run 95 time 0.000542164
Run 96 time 0.000574827
Run 97 time 0.000535011
Run 98 time 0.000556946
Run 99 time 0.000566006
Run 100 time 0.000626087
2TreeBdcast 129 1048576 21
Tree Construction time = 0.000089169
Tree Coloring time = 0.000021935
Run 1 time 0.026301146
Run 2 time 0.006093025
Run 3 time 0.000550032
Run 4 time 0.001204967
Run 5 time 0.000488997
Run 6 time 0.000535011
Run 7 time 0.000934124
Run 8 time 0.000673056
Run 9 time 0.000897884
Run 10 time 0.000787973
Run 11 time 0.000654936
Run 12 time 0.000523090
Run 13 time 0.000989914
Run 14 time 0.001343966
Run 15 time 0.000579834
Run 16 time 0.007390976
Run 17 time 0.003988028
Run 18 time 0.000416994
Run 19 time 0.000422001
Run 20 time 0.000464916
Run 21 time 0.000462055
Run 22 time 0.000519991
Run 23 time 0.000572920
Run 24 time 0.000485897
Run 25 time 0.000452995
Run 26 time 0.006042957
Run 27 time 0.000436068
Run 28 time 0.000451088
Run 29 time 0.000455141
Run 30 time 0.000442028
Run 31 time 0.000652075
Run 32 time 0.000781059
Run 33 time 0.000705957
Run 34 time 0.000751019
Run 35 time 0.000542164
Run 36 time 0.000550985
Run 37 time 0.000596046
Run 38 time 0.000914812
Run 39 time 0.005628109
Run 40 time 0.000544071
Run 41 time 0.000519991
Run 42 time 0.000564098
Run 43 time 0.000745058
Run 44 time 0.000732899
Run 45 time 0.000524998
Run 46 time 0.000595093
Run 47 time 0.000601053
Run 48 time 0.000487089
Run 49 time 0.000460148
Run 50 time 0.000555992
Run 51 time 0.000466108
Run 52 time 0.000440836
Run 53 time 0.000417948
Run 54 time 0.000433207
Run 55 time 0.006439209
Run 56 time 0.000421047
Run 57 time 0.000528097
Run 58 time 0.000414133
Run 59 time 0.000468016
Run 60 time 0.005970955
Run 61 time 0.000460148
Run 62 time 0.000462055
Run 63 time 0.000671148
Run 64 time 0.005522013
Run 65 time 0.000437021
Run 66 time 0.000422955
Run 67 time 0.000417948
Run 68 time 0.000420809
Run 69 time 0.000528097
Run 70 time 0.000434875
Run 71 time 0.000483990
Run 72 time 0.000581980
Run 73 time 0.000783920
Run 74 time 0.000628948
Run 75 time 0.000681162
Run 76 time 0.000501156
Run 77 time 0.000468969
Run 78 time 0.000998974
Run 79 time 0.005858898
Run 80 time 0.002756119
Run 81 time 0.002105951
Run 82 time 0.001531124
Run 83 time 0.002498865
Run 84 time 0.001400948
Run 85 time 0.001003027
Run 86 time 0.000653982
Run 87 time 0.000555038
Run 88 time 0.009335995
Run 89 time 0.002162218
Run 90 time 0.000443935
Run 91 time 0.000414133
Run 92 time 0.000416994
Run 93 time 0.000415087
Run 94 time 0.000459909
Run 95 time 0.000456095
Run 96 time 0.000574112
Run 97 time 0.000756025
Run 98 time 0.000574112
Run 99 time 0.004744053
Run 100 time 0.000422001
MPI_BCAST 128 1048576
Run 1 time 0.018190861
Run 2 time 0.001453876
Run 3 time 0.001404047
Run 4 time 0.001404047
Run 5 time 0.001411915
Run 6 time 0.001405001
Run 7 time 0.001406908
Run 8 time 0.001403093
Run 9 time 0.001405001
Run 10 time 0.001410961
Run 11 time 0.001404047
Run 12 time 0.001405001
Run 13 time 0.001405954
Run 14 time 0.001430988
Run 15 time 0.001405001
Run 16 time 0.001405001
Run 17 time 0.001401901
Run 18 time 0.001407862
Run 19 time 0.001404047
Run 20 time 0.001409054
Run 21 time 0.001420021
Run 22 time 0.001402855
Run 23 time 0.001399994
Run 24 time 0.001518011
Run 25 time 0.001471996
Run 26 time 0.001405001
Run 27 time 0.001405001
Run 28 time 0.001405954
Run 29 time 0.001493216
Run 30 time 0.001478910
Run 31 time 0.001416206
Run 32 time 0.001490116
Run 33 time 0.001404047
Run 34 time 0.001523018
Run 35 time 0.001438141
Run 36 time 0.001478910
Run 37 time 0.001489162
Run 38 time 0.001466036
Run 39 time 0.001468897
Run 40 time 0.001481056
Run 41 time 0.001444101
Run 42 time 0.001447916
Run 43 time 0.001500845
Run 44 time 0.001473904
Run 45 time 0.001456022
Run 46 time 0.001487970
Run 47 time 0.001500130
Run 48 time 0.001471043
Run 49 time 0.001406908
Run 50 time 0.001403093
Run 51 time 0.001401901
Run 52 time 0.001404047
Run 53 time 0.001410961
Run 54 time 0.001396894
Run 55 time 0.001406908
Run 56 time 0.001415014
Run 57 time 0.001403093
Run 58 time 0.001406908
Run 59 time 0.001403093
Run 60 time 0.001402855
Run 61 time 0.001433849
Run 62 time 0.001401186
Run 63 time 0.001412153
Run 64 time 0.001405001
Run 65 time 0.001403093
Run 66 time 0.001414061
Run 67 time 0.001435041
Run 68 time 0.001402855
Run 69 time 0.001404047
Run 70 time 0.001428843
Run 71 time 0.001404047
Run 72 time 0.001431227
Run 73 time 0.001405954
Run 74 time 0.001404047
Run 75 time 0.001405954
Run 76 time 0.001404047
Run 77 time 0.001405001
Run 78 time 0.001402855
Run 79 time 0.001404047
Run 80 time 0.001403093
Run 81 time 0.001399040
Run 82 time 0.001403093
Run 83 time 0.001405001
Run 84 time 0.001404047
Run 85 time 0.001415014
Run 86 time 0.001401186
Run 87 time 0.001403093
Run 88 time 0.001443863
Run 89 time 0.001404047
Run 90 time 0.001407146
Run 91 time 0.001433134
Run 92 time 0.001405001
Run 93 time 0.001406908
Run 94 time 0.001409054
Run 95 time 0.001407146
Run 96 time 0.001404047
Run 97 time 0.001415014
Run 98 time 0.001405001
Run 99 time 0.001410961
Run 100 time 0.001405954
