/var/spool/slurmd/job4802890/slurm_script: line 31: :
for f in ~/cfiles/test_pip_*; do
	temp=$(echo $f | cut -d "." -f 1)
	algo=$(echo $temp | cut -d "_" -f 2)
	np=$(echo $temp | cut -d "_" -f 3)
	ms=$(echo $temp | cut -d "_" -f 4)
	chunks=$(echo $temp | cut -d "_" -f 5)
	((chunks--))
	echo "bintree $np $ms $chunks"
	srun -N $np -n $np -c $SLURM_CPUS_PER_TASK --cpu_bind=rank --ntasks-per-node $SLURM_NTASKS_PER_NODE ./bintree $ms $chunks
	echo "2TreeBdcast $np $ms $chunks"
	srun -N $np -n $np -c $SLURM_CPUS_PER_TASK --cpu_bind=rank --ntasks-per-node $SLURM_NTASKS_PER_NODE ./2TreeBdcast $np $ms $chunks
	echo "bin2tree $np $ms $chunks"
	srun -N $np -n $np -c $SLURM_CPUS_PER_TASK --cpu_bind=rank --ntasks-per-node $SLURM_NTASKS_PER_NODE ./bin2tree $ms $chunks
	
done
#    echo $algo $np $ms;
 #   srun -N $np -n $np -c $SLURM_CPUS_PER_TASK --cpu_bind=rank --ntasks-per-node $SLURM_NTASKS_PER_NODE $f
#done

#for np in 8 16 32 64 128 256 512; do
#    srun -N $np -n $np -c $SLURM_CPUS_PER_TASK --cpu_bind=rank --ntasks-per-node $SLURM_NTASKS_PER_NODE mpibcast.out
#done: No such file or directory
MPI_BCAST 126 1048576
Run 1 time 0.017061949
Run 2 time 0.001338005
Run 3 time 0.001240015
Run 4 time 0.001379013
Run 5 time 0.001214027
Run 6 time 0.001198053
Run 7 time 0.001243114
Run 8 time 0.001199007
Run 9 time 0.001274824
Run 10 time 0.001870155
Run 11 time 0.001266003
Run 12 time 0.001456976
Run 13 time 0.001204967
Run 14 time 0.001267195
Run 15 time 0.001244068
Run 16 time 0.001273155
Run 17 time 0.001326084
Run 18 time 0.001231909
Run 19 time 0.001233101
Run 20 time 0.001286983
Run 21 time 0.001245975
Run 22 time 0.001221180
Run 23 time 0.001259089
Run 24 time 0.001321077
Run 25 time 0.001398802
Run 26 time 0.001335144
Run 27 time 0.001211166
Run 28 time 0.001206160
Run 29 time 0.001210213
Run 30 time 0.001193047
Run 31 time 0.001276970
Run 32 time 0.001235962
Run 33 time 0.001255989
Run 34 time 0.001332045
Run 35 time 0.001335144
Run 36 time 0.001422882
Run 37 time 0.001205921
Run 38 time 0.001301050
Run 39 time 0.001218081
Run 40 time 0.001204014
Run 41 time 0.001180887
Run 42 time 0.001234055
Run 43 time 0.001235008
Run 44 time 0.001193047
Run 45 time 0.001350164
Run 46 time 0.001740932
Run 47 time 0.001231909
Run 48 time 0.001242161
Run 49 time 0.001282930
Run 50 time 0.001259089
Run 51 time 0.001221895
Run 52 time 0.001198053
Run 53 time 0.001284122
Run 54 time 0.001199007
Run 55 time 0.001230955
Run 56 time 0.001322985
Run 57 time 0.001302004
Run 58 time 0.001189947
Run 59 time 0.001291990
Run 60 time 0.001299858
Run 61 time 0.001182079
Run 62 time 0.001368046
Run 63 time 0.001295090
Run 64 time 0.001504898
Run 65 time 0.001231194
Run 66 time 0.001199961
Run 67 time 0.001231909
Run 68 time 0.001194000
Run 69 time 0.001228094
Run 70 time 0.001238108
Run 71 time 0.001379013
Run 72 time 0.001581192
Run 73 time 0.001184940
Run 74 time 0.001245022
Run 75 time 0.001281977
Run 76 time 0.001346111
Run 77 time 0.001322031
Run 78 time 0.001317978
Run 79 time 0.001425982
Run 80 time 0.001320839
Run 81 time 0.001302004
Run 82 time 0.001893044
Run 83 time 0.001394987
Run 84 time 0.001332045
Run 85 time 0.001284838
Run 86 time 0.001228809
Run 87 time 0.001193047
Run 88 time 0.001243830
Run 89 time 0.001289845
Run 90 time 0.001202106
Run 91 time 0.001330853
Run 92 time 0.001248121
Run 93 time 0.001277924
Run 94 time 0.001296997
Run 95 time 0.001284122
Run 96 time 0.001244068
Run 97 time 0.001230001
Run 98 time 0.001301050
Run 99 time 0.001188040
Run 100 time 0.001284838
bintree 126 1048576 8
Run 1 time 0.029747009
Run 2 time 0.000945091
Run 3 time 0.000878096
Run 4 time 0.000939846
Run 5 time 0.000921965
Run 6 time 0.000988007
Run 7 time 0.000958920
Run 8 time 0.000961065
Run 9 time 0.000999928
Run 10 time 0.001059055
Run 11 time 0.000991106
Run 12 time 0.001019001
Run 13 time 0.001018047
Run 14 time 0.000984192
Run 15 time 0.000921965
Run 16 time 0.000936985
Run 17 time 0.003645897
Run 18 time 0.002575874
Run 19 time 0.001194954
Run 20 time 0.001039028
Run 21 time 0.000961065
Run 22 time 0.001132011
Run 23 time 0.000926971
Run 24 time 0.001106024
Run 25 time 0.000978947
Run 26 time 0.001006842
Run 27 time 0.001105070
Run 28 time 0.000966072
Run 29 time 0.000917912
Run 30 time 0.000955820
Run 31 time 0.001000881
Run 32 time 0.000993967
Run 33 time 0.001054049
Run 34 time 0.003921032
Run 35 time 0.002249956
Run 36 time 0.001081944
Run 37 time 0.000998974
Run 38 time 0.000993967
Run 39 time 0.000954866
Run 40 time 0.001142979
Run 41 time 0.001033068
Run 42 time 0.000929117
Run 43 time 0.000959873
Run 44 time 0.000942230
Run 45 time 0.000895023
Run 46 time 0.001058102
Run 47 time 0.001088858
Run 48 time 0.001293182
Run 49 time 0.001081944
Run 50 time 0.000993967
Run 51 time 0.001159906
Run 52 time 0.005997181
Run 53 time 0.000915051
Run 54 time 0.000893116
Run 55 time 0.000997066
Run 56 time 0.001017094
Run 57 time 0.000923157
Run 58 time 0.000895977
Run 59 time 0.000929117
Run 60 time 0.000933886
Run 61 time 0.000954866
Run 62 time 0.001296043
Run 63 time 0.001317024
Run 64 time 0.001359940
Run 65 time 0.001049995
Run 66 time 0.000977993
Run 67 time 0.001125097
Run 68 time 0.000969172
Run 69 time 0.004878998
Run 70 time 0.001314163
Run 71 time 0.001053095
Run 72 time 0.001094103
Run 73 time 0.001095057
Run 74 time 0.001008987
Run 75 time 0.000969887
Run 76 time 0.001026869
Run 77 time 0.001083136
Run 78 time 0.001027107
Run 79 time 0.001019955
Run 80 time 0.000988960
Run 81 time 0.001058102
Run 82 time 0.001002073
Run 83 time 0.001170158
Run 84 time 0.001004934
Run 85 time 0.001065016
Run 86 time 0.005635977
Run 87 time 0.001151800
Run 88 time 0.001025200
Run 89 time 0.000908852
Run 90 time 0.000943184
Run 91 time 0.000941992
Run 92 time 0.001297951
Run 93 time 0.000988007
Run 94 time 0.000931978
Run 95 time 0.000914097
Run 96 time 0.001056910
Run 97 time 0.000998020
Run 98 time 0.000989914
Run 99 time 0.001041889
Run 100 time 0.001101971
bin2tree 126 1048576 8
Run 1 time 0.025810003
Run 2 time 0.000942945
Run 3 time 0.000864983
Run 4 time 0.000973940
Run 5 time 0.001427889
Run 6 time 0.002394915
Run 7 time 0.002135992
Run 8 time 0.000717163
Run 9 time 0.000900030
Run 10 time 0.000923872
Run 11 time 0.000838041
Run 12 time 0.001012087
Run 13 time 0.000783920
Run 14 time 0.000854969
Run 15 time 0.000869036
Run 16 time 0.000797987
Run 17 time 0.001002073
Run 18 time 0.001013994
Run 19 time 0.000886202
Run 20 time 0.000878096
Run 21 time 0.000972986
Run 22 time 0.000763893
Run 23 time 0.001288176
Run 24 time 0.000868082
Run 25 time 0.003065109
Run 26 time 0.003352880
Run 27 time 0.000828028
Run 28 time 0.000881910
Run 29 time 0.000756025
Run 30 time 0.000804186
Run 31 time 0.000912905
Run 32 time 0.000854969
Run 33 time 0.000829220
Run 34 time 0.000824928
Run 35 time 0.000777960
Run 36 time 0.000787020
Run 37 time 0.000787020
Run 38 time 0.000797033
Run 39 time 0.000693083
Run 40 time 0.000803947
Run 41 time 0.000833988
Run 42 time 0.000756979
Run 43 time 0.000919819
Run 44 time 0.000732899
Run 45 time 0.002157927
Run 46 time 0.003895998
Run 47 time 0.000858068
Run 48 time 0.000838995
Run 49 time 0.000832081
Run 50 time 0.000814915
Run 51 time 0.001091003
Run 52 time 0.000910997
Run 53 time 0.000833988
Run 54 time 0.000865221
Run 55 time 0.000810146
Run 56 time 0.000797987
Run 57 time 0.000771046
Run 58 time 0.000779867
Run 59 time 0.000751019
Run 60 time 0.001042128
Run 61 time 0.000844002
Run 62 time 0.000904083
Run 63 time 0.000809908
Run 64 time 0.004167080
Run 65 time 0.002415895
Run 66 time 0.000873089
Run 67 time 0.000867844
Run 68 time 0.001015186
Run 69 time 0.000906944
Run 70 time 0.001065969
Run 71 time 0.001101017
Run 72 time 0.001040936
Run 73 time 0.000852823
Run 74 time 0.000859976
Run 75 time 0.000946999
Run 76 time 0.000903130
Run 77 time 0.001163006
Run 78 time 0.000976086
Run 79 time 0.000898838
Run 80 time 0.000880003
Run 81 time 0.000854969
Run 82 time 0.003193140
Run 83 time 0.002356052
Run 84 time 0.000823021
Run 85 time 0.000757217
Run 86 time 0.000871897
Run 87 time 0.000796080
Run 88 time 0.000804186
Run 89 time 0.000967026
Run 90 time 0.000761986
Run 91 time 0.000849962
Run 92 time 0.000775099
Run 93 time 0.000916958
Run 94 time 0.000818968
Run 95 time 0.000782967
Run 96 time 0.000796080
Run 97 time 0.000829935
Run 98 time 0.000772953
Run 99 time 0.000998974
Run 100 time 0.000975132
2TreeBdcast 126 1048576 8
Tree Construction time = 0.000085831
Tree Coloring time = 0.000007153
Run 1 time 0.025851965
Run 2 time 0.001162052
Run 3 time 0.001304865
Run 4 time 0.001133204
Run 5 time 0.001539946
Run 6 time 0.001160145
Run 7 time 0.000935078
Run 8 time 0.004371166
Run 9 time 0.001216888
Run 10 time 0.000735998
Run 11 time 0.001013994
Run 12 time 0.000694036
Run 13 time 0.000754118
Run 14 time 0.001317978
Run 15 time 0.001901865
Run 16 time 0.001174927
Run 17 time 0.001017094
Run 18 time 0.001235008
Run 19 time 0.001368999
Run 20 time 0.000869036
Run 21 time 0.000921011
Run 22 time 0.000921011
Run 23 time 0.000981092
Run 24 time 0.000955105
Run 25 time 0.001613855
Run 26 time 0.001027107
Run 27 time 0.000637054
Run 28 time 0.000881910
Run 29 time 0.001642942
Run 30 time 0.001923084
Run 31 time 0.002159834
Run 32 time 0.002880096
Run 33 time 0.001064062
Run 34 time 0.002071142
Run 35 time 0.002707958
Run 36 time 0.002064943
Run 37 time 0.001049995
Run 38 time 0.000936031
Run 39 time 0.001230001
Run 40 time 0.001342058
Run 41 time 0.001354933
Run 42 time 0.000856876
Run 43 time 0.000904083
Run 44 time 0.000914812
Run 45 time 0.000950098
Run 46 time 0.000660181
Run 47 time 0.000782013
Run 48 time 0.000792980
Run 49 time 0.000809193
Run 50 time 0.000679970
Run 51 time 0.001040936
Run 52 time 0.001003027
Run 53 time 0.000980139
Run 54 time 0.000872850
Run 55 time 0.001024008
Run 56 time 0.001626015
Run 57 time 0.001178026
Run 58 time 0.001667976
Run 59 time 0.000921011
Run 60 time 0.000828981
Run 61 time 0.000660896
Run 62 time 0.000815868
Run 63 time 0.000626802
Run 64 time 0.000918150
Run 65 time 0.000705004
Run 66 time 0.000555992
Run 67 time 0.000576019
Run 68 time 0.000784159
Run 69 time 0.000828981
Run 70 time 0.000967026
Run 71 time 0.000986814
Run 72 time 0.000733852
Run 73 time 0.000762939
Run 74 time 0.000885010
Run 75 time 0.001208067
Run 76 time 0.000849962
Run 77 time 0.000997066
Run 78 time 0.000744104
Run 79 time 0.000783920
Run 80 time 0.000756979
Run 81 time 0.000807047
Run 82 time 0.000943899
Run 83 time 0.000741005
Run 84 time 0.000900030
Run 85 time 0.001265049
Run 86 time 0.000845909
Run 87 time 0.000952005
Run 88 time 0.003044128
Run 89 time 0.001935005
Run 90 time 0.006621838
Run 91 time 0.008093119
Run 92 time 0.006516933
Run 93 time 0.005620003
Run 94 time 0.004572153
Run 95 time 0.002280951
Run 96 time 0.001760006
Run 97 time 0.001127958
Run 98 time 0.003503084
Run 99 time 0.004061937
Run 100 time 0.003737926
bintree 126 1048576 15
Run 1 time 0.032200098
Run 2 time 0.000797033
Run 3 time 0.000926971
Run 4 time 0.000916958
Run 5 time 0.000959158
Run 6 time 0.000827789
Run 7 time 0.000884056
Run 8 time 0.000834227
Run 9 time 0.000842094
Run 10 time 0.000935078
Run 11 time 0.000818968
Run 12 time 0.000991106
Run 13 time 0.000918150
Run 14 time 0.001033068
Run 15 time 0.000839949
Run 16 time 0.000844002
Run 17 time 0.000815868
Run 18 time 0.000890017
Run 19 time 0.000850916
Run 20 time 0.001028061
Run 21 time 0.001004934
Run 22 time 0.001001120
Run 23 time 0.001376867
Run 24 time 0.000942945
Run 25 time 0.000860214
Run 26 time 0.000907183
Run 27 time 0.000972986
Run 28 time 0.001013994
Run 29 time 0.000829935
Run 30 time 0.000810146
Run 31 time 0.000826120
Run 32 time 0.000825167
Run 33 time 0.000953913
Run 34 time 0.000777006
Run 35 time 0.000948191
Run 36 time 0.000997066
Run 37 time 0.000846863
Run 38 time 0.000821829
Run 39 time 0.000823975
Run 40 time 0.001094818
Run 41 time 0.000879049
Run 42 time 0.000813961
Run 43 time 0.000813007
Run 44 time 0.000762939
Run 45 time 0.000884056
Run 46 time 0.001019001
Run 47 time 0.000792027
Run 48 time 0.000949860
Run 49 time 0.001022100
Run 50 time 0.000880957
Run 51 time 0.000925064
Run 52 time 0.000878096
Run 53 time 0.000909090
Run 54 time 0.000967979
Run 55 time 0.000938892
Run 56 time 0.000884056
Run 57 time 0.000972986
Run 58 time 0.000862122
Run 59 time 0.000881910
Run 60 time 0.000915051
Run 61 time 0.000706196
Run 62 time 0.000917912
Run 63 time 0.000838041
Run 64 time 0.000967979
Run 65 time 0.000773191
Run 66 time 0.000865936
Run 67 time 0.000995874
Run 68 time 0.000800133
Run 69 time 0.000725985
Run 70 time 0.000860929
Run 71 time 0.000908136
Run 72 time 0.000916004
Run 73 time 0.001036882
Run 74 time 0.000856876
Run 75 time 0.000854969
Run 76 time 0.000771046
Run 77 time 0.000997782
Run 78 time 0.000881910
Run 79 time 0.000880957
Run 80 time 0.000807047
Run 81 time 0.001033068
Run 82 time 0.000848055
Run 83 time 0.000910044
Run 84 time 0.000895977
Run 85 time 0.001052141
Run 86 time 0.000864983
Run 87 time 0.000869989
Run 88 time 0.000722170
Run 89 time 0.000814915
Run 90 time 0.000880003
Run 91 time 0.000727177
Run 92 time 0.000804186
Run 93 time 0.000873804
Run 94 time 0.001044989
Run 95 time 0.000885010
Run 96 time 0.000801802
Run 97 time 0.000791073
Run 98 time 0.000843048
Run 99 time 0.000838041
Run 100 time 0.000861168
bin2tree 126 1048576 15
Run 1 time 0.029264927
Run 2 time 0.000941992
Run 3 time 0.001044035
Run 4 time 0.001045942
Run 5 time 0.000828028
Run 6 time 0.001007080
Run 7 time 0.000792980
Run 8 time 0.000890017
Run 9 time 0.000897884
Run 10 time 0.000804186
Run 11 time 0.001224041
Run 12 time 0.000910997
Run 13 time 0.000849009
Run 14 time 0.001081944
Run 15 time 0.000874996
Run 16 time 0.001809835
Run 17 time 0.002485037
Run 18 time 0.001509905
Run 19 time 0.000931978
Run 20 time 0.000936031
Run 21 time 0.001005173
Run 22 time 0.001204967
Run 23 time 0.000890970
Run 24 time 0.000837088
Run 25 time 0.001245975
Run 26 time 0.001081228
Run 27 time 0.000871897
Run 28 time 0.000996828
Run 29 time 0.001168966
Run 30 time 0.000953913
Run 31 time 0.000932932
Run 32 time 0.001570940
Run 33 time 0.000838041
Run 34 time 0.001030922
Run 35 time 0.000800133
Run 36 time 0.001086950
Run 37 time 0.001011133
Run 38 time 0.000916004
Run 39 time 0.000730991
Run 40 time 0.001641035
Run 41 time 0.000916958
Run 42 time 0.000935793
Run 43 time 0.000811100
Run 44 time 0.000997066
Run 45 time 0.000909090
Run 46 time 0.003077030
Run 47 time 0.002726078
Run 48 time 0.000841141
Run 49 time 0.000900984
Run 50 time 0.000788927
Run 51 time 0.000753164
Run 52 time 0.000843048
Run 53 time 0.001302004
Run 54 time 0.000969887
Run 55 time 0.000706911
Run 56 time 0.000758886
Run 57 time 0.001016855
Run 58 time 0.000952959
Run 59 time 0.000842094
Run 60 time 0.000880957
Run 61 time 0.000874996
Run 62 time 0.000890017
Run 63 time 0.000998020
Run 64 time 0.000774860
Run 65 time 0.000826120
Run 66 time 0.000766993
Run 67 time 0.000715971
Run 68 time 0.000777006
Run 69 time 0.000890017
Run 70 time 0.000804186
Run 71 time 0.001008034
Run 72 time 0.000822067
Run 73 time 0.000869036
Run 74 time 0.000926971
Run 75 time 0.000775814
Run 76 time 0.001076221
Run 77 time 0.001677990
Run 78 time 0.000855923
Run 79 time 0.000838041
Run 80 time 0.000797987
Run 81 time 0.001545191
Run 82 time 0.000885963
Run 83 time 0.000799179
Run 84 time 0.001030922
Run 85 time 0.000807047
Run 86 time 0.000686169
Run 87 time 0.000984907
Run 88 time 0.000858068
Run 89 time 0.000834942
Run 90 time 0.000789881
Run 91 time 0.000784874
Run 92 time 0.000787020
Run 93 time 0.000905037
Run 94 time 0.000883818
Run 95 time 0.000869989
Run 96 time 0.000827074
Run 97 time 0.000870943
Run 98 time 0.000905037
Run 99 time 0.000830889
Run 100 time 0.000789165
2TreeBdcast 126 1048576 15
Tree Construction time = 0.000083923
Tree Coloring time = 0.000008106
Run 1 time 0.022652149
Run 2 time 0.001638889
Run 3 time 0.001280069
Run 4 time 0.001191139
Run 5 time 0.000932217
Run 6 time 0.001185894
Run 7 time 0.001541853
Run 8 time 0.002222061
Run 9 time 0.001119137
Run 10 time 0.001199007
Run 11 time 0.000949144
Run 12 time 0.001230955
Run 13 time 0.001232862
Run 14 time 0.000946045
Run 15 time 0.001225948
Run 16 time 0.001236200
Run 17 time 0.000677824
Run 18 time 0.000934124
Run 19 time 0.000833988
Run 20 time 0.000807047
Run 21 time 0.001533985
Run 22 time 0.000967026
Run 23 time 0.000795841
Run 24 time 0.001719952
Run 25 time 0.001357079
Run 26 time 0.001291990
Run 27 time 0.002117872
Run 28 time 0.001976013
Run 29 time 0.001465082
Run 30 time 0.001766205
Run 31 time 0.001266003
Run 32 time 0.001057863
Run 33 time 0.001245975
Run 34 time 0.001162052
Run 35 time 0.000953913
Run 36 time 0.001034975
Run 37 time 0.001411915
Run 38 time 0.001616955
Run 39 time 0.001428127
Run 40 time 0.001317024
Run 41 time 0.001718998
Run 42 time 0.002228975
Run 43 time 0.001469135
Run 44 time 0.001848936
Run 45 time 0.001578808
Run 46 time 0.001343966
Run 47 time 0.001237154
Run 48 time 0.001702070
Run 49 time 0.001096010
Run 50 time 0.001055002
Run 51 time 0.000792027
Run 52 time 0.001014948
Run 53 time 0.000881195
Run 54 time 0.000795126
Run 55 time 0.000735044
Run 56 time 0.000920057
Run 57 time 0.001217127
Run 58 time 0.001724005
Run 59 time 0.001781940
Run 60 time 0.002113104
Run 61 time 0.001840830
Run 62 time 0.001149893
Run 63 time 0.001557112
Run 64 time 0.001623869
Run 65 time 0.001497030
Run 66 time 0.001166105
Run 67 time 0.001711130
Run 68 time 0.001395941
Run 69 time 0.001028061
Run 70 time 0.001015186
Run 71 time 0.001050949
Run 72 time 0.000903130
Run 73 time 0.000854969
Run 74 time 0.000973940
Run 75 time 0.001848936
Run 76 time 0.001431942
Run 77 time 0.001170158
Run 78 time 0.001600027
Run 79 time 0.001621962
Run 80 time 0.001386881
Run 81 time 0.001817942
Run 82 time 0.001194000
Run 83 time 0.000964880
Run 84 time 0.001098156
Run 85 time 0.001208782
Run 86 time 0.001260996
Run 87 time 0.005798101
Run 88 time 0.001446009
Run 89 time 0.001162052
Run 90 time 0.001492023
Run 91 time 0.001211882
Run 92 time 0.001171827
Run 93 time 0.001288891
Run 94 time 0.001384974
Run 95 time 0.001400948
Run 96 time 0.001744986
Run 97 time 0.002125025
Run 98 time 0.004184961
Run 99 time 0.003654003
Run 100 time 0.001626015
bintree 126 1048576 21
Run 1 time 0.036759138
Run 2 time 0.001101017
Run 3 time 0.000959873
Run 4 time 0.000861883
Run 5 time 0.000880003
Run 6 time 0.000828981
Run 7 time 0.001018047
Run 8 time 0.000895023
Run 9 time 0.000910044
Run 10 time 0.000899076
Run 11 time 0.000962019
Run 12 time 0.001246929
Run 13 time 0.001133919
Run 14 time 0.001149178
Run 15 time 0.000968933
Run 16 time 0.000981092
Run 17 time 0.000795126
Run 18 time 0.000859976
Run 19 time 0.000858068
Run 20 time 0.002940893
Run 21 time 0.003059149
Run 22 time 0.000871181
Run 23 time 0.000879049
Run 24 time 0.000856876
Run 25 time 0.000938892
Run 26 time 0.000850916
Run 27 time 0.000891924
Run 28 time 0.000844955
Run 29 time 0.000938892
Run 30 time 0.001013041
Run 31 time 0.000854969
Run 32 time 0.000805140
Run 33 time 0.001014948
Run 34 time 0.001260042
Run 35 time 0.001021147
Run 36 time 0.000871897
Run 37 time 0.000952959
Run 38 time 0.000855923
Run 39 time 0.000972033
Run 40 time 0.000910044
Run 41 time 0.002676964
Run 42 time 0.004021883
Run 43 time 0.001080990
Run 44 time 0.000792980
Run 45 time 0.001081944
Run 46 time 0.000857115
Run 47 time 0.000902176
Run 48 time 0.000828028
Run 49 time 0.000864983
Run 50 time 0.000967979
Run 51 time 0.000836849
Run 52 time 0.000830889
Run 53 time 0.000900984
Run 54 time 0.000957012
Run 55 time 0.002531052
Run 56 time 0.002911091
Run 57 time 0.000878811
Run 58 time 0.000792980
Run 59 time 0.000885963
Run 60 time 0.001025200
Run 61 time 0.000931025
Run 62 time 0.000922918
Run 63 time 0.000844955
Run 64 time 0.000857115
Run 65 time 0.000895023
Run 66 time 0.000929117
Run 67 time 0.000905037
Run 68 time 0.000889063
Run 69 time 0.000834942
Run 70 time 0.000869989
Run 71 time 0.000813961
Run 72 time 0.000905037
Run 73 time 0.000941038
Run 74 time 0.000900984
Run 75 time 0.000909090
Run 76 time 0.000905037
Run 77 time 0.000864983
Run 78 time 0.002396107
Run 79 time 0.003504038
Run 80 time 0.000884056
Run 81 time 0.001073837
Run 82 time 0.000888109
Run 83 time 0.001243830
Run 84 time 0.001004934
Run 85 time 0.000977993
Run 86 time 0.001008034
Run 87 time 0.000907898
Run 88 time 0.001036882
Run 89 time 0.000817060
Run 90 time 0.000987053
Run 91 time 0.000936031
Run 92 time 0.001155853
Run 93 time 0.000914812
Run 94 time 0.001029968
Run 95 time 0.000871897
Run 96 time 0.000905991
Run 97 time 0.000872135
Run 98 time 0.001642227
Run 99 time 0.004701853
Run 100 time 0.001158953
bin2tree 126 1048576 21
Run 1 time 0.023997068
Run 2 time 0.000792980
Run 3 time 0.000719070
Run 4 time 0.000640154
Run 5 time 0.000756025
Run 6 time 0.000707865
Run 7 time 0.000757933
Run 8 time 0.000658989
Run 9 time 0.000712156
Run 10 time 0.000831842
Run 11 time 0.000615120
Run 12 time 0.000623941
Run 13 time 0.000763893
Run 14 time 0.000871897
Run 15 time 0.001142979
Run 16 time 0.000773907
Run 17 time 0.000968933
Run 18 time 0.000895023
Run 19 time 0.000820160
Run 20 time 0.000724077
Run 21 time 0.000700951
Run 22 time 0.000936031
Run 23 time 0.000813961
Run 24 time 0.000791073
Run 25 time 0.000663996
Run 26 time 0.000777006
Run 27 time 0.000638008
Run 28 time 0.000727177
Run 29 time 0.000658989
Run 30 time 0.000636101
Run 31 time 0.000684023
Run 32 time 0.000726223
Run 33 time 0.000746965
Run 34 time 0.000813961
Run 35 time 0.000735044
Run 36 time 0.000916958
Run 37 time 0.000706911
Run 38 time 0.000819921
Run 39 time 0.000713110
Run 40 time 0.000735044
Run 41 time 0.000985146
Run 42 time 0.000784159
Run 43 time 0.000835896
Run 44 time 0.000655174
Run 45 time 0.000802994
Run 46 time 0.000660896
Run 47 time 0.000720024
Run 48 time 0.000684977
Run 49 time 0.000812054
Run 50 time 0.000720024
Run 51 time 0.000868082
Run 52 time 0.000750780
Run 53 time 0.000643969
Run 54 time 0.000718832
Run 55 time 0.000839949
Run 56 time 0.000887156
Run 57 time 0.000822067
Run 58 time 0.000675201
Run 59 time 0.000782013
Run 60 time 0.000724077
Run 61 time 0.000717163
Run 62 time 0.000801086
Run 63 time 0.000986099
Run 64 time 0.000905991
Run 65 time 0.000784874
Run 66 time 0.000640154
Run 67 time 0.000715017
Run 68 time 0.000872135
Run 69 time 0.000699043
Run 70 time 0.000968218
Run 71 time 0.000830889
Run 72 time 0.000684023
Run 73 time 0.000927210
Run 74 time 0.000831127
Run 75 time 0.000903130
Run 76 time 0.000789165
Run 77 time 0.000868797
Run 78 time 0.000896931
Run 79 time 0.000689030
Run 80 time 0.000759125
Run 81 time 0.000967026
Run 82 time 0.000808954
Run 83 time 0.000686884
Run 84 time 0.000788927
Run 85 time 0.000670910
Run 86 time 0.000621080
Run 87 time 0.000795841
Run 88 time 0.000709057
Run 89 time 0.000880957
Run 90 time 0.000966072
Run 91 time 0.000715017
Run 92 time 0.000660896
Run 93 time 0.000756025
Run 94 time 0.000739813
Run 95 time 0.000748873
Run 96 time 0.000771046
Run 97 time 0.000739098
Run 98 time 0.000933170
Run 99 time 0.000718117
Run 100 time 0.000658035
2TreeBdcast 126 1048576 21
Tree Construction time = 0.000086069
Tree Coloring time = 0.000019073
Run 1 time 0.025979042
Run 2 time 0.002401114
Run 3 time 0.002829075
Run 4 time 0.001379013
Run 5 time 0.001358032
Run 6 time 0.001384974
Run 7 time 0.000854015
Run 8 time 0.001858950
Run 9 time 0.001168013
Run 10 time 0.001226902
Run 11 time 0.001142025
Run 12 time 0.001135111
Run 13 time 0.001403809
Run 14 time 0.001658916
Run 15 time 0.001610041
Run 16 time 0.001544952
Run 17 time 0.001600027
Run 18 time 0.001305819
Run 19 time 0.001531124
Run 20 time 0.001814842
Run 21 time 0.001982927
Run 22 time 0.002018929
Run 23 time 0.001558065
Run 24 time 0.001127958
Run 25 time 0.001429081
Run 26 time 0.001289845
Run 27 time 0.000973940
Run 28 time 0.001049995
Run 29 time 0.001163960
Run 30 time 0.000822067
Run 31 time 0.001328230
Run 32 time 0.001595974
Run 33 time 0.001662016
Run 34 time 0.001655102
Run 35 time 0.001838207
Run 36 time 0.001956940
Run 37 time 0.001135111
Run 38 time 0.001383066
Run 39 time 0.001503944
Run 40 time 0.001625061
Run 41 time 0.000911951
Run 42 time 0.000853062
Run 43 time 0.001111031
Run 44 time 0.001085997
Run 45 time 0.000964165
Run 46 time 0.001466036
Run 47 time 0.002279997
Run 48 time 0.001423836
Run 49 time 0.001218081
Run 50 time 0.001576900
Run 51 time 0.001847029
Run 52 time 0.001631975
Run 53 time 0.001306057
Run 54 time 0.001607180
Run 55 time 0.001368999
Run 56 time 0.001147032
Run 57 time 0.001312017
Run 58 time 0.001449823
Run 59 time 0.001430035
Run 60 time 0.001134872
Run 61 time 0.001763105
Run 62 time 0.001652002
Run 63 time 0.001561165
Run 64 time 0.001259089
Run 65 time 0.001284122
Run 66 time 0.001284838
Run 67 time 0.001252174
Run 68 time 0.001673937
Run 69 time 0.000983000
Run 70 time 0.001432896
Run 71 time 0.002737045
Run 72 time 0.001608133
Run 73 time 0.001244068
Run 74 time 0.001100063
Run 75 time 0.001437902
Run 76 time 0.001367092
Run 77 time 0.001266956
Run 78 time 0.000906944
Run 79 time 0.001370907
Run 80 time 0.001132011
Run 81 time 0.001286030
Run 82 time 0.001334190
Run 83 time 0.001848936
Run 84 time 0.001629829
Run 85 time 0.001506090
Run 86 time 0.002476931
Run 87 time 0.001486063
Run 88 time 0.001384020
Run 89 time 0.001456022
Run 90 time 0.001299858
Run 91 time 0.001069069
Run 92 time 0.001081944
Run 93 time 0.001492023
Run 94 time 0.001042843
Run 95 time 0.001245975
Run 96 time 0.001172066
Run 97 time 0.000782967
Run 98 time 0.001667023
Run 99 time 0.001338959
Run 100 time 0.001632929
MPI_BCAST 127 1048576
Run 1 time 0.016478062
Run 2 time 0.001340866
Run 3 time 0.001317024
Run 4 time 0.001307964
Run 5 time 0.001380920
Run 6 time 0.001664877
Run 7 time 0.003416061
Run 8 time 0.002301931
Run 9 time 0.001367092
Run 10 time 0.001389027
Run 11 time 0.001379967
Run 12 time 0.001317024
Run 13 time 0.001376867
Run 14 time 0.001389027
Run 15 time 0.001411915
Run 16 time 0.001406193
Run 17 time 0.001334906
Run 18 time 0.001415968
Run 19 time 0.001315117
Run 20 time 0.001274109
Run 21 time 0.001334906
Run 22 time 0.001317978
Run 23 time 0.001283169
Run 24 time 0.001333952
Run 25 time 0.001384974
Run 26 time 0.001798153
Run 27 time 0.001607895
Run 28 time 0.001386166
Run 29 time 0.001399040
Run 30 time 0.001341105
Run 31 time 0.001669884
Run 32 time 0.005113125
Run 33 time 0.001296997
Run 34 time 0.001389027
Run 35 time 0.001302004
Run 36 time 0.001302958
Run 37 time 0.001308918
Run 38 time 0.001380920
Run 39 time 0.001340151
Run 40 time 0.001363039
Run 41 time 0.001337051
Run 42 time 0.001363993
Run 43 time 0.001441002
Run 44 time 0.001367807
Run 45 time 0.001383781
Run 46 time 0.001329899
Run 47 time 0.001553059
Run 48 time 0.001364946
Run 49 time 0.001390934
Run 50 time 0.001302004
Run 51 time 0.001318932
Run 52 time 0.001343966
Run 53 time 0.001276016
Run 54 time 0.001443148
Run 55 time 0.001426935
Run 56 time 0.001739979
Run 57 time 0.001495123
Run 58 time 0.001331091
Run 59 time 0.001296043
Run 60 time 0.001477957
Run 61 time 0.001528978
Run 62 time 0.001475096
Run 63 time 0.002290010
Run 64 time 0.001412153
Run 65 time 0.001710892
Run 66 time 0.002216101
Run 67 time 0.002533913
Run 68 time 0.001707077
Run 69 time 0.001286983
Run 70 time 0.001297951
Run 71 time 0.001348019
Run 72 time 0.001352072
Run 73 time 0.001342058
Run 74 time 0.001290083
Run 75 time 0.001397848
Run 76 time 0.001548052
Run 77 time 0.001332045
Run 78 time 0.001277924
Run 79 time 0.001314163
Run 80 time 0.001294136
Run 81 time 0.001309156
Run 82 time 0.001397133
Run 83 time 0.001395941
Run 84 time 0.001413107
Run 85 time 0.001281977
Run 86 time 0.001415968
Run 87 time 0.001320124
Run 88 time 0.001307964
Run 89 time 0.001332998
Run 90 time 0.001338005
Run 91 time 0.001372099
Run 92 time 0.001312017
Run 93 time 0.001368999
Run 94 time 0.001331091
Run 95 time 0.001412153
Run 96 time 0.001353979
Run 97 time 0.001367807
Run 98 time 0.001353979
Run 99 time 0.001375198
Run 100 time 0.001541853
bintree 127 1048576 8
Run 1 time 0.046672106
Run 2 time 0.000995874
Run 3 time 0.001633167
Run 4 time 0.001206875
Run 5 time 0.001549959
Run 6 time 0.001039982
Run 7 time 0.001131058
Run 8 time 0.001368999
Run 9 time 0.001024008
Run 10 time 0.001199007
Run 11 time 0.001023769
Run 12 time 0.000997066
Run 13 time 0.001106024
Run 14 time 0.001061201
Run 15 time 0.001265049
Run 16 time 0.001101017
Run 17 time 0.001085043
Run 18 time 0.001107931
Run 19 time 0.001044989
Run 20 time 0.000993013
Run 21 time 0.001034975
Run 22 time 0.000958204
Run 23 time 0.001971960
Run 24 time 0.001059055
Run 25 time 0.000952959
Run 26 time 0.001078844
Run 27 time 0.001142025
Run 28 time 0.000962019
Run 29 time 0.001012802
Run 30 time 0.000956059
Run 31 time 0.001350164
Run 32 time 0.000972033
Run 33 time 0.001046896
Run 34 time 0.000948191
Run 35 time 0.001104116
Run 36 time 0.001024961
Run 37 time 0.001243830
Run 38 time 0.001094103
Run 39 time 0.000941038
Run 40 time 0.001111031
Run 41 time 0.001272917
Run 42 time 0.001265049
Run 43 time 0.001031876
Run 44 time 0.000980139
Run 45 time 0.001083851
Run 46 time 0.001055956
Run 47 time 0.000972986
Run 48 time 0.001024961
Run 49 time 0.001002073
Run 50 time 0.001148939
Run 51 time 0.001201868
Run 52 time 0.000971079
Run 53 time 0.001076937
Run 54 time 0.001172066
Run 55 time 0.001006126
Run 56 time 0.001221895
Run 57 time 0.001066923
Run 58 time 0.001137972
Run 59 time 0.000924826
Run 60 time 0.000933170
Run 61 time 0.001029015
Run 62 time 0.000994921
Run 63 time 0.000952959
Run 64 time 0.001013994
Run 65 time 0.000953913
Run 66 time 0.000941038
Run 67 time 0.000963211
Run 68 time 0.000972033
Run 69 time 0.000932932
Run 70 time 0.000982046
Run 71 time 0.000991106
Run 72 time 0.001007080
Run 73 time 0.001029015
Run 74 time 0.001254082
Run 75 time 0.000950098
Run 76 time 0.000941992
Run 77 time 0.001069069
Run 78 time 0.000977039
Run 79 time 0.001087189
Run 80 time 0.000980854
Run 81 time 0.000892878
Run 82 time 0.000998974
Run 83 time 0.001028061
Run 84 time 0.001008987
Run 85 time 0.001129150
Run 86 time 0.000944138
Run 87 time 0.001194000
Run 88 time 0.001169920
Run 89 time 0.001441956
Run 90 time 0.001049042
Run 91 time 0.001060009
Run 92 time 0.001142025
Run 93 time 0.001014948
Run 94 time 0.001132965
Run 95 time 0.001048803
Run 96 time 0.001044989
Run 97 time 0.001042128
Run 98 time 0.001004219
Run 99 time 0.000936985
Run 100 time 0.001231909
bin2tree 127 1048576 8
Run 1 time 0.031522036
Run 2 time 0.000843048
Run 3 time 0.000859022
Run 4 time 0.001047850
Run 5 time 0.000834942
Run 6 time 0.000867844
Run 7 time 0.000792027
Run 8 time 0.001102924
Run 9 time 0.000854015
Run 10 time 0.000803947
Run 11 time 0.000775099
Run 12 time 0.000823021
Run 13 time 0.000931025
Run 14 time 0.000863075
Run 15 time 0.000974894
Run 16 time 0.000787973
Run 17 time 0.000916004
Run 18 time 0.000811100
Run 19 time 0.000808954
Run 20 time 0.000805140
Run 21 time 0.000863075
Run 22 time 0.000828981
Run 23 time 0.000919104
Run 24 time 0.000870943
Run 25 time 0.000956059
Run 26 time 0.000929117
Run 27 time 0.000900030
Run 28 time 0.000996113
Run 29 time 0.001023054
Run 30 time 0.000874996
Run 31 time 0.000932932
Run 32 time 0.000849009
Run 33 time 0.000839949
Run 34 time 0.000812054
Run 35 time 0.000869036
Run 36 time 0.000772953
Run 37 time 0.000811100
Run 38 time 0.001167059
Run 39 time 0.000823975
Run 40 time 0.000814915
Run 41 time 0.000873089
Run 42 time 0.000884056
Run 43 time 0.000952005
Run 44 time 0.000779152
Run 45 time 0.000928164
Run 46 time 0.000864029
Run 47 time 0.000784159
Run 48 time 0.000893116
Run 49 time 0.000890970
Run 50 time 0.000844002
Run 51 time 0.000799179
Run 52 time 0.000880957
Run 53 time 0.000920057
Run 54 time 0.000750065
Run 55 time 0.000846863
Run 56 time 0.000828981
Run 57 time 0.000914097
Run 58 time 0.000793934
Run 59 time 0.000813007
Run 60 time 0.000849962
Run 61 time 0.000760078
Run 62 time 0.000869989
Run 63 time 0.000853062
Run 64 time 0.000884056
Run 65 time 0.000784874
Run 66 time 0.000817060
Run 67 time 0.000704050
Run 68 time 0.000880003
Run 69 time 0.000984192
Run 70 time 0.000844955
Run 71 time 0.000858068
Run 72 time 0.000813961
Run 73 time 0.000905037
Run 74 time 0.000812054
Run 75 time 0.000812054
Run 76 time 0.000829935
Run 77 time 0.000934124
Run 78 time 0.000878096
Run 79 time 0.000755072
Run 80 time 0.000870943
Run 81 time 0.000827074
Run 82 time 0.000818014
Run 83 time 0.001183033
Run 84 time 0.000895023
Run 85 time 0.000900030
Run 86 time 0.000826120
Run 87 time 0.000885010
Run 88 time 0.000821114
Run 89 time 0.000931978
Run 90 time 0.000834942
Run 91 time 0.000765085
Run 92 time 0.000902891
Run 93 time 0.000809908
Run 94 time 0.000783920
Run 95 time 0.001186132
Run 96 time 0.001075983
Run 97 time 0.000782967
Run 98 time 0.000946999
Run 99 time 0.000765085
Run 100 time 0.000828981
2TreeBdcast 127 1048576 8
Tree Construction time = 0.000083923
Tree Coloring time = 0.000019073
Run 1 time 0.027896881
Run 2 time 0.000845909
Run 3 time 0.000670910
Run 4 time 0.000612020
Run 5 time 0.000886917
Run 6 time 0.000725031
Run 7 time 0.000602961
Run 8 time 0.000679970
Run 9 time 0.001029015
Run 10 time 0.001235008
Run 11 time 0.000844002
Run 12 time 0.000705957
Run 13 time 0.000890017
Run 14 time 0.000873089
Run 15 time 0.001131058
Run 16 time 0.001201153
Run 17 time 0.001497030
Run 18 time 0.001100063
Run 19 time 0.000900984
Run 20 time 0.000920057
Run 21 time 0.000894070
Run 22 time 0.000978947
Run 23 time 0.000911951
Run 24 time 0.000849009
Run 25 time 0.000903845
Run 26 time 0.000735998
Run 27 time 0.000725031
Run 28 time 0.000734091
Run 29 time 0.000749111
Run 30 time 0.000788927
Run 31 time 0.000653982
Run 32 time 0.000700951
Run 33 time 0.000779152
Run 34 time 0.000833988
Run 35 time 0.000735044
Run 36 time 0.000749826
Run 37 time 0.001596928
Run 38 time 0.001682043
Run 39 time 0.001152039
Run 40 time 0.000838041
Run 41 time 0.000864029
Run 42 time 0.001194000
Run 43 time 0.001184940
Run 44 time 0.000763893
Run 45 time 0.001082897
Run 46 time 0.000569105
Run 47 time 0.000893831
Run 48 time 0.000674009
Run 49 time 0.001133919
Run 50 time 0.000653028
Run 51 time 0.000778913
Run 52 time 0.000761986
Run 53 time 0.001036882
Run 54 time 0.000707150
Run 55 time 0.000772953
Run 56 time 0.000793934
Run 57 time 0.001832008
Run 58 time 0.001935005
Run 59 time 0.000823975
Run 60 time 0.000890017
Run 61 time 0.001113176
Run 62 time 0.000876904
Run 63 time 0.000791073
Run 64 time 0.000931025
Run 65 time 0.000782013
Run 66 time 0.000820875
Run 67 time 0.001121998
Run 68 time 0.000909090
Run 69 time 0.000819921
Run 70 time 0.001505136
Run 71 time 0.000883102
Run 72 time 0.001204967
Run 73 time 0.001084089
Run 74 time 0.001161098
Run 75 time 0.001967907
Run 76 time 0.001301050
Run 77 time 0.001435995
Run 78 time 0.001361847
Run 79 time 0.000867128
Run 80 time 0.001435995
Run 81 time 0.000998020
Run 82 time 0.001002073
Run 83 time 0.001148939
Run 84 time 0.001120806
Run 85 time 0.001096010
Run 86 time 0.001032114
Run 87 time 0.001373053
Run 88 time 0.000943899
Run 89 time 0.000870943
Run 90 time 0.000901937
Run 91 time 0.000959158
Run 92 time 0.001162052
Run 93 time 0.001067877
Run 94 time 0.001064062
Run 95 time 0.001054049
Run 96 time 0.001697063
Run 97 time 0.001085043
Run 98 time 0.001147032
Run 99 time 0.001295090
Run 100 time 0.000874996
bintree 127 1048576 15
Run 1 time 0.028822899
Run 2 time 0.001121998
Run 3 time 0.000837088
Run 4 time 0.000905991
Run 5 time 0.000934839
Run 6 time 0.000916958
Run 7 time 0.000989914
Run 8 time 0.000935078
Run 9 time 0.000817060
Run 10 time 0.000973940
Run 11 time 0.001338005
Run 12 time 0.000748873
Run 13 time 0.000931978
Run 14 time 0.001095057
Run 15 time 0.000910997
Run 16 time 0.000768185
Run 17 time 0.000831127
Run 18 time 0.001110077
Run 19 time 0.000913858
Run 20 time 0.000898838
Run 21 time 0.000864983
Run 22 time 0.000957966
Run 23 time 0.000851870
Run 24 time 0.000808954
Run 25 time 0.000944138
Run 26 time 0.000919819
Run 27 time 0.000981092
Run 28 time 0.001060009
Run 29 time 0.001015902
Run 30 time 0.000872850
Run 31 time 0.000888109
Run 32 time 0.000840187
Run 33 time 0.001442194
Run 34 time 0.000828028
Run 35 time 0.000877142
Run 36 time 0.000897884
Run 37 time 0.000782967
Run 38 time 0.000861168
Run 39 time 0.000856161
Run 40 time 0.000942230
Run 41 time 0.000962973
Run 42 time 0.000937939
Run 43 time 0.000794172
Run 44 time 0.000821114
Run 45 time 0.000965834
Run 46 time 0.000897884
Run 47 time 0.000895023
Run 48 time 0.000812054
Run 49 time 0.001028061
Run 50 time 0.000945091
Run 51 time 0.000855923
Run 52 time 0.001082897
Run 53 time 0.001093864
Run 54 time 0.001271009
Run 55 time 0.000963211
Run 56 time 0.000937939
Run 57 time 0.000925779
Run 58 time 0.000781059
Run 59 time 0.001277924
Run 60 time 0.001130819
Run 61 time 0.000935078
Run 62 time 0.001068115
Run 63 time 0.000909090
Run 64 time 0.001025915
Run 65 time 0.000798941
Run 66 time 0.000802994
Run 67 time 0.000801086
Run 68 time 0.001078129
Run 69 time 0.000800133
Run 70 time 0.000863075
Run 71 time 0.000854015
Run 72 time 0.001343012
Run 73 time 0.000869036
Run 74 time 0.000776052
Run 75 time 0.001306057
Run 76 time 0.001156807
Run 77 time 0.000838041
Run 78 time 0.000914097
Run 79 time 0.000974894
Run 80 time 0.000998020
Run 81 time 0.000863791
Run 82 time 0.000939131
Run 83 time 0.001042128
Run 84 time 0.000844002
Run 85 time 0.000818014
Run 86 time 0.000901937
Run 87 time 0.000934839
Run 88 time 0.000787020
Run 89 time 0.000803947
Run 90 time 0.001016140
Run 91 time 0.000854015
Run 92 time 0.000867128
Run 93 time 0.001025915
Run 94 time 0.001005888
Run 95 time 0.000806093
Run 96 time 0.000898123
Run 97 time 0.000880957
Run 98 time 0.000865936
Run 99 time 0.000788927
Run 100 time 0.000998974
bin2tree 127 1048576 15
Run 1 time 0.027047873
Run 2 time 0.001093864
Run 3 time 0.001054049
Run 4 time 0.000815153
Run 5 time 0.000905991
Run 6 time 0.000978947
Run 7 time 0.000799894
Run 8 time 0.000814915
Run 9 time 0.000926971
Run 10 time 0.000739098
Run 11 time 0.000822067
Run 12 time 0.000881910
Run 13 time 0.000746012
Run 14 time 0.001543999
Run 15 time 0.004070997
Run 16 time 0.000850916
Run 17 time 0.000805140
Run 18 time 0.000827074
Run 19 time 0.001014948
Run 20 time 0.000980854
Run 21 time 0.000741959
Run 22 time 0.000851870
Run 23 time 0.000854015
Run 24 time 0.000836134
Run 25 time 0.000912905
Run 26 time 0.001115084
Run 27 time 0.000941992
Run 28 time 0.000873089
Run 29 time 0.000844955
Run 30 time 0.000807047
Run 31 time 0.000824928
Run 32 time 0.000877142
Run 33 time 0.000751019
Run 34 time 0.004231215
Run 35 time 0.001538992
Run 36 time 0.000978947
Run 37 time 0.000859976
Run 38 time 0.000810146
Run 39 time 0.000767946
Run 40 time 0.000942945
Run 41 time 0.000758171
Run 42 time 0.000846148
Run 43 time 0.001006842
Run 44 time 0.001004934
Run 45 time 0.000916004
Run 46 time 0.000915051
Run 47 time 0.000910044
Run 48 time 0.000879049
Run 49 time 0.000810146
Run 50 time 0.000868082
Run 51 time 0.000882864
Run 52 time 0.000809193
Run 53 time 0.004904032
Run 54 time 0.001237154
Run 55 time 0.000762939
Run 56 time 0.000836134
Run 57 time 0.000801086
Run 58 time 0.000824928
Run 59 time 0.000815153
Run 60 time 0.000863075
Run 61 time 0.000935078
Run 62 time 0.000914097
Run 63 time 0.000890970
Run 64 time 0.000823975
Run 65 time 0.000792980
Run 66 time 0.000823021
Run 67 time 0.000815868
Run 68 time 0.000812054
Run 69 time 0.000807047
Run 70 time 0.000819921
Run 71 time 0.000788927
Run 72 time 0.000941992
Run 73 time 0.002364159
Run 74 time 0.002501965
Run 75 time 0.000832796
Run 76 time 0.000771999
Run 77 time 0.000969887
Run 78 time 0.000916958
Run 79 time 0.000754833
Run 80 time 0.000735044
Run 81 time 0.000730991
Run 82 time 0.000829935
Run 83 time 0.000994921
Run 84 time 0.000909805
Run 85 time 0.000895023
Run 86 time 0.000796795
Run 87 time 0.001046896
Run 88 time 0.000953913
Run 89 time 0.000791073
Run 90 time 0.000828028
Run 91 time 0.000844002
Run 92 time 0.001445055
Run 93 time 0.005182981
Run 94 time 0.000699043
Run 95 time 0.000807047
Run 96 time 0.000885963
Run 97 time 0.000809908
Run 98 time 0.000940084
Run 99 time 0.000902891
Run 100 time 0.000725985
2TreeBdcast 127 1048576 15
Tree Construction time = 0.000082970
Tree Coloring time = 0.000006914
Run 1 time 0.031914949
Run 2 time 0.011824131
Run 3 time 0.004175186
Run 4 time 0.005546093
Run 5 time 0.005001068
Run 6 time 0.003298044
Run 7 time 0.001279116
Run 8 time 0.001313925
Run 9 time 0.000903845
Run 10 time 0.000893116
Run 11 time 0.001226187
Run 12 time 0.001183033
Run 13 time 0.001281977
Run 14 time 0.000996113
Run 15 time 0.001259089
Run 16 time 0.001240015
Run 17 time 0.001568794
Run 18 time 0.001692057
Run 19 time 0.001689911
Run 20 time 0.001355886
Run 21 time 0.001199007
Run 22 time 0.001214027
Run 23 time 0.001175165
Run 24 time 0.001102924
Run 25 time 0.000970125
Run 26 time 0.001031160
Run 27 time 0.001133919
Run 28 time 0.001242876
Run 29 time 0.001135826
Run 30 time 0.000949144
Run 31 time 0.001667023
Run 32 time 0.001868963
Run 33 time 0.001718998
Run 34 time 0.001486063
Run 35 time 0.001554012
Run 36 time 0.001169920
Run 37 time 0.001496077
Run 38 time 0.001094818
Run 39 time 0.000913858
Run 40 time 0.000823975
Run 41 time 0.001159906
Run 42 time 0.001155138
Run 43 time 0.001201868
Run 44 time 0.001286983
Run 45 time 0.000945091
Run 46 time 0.001353025
Run 47 time 0.001878977
Run 48 time 0.001585007
Run 49 time 0.002636909
Run 50 time 0.005060911
Run 51 time 0.005306005
Run 52 time 0.001329899
Run 53 time 0.001945972
Run 54 time 0.001867056
Run 55 time 0.001765013
Run 56 time 0.001955986
Run 57 time 0.001585007
Run 58 time 0.001336098
Run 59 time 0.001609087
Run 60 time 0.001056910
Run 61 time 0.001184940
Run 62 time 0.001935959
Run 63 time 0.001806974
Run 64 time 0.001226902
Run 65 time 0.001255989
Run 66 time 0.001438856
Run 67 time 0.001266003
Run 68 time 0.001358032
Run 69 time 0.001312017
Run 70 time 0.001214027
Run 71 time 0.001773119
Run 72 time 0.002341986
Run 73 time 0.001589060
Run 74 time 0.002239943
Run 75 time 0.001147985
Run 76 time 0.001532078
Run 77 time 0.001203060
Run 78 time 0.001305103
Run 79 time 0.001244068
Run 80 time 0.001417160
Run 81 time 0.001461983
Run 82 time 0.001131058
Run 83 time 0.001639128
Run 84 time 0.001385927
Run 85 time 0.001121044
Run 86 time 0.001287937
Run 87 time 0.001521826
Run 88 time 0.001514912
Run 89 time 0.001570940
Run 90 time 0.001167059
Run 91 time 0.000743866
Run 92 time 0.000555038
Run 93 time 0.000999928
Run 94 time 0.001116037
Run 95 time 0.004532099
Run 96 time 0.003703117
Run 97 time 0.001262188
Run 98 time 0.001198053
Run 99 time 0.001206160
Run 100 time 0.001402140
bintree 127 1048576 21
Run 1 time 0.030736208
Run 2 time 0.000809908
Run 3 time 0.000897884
Run 4 time 0.000931025
Run 5 time 0.000904083
Run 6 time 0.000930071
Run 7 time 0.000846148
Run 8 time 0.000830889
Run 9 time 0.000849009
Run 10 time 0.001085043
Run 11 time 0.000856161
Run 12 time 0.000942230
Run 13 time 0.000862837
Run 14 time 0.001006126
Run 15 time 0.000962019
Run 16 time 0.000880003
Run 17 time 0.000954866
Run 18 time 0.001007080
Run 19 time 0.000900030
Run 20 time 0.001015902
Run 21 time 0.000913143
Run 22 time 0.000908852
Run 23 time 0.000819921
Run 24 time 0.000960827
Run 25 time 0.001152039
Run 26 time 0.001102924
Run 27 time 0.001085997
Run 28 time 0.000973225
Run 29 time 0.001011848
Run 30 time 0.000957966
Run 31 time 0.000882864
Run 32 time 0.000981092
Run 33 time 0.000863075
Run 34 time 0.000782013
Run 35 time 0.000929117
Run 36 time 0.000969887
Run 37 time 0.000902176
Run 38 time 0.000878096
Run 39 time 0.000802994
Run 40 time 0.000904083
Run 41 time 0.000990152
Run 42 time 0.000874043
Run 43 time 0.001090050
Run 44 time 0.000885010
Run 45 time 0.001287937
Run 46 time 0.000844002
Run 47 time 0.000907898
Run 48 time 0.000859976
Run 49 time 0.000853062
Run 50 time 0.001063108
Run 51 time 0.000897169
Run 52 time 0.001085043
Run 53 time 0.000940084
Run 54 time 0.000886917
Run 55 time 0.000826836
Run 56 time 0.000882864
Run 57 time 0.000887871
Run 58 time 0.000982046
Run 59 time 0.001097918
Run 60 time 0.000955105
Run 61 time 0.001095057
Run 62 time 0.000991106
Run 63 time 0.000993967
Run 64 time 0.001178026
Run 65 time 0.001214027
Run 66 time 0.001177073
Run 67 time 0.000984907
Run 68 time 0.001065969
Run 69 time 0.001053095
Run 70 time 0.001220942
Run 71 time 0.000953197
Run 72 time 0.001071930
Run 73 time 0.001094818
Run 74 time 0.000893831
Run 75 time 0.000865936
Run 76 time 0.000936031
Run 77 time 0.001030922
Run 78 time 0.000957966
Run 79 time 0.000914812
Run 80 time 0.000847101
Run 81 time 0.000931025
Run 82 time 0.000936985
Run 83 time 0.001121998
Run 84 time 0.001304865
Run 85 time 0.000919104
Run 86 time 0.000965834
Run 87 time 0.000916958
Run 88 time 0.000910044
Run 89 time 0.000944853
Run 90 time 0.000910044
Run 91 time 0.001358032
Run 92 time 0.000885010
Run 93 time 0.001147032
Run 94 time 0.001049042
Run 95 time 0.000871181
Run 96 time 0.001177073
Run 97 time 0.001093864
Run 98 time 0.000936031
Run 99 time 0.001029015
Run 100 time 0.001102924
bin2tree 127 1048576 21
Run 1 time 0.051393032
Run 2 time 0.000871897
Run 3 time 0.000694036
Run 4 time 0.000737906
Run 5 time 0.000700951
Run 6 time 0.000591993
Run 7 time 0.000612974
Run 8 time 0.000643969
Run 9 time 0.000637054
Run 10 time 0.000609875
Run 11 time 0.000663042
Run 12 time 0.001039982
Run 13 time 0.000777960
Run 14 time 0.000725031
Run 15 time 0.000797033
Run 16 time 0.000839949
Run 17 time 0.000663042
Run 18 time 0.000646830
Run 19 time 0.000792980
Run 20 time 0.000928164
Run 21 time 0.000993967
Run 22 time 0.001096010
Run 23 time 0.000694036
Run 24 time 0.001177073
Run 25 time 0.001233101
Run 26 time 0.001640081
Run 27 time 0.003082991
Run 28 time 0.001938105
Run 29 time 0.000858068
Run 30 time 0.000863791
Run 31 time 0.000828028
Run 32 time 0.000701904
Run 33 time 0.000663996
Run 34 time 0.000797987
Run 35 time 0.000842094
Run 36 time 0.000708818
Run 37 time 0.000651836
Run 38 time 0.000805855
Run 39 time 0.000752926
Run 40 time 0.000807047
Run 41 time 0.000708103
Run 42 time 0.000811100
Run 43 time 0.000799894
Run 44 time 0.000989199
Run 45 time 0.000741005
Run 46 time 0.000689983
Run 47 time 0.000705957
Run 48 time 0.001230955
Run 49 time 0.000676870
Run 50 time 0.000638008
Run 51 time 0.000684023
Run 52 time 0.000649929
Run 53 time 0.000785828
Run 54 time 0.000671148
Run 55 time 0.000675917
Run 56 time 0.000799894
Run 57 time 0.000685930
Run 58 time 0.000673056
Run 59 time 0.000636101
Run 60 time 0.000705004
Run 61 time 0.000612974
Run 62 time 0.000746965
Run 63 time 0.000715017
Run 64 time 0.000756025
Run 65 time 0.000651121
Run 66 time 0.000787020
Run 67 time 0.000730038
Run 68 time 0.000747919
Run 69 time 0.000900030
Run 70 time 0.000765800
Run 71 time 0.000761032
Run 72 time 0.000882149
Run 73 time 0.000724077
Run 74 time 0.000940084
Run 75 time 0.000738144
Run 76 time 0.000710011
Run 77 time 0.000720024
Run 78 time 0.000794172
Run 79 time 0.000751972
Run 80 time 0.000849009
Run 81 time 0.001148939
Run 82 time 0.000712156
Run 83 time 0.000683069
Run 84 time 0.000753164
Run 85 time 0.000817060
Run 86 time 0.000809908
Run 87 time 0.000765085
Run 88 time 0.000847101
Run 89 time 0.001240969
Run 90 time 0.000763178
Run 91 time 0.000686884
Run 92 time 0.000997066
Run 93 time 0.000839949
Run 94 time 0.000729084
Run 95 time 0.000929117
Run 96 time 0.000694990
Run 97 time 0.000650883
Run 98 time 0.000694990
Run 99 time 0.000730991
Run 100 time 0.000607014
2TreeBdcast 127 1048576 21
Tree Construction time = 0.000083923
Tree Coloring time = 0.000019073
Run 1 time 0.024747849
Run 2 time 0.001096964
Run 3 time 0.001344919
Run 4 time 0.001732111
Run 5 time 0.001725197
Run 6 time 0.001359940
Run 7 time 0.001869202
Run 8 time 0.001466990
Run 9 time 0.001228094
Run 10 time 0.001090050
Run 11 time 0.001152992
Run 12 time 0.001180887
Run 13 time 0.001542807
Run 14 time 0.001458168
Run 15 time 0.001416922
Run 16 time 0.001101017
Run 17 time 0.001595974
Run 18 time 0.001386166
Run 19 time 0.001547098
Run 20 time 0.001540899
Run 21 time 0.001453161
Run 22 time 0.001405001
Run 23 time 0.001692057
Run 24 time 0.001628160
Run 25 time 0.001535177
Run 26 time 0.001565933
Run 27 time 0.001471996
Run 28 time 0.001669884
Run 29 time 0.001779079
Run 30 time 0.002022028
Run 31 time 0.001819849
Run 32 time 0.001657963
Run 33 time 0.001365900
Run 34 time 0.001251936
Run 35 time 0.001286030
Run 36 time 0.001413822
Run 37 time 0.001248121
Run 38 time 0.001869917
Run 39 time 0.001353025
Run 40 time 0.001552105
Run 41 time 0.001553059
Run 42 time 0.001242161
Run 43 time 0.001596928
Run 44 time 0.001492023
Run 45 time 0.001442194
Run 46 time 0.001619101
Run 47 time 0.001519203
Run 48 time 0.001583099
Run 49 time 0.001108170
Run 50 time 0.001592159
Run 51 time 0.001368046
Run 52 time 0.001259089
Run 53 time 0.001864195
Run 54 time 0.001197815
Run 55 time 0.001455069
Run 56 time 0.001749039
Run 57 time 0.001498938
Run 58 time 0.001046896
Run 59 time 0.001715899
Run 60 time 0.001597166
Run 61 time 0.001345873
Run 62 time 0.001471996
Run 63 time 0.001363993
Run 64 time 0.001405001
Run 65 time 0.001384974
Run 66 time 0.001370907
Run 67 time 0.001594782
Run 68 time 0.001375198
Run 69 time 0.001610041
Run 70 time 0.001286983
Run 71 time 0.001465082
Run 72 time 0.001504898
Run 73 time 0.001415968
Run 74 time 0.001460075
Run 75 time 0.001100063
Run 76 time 0.001343012
Run 77 time 0.001307011
Run 78 time 0.001343012
Run 79 time 0.001218081
Run 80 time 0.001177073
Run 81 time 0.001922131
Run 82 time 0.001420021
Run 83 time 0.001753092
Run 84 time 0.001126051
Run 85 time 0.001412868
Run 86 time 0.001399040
Run 87 time 0.001723051
Run 88 time 0.001310110
Run 89 time 0.001065969
Run 90 time 0.002197981
Run 91 time 0.001857996
Run 92 time 0.001643896
Run 93 time 0.001339912
Run 94 time 0.001644850
Run 95 time 0.001608133
Run 96 time 0.001303911
Run 97 time 0.001034021
Run 98 time 0.001379967
Run 99 time 0.001399994
Run 100 time 0.001549006
MPI_BCAST 128 1048576
Run 1 time 0.016889811
Run 2 time 0.001518965
Run 3 time 0.001420021
Run 4 time 0.001466036
Run 5 time 0.001444101
Run 6 time 0.001401901
Run 7 time 0.001512051
Run 8 time 0.001491070
Run 9 time 0.001410007
Run 10 time 0.001438141
Run 11 time 0.001417875
Run 12 time 0.001428127
Run 13 time 0.001409054
Run 14 time 0.001477957
Run 15 time 0.001391888
Run 16 time 0.001384020
Run 17 time 0.001385927
Run 18 time 0.001390934
Run 19 time 0.001390934
Run 20 time 0.001386166
Run 21 time 0.001943111
Run 22 time 0.001391888
Run 23 time 0.001424074
Run 24 time 0.001444817
Run 25 time 0.001514912
Run 26 time 0.001427889
Run 27 time 0.001435995
Run 28 time 0.001564026
Run 29 time 0.001392841
Run 30 time 0.001395941
Run 31 time 0.001435995
Run 32 time 0.001769066
Run 33 time 0.001471996
Run 34 time 0.001559019
Run 35 time 0.001451015
Run 36 time 0.001430035
Run 37 time 0.001487970
Run 38 time 0.001431942
Run 39 time 0.001383066
Run 40 time 0.001397848
Run 41 time 0.001441956
Run 42 time 0.001581907
Run 43 time 0.001491070
Run 44 time 0.001410007
Run 45 time 0.001477003
Run 46 time 0.001525164
Run 47 time 0.001710176
Run 48 time 0.001323938
Run 49 time 0.001487970
Run 50 time 0.001394987
Run 51 time 0.001422882
Run 52 time 0.001430035
Run 53 time 0.001560926
Run 54 time 0.001543999
Run 55 time 0.001661062
Run 56 time 0.001458168
Run 57 time 0.001543999
Run 58 time 0.001486063
Run 59 time 0.001534939
Run 60 time 0.001531124
Run 61 time 0.001451015
Run 62 time 0.001477003
Run 63 time 0.001534224
Run 64 time 0.001387835
Run 65 time 0.001386881
Run 66 time 0.001423836
Run 67 time 0.001517057
Run 68 time 0.001471043
Run 69 time 0.001521826
Run 70 time 0.001554966
Run 71 time 0.001554966
Run 72 time 0.001424074
Run 73 time 0.001420975
Run 74 time 0.001469135
Run 75 time 0.001518965
Run 76 time 0.001482010
Run 77 time 0.001435041
Run 78 time 0.001413107
Run 79 time 0.001487970
Run 80 time 0.001382828
Run 81 time 0.001456022
Run 82 time 0.001419067
Run 83 time 0.001554966
Run 84 time 0.001440048
Run 85 time 0.001622915
Run 86 time 0.001382113
Run 87 time 0.001402140
Run 88 time 0.001513004
Run 89 time 0.001474857
Run 90 time 0.001555920
Run 91 time 0.001605988
Run 92 time 0.001616001
Run 93 time 0.001554012
Run 94 time 0.001446962
Run 95 time 0.001527071
Run 96 time 0.001507044
Run 97 time 0.001453161
Run 98 time 0.001557112
Run 99 time 0.001632929
Run 100 time 0.001667976
bintree 128 1048576 8
Run 1 time 0.040503979
Run 2 time 0.000970840
Run 3 time 0.001122952
Run 4 time 0.001267910
Run 5 time 0.001137972
Run 6 time 0.001117945
Run 7 time 0.001067162
Run 8 time 0.000973940
Run 9 time 0.000975132
Run 10 time 0.000983000
Run 11 time 0.000959873
Run 12 time 0.001046896
Run 13 time 0.000895977
Run 14 time 0.001006842
Run 15 time 0.000985146
Run 16 time 0.000981808
Run 17 time 0.000959158
Run 18 time 0.000926971
Run 19 time 0.000988007
Run 20 time 0.001196146
Run 21 time 0.000998020
Run 22 time 0.001163960
Run 23 time 0.000992060
Run 24 time 0.001152039
Run 25 time 0.001644135
Run 26 time 0.000978947
Run 27 time 0.001099825
Run 28 time 0.001005173
Run 29 time 0.001013994
Run 30 time 0.000993013
Run 31 time 0.001113892
Run 32 time 0.001034021
Run 33 time 0.001011133
Run 34 time 0.000957012
Run 35 time 0.001032829
Run 36 time 0.000950098
Run 37 time 0.000945091
Run 38 time 0.001044035
Run 39 time 0.001122952
Run 40 time 0.001106024
Run 41 time 0.001010895
Run 42 time 0.001180172
Run 43 time 0.001401901
Run 44 time 0.001398087
Run 45 time 0.001085997
Run 46 time 0.001106977
Run 47 time 0.000978947
Run 48 time 0.001027107
Run 49 time 0.000957966
Run 50 time 0.001065969
Run 51 time 0.001003027
Run 52 time 0.000972986
Run 53 time 0.000926971
Run 54 time 0.001010180
Run 55 time 0.001111984
Run 56 time 0.000957012
Run 57 time 0.001006126
Run 58 time 0.001208067
Run 59 time 0.001039028
Run 60 time 0.001078844
Run 61 time 0.001023054
Run 62 time 0.000989914
Run 63 time 0.001049995
Run 64 time 0.001084089
Run 65 time 0.001008034
Run 66 time 0.000955105
Run 67 time 0.001058817
Run 68 time 0.001005888
Run 69 time 0.001073122
Run 70 time 0.001035929
Run 71 time 0.001055956
Run 72 time 0.001158953
Run 73 time 0.001122952
Run 74 time 0.001003981
Run 75 time 0.001161814
Run 76 time 0.000972986
Run 77 time 0.000945091
Run 78 time 0.000985146
Run 79 time 0.001632929
Run 80 time 0.001060009
Run 81 time 0.000975132
Run 82 time 0.001040936
Run 83 time 0.001290083
Run 84 time 0.001128197
Run 85 time 0.001064777
Run 86 time 0.000937939
Run 87 time 0.001019001
Run 88 time 0.000952959
Run 89 time 0.001044035
Run 90 time 0.001068115
Run 91 time 0.001091957
Run 92 time 0.000952005
Run 93 time 0.001019001
Run 94 time 0.001003027
Run 95 time 0.001661062
Run 96 time 0.001023054
Run 97 time 0.001389980
Run 98 time 0.001137018
Run 99 time 0.001173973
Run 100 time 0.001053095
bin2tree 128 1048576 8
Run 1 time 0.028028011
Run 2 time 0.000776052
Run 3 time 0.000896931
Run 4 time 0.000803947
Run 5 time 0.000788927
Run 6 time 0.000936031
Run 7 time 0.000988007
Run 8 time 0.000766039
Run 9 time 0.000995874
Run 10 time 0.000787020
Run 11 time 0.000872850
Run 12 time 0.000826120
Run 13 time 0.000937939
Run 14 time 0.000845909
Run 15 time 0.000813961
Run 16 time 0.000821829
Run 17 time 0.000844955
Run 18 time 0.000809908
Run 19 time 0.000787973
Run 20 time 0.000734091
Run 21 time 0.000852823
Run 22 time 0.000861883
Run 23 time 0.000820875
Run 24 time 0.000767946
Run 25 time 0.000738144
Run 26 time 0.000789881
Run 27 time 0.000804186
Run 28 time 0.000754833
Run 29 time 0.000746012
Run 30 time 0.001043081
Run 31 time 0.000800848
Run 32 time 0.000840187
Run 33 time 0.000822067
Run 34 time 0.000788212
Run 35 time 0.000897169
Run 36 time 0.000825882
Run 37 time 0.000766993
Run 38 time 0.000792027
Run 39 time 0.000919819
Run 40 time 0.000985861
Run 41 time 0.000936985
Run 42 time 0.000780106
Run 43 time 0.000801086
Run 44 time 0.000900030
Run 45 time 0.000864983
Run 46 time 0.000802040
Run 47 time 0.000853777
Run 48 time 0.000991106
Run 49 time 0.000784159
Run 50 time 0.000798941
Run 51 time 0.000818014
Run 52 time 0.000890017
Run 53 time 0.000788927
Run 54 time 0.000789165
Run 55 time 0.000965834
Run 56 time 0.000854015
Run 57 time 0.000976086
Run 58 time 0.000787020
Run 59 time 0.000838041
Run 60 time 0.000774145
Run 61 time 0.000828028
Run 62 time 0.000968933
Run 63 time 0.000756979
Run 64 time 0.000870943
Run 65 time 0.000777960
Run 66 time 0.000915051
Run 67 time 0.000813007
Run 68 time 0.000838041
Run 69 time 0.000835896
Run 70 time 0.000883102
Run 71 time 0.000787973
Run 72 time 0.000796080
Run 73 time 0.000858068
Run 74 time 0.000853062
Run 75 time 0.000817060
Run 76 time 0.000886917
Run 77 time 0.000844002
Run 78 time 0.000797033
Run 79 time 0.000864983
Run 80 time 0.000802040
Run 81 time 0.000911951
Run 82 time 0.000832796
Run 83 time 0.000830889
Run 84 time 0.000783205
Run 85 time 0.000832081
Run 86 time 0.000897884
Run 87 time 0.000732899
Run 88 time 0.000848055
Run 89 time 0.000815868
Run 90 time 0.000787020
Run 91 time 0.000874043
Run 92 time 0.001014948
Run 93 time 0.000898838
Run 94 time 0.000900030
Run 95 time 0.000934124
Run 96 time 0.000873089
Run 97 time 0.000823975
Run 98 time 0.000906944
Run 99 time 0.000864983
Run 100 time 0.000943899
2TreeBdcast 128 1048576 8
Tree Construction time = 0.000091076
Tree Coloring time = 0.000008106
Run 1 time 0.024507999
Run 2 time 0.000802994
Run 3 time 0.001006842
Run 4 time 0.000958920
Run 5 time 0.001379013
Run 6 time 0.000973940
Run 7 time 0.000823975
Run 8 time 0.000648022
Run 9 time 0.000824928
Run 10 time 0.000890017
Run 11 time 0.005792141
Run 12 time 0.001309156
Run 13 time 0.001577139
Run 14 time 0.000853062
Run 15 time 0.001142979
Run 16 time 0.000744104
Run 17 time 0.001046896
Run 18 time 0.001193047
Run 19 time 0.001145840
Run 20 time 0.001013994
Run 21 time 0.000946999
Run 22 time 0.000824928
Run 23 time 0.000925064
Run 24 time 0.000735044
Run 25 time 0.000905037
Run 26 time 0.001033783
Run 27 time 0.000806093
Run 28 time 0.000783205
Run 29 time 0.000779152
Run 30 time 0.000893116
Run 31 time 0.001026869
Run 32 time 0.000929117
Run 33 time 0.001333952
Run 34 time 0.001147032
Run 35 time 0.000889063
Run 36 time 0.000910997
Run 37 time 0.006313086
Run 38 time 0.000826120
Run 39 time 0.001068115
Run 40 time 0.000968218
Run 41 time 0.001289845
Run 42 time 0.001013994
Run 43 time 0.000797987
Run 44 time 0.001195908
Run 45 time 0.000733137
Run 46 time 0.005177021
Run 47 time 0.000641108
Run 48 time 0.001140118
Run 49 time 0.001086950
Run 50 time 0.001050949
Run 51 time 0.002169132
Run 52 time 0.001353025
Run 53 time 0.001374960
Run 54 time 0.001235962
Run 55 time 0.003813028
Run 56 time 0.001171112
Run 57 time 0.001013994
Run 58 time 0.000843048
Run 59 time 0.000976086
Run 60 time 0.000806093
Run 61 time 0.001600981
Run 62 time 0.001533031
Run 63 time 0.001218081
Run 64 time 0.001549959
Run 65 time 0.002061844
Run 66 time 0.002030134
Run 67 time 0.002534866
Run 68 time 0.001426935
Run 69 time 0.001694918
Run 70 time 0.001431942
Run 71 time 0.001741171
Run 72 time 0.001091003
Run 73 time 0.001097918
Run 74 time 0.001324177
Run 75 time 0.001127958
Run 76 time 0.000936031
Run 77 time 0.003615141
Run 78 time 0.000636101
Run 79 time 0.000800133
Run 80 time 0.000773907
Run 81 time 0.000844002
Run 82 time 0.001142979
Run 83 time 0.001365900
Run 84 time 0.004079103
Run 85 time 0.001200199
Run 86 time 0.001497030
Run 87 time 0.001611948
Run 88 time 0.001214981
Run 89 time 0.001669884
Run 90 time 0.001868963
Run 91 time 0.001254797
Run 92 time 0.001491070
Run 93 time 0.000800848
Run 94 time 0.000934124
Run 95 time 0.000921965
Run 96 time 0.001308203
Run 97 time 0.001250029
Run 98 time 0.001371861
Run 99 time 0.001828194
Run 100 time 0.001470089
bintree 128 1048576 15
Run 1 time 0.031242132
Run 2 time 0.000908852
Run 3 time 0.000930071
Run 4 time 0.000903130
Run 5 time 0.000927925
Run 6 time 0.001123905
Run 7 time 0.000890970
Run 8 time 0.001003981
Run 9 time 0.000886917
Run 10 time 0.000916958
Run 11 time 0.000900984
Run 12 time 0.000818968
Run 13 time 0.001266956
Run 14 time 0.000905991
Run 15 time 0.000953197
Run 16 time 0.000962019
Run 17 time 0.000957012
Run 18 time 0.000840187
Run 19 time 0.000890017
Run 20 time 0.000925064
Run 21 time 0.000820875
Run 22 time 0.000944138
Run 23 time 0.001162052
Run 24 time 0.000808954
Run 25 time 0.000865221
Run 26 time 0.000799894
Run 27 time 0.001296997
Run 28 time 0.000917912
Run 29 time 0.000786066
Run 30 time 0.000875950
Run 31 time 0.000742912
Run 32 time 0.001201153
Run 33 time 0.001197100
Run 34 time 0.001163006
Run 35 time 0.001492977
Run 36 time 0.001354933
Run 37 time 0.001183033
Run 38 time 0.000943184
Run 39 time 0.000847101
Run 40 time 0.001327991
Run 41 time 0.001145124
Run 42 time 0.001055956
Run 43 time 0.000900984
Run 44 time 0.001069069
Run 45 time 0.000823021
Run 46 time 0.000975847
Run 47 time 0.000905991
Run 48 time 0.001187086
Run 49 time 0.001201868
Run 50 time 0.000998020
Run 51 time 0.000859976
Run 52 time 0.000852108
Run 53 time 0.000932217
Run 54 time 0.000833988
Run 55 time 0.000751019
Run 56 time 0.000885963
Run 57 time 0.000788927
Run 58 time 0.000848055
Run 59 time 0.000873089
Run 60 time 0.001094818
Run 61 time 0.000804186
Run 62 time 0.000949144
Run 63 time 0.000733137
Run 64 time 0.000993013
Run 65 time 0.000947952
Run 66 time 0.000761032
Run 67 time 0.000720024
Run 68 time 0.001066923
Run 69 time 0.001073122
Run 70 time 0.000755072
Run 71 time 0.000766993
Run 72 time 0.001015902
Run 73 time 0.000841856
Run 74 time 0.000940084
Run 75 time 0.001163006
Run 76 time 0.000911951
Run 77 time 0.001230955
Run 78 time 0.000985146
Run 79 time 0.002153158
Run 80 time 0.000781059
Run 81 time 0.001032114
Run 82 time 0.001063108
Run 83 time 0.000702858
Run 84 time 0.000843048
Run 85 time 0.000785112
Run 86 time 0.000844002
Run 87 time 0.000838995
Run 88 time 0.000818968
Run 89 time 0.000769138
Run 90 time 0.000880957
Run 91 time 0.000702858
Run 92 time 0.000936985
Run 93 time 0.000834942
Run 94 time 0.000756025
Run 95 time 0.001078844
Run 96 time 0.000895023
Run 97 time 0.000992060
Run 98 time 0.000817060
Run 99 time 0.001034021
Run 100 time 0.000880003
bin2tree 128 1048576 15
Run 1 time 0.026898861
Run 2 time 0.001448870
Run 3 time 0.000916958
Run 4 time 0.000810862
Run 5 time 0.000885010
Run 6 time 0.001068830
Run 7 time 0.000880957
Run 8 time 0.001231194
Run 9 time 0.000830173
Run 10 time 0.003187180
Run 11 time 0.000872135
Run 12 time 0.001084089
Run 13 time 0.000995874
Run 14 time 0.000831127
Run 15 time 0.000853062
Run 16 time 0.000865936
Run 17 time 0.000836134
Run 18 time 0.000813007
Run 19 time 0.000913143
Run 20 time 0.006263018
Run 21 time 0.001136065
Run 22 time 0.001059055
Run 23 time 0.000930786
Run 24 time 0.000817060
Run 25 time 0.000848055
Run 26 time 0.000739098
Run 27 time 0.000834942
Run 28 time 0.001434088
Run 29 time 0.001424074
Run 30 time 0.001266003
Run 31 time 0.001713991
Run 32 time 0.004617929
Run 33 time 0.000766993
Run 34 time 0.000888109
Run 35 time 0.000855207
Run 36 time 0.000887156
Run 37 time 0.000856876
Run 38 time 0.000786066
Run 39 time 0.000807047
Run 40 time 0.000676155
Run 41 time 0.000835896
Run 42 time 0.000876188
Run 43 time 0.000958920
Run 44 time 0.001008034
Run 45 time 0.000899792
Run 46 time 0.000777006
Run 47 time 0.000752211
Run 48 time 0.000912189
Run 49 time 0.000805140
Run 50 time 0.000933170
Run 51 time 0.000705004
Run 52 time 0.000793934
Run 53 time 0.000740051
Run 54 time 0.000756979
Run 55 time 0.005663157
Run 56 time 0.000900984
Run 57 time 0.000831842
Run 58 time 0.000824928
Run 59 time 0.000809908
Run 60 time 0.001586914
Run 61 time 0.001252890
Run 62 time 0.000898123
Run 63 time 0.001017094
Run 64 time 0.000905991
Run 65 time 0.001005173
Run 66 time 0.000827074
Run 67 time 0.000841856
Run 68 time 0.000783920
Run 69 time 0.000997066
Run 70 time 0.000865936
Run 71 time 0.001010895
Run 72 time 0.000787020
Run 73 time 0.000842094
Run 74 time 0.000803947
Run 75 time 0.001054049
Run 76 time 0.004881144
Run 77 time 0.000672102
Run 78 time 0.000766993
Run 79 time 0.001011133
Run 80 time 0.000822067
Run 81 time 0.000886202
Run 82 time 0.001138926
Run 83 time 0.000842094
Run 84 time 0.000896931
Run 85 time 0.000777960
Run 86 time 0.001086950
Run 87 time 0.000722170
Run 88 time 0.000819921
Run 89 time 0.001431942
Run 90 time 0.000859976
Run 91 time 0.000904083
Run 92 time 0.000794172
Run 93 time 0.000758886
Run 94 time 0.001355886
Run 95 time 0.000840902
Run 96 time 0.001071930
Run 97 time 0.005810976
Run 98 time 0.000686884
Run 99 time 0.000998020
Run 100 time 0.000777006
2TreeBdcast 128 1048576 15
Tree Construction time = 0.000089169
Tree Coloring time = 0.000008106
Run 1 time 0.029874802
Run 2 time 0.001941919
Run 3 time 0.001589060
Run 4 time 0.001380205
Run 5 time 0.001229048
Run 6 time 0.002027035
Run 7 time 0.000980139
Run 8 time 0.001651049
Run 9 time 0.001429081
Run 10 time 0.001170874
Run 11 time 0.001521111
Run 12 time 0.001070023
Run 13 time 0.001063824
Run 14 time 0.001120090
Run 15 time 0.001248837
Run 16 time 0.001264095
Run 17 time 0.001323938
Run 18 time 0.001334190
Run 19 time 0.001095057
Run 20 time 0.001064062
Run 21 time 0.001570940
Run 22 time 0.001652002
Run 23 time 0.001056910
Run 24 time 0.001620054
Run 25 time 0.001368999
Run 26 time 0.001105070
Run 27 time 0.001367092
Run 28 time 0.001212835
Run 29 time 0.001286983
Run 30 time 0.001162052
Run 31 time 0.001396894
Run 32 time 0.001291037
Run 33 time 0.001331091
Run 34 time 0.001374960
Run 35 time 0.001353979
Run 36 time 0.001382113
Run 37 time 0.001665115
Run 38 time 0.001421928
Run 39 time 0.001336098
Run 40 time 0.002002954
Run 41 time 0.001417875
Run 42 time 0.001427174
Run 43 time 0.001528978
Run 44 time 0.001579046
Run 45 time 0.001548052
Run 46 time 0.001353979
Run 47 time 0.001059055
Run 48 time 0.001335144
Run 49 time 0.001528978
Run 50 time 0.001452208
Run 51 time 0.001601934
Run 52 time 0.002088070
Run 53 time 0.001681089
Run 54 time 0.001352072
Run 55 time 0.001548052
Run 56 time 0.001279116
Run 57 time 0.001064062
Run 58 time 0.001257181
Run 59 time 0.001237869
Run 60 time 0.001595020
Run 61 time 0.001487970
Run 62 time 0.001007080
Run 63 time 0.001010180
Run 64 time 0.001114845
Run 65 time 0.001065016
Run 66 time 0.001255035
Run 67 time 0.001347065
Run 68 time 0.001141071
Run 69 time 0.001453161
Run 70 time 0.001548052
Run 71 time 0.001744032
Run 72 time 0.001692057
Run 73 time 0.002141953
Run 74 time 0.001786947
Run 75 time 0.001659155
Run 76 time 0.001797915
Run 77 time 0.001374006
Run 78 time 0.001188993
Run 79 time 0.000998974
Run 80 time 0.001633883
Run 81 time 0.001211882
Run 82 time 0.001358032
Run 83 time 0.001550913
Run 84 time 0.002223969
Run 85 time 0.001428843
Run 86 time 0.001241922
Run 87 time 0.001621008
Run 88 time 0.001391888
Run 89 time 0.001268864
Run 90 time 0.001204967
Run 91 time 0.001113892
Run 92 time 0.001816034
Run 93 time 0.001691103
Run 94 time 0.001050949
Run 95 time 0.001719952
Run 96 time 0.001486063
Run 97 time 0.001373053
Run 98 time 0.001308918
Run 99 time 0.001188993
Run 100 time 0.001224041
bintree 128 1048576 21
Run 1 time 0.029632092
Run 2 time 0.001182079
Run 3 time 0.001425982
Run 4 time 0.000850916
Run 5 time 0.001296043
Run 6 time 0.002725840
Run 7 time 0.001871824
Run 8 time 0.000996113
Run 9 time 0.000848055
Run 10 time 0.000897169
Run 11 time 0.000896931
Run 12 time 0.000771046
Run 13 time 0.000849009
Run 14 time 0.000828028
Run 15 time 0.000837088
Run 16 time 0.000780106
Run 17 time 0.000797987
Run 18 time 0.000909090
Run 19 time 0.000821114
Run 20 time 0.000885963
Run 21 time 0.000822067
Run 22 time 0.000857115
Run 23 time 0.001178026
Run 24 time 0.000886202
Run 25 time 0.000935078
Run 26 time 0.005201101
Run 27 time 0.001590967
Run 28 time 0.000926971
Run 29 time 0.000802040
Run 30 time 0.000805140
Run 31 time 0.000874043
Run 32 time 0.000839949
Run 33 time 0.000993013
Run 34 time 0.000923872
Run 35 time 0.000861883
Run 36 time 0.000813961
Run 37 time 0.000851870
Run 38 time 0.001072884
Run 39 time 0.000894070
Run 40 time 0.000844955
Run 41 time 0.000958920
Run 42 time 0.000777960
Run 43 time 0.000834942
Run 44 time 0.000840902
Run 45 time 0.001281977
Run 46 time 0.005270958
Run 47 time 0.000830173
Run 48 time 0.000968933
Run 49 time 0.000751972
Run 50 time 0.000866175
Run 51 time 0.000867844
Run 52 time 0.000835896
Run 53 time 0.000949860
Run 54 time 0.000859022
Run 55 time 0.000830173
Run 56 time 0.000876904
Run 57 time 0.001066923
Run 58 time 0.000978947
Run 59 time 0.000859022
Run 60 time 0.000931025
Run 61 time 0.000936985
Run 62 time 0.000923872
Run 63 time 0.000861883
Run 64 time 0.001856804
Run 65 time 0.005275011
Run 66 time 0.000844002
Run 67 time 0.000869036
Run 68 time 0.000771046
Run 69 time 0.000850916
Run 70 time 0.000792980
Run 71 time 0.000851154
Run 72 time 0.000841141
Run 73 time 0.001168013
Run 74 time 0.001001120
Run 75 time 0.000786066
Run 76 time 0.000951052
Run 77 time 0.000978947
Run 78 time 0.001252890
Run 79 time 0.000835896
Run 80 time 0.000977993
Run 81 time 0.000877142
Run 82 time 0.000979900
Run 83 time 0.004978180
Run 84 time 0.001460075
Run 85 time 0.000838995
Run 86 time 0.001244068
Run 87 time 0.001083851
Run 88 time 0.000959158
Run 89 time 0.001085043
Run 90 time 0.000895023
Run 91 time 0.001027107
Run 92 time 0.001015902
Run 93 time 0.001128197
Run 94 time 0.000911951
Run 95 time 0.000979185
Run 96 time 0.000884056
Run 97 time 0.000990868
Run 98 time 0.001105070
Run 99 time 0.001006126
Run 100 time 0.000800848
bin2tree 128 1048576 21
Run 1 time 0.029670000
Run 2 time 0.001566172
Run 3 time 0.001533031
Run 4 time 0.002783060
Run 5 time 0.003098965
Run 6 time 0.001490116
Run 7 time 0.000829935
Run 8 time 0.001219988
Run 9 time 0.000831127
Run 10 time 0.000928879
Run 11 time 0.001650810
Run 12 time 0.001479149
Run 13 time 0.000854969
Run 14 time 0.000933886
Run 15 time 0.002931833
Run 16 time 0.001152039
Run 17 time 0.001021862
Run 18 time 0.001158953
Run 19 time 0.000745058
Run 20 time 0.000738859
Run 21 time 0.000789165
Run 22 time 0.000898838
Run 23 time 0.000769138
Run 24 time 0.000718117
Run 25 time 0.000695944
Run 26 time 0.000761032
Run 27 time 0.000684023
Run 28 time 0.000784874
Run 29 time 0.000650167
Run 30 time 0.000643969
Run 31 time 0.000596046
Run 32 time 0.000988007
Run 33 time 0.000662088
Run 34 time 0.000704050
Run 35 time 0.000836849
Run 36 time 0.000685930
Run 37 time 0.000645161
Run 38 time 0.000900030
Run 39 time 0.000710011
Run 40 time 0.000668049
Run 41 time 0.000817060
Run 42 time 0.000875950
Run 43 time 0.000806093
Run 44 time 0.000953913
Run 45 time 0.000880003
Run 46 time 0.000675917
Run 47 time 0.000815868
Run 48 time 0.000684977
Run 49 time 0.000643015
Run 50 time 0.000627995
Run 51 time 0.000622988
Run 52 time 0.000763893
Run 53 time 0.000900030
Run 54 time 0.000725985
Run 55 time 0.000683069
Run 56 time 0.000709057
Run 57 time 0.000839949
Run 58 time 0.000717163
Run 59 time 0.000885963
Run 60 time 0.000847101
Run 61 time 0.000770092
Run 62 time 0.000844002
Run 63 time 0.000813007
Run 64 time 0.000683069
Run 65 time 0.000797987
Run 66 time 0.000853777
Run 67 time 0.000946045
Run 68 time 0.000895023
Run 69 time 0.000973940
Run 70 time 0.001030922
Run 71 time 0.000780106
Run 72 time 0.000654936
Run 73 time 0.000612974
Run 74 time 0.000699997
Run 75 time 0.000690937
Run 76 time 0.000662088
Run 77 time 0.000607967
Run 78 time 0.000860929
Run 79 time 0.000738144
Run 80 time 0.000614882
Run 81 time 0.000663042
Run 82 time 0.000695944
Run 83 time 0.000658989
Run 84 time 0.000848055
Run 85 time 0.000711918
Run 86 time 0.000574112
Run 87 time 0.000633001
Run 88 time 0.000636101
Run 89 time 0.000621080
Run 90 time 0.000926018
Run 91 time 0.000884056
Run 92 time 0.000782013
Run 93 time 0.000977993
Run 94 time 0.000633001
Run 95 time 0.000792027
Run 96 time 0.000681877
Run 97 time 0.000735044
Run 98 time 0.000904083
Run 99 time 0.001194954
Run 100 time 0.000957966
2TreeBdcast 128 1048576 21
Tree Construction time = 0.000083923
Tree Coloring time = 0.000017166
Run 1 time 0.024183035
Run 2 time 0.001249790
Run 3 time 0.001379013
Run 4 time 0.001369953
Run 5 time 0.001634836
Run 6 time 0.000734091
Run 7 time 0.001533031
Run 8 time 0.001475096
Run 9 time 0.000846148
Run 10 time 0.000827074
Run 11 time 0.001009226
Run 12 time 0.001329899
Run 13 time 0.001302958
Run 14 time 0.001377106
Run 15 time 0.000875950
Run 16 time 0.001019955
Run 17 time 0.001145124
Run 18 time 0.001271963
Run 19 time 0.001435041
Run 20 time 0.001112938
Run 21 time 0.000880957
Run 22 time 0.001883984
Run 23 time 0.002022028
Run 24 time 0.001693964
Run 25 time 0.001390934
Run 26 time 0.001986980
Run 27 time 0.001941919
Run 28 time 0.001534939
Run 29 time 0.002101898
Run 30 time 0.001803875
Run 31 time 0.001312971
Run 32 time 0.001266003
Run 33 time 0.001731157
Run 34 time 0.001810074
Run 35 time 0.001291037
Run 36 time 0.001467943
Run 37 time 0.001520157
Run 38 time 0.001274824
Run 39 time 0.001105070
Run 40 time 0.001341105
Run 41 time 0.001070976
Run 42 time 0.001500845
Run 43 time 0.000968933
Run 44 time 0.000968933
Run 45 time 0.001142979
Run 46 time 0.001203060
Run 47 time 0.001009941
Run 48 time 0.001154900
Run 49 time 0.000988960
Run 50 time 0.001163006
Run 51 time 0.001567841
Run 52 time 0.001296997
Run 53 time 0.001583815
Run 54 time 0.001186132
Run 55 time 0.001174927
Run 56 time 0.001157999
Run 57 time 0.001147032
Run 58 time 0.001322031
Run 59 time 0.001132965
Run 60 time 0.001166105
Run 61 time 0.001138926
Run 62 time 0.001016855
Run 63 time 0.000942945
Run 64 time 0.000647068
Run 65 time 0.000849009
Run 66 time 0.000570059
Run 67 time 0.000853062
Run 68 time 0.000993967
Run 69 time 0.001791954
Run 70 time 0.000879049
Run 71 time 0.000837088
Run 72 time 0.001022100
Run 73 time 0.000902891
Run 74 time 0.001284122
Run 75 time 0.000953913
Run 76 time 0.001548052
Run 77 time 0.001651049
Run 78 time 0.001816034
Run 79 time 0.001335859
Run 80 time 0.001755953
Run 81 time 0.001199007
Run 82 time 0.000988007
Run 83 time 0.001208782
Run 84 time 0.001248121
Run 85 time 0.001801014
Run 86 time 0.001373768
Run 87 time 0.001982212
Run 88 time 0.001269102
Run 89 time 0.001095057
Run 90 time 0.001065016
Run 91 time 0.001029968
Run 92 time 0.001259089
Run 93 time 0.001284838
Run 94 time 0.002158880
Run 95 time 0.001587868
Run 96 time 0.001365185
Run 97 time 0.001029968
Run 98 time 0.001046896
Run 99 time 0.001315117
Run 100 time 0.003145933
MPI_BCAST 129 1048576
Run 1 time 0.020987988
Run 2 time 0.001516104
Run 3 time 0.001566887
Run 4 time 0.001626968
Run 5 time 0.001532078
Run 6 time 0.001482964
Run 7 time 0.001406908
Run 8 time 0.001497030
Run 9 time 0.001554966
Run 10 time 0.001474142
Run 11 time 0.001481056
Run 12 time 0.004672050
Run 13 time 0.002471924
Run 14 time 0.001752138
Run 15 time 0.001548052
Run 16 time 0.001984119
Run 17 time 0.001685858
Run 18 time 0.001460075
Run 19 time 0.001437187
Run 20 time 0.001622915
Run 21 time 0.001484156
Run 22 time 0.001544952
Run 23 time 0.001812935
Run 24 time 0.005016088
Run 25 time 0.002280951
Run 26 time 0.001411915
Run 27 time 0.001511097
Run 28 time 0.001577139
Run 29 time 0.001606941
Run 30 time 0.001406908
Run 31 time 0.001453876
Run 32 time 0.001445055
Run 33 time 0.001521826
Run 34 time 0.001533985
Run 35 time 0.001445055
Run 36 time 0.001416922
Run 37 time 0.005687237
Run 38 time 0.001520872
Run 39 time 0.001481056
Run 40 time 0.001415014
Run 41 time 0.001532078
Run 42 time 0.001495123
Run 43 time 0.001419067
Run 44 time 0.001446009
Run 45 time 0.001404047
Run 46 time 0.001435041
Run 47 time 0.001523972
Run 48 time 0.001430988
Run 49 time 0.002126932
Run 50 time 0.005180836
Run 51 time 0.001460075
Run 52 time 0.001688957
Run 53 time 0.001470089
Run 54 time 0.001548052
Run 55 time 0.001624107
Run 56 time 0.001573086
Run 57 time 0.001487970
Run 58 time 0.001431942
Run 59 time 0.001423836
Run 60 time 0.002004862
Run 61 time 0.001543045
Run 62 time 0.001513958
Run 63 time 0.001444817
Run 64 time 0.001654148
Run 65 time 0.001612186
Run 66 time 0.001850843
Run 67 time 0.001445055
Run 68 time 0.001414061
Run 69 time 0.001450062
Run 70 time 0.001470804
Run 71 time 0.001449108
Run 72 time 0.001531124
Run 73 time 0.001455069
Run 74 time 0.001493931
Run 75 time 0.001934052
Run 76 time 0.001488924
Run 77 time 0.001616001
Run 78 time 0.001811981
Run 79 time 0.001523018
Run 80 time 0.001459122
Run 81 time 0.001485825
Run 82 time 0.001446962
Run 83 time 0.001451015
Run 84 time 0.001494884
Run 85 time 0.001433134
Run 86 time 0.001535892
Run 87 time 0.001497030
Run 88 time 0.001406908
Run 89 time 0.002176046
Run 90 time 0.001514912
Run 91 time 0.001420021
Run 92 time 0.001443863
Run 93 time 0.001552105
Run 94 time 0.001468897
Run 95 time 0.001447916
Run 96 time 0.001386166
Run 97 time 0.001495838
Run 98 time 0.001684904
Run 99 time 0.001486063
Run 100 time 0.001523972
bintree 129 1048576 8
Run 1 time 0.033715010
Run 2 time 0.001347065
Run 3 time 0.001400948
Run 4 time 0.000988007
Run 5 time 0.001083136
Run 6 time 0.000971794
Run 7 time 0.000961065
Run 8 time 0.001050949
Run 9 time 0.000986099
Run 10 time 0.001024961
Run 11 time 0.000975132
Run 12 time 0.001152992
Run 13 time 0.000960112
Run 14 time 0.001117229
Run 15 time 0.000960112
Run 16 time 0.000991106
Run 17 time 0.000991106
Run 18 time 0.001216888
Run 19 time 0.001250029
Run 20 time 0.001303196
Run 21 time 0.001259089
Run 22 time 0.001032829
Run 23 time 0.001121998
Run 24 time 0.001079082
Run 25 time 0.000961065
Run 26 time 0.000972986
Run 27 time 0.000980854
Run 28 time 0.001138926
Run 29 time 0.001050949
Run 30 time 0.001066923
Run 31 time 0.001100063
Run 32 time 0.001304865
Run 33 time 0.000959873
Run 34 time 0.001090050
Run 35 time 0.001010895
Run 36 time 0.001030922
Run 37 time 0.001030922
Run 38 time 0.001205921
Run 39 time 0.000960112
Run 40 time 0.001089096
Run 41 time 0.001005888
Run 42 time 0.001027107
Run 43 time 0.001003027
Run 44 time 0.000930071
Run 45 time 0.001084805
Run 46 time 0.000972033
Run 47 time 0.001245022
Run 48 time 0.001120090
Run 49 time 0.000962973
Run 50 time 0.001346111
Run 51 time 0.000958920
Run 52 time 0.001062155
Run 53 time 0.000997782
Run 54 time 0.001082182
Run 55 time 0.000967979
Run 56 time 0.000936985
Run 57 time 0.001259089
Run 58 time 0.001032829
Run 59 time 0.001182079
Run 60 time 0.000940084
Run 61 time 0.001100063
Run 62 time 0.001006126
Run 63 time 0.001096010
Run 64 time 0.000988007
Run 65 time 0.001048088
Run 66 time 0.001111984
Run 67 time 0.000946999
Run 68 time 0.001100063
Run 69 time 0.000998020
Run 70 time 0.000930071
Run 71 time 0.000959158
Run 72 time 0.001032114
Run 73 time 0.001077175
Run 74 time 0.001121044
Run 75 time 0.001479864
Run 76 time 0.001016140
Run 77 time 0.001057863
Run 78 time 0.001000166
Run 79 time 0.001039982
Run 80 time 0.000988007
Run 81 time 0.001038074
Run 82 time 0.000991821
Run 83 time 0.001208067
Run 84 time 0.001123190
Run 85 time 0.001031876
Run 86 time 0.001577139
Run 87 time 0.001590014
Run 88 time 0.001129866
Run 89 time 0.001126051
Run 90 time 0.001049995
Run 91 time 0.001283169
Run 92 time 0.001076937
Run 93 time 0.000993967
Run 94 time 0.001259089
Run 95 time 0.001029968
Run 96 time 0.001142025
Run 97 time 0.001022100
Run 98 time 0.001049042
Run 99 time 0.000946999
Run 100 time 0.000976086
bin2tree 129 1048576 8
Run 1 time 0.026852846
Run 2 time 0.003707886
Run 3 time 0.002171993
Run 4 time 0.000982046
Run 5 time 0.000860929
Run 6 time 0.000976801
Run 7 time 0.000777006
Run 8 time 0.000869036
Run 9 time 0.000854015
Run 10 time 0.002149105
Run 11 time 0.002388954
Run 12 time 0.001960993
Run 13 time 0.004595995
Run 14 time 0.001297951
Run 15 time 0.000765085
Run 16 time 0.000903130
Run 17 time 0.000798941
Run 18 time 0.000818968
Run 19 time 0.000907898
Run 20 time 0.000946999
Run 21 time 0.000833035
Run 22 time 0.000792027
Run 23 time 0.000751972
Run 24 time 0.000833988
Run 25 time 0.000888109
Run 26 time 0.000872135
Run 27 time 0.000813007
Run 28 time 0.000778913
Run 29 time 0.000767946
Run 30 time 0.000792980
Run 31 time 0.000991106
Run 32 time 0.000866175
Run 33 time 0.000797987
Run 34 time 0.000824928
Run 35 time 0.000895977
Run 36 time 0.003613949
Run 37 time 0.001432896
Run 38 time 0.000806093
Run 39 time 0.000802040
Run 40 time 0.000870943
Run 41 time 0.000881195
Run 42 time 0.001128197
Run 43 time 0.000771046
Run 44 time 0.000806093
Run 45 time 0.000935078
Run 46 time 0.000835180
Run 47 time 0.000823021
Run 48 time 0.000775814
Run 49 time 0.000869989
Run 50 time 0.000733137
Run 51 time 0.000802040
Run 52 time 0.000778198
Run 53 time 0.000902176
Run 54 time 0.000815868
Run 55 time 0.000826836
Run 56 time 0.000844955
Run 57 time 0.000842094
Run 58 time 0.001132965
Run 59 time 0.005351067
Run 60 time 0.000911951
Run 61 time 0.000771046
Run 62 time 0.000780821
Run 63 time 0.000765800
Run 64 time 0.000871897
Run 65 time 0.000874996
Run 66 time 0.000957966
Run 67 time 0.000867844
Run 68 time 0.000905991
Run 69 time 0.000817060
Run 70 time 0.000782967
Run 71 time 0.000802040
Run 72 time 0.000900030
Run 73 time 0.001022100
Run 74 time 0.000866175
Run 75 time 0.001044035
Run 76 time 0.000776052
Run 77 time 0.000919104
Run 78 time 0.000825882
Run 79 time 0.000890017
Run 80 time 0.001678944
Run 81 time 0.004719019
Run 82 time 0.000808954
Run 83 time 0.000818014
Run 84 time 0.000862122
Run 85 time 0.000846863
Run 86 time 0.000836134
Run 87 time 0.000823021
Run 88 time 0.000822067
Run 89 time 0.000941992
Run 90 time 0.000843048
Run 91 time 0.000941992
Run 92 time 0.000850916
Run 93 time 0.000808001
Run 94 time 0.000792027
Run 95 time 0.000773907
Run 96 time 0.000773907
Run 97 time 0.000778913
Run 98 time 0.000852823
Run 99 time 0.000918865
Run 100 time 0.000800133
2TreeBdcast 129 1048576 8
Tree Construction time = 0.000092983
Tree Coloring time = 0.000019073
Run 1 time 0.027394056
Run 2 time 0.001109123
Run 3 time 0.000919104
Run 4 time 0.000962973
Run 5 time 0.001281977
Run 6 time 0.002081156
Run 7 time 0.001375198
Run 8 time 0.001635075
Run 9 time 0.000856876
Run 10 time 0.001446009
Run 11 time 0.001394987
Run 12 time 0.000979185
Run 13 time 0.001187086
Run 14 time 0.001163006
Run 15 time 0.001394987
Run 16 time 0.001052856
Run 17 time 0.000993967
Run 18 time 0.001203060
Run 19 time 0.000777006
Run 20 time 0.001009941
Run 21 time 0.001244068
Run 22 time 0.001220942
Run 23 time 0.001668930
Run 24 time 0.001492977
Run 25 time 0.001078129
Run 26 time 0.001024961
Run 27 time 0.000931025
Run 28 time 0.000925064
Run 29 time 0.001054049
Run 30 time 0.000814915
Run 31 time 0.001008987
Run 32 time 0.001194000
Run 33 time 0.000923157
Run 34 time 0.001105070
Run 35 time 0.001186132
Run 36 time 0.000965118
Run 37 time 0.001213074
Run 38 time 0.000775099
Run 39 time 0.001033783
Run 40 time 0.001085997
Run 41 time 0.001219034
Run 42 time 0.000958920
Run 43 time 0.001073122
Run 44 time 0.000957966
Run 45 time 0.001291990
Run 46 time 0.000969172
Run 47 time 0.001434088
Run 48 time 0.001597881
Run 49 time 0.001359940
Run 50 time 0.001154184
Run 51 time 0.001546860
Run 52 time 0.001116991
Run 53 time 0.001303911
Run 54 time 0.000871897
Run 55 time 0.001227140
Run 56 time 0.001144171
Run 57 time 0.001658201
Run 58 time 0.001474857
Run 59 time 0.000982046
Run 60 time 0.001100063
Run 61 time 0.001224041
Run 62 time 0.001031160
Run 63 time 0.000670195
Run 64 time 0.001065016
Run 65 time 0.000710964
Run 66 time 0.001301050
Run 67 time 0.001600981
Run 68 time 0.001794100
Run 69 time 0.001574039
Run 70 time 0.001150131
Run 71 time 0.001190186
Run 72 time 0.002314091
Run 73 time 0.001745939
Run 74 time 0.001172066
Run 75 time 0.000861168
Run 76 time 0.001089096
Run 77 time 0.000978947
Run 78 time 0.001173973
Run 79 time 0.001011848
Run 80 time 0.001050949
Run 81 time 0.001101971
Run 82 time 0.000872135
Run 83 time 0.000886917
Run 84 time 0.000942945
Run 85 time 0.000741005
Run 86 time 0.000944138
Run 87 time 0.001154900
Run 88 time 0.000864029
Run 89 time 0.000936031
Run 90 time 0.001127005
Run 91 time 0.000928879
Run 92 time 0.001082182
Run 93 time 0.001610994
Run 94 time 0.001365900
Run 95 time 0.001832008
Run 96 time 0.001044989
Run 97 time 0.001087189
Run 98 time 0.001181126
Run 99 time 0.000983953
Run 100 time 0.001003981
bintree 129 1048576 15
Run 1 time 0.027644873
Run 2 time 0.000917912
Run 3 time 0.000881910
Run 4 time 0.001286983
Run 5 time 0.001028776
Run 6 time 0.000999212
Run 7 time 0.001082897
Run 8 time 0.000895023
Run 9 time 0.001173973
Run 10 time 0.000916004
Run 11 time 0.001390934
Run 12 time 0.000914812
Run 13 time 0.000895023
Run 14 time 0.001315117
Run 15 time 0.000983000
Run 16 time 0.000846148
Run 17 time 0.000757933
Run 18 time 0.000750065
Run 19 time 0.001213074
Run 20 time 0.001086950
Run 21 time 0.000791073
Run 22 time 0.001009941
Run 23 time 0.001536846
Run 24 time 0.000845909
Run 25 time 0.000903845
Run 26 time 0.000865936
Run 27 time 0.000806808
Run 28 time 0.000970125
Run 29 time 0.001010895
Run 30 time 0.001245022
Run 31 time 0.000774145
Run 32 time 0.000988960
Run 33 time 0.001132965
Run 34 time 0.000856876
Run 35 time 0.000988007
Run 36 time 0.000819921
Run 37 time 0.001026869
Run 38 time 0.001055002
Run 39 time 0.000899792
Run 40 time 0.001227140
Run 41 time 0.000860929
Run 42 time 0.000864029
Run 43 time 0.000985146
Run 44 time 0.000969887
Run 45 time 0.000959873
Run 46 time 0.000967026
Run 47 time 0.001064062
Run 48 time 0.001188993
Run 49 time 0.000844955
Run 50 time 0.000912905
Run 51 time 0.001955032
Run 52 time 0.001875877
Run 53 time 0.001591206
Run 54 time 0.001177073
Run 55 time 0.001224041
Run 56 time 0.001119852
Run 57 time 0.001070023
Run 58 time 0.001083136
Run 59 time 0.000942945
Run 60 time 0.000948906
Run 61 time 0.001003981
Run 62 time 0.000885963
Run 63 time 0.000885010
Run 64 time 0.000797987
Run 65 time 0.000819921
Run 66 time 0.000996113
Run 67 time 0.000911951
Run 68 time 0.001121998
Run 69 time 0.000942945
Run 70 time 0.001235962
Run 71 time 0.000894070
Run 72 time 0.000905037
Run 73 time 0.001003027
Run 74 time 0.001154184
Run 75 time 0.001043081
Run 76 time 0.000959158
Run 77 time 0.001032114
Run 78 time 0.001225948
Run 79 time 0.001017094
Run 80 time 0.001001835
Run 81 time 0.001044035
Run 82 time 0.000967026
Run 83 time 0.000856876
Run 84 time 0.000886917
Run 85 time 0.001101017
Run 86 time 0.000937939
Run 87 time 0.000885010
Run 88 time 0.001265049
Run 89 time 0.001549959
Run 90 time 0.001034021
Run 91 time 0.001173019
Run 92 time 0.000877142
Run 93 time 0.000853062
Run 94 time 0.001173019
Run 95 time 0.000957966
Run 96 time 0.001074076
Run 97 time 0.000986099
Run 98 time 0.000979185
Run 99 time 0.001060009
Run 100 time 0.000977039
bin2tree 129 1048576 15
Run 1 time 0.027409077
Run 2 time 0.003478050
Run 3 time 0.001086950
Run 4 time 0.001079082
Run 5 time 0.000961065
Run 6 time 0.000951052
Run 7 time 0.000974894
Run 8 time 0.000767946
Run 9 time 0.000833035
Run 10 time 0.000838041
Run 11 time 0.000756979
Run 12 time 0.000754118
Run 13 time 0.000816107
Run 14 time 0.000813007
Run 15 time 0.000795841
Run 16 time 0.000908136
Run 17 time 0.000757933
Run 18 time 0.000885010
Run 19 time 0.000926018
Run 20 time 0.001034021
Run 21 time 0.000890017
Run 22 time 0.000983953
Run 23 time 0.000838041
Run 24 time 0.000850916
Run 25 time 0.000930071
Run 26 time 0.001023054
Run 27 time 0.002804041
Run 28 time 0.003359079
Run 29 time 0.001141071
Run 30 time 0.000878811
Run 31 time 0.000852108
Run 32 time 0.000797033
Run 33 time 0.000761032
Run 34 time 0.000898838
Run 35 time 0.000856876
Run 36 time 0.000792027
Run 37 time 0.000936031
Run 38 time 0.000790119
Run 39 time 0.003294945
Run 40 time 0.002539873
Run 41 time 0.000910997
Run 42 time 0.000904083
Run 43 time 0.000823975
Run 44 time 0.000909805
Run 45 time 0.001028776
Run 46 time 0.000874996
Run 47 time 0.001059055
Run 48 time 0.000846148
Run 49 time 0.000845909
Run 50 time 0.000946999
Run 51 time 0.000848055
Run 52 time 0.001029015
Run 53 time 0.000880003
Run 54 time 0.000854015
Run 55 time 0.000914097
Run 56 time 0.000914097
Run 57 time 0.000812054
Run 58 time 0.000876904
Run 59 time 0.000873089
Run 60 time 0.000946045
Run 61 time 0.000988007
Run 62 time 0.000953913
Run 63 time 0.001027107
Run 64 time 0.000772953
Run 65 time 0.000857830
Run 66 time 0.001031876
Run 67 time 0.000956059
Run 68 time 0.005239010
Run 69 time 0.000911951
Run 70 time 0.000895023
Run 71 time 0.000921965
Run 72 time 0.000880003
Run 73 time 0.000925064
Run 74 time 0.000828028
Run 75 time 0.000939131
Run 76 time 0.000890017
Run 77 time 0.001854181
Run 78 time 0.002846003
Run 79 time 0.000906944
Run 80 time 0.000919104
Run 81 time 0.000880003
Run 82 time 0.000866175
Run 83 time 0.000771046
Run 84 time 0.000876904
Run 85 time 0.001714945
Run 86 time 0.000880957
Run 87 time 0.000880003
Run 88 time 0.000941992
Run 89 time 0.000988960
Run 90 time 0.001104116
Run 91 time 0.000930071
Run 92 time 0.000840902
Run 93 time 0.000884056
Run 94 time 0.000870943
Run 95 time 0.000823021
Run 96 time 0.000694036
Run 97 time 0.000780821
Run 98 time 0.000777960
Run 99 time 0.000854015
Run 100 time 0.000971079
2TreeBdcast 129 1048576 15
Tree Construction time = 0.000102043
Tree Coloring time = 0.000008106
Run 1 time 0.030598879
Run 2 time 0.002955198
Run 3 time 0.004420996
Run 4 time 0.002291918
Run 5 time 0.003360033
Run 6 time 0.003587961
Run 7 time 0.001713991
Run 8 time 0.001457930
Run 9 time 0.001309156
Run 10 time 0.001478910
Run 11 time 0.001287937
Run 12 time 0.001386881
Run 13 time 0.001338005
Run 14 time 0.001328945
Run 15 time 0.001312971
Run 16 time 0.001240015
Run 17 time 0.001761913
Run 18 time 0.001364946
Run 19 time 0.001461983
Run 20 time 0.001729965
Run 21 time 0.001069069
Run 22 time 0.001644135
Run 23 time 0.001557827
Run 24 time 0.001080990
Run 25 time 0.001619816
Run 26 time 0.001170158
Run 27 time 0.001381159
Run 28 time 0.001204967
Run 29 time 0.001045942
Run 30 time 0.001261950
Run 31 time 0.001154900
Run 32 time 0.001209974
Run 33 time 0.001611948
Run 34 time 0.001211882
Run 35 time 0.001706839
Run 36 time 0.001372099
Run 37 time 0.001541138
Run 38 time 0.001198053
Run 39 time 0.001655102
Run 40 time 0.002104998
Run 41 time 0.001087904
Run 42 time 0.001253843
Run 43 time 0.001395941
Run 44 time 0.001287937
Run 45 time 0.001775026
Run 46 time 0.001240015
Run 47 time 0.001971006
Run 48 time 0.001211882
Run 49 time 0.001482964
Run 50 time 0.005708933
Run 51 time 0.004549980
Run 52 time 0.002269983
Run 53 time 0.001101017
Run 54 time 0.001151085
Run 55 time 0.001881123
Run 56 time 0.002171040
Run 57 time 0.001511097
Run 58 time 0.001340151
Run 59 time 0.001830101
Run 60 time 0.001572847
Run 61 time 0.001286983
Run 62 time 0.001456976
Run 63 time 0.001677990
Run 64 time 0.001860142
Run 65 time 0.001827955
Run 66 time 0.002053976
Run 67 time 0.001621962
Run 68 time 0.001762867
Run 69 time 0.001570940
Run 70 time 0.001401186
Run 71 time 0.001491070
Run 72 time 0.001882076
Run 73 time 0.001398087
Run 74 time 0.001157999
Run 75 time 0.001482010
Run 76 time 0.001903057
Run 77 time 0.001762867
Run 78 time 0.002002001
Run 79 time 0.001624107
Run 80 time 0.001760006
Run 81 time 0.001616955
Run 82 time 0.002178907
Run 83 time 0.006281853
Run 84 time 0.001066923
Run 85 time 0.001425028
Run 86 time 0.001436949
Run 87 time 0.001073122
Run 88 time 0.001533985
Run 89 time 0.001629114
Run 90 time 0.001725197
Run 91 time 0.001725197
Run 92 time 0.001435041
Run 93 time 0.001402140
Run 94 time 0.001634836
Run 95 time 0.001435041
Run 96 time 0.001462936
Run 97 time 0.002163887
Run 98 time 0.001348972
Run 99 time 0.001335859
Run 100 time 0.001598120
bintree 129 1048576 21
Run 1 time 0.031432152
Run 2 time 0.000954866
Run 3 time 0.001073122
Run 4 time 0.001046181
Run 5 time 0.001556158
Run 6 time 0.001201153
Run 7 time 0.001142979
Run 8 time 0.000993967
Run 9 time 0.000827074
Run 10 time 0.000926971
Run 11 time 0.000869989
Run 12 time 0.000986099
Run 13 time 0.000898838
Run 14 time 0.001219988
Run 15 time 0.001222849
Run 16 time 0.001245975
Run 17 time 0.000893831
Run 18 time 0.000949144
Run 19 time 0.001013994
Run 20 time 0.001004934
Run 21 time 0.001003027
Run 22 time 0.001008034
Run 23 time 0.000859976
Run 24 time 0.000841856
Run 25 time 0.000972033
Run 26 time 0.001136065
Run 27 time 0.000917196
Run 28 time 0.000944853
Run 29 time 0.001034975
Run 30 time 0.000865936
Run 31 time 0.000941992
Run 32 time 0.000992060
Run 33 time 0.000964880
Run 34 time 0.000889063
Run 35 time 0.000888109
Run 36 time 0.000988960
Run 37 time 0.001118183
Run 38 time 0.000837088
Run 39 time 0.000823975
Run 40 time 0.001172066
Run 41 time 0.001425982
Run 42 time 0.001029015
Run 43 time 0.000923157
Run 44 time 0.001379013
Run 45 time 0.001462936
Run 46 time 0.001678944
Run 47 time 0.001188993
Run 48 time 0.001506090
Run 49 time 0.001626015
Run 50 time 0.001251936
Run 51 time 0.001663923
Run 52 time 0.002068043
Run 53 time 0.005950928
Run 54 time 0.002259970
Run 55 time 0.001600981
Run 56 time 0.001606941
Run 57 time 0.001883984
Run 58 time 0.001653910
Run 59 time 0.002728939
Run 60 time 0.003749847
Run 61 time 0.001516819
Run 62 time 0.004355907
Run 63 time 0.004179955
Run 64 time 0.004074097
Run 65 time 0.002090931
Run 66 time 0.001312971
Run 67 time 0.001244068
Run 68 time 0.001003981
Run 69 time 0.000892878
Run 70 time 0.000977039
Run 71 time 0.000981092
Run 72 time 0.000887156
Run 73 time 0.000949860
Run 74 time 0.001312971
Run 75 time 0.000925064
Run 76 time 0.001007080
Run 77 time 0.000906944
Run 78 time 0.000988960
Run 79 time 0.000999212
Run 80 time 0.000915051
Run 81 time 0.000962973
Run 82 time 0.001260996
Run 83 time 0.000972986
Run 84 time 0.001193047
Run 85 time 0.001017094
Run 86 time 0.000969887
Run 87 time 0.000838041
Run 88 time 0.000916004
Run 89 time 0.000973940
Run 90 time 0.000869036
Run 91 time 0.000948906
Run 92 time 0.001147032
Run 93 time 0.001001835
Run 94 time 0.000897884
Run 95 time 0.001047850
Run 96 time 0.000906944
Run 97 time 0.000864029
Run 98 time 0.001040936
Run 99 time 0.001051903
Run 100 time 0.001115084
bin2tree 129 1048576 21
Run 1 time 0.023615122
Run 2 time 0.000693083
Run 3 time 0.000745058
Run 4 time 0.000699043
Run 5 time 0.000812054
Run 6 time 0.000850916
Run 7 time 0.000746012
Run 8 time 0.000890970
Run 9 time 0.001375198
Run 10 time 0.000770092
Run 11 time 0.000840187
Run 12 time 0.001024008
Run 13 time 0.000913143
Run 14 time 0.001008987
Run 15 time 0.000824928
Run 16 time 0.000738859
Run 17 time 0.000790119
Run 18 time 0.000798941
Run 19 time 0.000674963
Run 20 time 0.000937939
Run 21 time 0.001174927
Run 22 time 0.000720978
Run 23 time 0.000628948
Run 24 time 0.000661850
Run 25 time 0.000633001
Run 26 time 0.000774860
Run 27 time 0.000662088
Run 28 time 0.001018047
Run 29 time 0.000803947
Run 30 time 0.000741005
Run 31 time 0.000727892
Run 32 time 0.000648022
Run 33 time 0.000932932
Run 34 time 0.000657082
Run 35 time 0.000820160
Run 36 time 0.000686884
Run 37 time 0.000926018
Run 38 time 0.000876904
Run 39 time 0.000738144
Run 40 time 0.000687122
Run 41 time 0.000622988
Run 42 time 0.000750065
Run 43 time 0.000876904
Run 44 time 0.000692129
Run 45 time 0.000935078
Run 46 time 0.000820160
Run 47 time 0.000735998
Run 48 time 0.000717878
Run 49 time 0.000637054
Run 50 time 0.000782013
Run 51 time 0.000757933
Run 52 time 0.000864029
Run 53 time 0.000869989
Run 54 time 0.000926018
Run 55 time 0.000914097
Run 56 time 0.000838995
Run 57 time 0.001085043
Run 58 time 0.000653028
Run 59 time 0.000838995
Run 60 time 0.000684977
Run 61 time 0.000992060
Run 62 time 0.000728130
Run 63 time 0.000828981
Run 64 time 0.001011133
Run 65 time 0.000699043
Run 66 time 0.000721216
Run 67 time 0.000726938
Run 68 time 0.000714064
Run 69 time 0.000689983
Run 70 time 0.000648975
Run 71 time 0.000674963
Run 72 time 0.000633001
Run 73 time 0.000632048
Run 74 time 0.000733137
Run 75 time 0.000666142
Run 76 time 0.000711203
Run 77 time 0.000798941
Run 78 time 0.000796080
Run 79 time 0.000645161
Run 80 time 0.000627041
Run 81 time 0.000645161
Run 82 time 0.000674963
Run 83 time 0.000886917
Run 84 time 0.000735044
Run 85 time 0.000669003
Run 86 time 0.000720978
Run 87 time 0.000728130
Run 88 time 0.001087189
Run 89 time 0.000702858
Run 90 time 0.001008034
Run 91 time 0.000708818
Run 92 time 0.000770092
Run 93 time 0.000792027
Run 94 time 0.000632048
Run 95 time 0.000597954
Run 96 time 0.000640869
Run 97 time 0.000699997
Run 98 time 0.000652075
Run 99 time 0.000622034
Run 100 time 0.000729799
2TreeBdcast 129 1048576 21
Tree Construction time = 0.000087976
Tree Coloring time = 0.000018835
Run 1 time 0.029108047
Run 2 time 0.001946926
Run 3 time 0.001752138
Run 4 time 0.001822948
Run 5 time 0.001225948
Run 6 time 0.002082109
Run 7 time 0.001502991
Run 8 time 0.001615047
Run 9 time 0.001415014
Run 10 time 0.001806974
Run 11 time 0.001586199
Run 12 time 0.001276016
Run 13 time 0.001469851
Run 14 time 0.001334906
Run 15 time 0.001588106
Run 16 time 0.001607180
Run 17 time 0.001130104
Run 18 time 0.001610041
Run 19 time 0.001379013
Run 20 time 0.001606941
Run 21 time 0.001691103
Run 22 time 0.002074003
Run 23 time 0.001205921
Run 24 time 0.001461029
Run 25 time 0.001662970
Run 26 time 0.001492977
Run 27 time 0.001343012
Run 28 time 0.001677990
Run 29 time 0.003441095
Run 30 time 0.002926826
Run 31 time 0.007226944
Run 32 time 0.007215023
Run 33 time 0.001430035
Run 34 time 0.001313925
Run 35 time 0.001222134
Run 36 time 0.001158953
Run 37 time 0.001389027
Run 38 time 0.001820087
Run 39 time 0.002048016
Run 40 time 0.001389027
Run 41 time 0.001420021
Run 42 time 0.001673937
Run 43 time 0.001513004
Run 44 time 0.001549959
Run 45 time 0.001585007
Run 46 time 0.001594067
Run 47 time 0.001405001
Run 48 time 0.001059055
Run 49 time 0.001157045
Run 50 time 0.001528978
Run 51 time 0.001414061
Run 52 time 0.001304150
Run 53 time 0.001345158
Run 54 time 0.001906157
Run 55 time 0.001733065
Run 56 time 0.001266956
Run 57 time 0.001468897
Run 58 time 0.001494884
Run 59 time 0.001588821
Run 60 time 0.001600027
Run 61 time 0.001647949
Run 62 time 0.001453876
Run 63 time 0.001229048
Run 64 time 0.001374960
Run 65 time 0.001821041
Run 66 time 0.001333952
Run 67 time 0.001590967
Run 68 time 0.002055168
Run 69 time 0.001398087
Run 70 time 0.001387119
Run 71 time 0.001849174
Run 72 time 0.001412153
Run 73 time 0.001968861
Run 74 time 0.001713037
Run 75 time 0.001463890
Run 76 time 0.001985073
Run 77 time 0.001209021
Run 78 time 0.001726866
Run 79 time 0.001492023
Run 80 time 0.001550913
Run 81 time 0.001381159
Run 82 time 0.002230167
Run 83 time 0.002007961
Run 84 time 0.002931833
Run 85 time 0.002692938
Run 86 time 0.019353151
Run 87 time 0.005204916
Run 88 time 0.007206917
Run 89 time 0.004150867
Run 90 time 0.017575979
Run 91 time 0.004772902
Run 92 time 0.004502058
Run 93 time 0.001891136
Run 94 time 0.002074957
Run 95 time 0.001421928
Run 96 time 0.001338959
Run 97 time 0.001460075
Run 98 time 0.001428127
Run 99 time 0.001442909
Run 100 time 0.001757860
/var/spool/slurmd/job4802890/slurm_script: line 66: :

for np in 8 16 32 64 128 150 256 512; do

	for msgsize in 1048576; do
		echo "MPI_BCAST $np $msgsize" 
		srun -N $np -n $np -c $SLURM_CPUS_PER_TASK --cpu_bind=rank --ntasks-per-node $SLURM_NTASKS_PER_NODE ./mpibcast $msgsize
			
#		if [ np == 8 ] 
#		then	
	#		echo "bintree $np $msgsize"
	#		srun -N $np -n $np -c $SLURM_CPUS_PER_TASK --cpu_bind=rank --ntasks-per-node $SLURM_NTASKS_PER_NODE ./bintree $msgsize $chunks
	#		echo "2TreeBdcast $np $msgsize $chunks"
	#		srun -N $np -n $np -c $SLURM_CPUS_PER_TASK --cpu_bind=rank --ntasks-per-node $SLURM_NTASKS_PER_NODE ./2TreeBdcast $np $msgsize $chunks
	#		echo "bin2Tree $np $msgsize $chunks"
	#		srun -N $np -n $np -c $SLURM_CPUS_PER_TASK --cpu_bind=rank --ntasks-per-node $SLURM_NTASKS_PER_NODE ./bin2tree $msgsize $chunks
		
	done
done: No such file or directory
