2TreeComplete_reduce 8 5242880 9
rank = 3, leftParent = 1, rightParent = 6, leftleftChild = 6, leftRightChild = 7, rightLeftChild = -1, rightRightChild = -1
######## RUN 6 at rank 3 start########
Log: Time 0.000090122 Rank 3 received chunk 0 (actual 0) run 6 nP 8 size 5242880 chunks 9
Log: Time 0.000165939 Rank 3 received chunk 2 (actual 2) run 6 nP 8 size 5242880 chunks 9
Log: Time 0.000234127 Rank 3 received chunk 4 (actual 4) run 6 nP 8 size 5242880 chunks 9
Log: Time 0.000306129 Rank 3 received chunk 6 (actual 6) run 6 nP 8 size 5242880 chunks 9
Log: Time 0.000376940 Rank 3 received chunk 8 (actual 8) run 6 nP 8 size 5242880 chunks 9
Log: Time 0.000459909 Rank 3 received chunk 0 (actual 9) run 6 nP 8 size 5242880 chunks 9
Log: Time 0.000550032 Rank 3 received chunk 2 (actual 11) run 6 nP 8 size 5242880 chunks 9
Log: Time 0.000639915 Rank 3 received chunk 4 (actual 13) run 6 nP 8 size 5242880 chunks 9
Log: Time 0.000725985 Rank 3 received chunk 6 (actual 15) run 6 nP 8 size 5242880 chunks 9
rank = 7, leftParent = 3, rightParent = 0, leftleftChild = -1, leftRightChild = -1, rightLeftChild = 6, rightRightChild = 5
######## RUN 6 at rank 7 start########
Log: Time 0.000726223 Rank 7 received chunk 1 (actual 10) run 6 nP 8 size 5242880 chunks 9
Log: Time 0.000889063 Rank 7 received chunk 3 (actual 12) run 6 nP 8 size 5242880 chunks 9
Log: Time 0.000973225 Rank 7 received chunk 5 (actual 14) run 6 nP 8 size 5242880 chunks 9
Log: Time 0.001057148 Rank 7 received chunk 7 (actual 16) run 6 nP 8 size 5242880 chunks 9
Log: Time 0.001137018 Rank 7 received chunk 1 (actual 1) run 6 nP 8 size 5242880 chunks 9
Log: Time 0.001217127 Rank 7 received chunk 3 (actual 3) run 6 nP 8 size 5242880 chunks 9
Log: Time 0.001318216 Rank 7 received chunk 5 (actual 5) run 6 nP 8 size 5242880 chunks 9
Log: Time 0.001414061 Rank 7 received chunk 7 (actual 7) run 6 nP 8 size 5242880 chunks 9
######## RUN 6 at rank 7 end########
######## RUN 11 at rank 7 start########
rank = 0, leftParent = -1, rightParent = -1, leftleftChild = 1, leftRightChild = -1, rightLeftChild = 7, rightRightChild = -1
Run 1 time 0.017244816
Run 2 time 0.001915932
Run 3 time 0.002887011
Run 4 time 0.002180099
Run 5 time 0.001696110
######## RUN 6 at rank 0 start########
Log: Time 0.000848055 Rank 0 received chunk 0 (actual 0) run 6 nP 8 size 5242880 chunks 9
Log: Time 0.001015902 Rank 0 received chunk 2 (actual 2) run 6 nP 8 size 5242880 chunks 9
Log: Time 0.001187086 Rank 0 received chunk 4 (actual 4) run 6 nP 8 size 5242880 chunks 9
Log: Time 0.001322985 Rank 0 received chunk 1 (actual 1) run 6 nP 8 size 5242880 chunks 9
Log: Time 0.001395941 Rank 0 received chunk 3 (actual 3) run 6 nP 8 size 5242880 chunks 9
Log: Time 0.001465082 Rank 0 received chunk 6 (actual 6) run 6 nP 8 size 5242880 chunks 9
Log: Time 0.001537085 Rank 0 received chunk 5 (actual 5) run 6 nP 8 size 5242880 chunks 9
Log: Time 0.001610994 Rank 0 received chunk 8 (actual 8) run 6 nP 8 size 5242880 chunks 9
Log: Time 0.001682997 Rank 0 received chunk 7 (actual 7) run 6 nP 8 size 5242880 chunks 9
######## RUN 6 at rank 0 end########
Run 6 time 0.001728058
Run 7 time 0.001729965
Run 8 time 0.001726151
Run 9 time 0.001651049
Run 10 time 0.001718998
######## RUN 11 at rank 0 start########
Log: Time 0.000966072 Rank 0 received chunk 0 (actual 0) run 11 nP 8 size 5242880 chunks 9
Log: Time 0.001032114 Rank 0 received chunk 1 (actual 1) run 11 nP 8 size 5242880 chunks 9
Log: Time 0.001105070 Rank 0 received chunk 2 (actual 2) run 11 nP 8 size 5242880 chunks 9
Log: Time 0.001228094 Rank 0 received chunk 3 (actual 3) run 11 nP 8 size 5242880 chunks 9
Log: Time 0.001300097 Rank 0 received chunk 4 (actual 4) run 11 nP 8 size 5242880 chunks 9
Log: Time 0.001425028 Rank 0 received chunk 6 (actual 6) run 11 nP 8 size 5242880 chunks 9
Log: Time 0.001497030 Rank 0 received chunk 5 (actual 5) run 11 nP 8 size 5242880 chunks 9
Log: Time 0.001569986 Rank 0 received chunk 7 (actual 7) run 11 nP 8 size 5242880 chunks 9
Log: Time 0.001641035 Rank 0 received chunk 8 (actual 8) run 11 nP 8 size 5242880 chunks 9
######## RUN 11 at rank 0 end########
Run 11 time 0.001685143
Run 12 time 0.001601934
Run 13 time 0.001698971
Run 14 time 0.001667023
Run 15 time 0.001697063
######## RUN 16 at rank 0 start########
Log: Time 0.000854969 Rank 0 received chunk 0 (actual 0) run 16 nP 8 size 5242880 chunks 9
Log: Time 0.001019955 Rank 0 received chunk 2 (actual 2) run 16 nP 8 size 5242880 chunks 9
Log: Time 0.001190901 Rank 0 received chunk 4 (actual 4) run 16 nP 8 size 5242880 chunks 9
Log: Time 0.001265049 Rank 0 received chunk 1 (actual 1) run 16 nP 8 size 5242880 chunks 9
Log: Time 0.001394033 Rank 0 received chunk 3 (actual 3) run 16 nP 8 size 5242880 chunks 9
Log: Time 0.001461983 Rank 0 received chunk 6 (actual 6) run 16 nP 8 size 5242880 chunks 9
Log: Time 0.001534939 Rank 0 received chunk 5 (actual 5) run 16 nP 8 size 5242880 chunks 9
Log: Time 0.001626968 Rank 0 received chunk 8 (actual 8) run 16 nP 8 size 5242880 chunks 9
Log: Time 0.001704931 Rank 0 received chunk 7 (actual 7) run 16 nP 8 size 5242880 chunks 9
######## RUN 16 at rank 0 end########
Run 16 time 0.001749992
Run 17 time 0.003455877
Run 18 time 0.001863956
Run 19 time 0.001720905
Run 20 time 0.001664877
rank = 1, leftParent = 0, rightParent = 5, leftleftChild = 2, leftRightChild = 3, rightLeftChild = -1, rightRightChild = -1
######## RUN 6 at rank 1 start########
Log: Time 0.000627995 Rank 1 received chunk 0 (actual 9) run 6 nP 8 size 5242880 chunks 9
Log: Time 0.000721931 Rank 1 received chunk 0 (actual 0) run 6 nP 8 size 5242880 chunks 9
Log: Time 0.000804901 Rank 1 received chunk 2 (actual 11) run 6 nP 8 size 5242880 chunks 9
Log: Time 0.000879049 Rank 1 received chunk 2 (actual 2) run 6 nP 8 size 5242880 chunks 9
Log: Time 0.000999928 Rank 1 received chunk 4 (actual 13) run 6 nP 8 size 5242880 chunks 9
Log: Time 0.001051903 Rank 1 received chunk 4 (actual 4) run 6 nP 8 size 5242880 chunks 9
Log: Time 0.001166105 Rank 1 received chunk 6 (actual 15) run 6 nP 8 size 5242880 chunks 9
Log: Time 0.001225948 Rank 1 received chunk 6 (actual 6) run 6 nP 8 size 5242880 chunks 9
Log: Time 0.001308918 Rank 1 received chunk 8 (actual 17) run 6 nP 8 size 5242880 chunks 9
rank = 5, leftParent = 2, rightParent = 7, leftleftChild = -1, leftRightChild = -1, rightLeftChild = 2, rightRightChild = 1
######## RUN 6 at rank 5 start########
Log: Time 0.000167131 Rank 5 received chunk 1 (actual 10) run 6 nP 8 size 5242880 chunks 9
Log: Time 0.000235081 Rank 5 received chunk 3 (actual 12) run 6 nP 8 size 5242880 chunks 9
Log: Time 0.000282049 Rank 5 received chunk 5 (actual 14) run 6 nP 8 size 5242880 chunks 9
Log: Time 0.000426054 Rank 5 received chunk 1 (actual 1) run 6 nP 8 size 5242880 chunks 9
Log: Time 0.000476122 Rank 5 received chunk 7 (actual 16) run 6 nP 8 size 5242880 chunks 9
Log: Time 0.000525951 Rank 5 received chunk 3 (actual 3) run 6 nP 8 size 5242880 chunks 9
Log: Time 0.000577927 Rank 5 received chunk 5 (actual 5) run 6 nP 8 size 5242880 chunks 9
Log: Time 0.000705004 Rank 5 received chunk 7 (actual 7) run 6 nP 8 size 5242880 chunks 9
######## RUN 6 at rank 5 end########
######## RUN 11 at rank 5 start########
rank = 6, leftParent = 3, rightParent = 7, leftleftChild = -1, leftRightChild = -1, rightLeftChild = 4, rightRightChild = 3
######## RUN 6 at rank 6 start########
Log: Time 0.000286102 Rank 6 received chunk 1 (actual 1) run 6 nP 8 size 5242880 chunks 9
Log: Time 0.000427008 Rank 6 received chunk 3 (actual 3) run 6 nP 8 size 5242880 chunks 9
Log: Time 0.000545979 Rank 6 received chunk 5 (actual 5) run 6 nP 8 size 5242880 chunks 9
Log: Time 0.000772953 Rank 6 received chunk 7 (actual 7) run 6 nP 8 size 5242880 chunks 9
Log: Time 0.000934124 Rank 6 received chunk 1 (actual 10) run 6 nP 8 size 5242880 chunks 9
Log: Time 0.001021147 Rank 6 received chunk 3 (actual 12) run 6 nP 8 size 5242880 chunks 9
Log: Time 0.001150131 Rank 6 received chunk 5 (actual 14) run 6 nP 8 size 5242880 chunks 9
Log: Time 0.001249075 Rank 6 received chunk 7 (actual 16) run 6 nP 8 size 5242880 chunks 9
######## RUN 6 at rank 6 end########
######## RUN 11 at rank 6 start########
rank = 4, leftParent = 2, rightParent = 6, leftleftChild = -1, leftRightChild = -1, rightLeftChild = -1, rightRightChild = -1
######## RUN 6 at rank 4 start########
######## RUN 6 at rank 4 end########
######## RUN 11 at rank 4 start########
######## RUN 11 at rank 4 end########
######## RUN 16 at rank 4 start########
######## RUN 16 at rank 4 end########
rank = 2, leftParent = 1, rightParent = 5, leftleftChild = 4, leftRightChild = 5, rightLeftChild = -1, rightRightChild = -1
######## RUN 6 at rank 2 start########
Log: Time 0.000089169 Rank 2 received chunk 0 (actual 0) run 6 nP 8 size 5242880 chunks 9
Log: Time 0.000167131 Rank 2 received chunk 2 (actual 2) run 6 nP 8 size 5242880 chunks 9
Log: Time 0.000239134 Rank 2 received chunk 4 (actual 4) run 6 nP 8 size 5242880 chunks 9
Log: Time 0.000313997 Rank 2 received chunk 6 (actual 6) run 6 nP 8 size 5242880 chunks 9
Log: Time 0.000401974 Rank 2 received chunk 8 (actual 8) run 6 nP 8 size 5242880 chunks 9
Log: Time 0.000507116 Rank 2 received chunk 0 (actual 9) run 6 nP 8 size 5242880 chunks 9
Log: Time 0.000604153 Rank 2 received chunk 2 (actual 11) run 6 nP 8 size 5242880 chunks 9
Log: Time 0.000707150 Rank 2 received chunk 4 (actual 13) run 6 nP 8 size 5242880 chunks 9
Log: Time 0.000791073 Rank 2 received chunk 6 (actual 15) run 6 nP 8 size 5242880 chunks 9
Log: Time 0.000720978 Rank 7 received chunk 1 (actual 10) run 11 nP 8 size 5242880 chunks 9
Log: Time 0.000887871 Rank 7 received chunk 1 (actual 1) run 11 nP 8 size 5242880 chunks 9
Log: Time 0.000974894 Rank 7 received chunk 3 (actual 12) run 11 nP 8 size 5242880 chunks 9
Log: Time 0.001060963 Rank 7 received chunk 3 (actual 3) run 11 nP 8 size 5242880 chunks 9
Log: Time 0.001144886 Rank 7 received chunk 5 (actual 14) run 11 nP 8 size 5242880 chunks 9
Log: Time 0.001241922 Rank 7 received chunk 7 (actual 16) run 11 nP 8 size 5242880 chunks 9
Log: Time 0.001314878 Rank 7 received chunk 5 (actual 5) run 11 nP 8 size 5242880 chunks 9
Log: Time 0.001386881 Rank 7 received chunk 7 (actual 7) run 11 nP 8 size 5242880 chunks 9
######## RUN 11 at rank 7 end########
######## RUN 16 at rank 7 start########
Log: Time 0.000725985 Rank 7 received chunk 1 (actual 10) run 16 nP 8 size 5242880 chunks 9
Log: Time 0.000891924 Rank 7 received chunk 3 (actual 12) run 16 nP 8 size 5242880 chunks 9
Log: Time 0.000821114 Rank 3 received chunk 8 (actual 17) run 6 nP 8 size 5242880 chunks 9
######## RUN 6 at rank 3 end########
######## RUN 11 at rank 3 start########
Log: Time 0.000107050 Rank 3 received chunk 0 (actual 9) run 11 nP 8 size 5242880 chunks 9
Log: Time 0.000195026 Rank 3 received chunk 2 (actual 11) run 11 nP 8 size 5242880 chunks 9
Log: Time 0.000286102 Rank 3 received chunk 4 (actual 13) run 11 nP 8 size 5242880 chunks 9
Log: Time 0.000373125 Rank 3 received chunk 6 (actual 15) run 11 nP 8 size 5242880 chunks 9
Log: Time 0.000457048 Rank 3 received chunk 8 (actual 17) run 11 nP 8 size 5242880 chunks 9
Log: Time 0.000530005 Rank 3 received chunk 0 (actual 0) run 11 nP 8 size 5242880 chunks 9
Log: Time 0.000602961 Rank 3 received chunk 2 (actual 2) run 11 nP 8 size 5242880 chunks 9
Log: Time 0.000676155 Rank 3 received chunk 4 (actual 4) run 11 nP 8 size 5242880 chunks 9
Log: Time 0.000767946 Rank 3 received chunk 6 (actual 6) run 11 nP 8 size 5242880 chunks 9
Log: Time 0.000976086 Rank 7 received chunk 5 (actual 14) run 16 nP 8 size 5242880 chunks 9
Log: Time 0.001060009 Rank 7 received chunk 7 (actual 16) run 16 nP 8 size 5242880 chunks 9
Log: Time 0.001136065 Rank 7 received chunk 1 (actual 1) run 16 nP 8 size 5242880 chunks 9
Log: Time 0.001233101 Rank 7 received chunk 3 (actual 3) run 16 nP 8 size 5242880 chunks 9
Log: Time 0.001313925 Rank 7 received chunk 5 (actual 5) run 16 nP 8 size 5242880 chunks 9
Log: Time 0.001444101 Rank 7 received chunk 7 (actual 7) run 16 nP 8 size 5242880 chunks 9
######## RUN 16 at rank 7 end########
Log: Time 0.000853062 Rank 3 received chunk 8 (actual 8) run 11 nP 8 size 5242880 chunks 9
######## RUN 11 at rank 3 end########
######## RUN 16 at rank 3 start########
Log: Time 0.000098944 Rank 3 received chunk 0 (actual 9) run 16 nP 8 size 5242880 chunks 9
Log: Time 0.000178814 Rank 3 received chunk 2 (actual 11) run 16 nP 8 size 5242880 chunks 9
Log: Time 0.000262976 Rank 3 received chunk 4 (actual 13) run 16 nP 8 size 5242880 chunks 9
Log: Time 0.000347853 Rank 3 received chunk 6 (actual 15) run 16 nP 8 size 5242880 chunks 9
Log: Time 0.000429869 Rank 3 received chunk 8 (actual 17) run 16 nP 8 size 5242880 chunks 9
Log: Time 0.000504017 Rank 3 received chunk 0 (actual 0) run 16 nP 8 size 5242880 chunks 9
Log: Time 0.000583887 Rank 3 received chunk 2 (actual 2) run 16 nP 8 size 5242880 chunks 9
Log: Time 0.000663996 Rank 3 received chunk 4 (actual 4) run 16 nP 8 size 5242880 chunks 9
Log: Time 0.000742912 Rank 3 received chunk 6 (actual 6) run 16 nP 8 size 5242880 chunks 9
Log: Time 0.000095129 Rank 5 received chunk 1 (actual 10) run 11 nP 8 size 5242880 chunks 9
Log: Time 0.000178099 Rank 5 received chunk 3 (actual 12) run 11 nP 8 size 5242880 chunks 9
Log: Time 0.000262022 Rank 5 received chunk 5 (actual 14) run 11 nP 8 size 5242880 chunks 9
Log: Time 0.000345945 Rank 5 received chunk 7 (actual 16) run 11 nP 8 size 5242880 chunks 9
Log: Time 0.000422955 Rank 5 received chunk 1 (actual 1) run 11 nP 8 size 5242880 chunks 9
Log: Time 0.000491142 Rank 5 received chunk 3 (actual 3) run 11 nP 8 size 5242880 chunks 9
Log: Time 0.000602961 Rank 5 received chunk 5 (actual 5) run 11 nP 8 size 5242880 chunks 9
Log: Time 0.000707150 Rank 5 received chunk 7 (actual 7) run 11 nP 8 size 5242880 chunks 9
######## RUN 11 at rank 5 end########
######## RUN 16 at rank 5 start########
Log: Time 0.000093937 Rank 5 received chunk 1 (actual 10) run 16 nP 8 size 5242880 chunks 9
Log: Time 0.000177860 Rank 5 received chunk 3 (actual 12) run 16 nP 8 size 5242880 chunks 9
Log: Time 0.000823975 Rank 3 received chunk 8 (actual 8) run 16 nP 8 size 5242880 chunks 9
######## RUN 16 at rank 3 end########
Log: Time 0.000887156 Rank 2 received chunk 8 (actual 17) run 6 nP 8 size 5242880 chunks 9
######## RUN 6 at rank 2 end########
######## RUN 11 at rank 2 start########
Log: Time 0.000084162 Rank 2 received chunk 0 (actual 0) run 11 nP 8 size 5242880 chunks 9
Log: Time 0.000157118 Rank 2 received chunk 2 (actual 2) run 11 nP 8 size 5242880 chunks 9
Log: Time 0.000231028 Rank 2 received chunk 4 (actual 4) run 11 nP 8 size 5242880 chunks 9
Log: Time 0.000303984 Rank 2 received chunk 6 (actual 6) run 11 nP 8 size 5242880 chunks 9
Log: Time 0.000392199 Rank 2 received chunk 8 (actual 8) run 11 nP 8 size 5242880 chunks 9
Log: Time 0.000494003 Rank 2 received chunk 0 (actual 9) run 11 nP 8 size 5242880 chunks 9
Log: Time 0.000595093 Rank 2 received chunk 2 (actual 11) run 11 nP 8 size 5242880 chunks 9
Log: Time 0.000694036 Rank 2 received chunk 4 (actual 13) run 11 nP 8 size 5242880 chunks 9
Log: Time 0.000782967 Rank 2 received chunk 6 (actual 15) run 11 nP 8 size 5242880 chunks 9
Log: Time 0.000094175 Rank 6 received chunk 1 (actual 10) run 11 nP 8 size 5242880 chunks 9
Log: Time 0.000174999 Rank 6 received chunk 3 (actual 12) run 11 nP 8 size 5242880 chunks 9
Log: Time 0.000256062 Rank 6 received chunk 5 (actual 14) run 11 nP 8 size 5242880 chunks 9
Log: Time 0.000339031 Rank 6 received chunk 7 (actual 16) run 11 nP 8 size 5242880 chunks 9
Log: Time 0.000432014 Rank 6 received chunk 1 (actual 1) run 11 nP 8 size 5242880 chunks 9
Log: Time 0.000591993 Rank 6 received chunk 3 (actual 3) run 11 nP 8 size 5242880 chunks 9
Log: Time 0.000826120 Rank 6 received chunk 5 (actual 5) run 11 nP 8 size 5242880 chunks 9
Log: Time 0.000925064 Rank 6 received chunk 7 (actual 7) run 11 nP 8 size 5242880 chunks 9
######## RUN 11 at rank 6 end########
######## RUN 16 at rank 6 start########
Log: Time 0.000284910 Rank 6 received chunk 1 (actual 1) run 16 nP 8 size 5242880 chunks 9
Log: Time 0.000427961 Rank 6 received chunk 3 (actual 3) run 16 nP 8 size 5242880 chunks 9
Log: Time 0.001365900 Rank 1 received chunk 8 (actual 8) run 6 nP 8 size 5242880 chunks 9
######## RUN 6 at rank 1 end########
######## RUN 11 at rank 1 start########
Log: Time 0.000710011 Rank 1 received chunk 0 (actual 0) run 11 nP 8 size 5242880 chunks 9
Log: Time 0.000836134 Rank 1 received chunk 0 (actual 9) run 11 nP 8 size 5242880 chunks 9
Log: Time 0.000885010 Rank 1 received chunk 2 (actual 2) run 11 nP 8 size 5242880 chunks 9
Log: Time 0.000941038 Rank 1 received chunk 2 (actual 11) run 11 nP 8 size 5242880 chunks 9
Log: Time 0.001027107 Rank 1 received chunk 4 (actual 13) run 11 nP 8 size 5242880 chunks 9
Log: Time 0.001106977 Rank 1 received chunk 4 (actual 4) run 11 nP 8 size 5242880 chunks 9
Log: Time 0.001189947 Rank 1 received chunk 6 (actual 15) run 11 nP 8 size 5242880 chunks 9
Log: Time 0.001258135 Rank 1 received chunk 6 (actual 6) run 11 nP 8 size 5242880 chunks 9
Log: Time 0.001348019 Rank 1 received chunk 8 (actual 17) run 11 nP 8 size 5242880 chunks 9
Log: Time 0.000262022 Rank 5 received chunk 5 (actual 14) run 16 nP 8 size 5242880 chunks 9
Log: Time 0.000345945 Rank 5 received chunk 7 (actual 16) run 16 nP 8 size 5242880 chunks 9
Log: Time 0.000423908 Rank 5 received chunk 1 (actual 1) run 16 nP 8 size 5242880 chunks 9
Log: Time 0.000493050 Rank 5 received chunk 3 (actual 3) run 16 nP 8 size 5242880 chunks 9
Log: Time 0.000575066 Rank 5 received chunk 5 (actual 5) run 16 nP 8 size 5242880 chunks 9
Log: Time 0.000669956 Rank 5 received chunk 7 (actual 7) run 16 nP 8 size 5242880 chunks 9
######## RUN 16 at rank 5 end########
Log: Time 0.000881195 Rank 2 received chunk 8 (actual 17) run 11 nP 8 size 5242880 chunks 9
######## RUN 11 at rank 2 end########
######## RUN 16 at rank 2 start########
Log: Time 0.000093937 Rank 2 received chunk 0 (actual 0) run 16 nP 8 size 5242880 chunks 9
Log: Time 0.000165939 Rank 2 received chunk 2 (actual 2) run 16 nP 8 size 5242880 chunks 9
Log: Time 0.000237942 Rank 2 received chunk 4 (actual 4) run 16 nP 8 size 5242880 chunks 9
Log: Time 0.000315905 Rank 2 received chunk 6 (actual 6) run 16 nP 8 size 5242880 chunks 9
Log: Time 0.000402927 Rank 2 received chunk 8 (actual 8) run 16 nP 8 size 5242880 chunks 9
Log: Time 0.000505924 Rank 2 received chunk 0 (actual 9) run 16 nP 8 size 5242880 chunks 9
Log: Time 0.000602961 Rank 2 received chunk 2 (actual 11) run 16 nP 8 size 5242880 chunks 9
Log: Time 0.000705957 Rank 2 received chunk 4 (actual 13) run 16 nP 8 size 5242880 chunks 9
Log: Time 0.000792027 Rank 2 received chunk 6 (actual 15) run 16 nP 8 size 5242880 chunks 9
Log: Time 0.000607967 Rank 6 received chunk 5 (actual 5) run 16 nP 8 size 5242880 chunks 9
Log: Time 0.000812054 Rank 6 received chunk 7 (actual 7) run 16 nP 8 size 5242880 chunks 9
Log: Time 0.000983000 Rank 6 received chunk 1 (actual 10) run 16 nP 8 size 5242880 chunks 9
Log: Time 0.001040936 Rank 6 received chunk 3 (actual 12) run 16 nP 8 size 5242880 chunks 9
Log: Time 0.001175880 Rank 6 received chunk 5 (actual 14) run 16 nP 8 size 5242880 chunks 9
Log: Time 0.001283884 Rank 6 received chunk 7 (actual 16) run 16 nP 8 size 5242880 chunks 9
######## RUN 16 at rank 6 end########
Log: Time 0.001426935 Rank 1 received chunk 8 (actual 8) run 11 nP 8 size 5242880 chunks 9
######## RUN 11 at rank 1 end########
######## RUN 16 at rank 1 start########
Log: Time 0.000642776 Rank 1 received chunk 0 (actual 9) run 16 nP 8 size 5242880 chunks 9
Log: Time 0.000726938 Rank 1 received chunk 0 (actual 0) run 16 nP 8 size 5242880 chunks 9
Log: Time 0.000809908 Rank 1 received chunk 2 (actual 11) run 16 nP 8 size 5242880 chunks 9
Log: Time 0.000885963 Rank 1 received chunk 2 (actual 2) run 16 nP 8 size 5242880 chunks 9
Log: Time 0.001008987 Rank 1 received chunk 4 (actual 13) run 16 nP 8 size 5242880 chunks 9
Log: Time 0.001058817 Rank 1 received chunk 4 (actual 4) run 16 nP 8 size 5242880 chunks 9
Log: Time 0.001176834 Rank 1 received chunk 6 (actual 15) run 16 nP 8 size 5242880 chunks 9
Log: Time 0.001232862 Rank 1 received chunk 6 (actual 6) run 16 nP 8 size 5242880 chunks 9
Log: Time 0.001321793 Rank 1 received chunk 8 (actual 17) run 16 nP 8 size 5242880 chunks 9
Log: Time 0.000886917 Rank 2 received chunk 8 (actual 17) run 16 nP 8 size 5242880 chunks 9
######## RUN 16 at rank 2 end########
Log: Time 0.001378775 Rank 1 received chunk 8 (actual 8) run 16 nP 8 size 5242880 chunks 9
######## RUN 16 at rank 1 end########

