2TreeSandersOld_reduce 8 5242880 9
rank = 3, leftParent = 2, rightParent = 0, leftleftChild = -1, leftRightChild = -1, rightLeftChild = 5, rightRightChild = 1
Log: Time 0.002395868 Rank 3 received chunk 1 (actual 1)
Log: Time 0.003099918 Rank 3 received chunk 1 (actual 10)
Log: Time 0.003499985 Rank 3 received chunk 3 (actual 3)
Log: Time 0.004082918 Rank 3 received chunk 3 (actual 12)
Log: Time 0.004448891 Rank 3 received chunk 5 (actual 5)
Log: Time 0.004798889 Rank 3 received chunk 5 (actual 14)
Log: Time 0.005190849 Rank 3 received chunk 7 (actual 7)
Log: Time 0.005555868 Rank 3 received chunk 7 (actual 16)
rank = 2, leftParent = 4, rightParent = 1, leftleftChild = 1, leftRightChild = 3, rightLeftChild = -1, rightRightChild = -1
Log: Time 0.000372887 Rank 2 received chunk 0 (actual 0)
Log: Time 0.000723839 Rank 2 received chunk 2 (actual 2)
Log: Time 0.001077890 Rank 2 received chunk 4 (actual 4)
Log: Time 0.001438856 Rank 2 received chunk 6 (actual 6)
Log: Time 0.001791954 Rank 2 received chunk 8 (actual 8)
Log: Time 0.002192974 Rank 2 received chunk 0 (actual 9)
Log: Time 0.002861023 Rank 2 received chunk 2 (actual 11)
Log: Time 0.003279924 Rank 2 received chunk 4 (actual 13)
Log: Time 0.003722906 Rank 2 received chunk 6 (actual 15)
Log: Time 0.004289865 Rank 2 received chunk 8 (actual 17)
rank = 6, leftParent = 4, rightParent = 5, leftleftChild = 5, leftRightChild = 7, rightLeftChild = -1, rightRightChild = -1
Log: Time 0.000603914 Rank 6 received chunk 0 (actual 9)
Log: Time 0.001055956 Rank 6 received chunk 2 (actual 11)
Log: Time 0.001481056 Rank 6 received chunk 4 (actual 13)
Log: Time 0.001893997 Rank 6 received chunk 6 (actual 15)
Log: Time 0.002468109 Rank 6 received chunk 0 (actual 0)
Log: Time 0.002768040 Rank 6 received chunk 2 (actual 2)
Log: Time 0.003145933 Rank 6 received chunk 4 (actual 4)
Log: Time 0.003710032 Rank 6 received chunk 6 (actual 6)
Log: Time 0.004008055 Rank 6 received chunk 8 (actual 8)
Log: Time 0.004388094 Rank 6 received chunk 8 (actual 17)
rank = 4, leftParent = 0, rightParent = 5, leftleftChild = 2, leftRightChild = 6, rightLeftChild = -1, rightRightChild = -1
Log: Time 0.002763033 Rank 4 received chunk 0 (actual 0)
Log: Time 0.003260136 Rank 4 received chunk 0 (actual 9)
Log: Time 0.003731966 Rank 4 received chunk 2 (actual 11)
Log: Time 0.004035950 Rank 4 received chunk 2 (actual 2)
Log: Time 0.004441023 Rank 4 received chunk 4 (actual 13)
Log: Time 0.004812002 Rank 4 received chunk 4 (actual 4)
Log: Time 0.005150080 Rank 4 received chunk 6 (actual 15)
Log: Time 0.005482912 Rank 4 received chunk 6 (actual 6)
Log: Time 0.005815029 Rank 4 received chunk 8 (actual 8)
Log: Time 0.006216049 Rank 4 received chunk 8 (actual 17)
rank = 1, leftParent = 2, rightParent = 3, leftleftChild = -1, leftRightChild = -1, rightLeftChild = 2, rightRightChild = 7
Log: Time 0.000606060 Rank 1 received chunk 1 (actual 10)
Log: Time 0.001045942 Rank 1 received chunk 3 (actual 12)
Log: Time 0.001451969 Rank 1 received chunk 5 (actual 14)
Log: Time 0.001893997 Rank 1 received chunk 7 (actual 16)
Log: Time 0.002207041 Rank 1 received chunk 1 (actual 1)
Log: Time 0.002815962 Rank 1 received chunk 3 (actual 3)
Log: Time 0.003151894 Rank 1 received chunk 5 (actual 5)
Log: Time 0.003861904 Rank 1 received chunk 7 (actual 7)
rank = 7, leftParent = 6, rightParent = 1, leftleftChild = -1, leftRightChild = -1, rightLeftChild = -1, rightRightChild = -1
rank = 5, leftParent = 6, rightParent = 3, leftleftChild = -1, leftRightChild = -1, rightLeftChild = 6, rightRightChild = 4
Log: Time 0.000370026 Rank 5 received chunk 1 (actual 1)
Log: Time 0.000724077 Rank 5 received chunk 3 (actual 3)
Log: Time 0.001074076 Rank 5 received chunk 5 (actual 5)
Log: Time 0.001451969 Rank 5 received chunk 7 (actual 7)
Log: Time 0.001790047 Rank 5 received chunk 1 (actual 10)
Log: Time 0.002413034 Rank 5 received chunk 3 (actual 12)
Log: Time 0.002844095 Rank 5 received chunk 5 (actual 14)
Log: Time 0.003452063 Rank 5 received chunk 7 (actual 16)
rank = 0, leftParent = -1, rightParent = -1, leftleftChild = 4, leftRightChild = -1, rightLeftChild = 3, rightRightChild = -1
Run 1 time 0.039383173
Run 2 time 0.007012129
Run 3 time 0.006953955
Run 4 time 0.007130861
Run 5 time 0.007095098
Run 6 time 0.006978035
Run 7 time 0.006603003
Run 8 time 0.007164955
Run 9 time 0.006780863
Run 10 time 0.007124901
Log: Time 0.004149914 Rank 0 received chunk 582542 (actual 1)
Log: Time 0.004446983 Rank 0 received chunk 0 (actual 0)
Log: Time 0.004744053 Rank 0 received chunk 1165084 (actual 2)
Log: Time 0.005041122 Rank 0 received chunk 1747626 (actual 3)
Log: Time 0.005339146 Rank 0 received chunk 2912710 (actual 5)
Log: Time 0.005636930 Rank 0 received chunk 2330168 (actual 4)
Log: Time 0.006137133 Rank 0 received chunk 3495252 (actual 6)
Log: Time 0.006432056 Rank 0 received chunk 4077794 (actual 7)
Log: Time 0.006725073 Rank 0 received chunk 4660336 (actual 8)
Run 11 time 0.006916046
Run 12 time 0.006929874
Run 13 time 0.007054090
Run 14 time 0.006860018
Run 15 time 0.007004023
Run 16 time 0.006983995
Run 17 time 0.007102013
Run 18 time 0.006994009
Run 19 time 0.006886959
Run 20 time 0.007197857
