2TreeComplete_reduce 8 5242880 9
rank = 1, leftParent = 0, rightParent = 5, leftleftChild = 2, leftRightChild = 3, rightLeftChild = -1, rightRightChild = -1
Log: Time 0.002238035 Rank 1 received chunk 0 (actual 9)
Log: Time 0.004127026 Rank 1 received chunk 0 (actual 0)
Log: Time 0.004206896 Rank 1 received chunk 2 (actual 2)
Log: Time 0.004292011 Rank 1 received chunk 4 (actual 4)
Log: Time 0.004364967 Rank 1 received chunk 6 (actual 6)
Log: Time 0.004438877 Rank 1 received chunk 8 (actual 8)
Log: Time 0.004535913 Rank 1 received chunk 2 (actual 11)
Log: Time 0.004617929 Rank 1 received chunk 4 (actual 13)
Log: Time 0.004715919 Rank 1 received chunk 6 (actual 15)
Log: Time 0.004819870 Rank 1 received chunk 8 (actual 17)
rank = 4, leftParent = 2, rightParent = 6, leftleftChild = -1, leftRightChild = -1, rightLeftChild = -1, rightRightChild = -1
rank = 7, leftParent = 3, rightParent = 0, leftleftChild = -1, leftRightChild = -1, rightLeftChild = 6, rightRightChild = 5
Log: Time 0.002262831 Rank 7 received chunk 1 (actual 10)
Log: Time 0.004279852 Rank 7 received chunk 3 (actual 12)
Log: Time 0.004362822 Rank 7 received chunk 5 (actual 14)
Log: Time 0.004458904 Rank 7 received chunk 7 (actual 16)
Log: Time 0.004531860 Rank 7 received chunk 1 (actual 1)
Log: Time 0.004611969 Rank 7 received chunk 3 (actual 3)
Log: Time 0.004695892 Rank 7 received chunk 5 (actual 5)
Log: Time 0.004781008 Rank 7 received chunk 7 (actual 7)
rank = 5, leftParent = 2, rightParent = 7, leftleftChild = -1, leftRightChild = -1, rightLeftChild = 2, rightRightChild = 1
Log: Time 0.000207901 Rank 5 received chunk 1 (actual 10)
Log: Time 0.002121925 Rank 5 received chunk 1 (actual 1)
Log: Time 0.002173901 Rank 5 received chunk 3 (actual 3)
Log: Time 0.002223015 Rank 5 received chunk 5 (actual 5)
Log: Time 0.002271891 Rank 5 received chunk 7 (actual 7)
Log: Time 0.002335787 Rank 5 received chunk 3 (actual 12)
Log: Time 0.002384901 Rank 5 received chunk 5 (actual 14)
Log: Time 0.002434015 Rank 5 received chunk 7 (actual 16)
rank = 6, leftParent = 3, rightParent = 7, leftleftChild = -1, leftRightChild = -1, rightLeftChild = 4, rightRightChild = 3
Log: Time 0.000218153 Rank 6 received chunk 1 (actual 1)
Log: Time 0.002213955 Rank 6 received chunk 3 (actual 3)
Log: Time 0.002262115 Rank 6 received chunk 5 (actual 5)
Log: Time 0.002309084 Rank 6 received chunk 7 (actual 7)
Log: Time 0.002356052 Rank 6 received chunk 1 (actual 10)
Log: Time 0.002406120 Rank 6 received chunk 3 (actual 12)
Log: Time 0.002454042 Rank 6 received chunk 5 (actual 14)
Log: Time 0.002502918 Rank 6 received chunk 7 (actual 16)
rank = 3, leftParent = 1, rightParent = 6, leftleftChild = 6, leftRightChild = 7, rightLeftChild = -1, rightRightChild = -1
Log: Time 0.000095129 Rank 3 received chunk 0 (actual 9)
Log: Time 0.002099037 Rank 3 received chunk 0 (actual 0)
Log: Time 0.002150059 Rank 3 received chunk 2 (actual 2)
Log: Time 0.002199173 Rank 3 received chunk 4 (actual 4)
Log: Time 0.002248049 Rank 3 received chunk 6 (actual 6)
Log: Time 0.002313137 Rank 3 received chunk 8 (actual 8)
Log: Time 0.002360106 Rank 3 received chunk 2 (actual 11)
Log: Time 0.002408981 Rank 3 received chunk 4 (actual 13)
Log: Time 0.002458096 Rank 3 received chunk 6 (actual 15)
Log: Time 0.002506971 Rank 3 received chunk 8 (actual 17)
rank = 2, leftParent = 1, rightParent = 5, leftleftChild = 4, leftRightChild = 5, rightLeftChild = -1, rightRightChild = -1
Log: Time 0.000103951 Rank 2 received chunk 0 (actual 0)
Log: Time 0.002086878 Rank 2 received chunk 2 (actual 2)
Log: Time 0.002137899 Rank 2 received chunk 4 (actual 4)
Log: Time 0.002188921 Rank 2 received chunk 6 (actual 6)
Log: Time 0.002239943 Rank 2 received chunk 8 (actual 8)
Log: Time 0.002306938 Rank 2 received chunk 0 (actual 9)
Log: Time 0.002357006 Rank 2 received chunk 2 (actual 11)
Log: Time 0.002405882 Rank 2 received chunk 4 (actual 13)
Log: Time 0.002454996 Rank 2 received chunk 6 (actual 15)
Log: Time 0.002503872 Rank 2 received chunk 8 (actual 17)
rank = 0, leftParent = -1, rightParent = -1, leftleftChild = 1, leftRightChild = -1, rightLeftChild = 7, rightRightChild = -1
Run 1 time 0.028130054
Run 2 time 0.001828909
Run 3 time 0.001841068
Run 4 time 0.001816034
Run 5 time 0.001835823
Run 6 time 0.001831055
Run 7 time 0.001814127
Run 8 time 0.001848936
Run 9 time 0.001790047
Run 10 time 0.001828909
Log: Time 0.004251003 Rank 0 received chunk 0 (actual 0)
Log: Time 0.004659891 Rank 0 received chunk 1 (actual 1)
Log: Time 0.004730940 Rank 0 received chunk 2 (actual 2)
Log: Time 0.004793882 Rank 0 received chunk 3 (actual 3)
Log: Time 0.004859924 Rank 0 received chunk 4 (actual 4)
Log: Time 0.004914045 Rank 0 received chunk 5 (actual 5)
Log: Time 0.004974842 Rank 0 received chunk 6 (actual 6)
Log: Time 0.005032063 Rank 0 received chunk 7 (actual 7)
Log: Time 0.005089998 Rank 0 received chunk 8 (actual 8)
Run 11 time 0.005137920
Run 12 time 0.001854181
Run 13 time 0.001801968
Run 14 time 0.001841068
Run 15 time 0.002558231
Run 16 time 0.002927065
Run 17 time 0.002320051
Run 18 time 0.001801968
Run 19 time 0.001840115
Run 20 time 0.001830101
