2TreeSandersFlipped_reduce 8 5242880 9
rank = 2, leftParent = 4, rightParent = 1, leftleftChild = 1, leftRightChild = 3, rightLeftChild = -1, rightRightChild = -1
Log: Time 0.000349998 Rank 2 received chunk 0 (actual 9)
Log: Time 0.000690222 Rank 2 received chunk 2 (actual 11)
Log: Time 0.001031160 Rank 2 received chunk 4 (actual 13)
Log: Time 0.001372099 Rank 2 received chunk 6 (actual 15)
Log: Time 0.001713037 Rank 2 received chunk 8 (actual 17)
Log: Time 0.002068043 Rank 2 received chunk 0 (actual 0)
Log: Time 0.002444029 Rank 2 received chunk 2 (actual 2)
Log: Time 0.002830029 Rank 2 received chunk 4 (actual 4)
Log: Time 0.003318071 Rank 2 received chunk 6 (actual 6)
Log: Time 0.003768206 Rank 2 received chunk 8 (actual 8)
rank = 0, leftParent = -1, rightParent = -1, leftleftChild = 4, leftRightChild = -1, rightLeftChild = 3, rightRightChild = -1
Run 1 time 0.039931059
Run 2 time 0.006886005
Run 3 time 0.006615877
Run 4 time 0.006932974
Run 5 time 0.006746054
Run 6 time 0.006478071
Run 7 time 0.006795883
Run 8 time 0.006861925
Run 9 time 0.006961823
Run 10 time 0.006594896
Log: Time 0.004230022 Rank 0 received chunk 582542 (actual 1)
Log: Time 0.004582167 Rank 0 received chunk 0 (actual 0)
Log: Time 0.004836082 Rank 0 received chunk 1747626 (actual 3)
Log: Time 0.005125999 Rank 0 received chunk 2912710 (actual 5)
Log: Time 0.005417109 Rank 0 received chunk 1165084 (actual 2)
Log: Time 0.005656004 Rank 0 received chunk 4077794 (actual 7)
Log: Time 0.005943060 Rank 0 received chunk 2330168 (actual 4)
Log: Time 0.006382942 Rank 0 received chunk 3495252 (actual 6)
Log: Time 0.006613970 Rank 0 received chunk 4660336 (actual 8)
Run 11 time 0.006806135
Run 12 time 0.006861925
Run 13 time 0.006606102
Run 14 time 0.006935835
Run 15 time 0.006814957
Run 16 time 0.006598949
Run 17 time 0.006752968
Run 18 time 0.006870985
Run 19 time 0.006875992
Run 20 time 0.006480932
rank = 6, leftParent = 4, rightParent = 5, leftleftChild = 5, leftRightChild = 7, rightLeftChild = -1, rightRightChild = -1
Log: Time 0.000638008 Rank 6 received chunk 0 (actual 9)
Log: Time 0.001119852 Rank 6 received chunk 2 (actual 11)
Log: Time 0.001559019 Rank 6 received chunk 4 (actual 13)
Log: Time 0.001899958 Rank 6 received chunk 6 (actual 15)
Log: Time 0.002300978 Rank 6 received chunk 8 (actual 17)
Log: Time 0.003171921 Rank 6 received chunk 0 (actual 0)
Log: Time 0.003468037 Rank 6 received chunk 2 (actual 2)
Log: Time 0.004010916 Rank 6 received chunk 4 (actual 4)
Log: Time 0.004307032 Rank 6 received chunk 6 (actual 6)
Log: Time 0.004644871 Rank 6 received chunk 8 (actual 8)
rank = 7, leftParent = 6, rightParent = 1, leftleftChild = -1, leftRightChild = -1, rightLeftChild = -1, rightRightChild = -1
rank = 4, leftParent = 0, rightParent = 5, leftleftChild = 2, leftRightChild = 6, rightLeftChild = -1, rightRightChild = -1
Log: Time 0.002707958 Rank 4 received chunk 0 (actual 0)
Log: Time 0.003121138 Rank 4 received chunk 2 (actual 2)
Log: Time 0.003492117 Rank 4 received chunk 4 (actual 4)
Log: Time 0.004014969 Rank 4 received chunk 0 (actual 9)
Log: Time 0.004323959 Rank 4 received chunk 6 (actual 6)
Log: Time 0.004716158 Rank 4 received chunk 2 (actual 11)
Log: Time 0.005010128 Rank 4 received chunk 8 (actual 8)
Log: Time 0.005418062 Rank 4 received chunk 4 (actual 13)
Log: Time 0.005787134 Rank 4 received chunk 6 (actual 15)
Log: Time 0.006165981 Rank 4 received chunk 8 (actual 17)
rank = 5, leftParent = 6, rightParent = 3, leftleftChild = -1, leftRightChild = -1, rightLeftChild = 4, rightRightChild = 6
Log: Time 0.000308990 Rank 5 received chunk 1 (actual 1)
Log: Time 0.000604868 Rank 5 received chunk 3 (actual 3)
Log: Time 0.000901937 Rank 5 received chunk 5 (actual 5)
Log: Time 0.001196861 Rank 5 received chunk 7 (actual 7)
Log: Time 0.001543999 Rank 5 received chunk 1 (actual 10)
Log: Time 0.001911879 Rank 5 received chunk 3 (actual 12)
Log: Time 0.002274036 Rank 5 received chunk 5 (actual 14)
Log: Time 0.003167868 Rank 5 received chunk 7 (actual 16)
rank = 1, leftParent = 2, rightParent = 3, leftleftChild = -1, leftRightChild = -1, rightLeftChild = 7, rightRightChild = 2
Log: Time 0.000644207 Rank 1 received chunk 1 (actual 1)
Log: Time 0.001123190 Rank 1 received chunk 3 (actual 3)
Log: Time 0.001581192 Rank 1 received chunk 5 (actual 5)
Log: Time 0.001898050 Rank 1 received chunk 7 (actual 7)
Log: Time 0.002300978 Rank 1 received chunk 1 (actual 10)
Log: Time 0.003516197 Rank 1 received chunk 3 (actual 12)
Log: Time 0.003895998 Rank 1 received chunk 5 (actual 14)
Log: Time 0.004490137 Rank 1 received chunk 7 (actual 16)
rank = 3, leftParent = 2, rightParent = 0, leftleftChild = -1, leftRightChild = -1, rightLeftChild = 1, rightRightChild = 5
Log: Time 0.002091169 Rank 3 received chunk 1 (actual 10)
Log: Time 0.002655029 Rank 3 received chunk 3 (actual 12)
Log: Time 0.002995014 Rank 3 received chunk 5 (actual 14)
Log: Time 0.003568172 Rank 3 received chunk 1 (actual 1)
Log: Time 0.003950119 Rank 3 received chunk 7 (actual 16)
Log: Time 0.004266024 Rank 3 received chunk 3 (actual 3)
Log: Time 0.004561186 Rank 3 received chunk 5 (actual 5)
Log: Time 0.005139112 Rank 3 received chunk 7 (actual 7)
