2Tree_allreduce 32 1048576 10
Run 1 time 0.066949129
Run 2 time 0.002731800
Run 3 time 0.002433062
Run 4 time 0.002578020
Run 5 time 0.002509117
Run 6 time 0.002543926
Run 7 time 0.002499104
Run 8 time 0.002413034
Run 9 time 0.002477884
Run 10 time 0.002449989
Run 11 time 0.002427101
Run 12 time 0.002422094
Run 13 time 0.002490044
Run 14 time 0.002765894
Run 15 time 0.002676964
Run 16 time 0.002862930
Run 17 time 0.002499819
Run 18 time 0.002431870
Run 19 time 0.002386093
Run 20 time 0.002452850
Run 21 time 0.002557993
Run 22 time 0.002408028
Run 23 time 0.002425909
Run 24 time 0.002444983
Run 25 time 0.002443075
Run 26 time 0.002445936
Run 27 time 0.002419949
Run 28 time 0.002439022
Run 29 time 0.002382994
Run 30 time 0.002467871
Run 31 time 0.002418041
Run 32 time 0.002399921
Run 33 time 0.002395868
Run 34 time 0.002406120
Run 35 time 0.002382040
Run 36 time 0.002394199
Run 37 time 0.002357960
Run 38 time 0.002412081
Run 39 time 0.002377033
Run 40 time 0.002382994
Run 41 time 0.002368927
Run 42 time 0.002529860
Run 43 time 0.002823114
Run 44 time 0.002547026
Run 45 time 0.002719879
Run 46 time 0.002799988
Run 47 time 0.002662897
Run 48 time 0.002449989
Run 49 time 0.002388000
Run 50 time 0.002520084
Run 51 time 0.002579927
Run 52 time 0.002405167
Run 53 time 0.002712965
Run 54 time 0.002341986
Run 55 time 0.002690077
Run 56 time 0.002782822
Run 57 time 0.002524137
Run 58 time 0.002454042
Run 59 time 0.002369881
Run 60 time 0.002341986
Run 61 time 0.002372026
Run 62 time 0.002382994
Run 63 time 0.002380133
Run 64 time 0.002393007
Run 65 time 0.002386093
Run 66 time 0.002374887
Run 67 time 0.002331018
Run 68 time 0.002324104
Run 69 time 0.002383947
Run 70 time 0.002545118
Run 71 time 0.002411127
Run 72 time 0.002418995
Run 73 time 0.002854109
Run 74 time 0.002357960
Run 75 time 0.002362967
Run 76 time 0.002423048
Run 77 time 0.002496958
Run 78 time 0.002408981
Run 79 time 0.002420187
Run 80 time 0.002432108
Run 81 time 0.002387047
Run 82 time 0.002418041
Run 83 time 0.002516985
Run 84 time 0.002420902
Run 85 time 0.002406836
Run 86 time 0.002542973
Run 87 time 0.002445936
Run 88 time 0.002599955
Run 89 time 0.002475023
Run 90 time 0.002411127
Run 91 time 0.002483845
Run 92 time 0.002609968
Run 93 time 0.002867937
Run 94 time 0.002666950
Run 95 time 0.002574921
Run 96 time 0.002614021
Run 97 time 0.002470016
Run 98 time 0.002679110
Run 99 time 0.002582073
Run 100 time 0.002418041
2Tree_allreduceoptimal 32 1048576 10
Run 1 time 0.065668106
Run 2 time 0.002135992
Run 3 time 0.002146006
Run 4 time 0.002135992
Run 5 time 0.002159834
Run 6 time 0.002108097
Run 7 time 0.002200127
Run 8 time 0.002115965
Run 9 time 0.002143860
Run 10 time 0.002099037
Run 11 time 0.002298117
Run 12 time 0.002207041
Run 13 time 0.002160072
Run 14 time 0.002133131
Run 15 time 0.002079010
Run 16 time 0.002145052
Run 17 time 0.002161026
Run 18 time 0.002257109
Run 19 time 0.002187967
Run 20 time 0.002231121
Run 21 time 0.002468109
Run 22 time 0.002425194
Run 23 time 0.002677917
Run 24 time 0.002835035
Run 25 time 0.002118111
Run 26 time 0.002112150
Run 27 time 0.004310131
Run 28 time 0.002933979
Run 29 time 0.004088163
Run 30 time 0.006045818
Run 31 time 0.002336025
Run 32 time 0.002753019
Run 33 time 0.002294064
Run 34 time 0.002138138
Run 35 time 0.002215147
Run 36 time 0.002191067
Run 37 time 0.002097130
Run 38 time 0.002115011
Run 39 time 0.002279997
Run 40 time 0.002191067
Run 41 time 0.002182961
Run 42 time 0.002109051
Run 43 time 0.002169132
Run 44 time 0.002204180
Run 45 time 0.002213955
Run 46 time 0.002084017
Run 47 time 0.002756119
Run 48 time 0.003616095
Run 49 time 0.003972054
Run 50 time 0.006525993
Run 51 time 0.004904032
Run 52 time 0.002795935
Run 53 time 0.002149105
Run 54 time 0.002191067
Run 55 time 0.002212048
Run 56 time 0.002099037
Run 57 time 0.002129078
Run 58 time 0.002070904
Run 59 time 0.002336025
Run 60 time 0.002273083
Run 61 time 0.002080917
Run 62 time 0.002177000
Run 63 time 0.002058983
Run 64 time 0.002183914
Run 65 time 0.002199173
Run 66 time 0.002261162
Run 67 time 0.002578974
Run 68 time 0.002595186
Run 69 time 0.004633904
Run 70 time 0.007652044
Run 71 time 0.003709078
Run 72 time 0.002622843
Run 73 time 0.003201008
Run 74 time 0.002340078
Run 75 time 0.002837181
Run 76 time 0.002107143
Run 77 time 0.002578020
Run 78 time 0.002252102
Run 79 time 0.002120972
Run 80 time 0.002201080
Run 81 time 0.002144098
Run 82 time 0.002090931
Run 83 time 0.002125025
Run 84 time 0.002171993
Run 85 time 0.002140999
Run 86 time 0.002151012
Run 87 time 0.002147913
Run 88 time 0.002139091
Run 89 time 0.002303839
Run 90 time 0.002160072
Run 91 time 0.002460957
Run 92 time 0.003883839
Run 93 time 0.003938913
Run 94 time 0.002465010
Run 95 time 0.002127171
Run 96 time 0.002134085
Run 97 time 0.002296925
Run 98 time 0.002133131
Run 99 time 0.002158165
Run 100 time 0.002171993
MPI_allreduce 32 1048576
Run 1 time 0.030403852
Run 2 time 0.001137972
Run 3 time 0.000766993
Run 4 time 0.000766993
Run 5 time 0.000752926
Run 6 time 0.000747919
Run 7 time 0.000745058
Run 8 time 0.000767946
Run 9 time 0.000754833
Run 10 time 0.000743151
Run 11 time 0.000749826
Run 12 time 0.000741959
Run 13 time 0.000818968
Run 14 time 0.000772953
Run 15 time 0.000768185
Run 16 time 0.000755072
Run 17 time 0.001550198
Run 18 time 0.000832081
Run 19 time 0.001587868
Run 20 time 0.000926018
Run 21 time 0.000756025
Run 22 time 0.000741005
Run 23 time 0.000762939
Run 24 time 0.000761032
Run 25 time 0.000743866
Run 26 time 0.000761032
Run 27 time 0.000735998
Run 28 time 0.000743866
Run 29 time 0.000749826
Run 30 time 0.000804186
Run 31 time 0.000745058
Run 32 time 0.000730038
Run 33 time 0.000761032
Run 34 time 0.000741005
Run 35 time 0.000756025
Run 36 time 0.000755072
Run 37 time 0.000776052
Run 38 time 0.000736952
Run 39 time 0.000756025
Run 40 time 0.000756025
Run 41 time 0.000736952
Run 42 time 0.000750065
Run 43 time 0.000834942
Run 44 time 0.000757933
Run 45 time 0.000755072
Run 46 time 0.000739813
Run 47 time 0.000751019
Run 48 time 0.000750065
Run 49 time 0.000751019
Run 50 time 0.000734091
Run 51 time 0.000739098
Run 52 time 0.000749826
Run 53 time 0.000732899
Run 54 time 0.000993013
Run 55 time 0.000751972
Run 56 time 0.000736952
Run 57 time 0.000749111
Run 58 time 0.000756025
Run 59 time 0.000730991
Run 60 time 0.000748158
Run 61 time 0.000736952
Run 62 time 0.000756979
Run 63 time 0.001378059
Run 64 time 0.001127005
Run 65 time 0.000825167
Run 66 time 0.000740051
Run 67 time 0.000757933
Run 68 time 0.000819921
Run 69 time 0.000786066
Run 70 time 0.000738144
Run 71 time 0.000741959
Run 72 time 0.000741959
Run 73 time 0.002164125
Run 74 time 0.002364159
Run 75 time 0.003051043
Run 76 time 0.001528978
Run 77 time 0.001991034
Run 78 time 0.002295971
Run 79 time 0.001831055
Run 80 time 0.001554012
Run 81 time 0.001497984
Run 82 time 0.000777006
Run 83 time 0.002120972
Run 84 time 0.001296043
Run 85 time 0.001647949
Run 86 time 0.002217054
Run 87 time 0.000780106
Run 88 time 0.003197193
Run 89 time 0.000738859
Run 90 time 0.000894070
Run 91 time 0.000785112
Run 92 time 0.000745058
Run 93 time 0.000749826
Run 94 time 0.002257109
Run 95 time 0.001822948
Run 96 time 0.000752926
Run 97 time 0.001465082
Run 98 time 0.001296997
Run 99 time 0.000843048
Run 100 time 0.003724098
2Tree_allreduce 54 1048576 16
Run 1 time 0.500151157
Run 2 time 0.002475023
Run 3 time 0.002446175
Run 4 time 0.002462864
Run 5 time 0.004650116
Run 6 time 0.002475023
Run 7 time 0.002393961
Run 8 time 0.002460957
Run 9 time 0.002825975
Run 10 time 0.002501965
Run 11 time 0.002403021
Run 12 time 0.002432108
Run 13 time 0.002449036
Run 14 time 0.002416849
Run 15 time 0.002581120
Run 16 time 0.002500057
Run 17 time 0.002715111
Run 18 time 0.002612829
Run 19 time 0.002445936
Run 20 time 0.002542973
Run 21 time 0.002512932
Run 22 time 0.002449036
Run 23 time 0.002475977
Run 24 time 0.002438068
Run 25 time 0.002712011
Run 26 time 0.002599001
Run 27 time 0.003628969
Run 28 time 0.003012896
Run 29 time 0.002604008
Run 30 time 0.002493143
Run 31 time 0.002392054
Run 32 time 0.002480984
Run 33 time 0.002429962
Run 34 time 0.002417088
Run 35 time 0.003712893
Run 36 time 0.002720118
Run 37 time 0.002408981
Run 38 time 0.002473116
Run 39 time 0.002542019
Run 40 time 0.002390862
Run 41 time 0.002438068
Run 42 time 0.003648996
Run 43 time 0.003776073
Run 44 time 0.002424002
Run 45 time 0.002390146
Run 46 time 0.002385139
Run 47 time 0.002461910
Run 48 time 0.002407074
Run 49 time 0.002434015
Run 50 time 0.003313065
Run 51 time 0.003330946
Run 52 time 0.002375126
Run 53 time 0.002418041
Run 54 time 0.002418995
Run 55 time 0.002465010
Run 56 time 0.002810001
Run 57 time 0.002879143
Run 58 time 0.003347874
Run 59 time 0.003431797
Run 60 time 0.002444983
Run 61 time 0.002439976
Run 62 time 0.002589941
Run 63 time 0.002712011
Run 64 time 0.003442049
Run 65 time 0.003669977
Run 66 time 0.002650023
Run 67 time 0.002927780
Run 68 time 0.003117085
Run 69 time 0.002541065
Run 70 time 0.002514839
Run 71 time 0.002431154
Run 72 time 0.002351046
Run 73 time 0.002407074
Run 74 time 0.002448797
Run 75 time 0.002451181
Run 76 time 0.002861023
Run 77 time 0.003078938
Run 78 time 0.002434969
Run 79 time 0.002430916
Run 80 time 0.002390862
Run 81 time 0.002453804
Run 82 time 0.002378941
Run 83 time 0.002796888
Run 84 time 0.002928019
Run 85 time 0.002504110
Run 86 time 0.002405167
Run 87 time 0.002429962
Run 88 time 0.002443075
Run 89 time 0.002563000
Run 90 time 0.002784967
Run 91 time 0.002989054
Run 92 time 0.003829002
Run 93 time 0.002614021
Run 94 time 0.002468824
Run 95 time 0.002506018
Run 96 time 0.002465963
Run 97 time 0.002478123
Run 98 time 0.002441168
Run 99 time 0.002400160
Run 100 time 0.002727985
2Tree_allreduceoptimal 54 1048576 16
Run 1 time 0.028251886
Run 2 time 0.002406836
Run 3 time 0.002123117
Run 4 time 0.002184153
Run 5 time 0.002098083
Run 6 time 0.002096891
Run 7 time 0.002105951
Run 8 time 0.002094984
Run 9 time 0.002103090
Run 10 time 0.002090931
Run 11 time 0.002134800
Run 12 time 0.002163172
Run 13 time 0.002137899
Run 14 time 0.002162218
Run 15 time 0.002104044
Run 16 time 0.002109051
Run 17 time 0.002170086
Run 18 time 0.002159119
Run 19 time 0.002562046
Run 20 time 0.003164053
Run 21 time 0.003697157
Run 22 time 0.002913952
Run 23 time 0.002196074
Run 24 time 0.002369881
Run 25 time 0.002108097
Run 26 time 0.002102137
Run 27 time 0.002313137
Run 28 time 0.002115965
Run 29 time 0.002243996
Run 30 time 0.002361059
Run 31 time 0.002238989
Run 32 time 0.002163172
Run 33 time 0.002362013
Run 34 time 0.002381802
Run 35 time 0.002321959
Run 36 time 0.002636909
Run 37 time 0.002861023
Run 38 time 0.003794909
Run 39 time 0.003511190
Run 40 time 0.002224922
Run 41 time 0.002091885
Run 42 time 0.003318071
Run 43 time 0.002067089
Run 44 time 0.002087116
Run 45 time 0.002151966
Run 46 time 0.002058983
Run 47 time 0.002083063
Run 48 time 0.002063036
Run 49 time 0.002111197
Run 50 time 0.002089024
Run 51 time 0.002201080
Run 52 time 0.002326012
Run 53 time 0.002161980
Run 54 time 0.002192020
Run 55 time 0.002164125
Run 56 time 0.002132893
Run 57 time 0.002416134
Run 58 time 0.002343893
Run 59 time 0.002923012
Run 60 time 0.002825975
Run 61 time 0.002813101
Run 62 time 0.004086971
Run 63 time 0.002274036
Run 64 time 0.002386093
Run 65 time 0.002357960
Run 66 time 0.002124071
Run 67 time 0.002806902
Run 68 time 0.002392054
Run 69 time 0.002139091
Run 70 time 0.002133131
Run 71 time 0.002442122
Run 72 time 0.002744913
Run 73 time 0.002557993
Run 74 time 0.003604174
Run 75 time 0.004117012
Run 76 time 0.003101826
Run 77 time 0.002155066
Run 78 time 0.002177000
Run 79 time 0.002425909
Run 80 time 0.002651930
Run 81 time 0.002321005
Run 82 time 0.002074957
Run 83 time 0.002114058
Run 84 time 0.002082109
Run 85 time 0.002102852
Run 86 time 0.002089977
Run 87 time 0.002224922
Run 88 time 0.002166986
Run 89 time 0.002074003
Run 90 time 0.002089024
Run 91 time 0.002281904
Run 92 time 0.002238989
Run 93 time 0.002166033
Run 94 time 0.002106190
Run 95 time 0.002130985
Run 96 time 0.002081871
Run 97 time 0.002932072
Run 98 time 0.003297091
Run 99 time 0.002252102
Run 100 time 0.002390146
MPI_allreduce 54 1048576
Run 1 time 0.020971060
Run 2 time 0.001760960
Run 3 time 0.001196146
Run 4 time 0.001399994
Run 5 time 0.001228094
Run 6 time 0.001399040
Run 7 time 0.003234863
Run 8 time 0.001502037
Run 9 time 0.001816988
Run 10 time 0.001121044
Run 11 time 0.001147032
Run 12 time 0.001132011
Run 13 time 0.001121998
Run 14 time 0.001121044
Run 15 time 0.001558065
Run 16 time 0.003787994
Run 17 time 0.008422852
Run 18 time 0.008754015
Run 19 time 0.002238035
Run 20 time 0.006493092
Run 21 time 0.001397133
Run 22 time 0.001105070
Run 23 time 0.001214981
Run 24 time 0.001564980
Run 25 time 0.001149178
Run 26 time 0.001316071
Run 27 time 0.002177954
Run 28 time 0.002141953
Run 29 time 0.001169920
Run 30 time 0.001518011
Run 31 time 0.001118898
Run 32 time 0.001110077
Run 33 time 0.001120090
Run 34 time 0.001111984
Run 35 time 0.001103163
Run 36 time 0.001201868
Run 37 time 0.003666162
Run 38 time 0.001098871
Run 39 time 0.001101017
Run 40 time 0.001116991
Run 41 time 0.001102924
Run 42 time 0.001100063
Run 43 time 0.001101017
Run 44 time 0.001101017
Run 45 time 0.001116991
Run 46 time 0.001118183
Run 47 time 0.001151085
Run 48 time 0.001109838
Run 49 time 0.001132011
Run 50 time 0.001950026
Run 51 time 0.001535892
Run 52 time 0.001103878
Run 53 time 0.001117945
Run 54 time 0.001101017
Run 55 time 0.001117945
Run 56 time 0.001111031
Run 57 time 0.001112938
Run 58 time 0.001121044
Run 59 time 0.001410961
Run 60 time 0.003161192
Run 61 time 0.002640009
Run 62 time 0.008422136
Run 63 time 0.008002996
Run 64 time 0.001917124
Run 65 time 0.001403093
Run 66 time 0.001229048
Run 67 time 0.001268864
Run 68 time 0.001116991
Run 69 time 0.001101971
Run 70 time 0.001477957
Run 71 time 0.001846075
Run 72 time 0.001284122
Run 73 time 0.001100063
Run 74 time 0.001101971
Run 75 time 0.001094818
Run 76 time 0.001106024
Run 77 time 0.003293037
Run 78 time 0.001849890
Run 79 time 0.001339197
Run 80 time 0.001554012
Run 81 time 0.001129866
Run 82 time 0.001139879
Run 83 time 0.002547979
Run 84 time 0.001288891
Run 85 time 0.001595020
Run 86 time 0.001101017
Run 87 time 0.001101017
Run 88 time 0.001129866
Run 89 time 0.001219034
Run 90 time 0.004862070
Run 91 time 0.001345873
Run 92 time 0.001106977
Run 93 time 0.001135111
Run 94 time 0.001685143
Run 95 time 0.002071142
Run 96 time 0.001091003
Run 97 time 0.001670122
Run 98 time 0.002282858
Run 99 time 0.011486053
Run 100 time 0.008448124
2Tree_allreduce 64 1048576 17
Run 1 time 0.049585104
Run 2 time 0.003560066
Run 3 time 0.002472878
Run 4 time 0.002528906
Run 5 time 0.012856960
Run 6 time 0.002483130
Run 7 time 0.002654076
Run 8 time 0.002769947
Run 9 time 0.003567934
Run 10 time 0.002568960
Run 11 time 0.002470016
Run 12 time 0.002681017
Run 13 time 0.002648830
Run 14 time 0.003741026
Run 15 time 0.002579927
Run 16 time 0.003998995
Run 17 time 0.002906084
Run 18 time 0.003333092
Run 19 time 0.002753973
Run 20 time 0.002452135
Run 21 time 0.005867004
Run 22 time 0.003688097
Run 23 time 0.003098011
Run 24 time 0.003181934
Run 25 time 0.002525091
Run 26 time 0.002517939
Run 27 time 0.002830982
Run 28 time 0.002441883
Run 29 time 0.003639936
Run 30 time 0.002701998
Run 31 time 0.002394915
Run 32 time 0.004168034
Run 33 time 0.002567053
Run 34 time 0.002381086
Run 35 time 0.002414942
Run 36 time 0.002388000
Run 37 time 0.002421141
Run 38 time 0.002428055
Run 39 time 0.002413034
Run 40 time 0.002420187
Run 41 time 0.002403975
Run 42 time 0.002411842
Run 43 time 0.002418995
Run 44 time 0.002451181
Run 45 time 0.002424955
Run 46 time 0.002448082
Run 47 time 0.002524137
Run 48 time 0.002597094
Run 49 time 0.002892017
Run 50 time 0.003018141
Run 51 time 0.002398968
Run 52 time 0.002485991
Run 53 time 0.002481937
Run 54 time 0.002455950
Run 55 time 0.002393007
Run 56 time 0.002472162
Run 57 time 0.002426863
Run 58 time 0.002979994
Run 59 time 0.002696037
Run 60 time 0.002477884
Run 61 time 0.002398968
Run 62 time 0.002432108
Run 63 time 0.002552986
Run 64 time 0.003041983
Run 65 time 0.002597094
Run 66 time 0.002418041
Run 67 time 0.002389908
Run 68 time 0.002418995
Run 69 time 0.002463102
Run 70 time 0.002487898
Run 71 time 0.002454996
Run 72 time 0.002427101
Run 73 time 0.002401114
Run 74 time 0.002383947
Run 75 time 0.002434969
Run 76 time 0.002419949
Run 77 time 0.002382040
Run 78 time 0.002571821
Run 79 time 0.002439022
Run 80 time 0.002418041
Run 81 time 0.002427101
Run 82 time 0.002452135
Run 83 time 0.002408981
Run 84 time 0.002418041
Run 85 time 0.002592087
Run 86 time 0.002541065
Run 87 time 0.003876925
Run 88 time 0.003401041
Run 89 time 0.006901026
Run 90 time 0.002549887
Run 91 time 0.003068924
Run 92 time 0.002560854
Run 93 time 0.003481150
Run 94 time 0.003524065
Run 95 time 0.003040075
Run 96 time 0.002434969
Run 97 time 0.002663136
Run 98 time 0.003578186
Run 99 time 0.002367020
Run 100 time 0.002614975
2Tree_allreduceoptimal 64 1048576 17
Run 1 time 0.023138046
Run 2 time 0.004340887
Run 3 time 0.002760887
Run 4 time 0.002175093
Run 5 time 0.002124071
Run 6 time 0.002329111
Run 7 time 0.002231121
Run 8 time 0.002266884
Run 9 time 0.002178907
Run 10 time 0.002187967
Run 11 time 0.002231121
Run 12 time 0.002170086
Run 13 time 0.002388000
Run 14 time 0.002194166
Run 15 time 0.002532959
Run 16 time 0.002197981
Run 17 time 0.002267122
Run 18 time 0.002276897
Run 19 time 0.002527952
Run 20 time 0.003736019
Run 21 time 0.003317833
Run 22 time 0.003419161
Run 23 time 0.003697157
Run 24 time 0.002382040
Run 25 time 0.002160072
Run 26 time 0.002104044
Run 27 time 0.002127171
Run 28 time 0.002147198
Run 29 time 0.002135992
Run 30 time 0.002151966
Run 31 time 0.002134085
Run 32 time 0.002066135
Run 33 time 0.002030849
Run 34 time 0.002137184
Run 35 time 0.002057076
Run 36 time 0.002142906
Run 37 time 0.002236128
Run 38 time 0.002256155
Run 39 time 0.002135038
Run 40 time 0.002146006
Run 41 time 0.002127886
Run 42 time 0.002075911
Run 43 time 0.002177000
Run 44 time 0.002178192
Run 45 time 0.003015041
Run 46 time 0.002622128
Run 47 time 0.005315065
Run 48 time 0.002323151
Run 49 time 0.002228975
Run 50 time 0.002127171
Run 51 time 0.002176046
Run 52 time 0.002106905
Run 53 time 0.002302170
Run 54 time 0.002206087
Run 55 time 0.002458096
Run 56 time 0.002295017
Run 57 time 0.002444983
Run 58 time 0.002272129
Run 59 time 0.002094030
Run 60 time 0.002104998
Run 61 time 0.002108097
Run 62 time 0.002552986
Run 63 time 0.002966881
Run 64 time 0.003222942
Run 65 time 0.002516985
Run 66 time 0.002078056
Run 67 time 0.002784014
Run 68 time 0.003092051
Run 69 time 0.002713919
Run 70 time 0.003006935
Run 71 time 0.002088070
Run 72 time 0.002161026
Run 73 time 0.002153158
Run 74 time 0.002215147
Run 75 time 0.002075195
Run 76 time 0.002089977
Run 77 time 0.002058029
Run 78 time 0.002221107
Run 79 time 0.002093077
Run 80 time 0.002096176
Run 81 time 0.002089977
Run 82 time 0.002127886
Run 83 time 0.002376080
Run 84 time 0.002820015
Run 85 time 0.003185987
Run 86 time 0.004284143
Run 87 time 0.003905058
Run 88 time 0.004465103
Run 89 time 0.003967047
Run 90 time 0.002641916
Run 91 time 0.002249002
Run 92 time 0.002149105
Run 93 time 0.002317905
Run 94 time 0.002236128
Run 95 time 0.002482176
Run 96 time 0.002123117
Run 97 time 0.002168179
Run 98 time 0.002523899
Run 99 time 0.002210140
Run 100 time 0.002133131
MPI_allreduce 64 1048576
Run 1 time 0.120131016
Run 2 time 0.001446962
Run 3 time 0.001019001
Run 4 time 0.001014948
Run 5 time 0.000844955
Run 6 time 0.005092859
Run 7 time 0.000849009
Run 8 time 0.000825882
Run 9 time 0.000830173
Run 10 time 0.000825167
Run 11 time 0.000820875
Run 12 time 0.000827074
Run 13 time 0.001066208
Run 14 time 0.000820875
Run 15 time 0.000828981
Run 16 time 0.004431963
Run 17 time 0.002552986
Run 18 time 0.002371073
Run 19 time 0.002025127
Run 20 time 0.002028942
Run 21 time 0.002927065
Run 22 time 0.001554966
Run 23 time 0.000866890
Run 24 time 0.001441002
Run 25 time 0.002440929
Run 26 time 0.001210928
Run 27 time 0.000880003
Run 28 time 0.001175165
Run 29 time 0.000901937
Run 30 time 0.000950813
Run 31 time 0.003113985
Run 32 time 0.001320124
Run 33 time 0.004785061
Run 34 time 0.006501913
Run 35 time 0.015242100
Run 36 time 0.002952814
Run 37 time 0.000923872
Run 38 time 0.000962019
Run 39 time 0.000833035
Run 40 time 0.000819921
Run 41 time 0.000823021
Run 42 time 0.000839949
Run 43 time 0.001149893
Run 44 time 0.000880003
Run 45 time 0.000833035
Run 46 time 0.000820875
Run 47 time 0.000828028
Run 48 time 0.000861168
Run 49 time 0.000820875
Run 50 time 0.000817060
Run 51 time 0.000818968
Run 52 time 0.000833988
Run 53 time 0.000898123
Run 54 time 0.000811100
Run 55 time 0.000981808
Run 56 time 0.000818014
Run 57 time 0.000823021
Run 58 time 0.000869989
Run 59 time 0.000810146
Run 60 time 0.001224041
Run 61 time 0.000800848
Run 62 time 0.000833988
Run 63 time 0.000848055
Run 64 time 0.001676083
Run 65 time 0.000880003
Run 66 time 0.001020908
Run 67 time 0.000856161
Run 68 time 0.000833988
Run 69 time 0.000845909
Run 70 time 0.000895023
Run 71 time 0.000853062
Run 72 time 0.000820875
Run 73 time 0.000819921
Run 74 time 0.000816107
Run 75 time 0.000876904
Run 76 time 0.000808954
Run 77 time 0.001118898
Run 78 time 0.000810862
Run 79 time 0.000824928
Run 80 time 0.000830173
Run 81 time 0.000858068
Run 82 time 0.000813961
Run 83 time 0.000815868
Run 84 time 0.000808954
Run 85 time 0.000825882
Run 86 time 0.000815868
Run 87 time 0.000844002
Run 88 time 0.000808001
Run 89 time 0.000818014
Run 90 time 0.000813007
Run 91 time 0.001786947
Run 92 time 0.000894070
Run 93 time 0.000809908
Run 94 time 0.000829935
Run 95 time 0.000926971
Run 96 time 0.000808001
Run 97 time 0.000823975
Run 98 time 0.000819206
Run 99 time 0.001250982
Run 100 time 0.001353025
2Tree_allreduce 96 1048576 20
Run 1 time 0.051335096
Run 2 time 0.002805233
Run 3 time 0.002573967
Run 4 time 0.007684946
Run 5 time 0.002652168
Run 6 time 0.002715111
Run 7 time 0.002681017
Run 8 time 0.004740953
Run 9 time 0.004457951
Run 10 time 0.004070997
Run 11 time 0.003193140
Run 12 time 0.003540039
Run 13 time 0.002749920
Run 14 time 0.002921104
Run 15 time 0.002768993
Run 16 time 0.003159046
Run 17 time 0.003340006
Run 18 time 0.003731012
Run 19 time 0.003185987
Run 20 time 0.003377914
Run 21 time 0.002542019
Run 22 time 0.002646923
Run 23 time 0.002691031
Run 24 time 0.002812147
Run 25 time 0.002595901
Run 26 time 0.003120899
Run 27 time 0.002708912
Run 28 time 0.002599001
Run 29 time 0.002637863
Run 30 time 0.002699852
Run 31 time 0.002981901
Run 32 time 0.002736092
Run 33 time 0.002801180
Run 34 time 0.002745152
Run 35 time 0.002820969
Run 36 time 0.003526211
Run 37 time 0.004410028
Run 38 time 0.004217863
Run 39 time 0.005542040
Run 40 time 0.003901005
Run 41 time 0.002823830
Run 42 time 0.003070831
Run 43 time 0.002769947
Run 44 time 0.002810001
Run 45 time 0.002809048
Run 46 time 0.002822161
Run 47 time 0.002889872
Run 48 time 0.002968788
Run 49 time 0.002866983
Run 50 time 0.002830029
Run 51 time 0.002730131
Run 52 time 0.003612995
Run 53 time 0.003238916
Run 54 time 0.003022909
Run 55 time 0.002887011
Run 56 time 0.002624035
Run 57 time 0.002753973
Run 58 time 0.002686024
Run 59 time 0.002702951
Run 60 time 0.002686977
Run 61 time 0.002724171
Run 62 time 0.003425121
Run 63 time 0.003809929
Run 64 time 0.002619982
Run 65 time 0.003863096
Run 66 time 0.002586126
Run 67 time 0.002949953
Run 68 time 0.002791882
Run 69 time 0.002905846
Run 70 time 0.002721071
Run 71 time 0.002628803
Run 72 time 0.002722979
Run 73 time 0.004003048
Run 74 time 0.002714872
Run 75 time 0.002885103
Run 76 time 0.002689123
Run 77 time 0.002721071
Run 78 time 0.003220081
Run 79 time 0.003421783
Run 80 time 0.003135920
Run 81 time 0.002716064
Run 82 time 0.003524065
Run 83 time 0.003168106
Run 84 time 0.002717972
Run 85 time 0.003205061
Run 86 time 0.002990961
Run 87 time 0.003319025
Run 88 time 0.002898932
Run 89 time 0.002779007
Run 90 time 0.002840042
Run 91 time 0.002701998
Run 92 time 0.002604961
Run 93 time 0.002743959
Run 94 time 0.002864838
Run 95 time 0.002710819
Run 96 time 0.002681971
Run 97 time 0.002588034
Run 98 time 0.002604008
Run 99 time 0.002638102
Run 100 time 0.002664804
2Tree_allreduceoptimal 96 1048576 20
Run 1 time 0.021824121
Run 2 time 0.003247023
Run 3 time 0.004247904
Run 4 time 0.002632141
Run 5 time 0.002621889
Run 6 time 0.002245903
Run 7 time 0.004009962
Run 8 time 0.003034115
Run 9 time 0.002794027
Run 10 time 0.002588034
Run 11 time 0.002913952
Run 12 time 0.003931046
Run 13 time 0.002706051
Run 14 time 0.002601147
Run 15 time 0.002429962
Run 16 time 0.002416849
Run 17 time 0.002362967
Run 18 time 0.002499104
Run 19 time 0.002352953
Run 20 time 0.003080130
Run 21 time 0.004336119
Run 22 time 0.003067017
Run 23 time 0.003165960
Run 24 time 0.003605127
Run 25 time 0.002873182
Run 26 time 0.003296137
Run 27 time 0.002671003
Run 28 time 0.003168106
Run 29 time 0.003565073
Run 30 time 0.002703905
Run 31 time 0.003535986
Run 32 time 0.002681017
Run 33 time 0.005846024
Run 34 time 0.006077051
Run 35 time 0.008692980
Run 36 time 0.004132986
Run 37 time 0.003366947
Run 38 time 0.004366159
Run 39 time 0.002636194
Run 40 time 0.002383947
Run 41 time 0.002431870
Run 42 time 0.003296137
Run 43 time 0.004880190
Run 44 time 0.003404140
Run 45 time 0.004383087
Run 46 time 0.002847910
Run 47 time 0.002959967
Run 48 time 0.002380848
Run 49 time 0.002851963
Run 50 time 0.003474951
Run 51 time 0.002974033
Run 52 time 0.003290176
Run 53 time 0.005065918
Run 54 time 0.008398056
Run 55 time 0.006376982
Run 56 time 0.004690886
Run 57 time 0.003568172
Run 58 time 0.004597187
Run 59 time 0.002835989
Run 60 time 0.002662897
Run 61 time 0.003260136
Run 62 time 0.005228043
Run 63 time 0.004964113
Run 64 time 0.002929926
Run 65 time 0.004293919
Run 66 time 0.002477169
Run 67 time 0.002511024
Run 68 time 0.003484964
Run 69 time 0.003739119
Run 70 time 0.003371954
Run 71 time 0.002650023
Run 72 time 0.002304792
Run 73 time 0.002328157
Run 74 time 0.002856016
Run 75 time 0.002355099
Run 76 time 0.002387047
Run 77 time 0.002530813
Run 78 time 0.002396107
Run 79 time 0.002499104
Run 80 time 0.002942085
Run 81 time 0.002579927
Run 82 time 0.002633095
Run 83 time 0.002349138
Run 84 time 0.002598047
Run 85 time 0.002326965
Run 86 time 0.002424002
Run 87 time 0.002315044
Run 88 time 0.003296852
Run 89 time 0.003460884
Run 90 time 0.002325058
Run 91 time 0.003154039
Run 92 time 0.004594088
Run 93 time 0.002396107
Run 94 time 0.002390862
Run 95 time 0.002256155
Run 96 time 0.002866983
Run 97 time 0.002829075
Run 98 time 0.002691031
Run 99 time 0.002764225
Run 100 time 0.002290010
MPI_allreduce 96 1048576
Run 1 time 0.093821049
Run 2 time 0.001666069
Run 3 time 0.002788067
Run 4 time 0.004776955
Run 5 time 0.003178120
Run 6 time 0.003859997
Run 7 time 0.004658937
Run 8 time 0.003367186
Run 9 time 0.003137827
Run 10 time 0.004302025
Run 11 time 0.004049778
Run 12 time 0.002750158
Run 13 time 0.002328157
Run 14 time 0.002361059
Run 15 time 0.003279209
Run 16 time 0.008241892
Run 17 time 0.004457951
Run 18 time 0.002070904
Run 19 time 0.001657963
Run 20 time 0.004312992
Run 21 time 0.004976988
Run 22 time 0.003181934
Run 23 time 0.001833916
Run 24 time 0.001541138
Run 25 time 0.001291990
Run 26 time 0.001269102
Run 27 time 0.003259897
Run 28 time 0.006394148
Run 29 time 0.006532907
Run 30 time 0.005887032
Run 31 time 0.004431963
Run 32 time 0.003330946
Run 33 time 0.002239943
Run 34 time 0.003618002
Run 35 time 0.002852917
Run 36 time 0.002325058
Run 37 time 0.001361132
Run 38 time 0.001476049
Run 39 time 0.001827002
Run 40 time 0.001517057
Run 41 time 0.001184940
Run 42 time 0.002102137
Run 43 time 0.001514196
Run 44 time 0.003287077
Run 45 time 0.002533913
Run 46 time 0.004240036
Run 47 time 0.002009153
Run 48 time 0.001487017
Run 49 time 0.001589060
Run 50 time 0.001585960
Run 51 time 0.001233816
Run 52 time 0.003288031
Run 53 time 0.003230095
Run 54 time 0.003005028
Run 55 time 0.002563000
Run 56 time 0.002143860
Run 57 time 0.004395008
Run 58 time 0.005179167
Run 59 time 0.004940987
Run 60 time 0.003901005
Run 61 time 0.004902124
Run 62 time 0.005722046
Run 63 time 0.002876043
Run 64 time 0.002076864
Run 65 time 0.002202988
Run 66 time 0.003844023
Run 67 time 0.001412153
Run 68 time 0.001513004
Run 69 time 0.001903057
Run 70 time 0.002383947
Run 71 time 0.001458168
Run 72 time 0.001694918
Run 73 time 0.001703978
Run 74 time 0.002580881
Run 75 time 0.002545118
Run 76 time 0.001882076
Run 77 time 0.001835108
Run 78 time 0.001782894
Run 79 time 0.001297951
Run 80 time 0.001287937
Run 81 time 0.001608133
Run 82 time 0.001449108
Run 83 time 0.004047871
Run 84 time 0.001492977
Run 85 time 0.002427101
Run 86 time 0.002485991
Run 87 time 0.001962185
Run 88 time 0.002974987
Run 89 time 0.002607107
Run 90 time 0.002577066
Run 91 time 0.004800081
Run 92 time 0.008382082
Run 93 time 0.002982855
Run 94 time 0.001858950
Run 95 time 0.002202034
Run 96 time 0.001775026
Run 97 time 0.005301952
Run 98 time 0.003642082
Run 99 time 0.003834963
Run 100 time 0.002570152
2Tree_allreduce 128 1048576 18
Run 1 time 0.070549011
Run 2 time 0.003230095
Run 3 time 0.003096104
Run 4 time 0.003072023
Run 5 time 0.007747173
Run 6 time 0.002777100
Run 7 time 0.003239870
Run 8 time 0.003294945
Run 9 time 0.002920866
Run 10 time 0.002798080
Run 11 time 0.003354073
Run 12 time 0.003371000
Run 13 time 0.003653049
Run 14 time 0.003955841
Run 15 time 0.004839182
Run 16 time 0.005666018
Run 17 time 0.003524065
Run 18 time 0.003456116
Run 19 time 0.004181147
Run 20 time 0.003281116
Run 21 time 0.003227949
Run 22 time 0.002907038
Run 23 time 0.003221035
Run 24 time 0.003844023
Run 25 time 0.003870010
Run 26 time 0.003064871
Run 27 time 0.003328085
Run 28 time 0.003447056
Run 29 time 0.004131794
Run 30 time 0.003611088
Run 31 time 0.002747059
Run 32 time 0.002784967
Run 33 time 0.003903866
Run 34 time 0.004703999
Run 35 time 0.003499985
Run 36 time 0.004122972
Run 37 time 0.003880024
Run 38 time 0.003508806
Run 39 time 0.003041029
Run 40 time 0.003828049
Run 41 time 0.003107071
Run 42 time 0.003230095
Run 43 time 0.003769159
Run 44 time 0.003443003
Run 45 time 0.003484964
Run 46 time 0.003669977
Run 47 time 0.003710985
Run 48 time 0.003486156
Run 49 time 0.003377914
Run 50 time 0.003329039
Run 51 time 0.003662825
Run 52 time 0.004812002
Run 53 time 0.003824949
Run 54 time 0.004429102
Run 55 time 0.005260944
Run 56 time 0.003694057
Run 57 time 0.003272057
Run 58 time 0.003513098
Run 59 time 0.003134012
Run 60 time 0.003211975
Run 61 time 0.002861977
Run 62 time 0.003613949
Run 63 time 0.002902985
Run 64 time 0.003123999
Run 65 time 0.003603935
Run 66 time 0.003160954
Run 67 time 0.003370047
Run 68 time 0.003700018
Run 69 time 0.003395081
Run 70 time 0.003109217
Run 71 time 0.003473043
Run 72 time 0.003675938
Run 73 time 0.003766060
Run 74 time 0.003984928
Run 75 time 0.003340960
Run 76 time 0.004221916
Run 77 time 0.003479958
Run 78 time 0.003340006
Run 79 time 0.003360987
Run 80 time 0.003287077
Run 81 time 0.003232002
Run 82 time 0.003207207
Run 83 time 0.006140947
Run 84 time 0.003883123
Run 85 time 0.003288984
Run 86 time 0.003325939
Run 87 time 0.003180027
Run 88 time 0.003355026
Run 89 time 0.003530025
Run 90 time 0.003373146
Run 91 time 0.002811909
Run 92 time 0.003281116
Run 93 time 0.003170013
Run 94 time 0.003857136
Run 95 time 0.003072977
Run 96 time 0.004036188
Run 97 time 0.003496885
Run 98 time 0.003000975
Run 99 time 0.003250837
Run 100 time 0.003571987
2Tree_allreduceoptimal 128 1048576 18
Run 1 time 0.025493145
Run 2 time 0.003247023
Run 3 time 0.002839088
Run 4 time 0.002685070
Run 5 time 0.002583027
Run 6 time 0.002377987
Run 7 time 0.003051043
Run 8 time 0.004192114
Run 9 time 0.003363132
Run 10 time 0.002681971
Run 11 time 0.003119946
Run 12 time 0.003096104
Run 13 time 0.002829075
Run 14 time 0.002956867
Run 15 time 0.003228188
Run 16 time 0.003895998
Run 17 time 0.005123854
Run 18 time 0.003176928
Run 19 time 0.004296064
Run 20 time 0.002921104
Run 21 time 0.004171133
Run 22 time 0.004146814
Run 23 time 0.002884150
Run 24 time 0.002790213
Run 25 time 0.002764940
Run 26 time 0.002670050
Run 27 time 0.002757072
Run 28 time 0.004866123
Run 29 time 0.002583027
Run 30 time 0.002562046
Run 31 time 0.002530098
Run 32 time 0.002815962
Run 33 time 0.010271072
Run 34 time 0.005610943
Run 35 time 0.002755880
Run 36 time 0.003896952
Run 37 time 0.003098965
Run 38 time 0.002438068
Run 39 time 0.003301144
Run 40 time 0.003178120
Run 41 time 0.003217936
Run 42 time 0.002824068
Run 43 time 0.002860069
Run 44 time 0.002648115
Run 45 time 0.003014088
Run 46 time 0.003250837
Run 47 time 0.003178120
Run 48 time 0.003348827
Run 49 time 0.002760172
Run 50 time 0.002845049
Run 51 time 0.002729893
Run 52 time 0.002757072
Run 53 time 0.003180981
Run 54 time 0.004050970
Run 55 time 0.003313780
Run 56 time 0.002954006
Run 57 time 0.002996206
Run 58 time 0.003215075
Run 59 time 0.003787994
Run 60 time 0.002646923
Run 61 time 0.004317045
Run 62 time 0.002786160
Run 63 time 0.002654076
Run 64 time 0.002722025
Run 65 time 0.002850056
Run 66 time 0.002635956
Run 67 time 0.002948046
Run 68 time 0.004196167
Run 69 time 0.002405167
Run 70 time 0.002479076
Run 71 time 0.002439976
Run 72 time 0.002521992
Run 73 time 0.002980947
Run 74 time 0.010025024
Run 75 time 0.017062902
Run 76 time 0.004375935
Run 77 time 0.003455877
Run 78 time 0.002419233
Run 79 time 0.004338026
Run 80 time 0.003562927
Run 81 time 0.003646851
Run 82 time 0.003393173
Run 83 time 0.003088951
Run 84 time 0.003622055
Run 85 time 0.003138065
Run 86 time 0.002948046
Run 87 time 0.003340006
Run 88 time 0.004642963
Run 89 time 0.002678871
Run 90 time 0.002576113
Run 91 time 0.002644062
Run 92 time 0.002604961
Run 93 time 0.003119946
Run 94 time 0.002686024
Run 95 time 0.003199816
Run 96 time 0.002565145
Run 97 time 0.004760027
Run 98 time 0.004760027
Run 99 time 0.006330013
Run 100 time 0.003817081
MPI_allreduce 128 1048576
Run 1 time 0.037494898
Run 2 time 0.003463984
Run 3 time 0.003041983
Run 4 time 0.003757954
Run 5 time 0.014873028
Run 6 time 0.010737181
Run 7 time 0.007392883
Run 8 time 0.002511024
Run 9 time 0.002242088
Run 10 time 0.002554893
Run 11 time 0.003865004
Run 12 time 0.003740072
Run 13 time 0.002579212
Run 14 time 0.001940966
Run 15 time 0.002915144
Run 16 time 0.008333921
Run 17 time 0.005134106
Run 18 time 0.004707098
Run 19 time 0.002502918
Run 20 time 0.002146006
Run 21 time 0.001804113
Run 22 time 0.003160000
Run 23 time 0.004032850
Run 24 time 0.002780199
Run 25 time 0.002631903
Run 26 time 0.002602816
Run 27 time 0.004004955
Run 28 time 0.002520800
Run 29 time 0.001765966
Run 30 time 0.002318144
Run 31 time 0.003406048
Run 32 time 0.002766132
Run 33 time 0.002398014
Run 34 time 0.002908945
Run 35 time 0.007457018
Run 36 time 0.004154921
Run 37 time 0.003645897
Run 38 time 0.003060102
Run 39 time 0.004204035
Run 40 time 0.002915859
Run 41 time 0.002949953
Run 42 time 0.003899097
Run 43 time 0.002875090
Run 44 time 0.004601955
Run 45 time 0.002707005
Run 46 time 0.002219915
Run 47 time 0.001988888
Run 48 time 0.001631021
Run 49 time 0.001715183
Run 50 time 0.001933813
Run 51 time 0.001616955
Run 52 time 0.001799822
Run 53 time 0.003072977
Run 54 time 0.002315044
Run 55 time 0.003645897
Run 56 time 0.003858089
Run 57 time 0.002685070
Run 58 time 0.002550125
Run 59 time 0.001538992
Run 60 time 0.002294064
Run 61 time 0.001899004
Run 62 time 0.001810074
Run 63 time 0.002373934
Run 64 time 0.001528025
Run 65 time 0.002162933
Run 66 time 0.001652956
Run 67 time 0.002916098
Run 68 time 0.003360033
Run 69 time 0.001528025
Run 70 time 0.003484964
Run 71 time 0.002371073
Run 72 time 0.001650095
Run 73 time 0.001542807
Run 74 time 0.001641035
Run 75 time 0.002237082
Run 76 time 0.002593040
Run 77 time 0.004188061
Run 78 time 0.006401062
Run 79 time 0.002264977
Run 80 time 0.004688025
Run 81 time 0.002624989
Run 82 time 0.002491951
Run 83 time 0.001821041
Run 84 time 0.001863956
Run 85 time 0.002599955
Run 86 time 0.005060911
Run 87 time 0.003444910
Run 88 time 0.004205942
Run 89 time 0.002933025
Run 90 time 0.003119946
Run 91 time 0.003546000
Run 92 time 0.002524137
Run 93 time 0.002611876
Run 94 time 0.003026962
Run 95 time 0.004636049
Run 96 time 0.002919912
Run 97 time 0.002442837
Run 98 time 0.002058029
Run 99 time 0.001703024
Run 100 time 0.001734018
2Tree_allreduce 158 1048576 18
Run 1 time 0.067314148
Run 2 time 0.005639076
Run 3 time 0.007245064
Run 4 time 0.006286144
Run 5 time 0.009119034
Run 6 time 0.006227016
Run 7 time 0.006268024
Run 8 time 0.006875992
Run 9 time 0.003631830
Run 10 time 0.003617048
Run 11 time 0.003468037
Run 12 time 0.003845930
Run 13 time 0.003655910
Run 14 time 0.005944014
Run 15 time 0.003705978
Run 16 time 0.004619837
Run 17 time 0.008159161
Run 18 time 0.005566120
Run 19 time 0.007444859
Run 20 time 0.006423950
Run 21 time 0.006564856
Run 22 time 0.003974915
Run 23 time 0.003186941
Run 24 time 0.003309011
Run 25 time 0.004821062
Run 26 time 0.003911018
Run 27 time 0.004480124
Run 28 time 0.003078938
Run 29 time 0.005662918
Run 30 time 0.005530119
Run 31 time 0.006105900
Run 32 time 0.005566835
Run 33 time 0.004649162
Run 34 time 0.003679991
Run 35 time 0.003450871
Run 36 time 0.003740072
Run 37 time 0.003962994
Run 38 time 0.003460884
Run 39 time 0.003654957
Run 40 time 0.005017996
Run 41 time 0.003673077
Run 42 time 0.003383875
Run 43 time 0.003231049
Run 44 time 0.002980947
Run 45 time 0.003269196
Run 46 time 0.004241943
Run 47 time 0.003995895
Run 48 time 0.003278017
Run 49 time 0.006309032
Run 50 time 0.005354881
Run 51 time 0.006173849
Run 52 time 0.005028009
Run 53 time 0.003180981
Run 54 time 0.004139900
Run 55 time 0.003514051
Run 56 time 0.003672838
Run 57 time 0.003601074
Run 58 time 0.003360033
Run 59 time 0.003123045
Run 60 time 0.003757000
Run 61 time 0.004994869
Run 62 time 0.006052971
Run 63 time 0.003248930
Run 64 time 0.003594160
Run 65 time 0.003715992
Run 66 time 0.003535032
Run 67 time 0.003391027
Run 68 time 0.003346920
Run 69 time 0.003638983
Run 70 time 0.003264189
Run 71 time 0.003335953
Run 72 time 0.003441095
Run 73 time 0.003637075
Run 74 time 0.003417969
Run 75 time 0.003312111
Run 76 time 0.003457069
Run 77 time 0.003294230
Run 78 time 0.003407001
Run 79 time 0.003296852
Run 80 time 0.003344059
Run 81 time 0.003144979
Run 82 time 0.003062010
Run 83 time 0.003708124
Run 84 time 0.003353119
Run 85 time 0.003449917
Run 86 time 0.003443956
Run 87 time 0.004070997
Run 88 time 0.005441189
Run 89 time 0.003622055
Run 90 time 0.003972054
Run 91 time 0.003803015
Run 92 time 0.003670931
Run 93 time 0.003543854
Run 94 time 0.004024029
Run 95 time 0.003257036
Run 96 time 0.003551960
Run 97 time 0.004977942
Run 98 time 0.006889820
Run 99 time 0.004085064
Run 100 time 0.003483057
2Tree_allreduceoptimal 158 1048576 18
Run 1 time 0.027127981
Run 2 time 0.002843142
Run 3 time 0.002970934
Run 4 time 0.004657030
Run 5 time 0.006897926
Run 6 time 0.006947994
Run 7 time 0.003417969
Run 8 time 0.003165960
Run 9 time 0.003353119
Run 10 time 0.002948999
Run 11 time 0.003189802
Run 12 time 0.003891945
Run 13 time 0.004132986
Run 14 time 0.003556967
Run 15 time 0.003031015
Run 16 time 0.003170013
Run 17 time 0.003058195
Run 18 time 0.002641916
Run 19 time 0.003376961
Run 20 time 0.003605843
Run 21 time 0.003349066
Run 22 time 0.003321171
Run 23 time 0.003535032
Run 24 time 0.003624201
Run 25 time 0.003001928
Run 26 time 0.003772020
Run 27 time 0.003675222
Run 28 time 0.003028870
Run 29 time 0.004678965
Run 30 time 0.003489017
Run 31 time 0.003335953
Run 32 time 0.003113985
Run 33 time 0.004799128
Run 34 time 0.003052950
Run 35 time 0.003399849
Run 36 time 0.004096985
Run 37 time 0.003244162
Run 38 time 0.003312826
Run 39 time 0.005561829
Run 40 time 0.005802155
Run 41 time 0.005558014
Run 42 time 0.005789042
Run 43 time 0.003262997
Run 44 time 0.003116131
Run 45 time 0.002942085
Run 46 time 0.003983021
Run 47 time 0.004122972
Run 48 time 0.003279924
Run 49 time 0.004482031
Run 50 time 0.003274918
Run 51 time 0.003385067
Run 52 time 0.003439188
Run 53 time 0.003168106
Run 54 time 0.002923012
Run 55 time 0.003179073
Run 56 time 0.002768040
Run 57 time 0.003167152
Run 58 time 0.003067017
Run 59 time 0.002861977
Run 60 time 0.003338099
Run 61 time 0.002686977
Run 62 time 0.003975153
Run 63 time 0.005357027
Run 64 time 0.004266024
Run 65 time 0.003081083
Run 66 time 0.003073931
Run 67 time 0.005625963
Run 68 time 0.003417015
Run 69 time 0.004249811
Run 70 time 0.003654003
Run 71 time 0.003188133
Run 72 time 0.003900051
Run 73 time 0.004373074
Run 74 time 0.004166126
Run 75 time 0.004190922
Run 76 time 0.004335880
Run 77 time 0.002835035
Run 78 time 0.003768921
Run 79 time 0.003595829
Run 80 time 0.003974915
Run 81 time 0.003129959
Run 82 time 0.003372192
Run 83 time 0.003479958
Run 84 time 0.003194094
Run 85 time 0.002748966
Run 86 time 0.003479004
Run 87 time 0.003800869
Run 88 time 0.002792120
Run 89 time 0.003896952
Run 90 time 0.002828121
Run 91 time 0.003156900
Run 92 time 0.004029989
Run 93 time 0.003225088
Run 94 time 0.003139019
Run 95 time 0.003052950
Run 96 time 0.003516912
Run 97 time 0.003310919
Run 98 time 0.003318071
Run 99 time 0.003141165
Run 100 time 0.003329039
MPI_allreduce 158 1048576
Run 1 time 0.043828011
Run 2 time 0.012194872
Run 3 time 0.004304886
Run 4 time 0.010179996
Run 5 time 0.006309986
Run 6 time 0.002081156
Run 7 time 0.001992941
Run 8 time 0.002950907
Run 9 time 0.002716064
Run 10 time 0.002201080
Run 11 time 0.007303953
Run 12 time 0.007699966
Run 13 time 0.010747910
Run 14 time 0.015825033
Run 15 time 0.004869938
Run 16 time 0.008977175
Run 17 time 0.009711981
Run 18 time 0.005044937
Run 19 time 0.003303051
Run 20 time 0.007297993
Run 21 time 0.005089045
Run 22 time 0.007568121
Run 23 time 0.013219118
Run 24 time 0.007348061
Run 25 time 0.002984047
Run 26 time 0.003664970
Run 27 time 0.002430916
Run 28 time 0.002691031
Run 29 time 0.002245903
Run 30 time 0.005935907
Run 31 time 0.007267952
Run 32 time 0.003354073
Run 33 time 0.003891945
Run 34 time 0.002000093
Run 35 time 0.002365112
Run 36 time 0.004094124
Run 37 time 0.002655983
Run 38 time 0.010645866
Run 39 time 0.012789011
Run 40 time 0.005249977
Run 41 time 0.005435944
Run 42 time 0.003021002
Run 43 time 0.004266024
Run 44 time 0.004101038
Run 45 time 0.003199100
Run 46 time 0.004792929
Run 47 time 0.003797054
Run 48 time 0.004547119
Run 49 time 0.002474070
Run 50 time 0.002600193
Run 51 time 0.001905918
Run 52 time 0.002436876
Run 53 time 0.004163980
Run 54 time 0.014207125
Run 55 time 0.014157057
Run 56 time 0.003525019
Run 57 time 0.002287865
Run 58 time 0.002312899
Run 59 time 0.002485991
Run 60 time 0.002159119
Run 61 time 0.003677845
Run 62 time 0.005211830
Run 63 time 0.001957178
Run 64 time 0.001852989
Run 65 time 0.005131006
Run 66 time 0.002578974
Run 67 time 0.002692938
Run 68 time 0.002224207
Run 69 time 0.002802134
Run 70 time 0.002266884
Run 71 time 0.004107952
Run 72 time 0.014295816
Run 73 time 0.010921001
Run 74 time 0.004364967
Run 75 time 0.002511978
Run 76 time 0.005148172
Run 77 time 0.003911018
Run 78 time 0.006541014
Run 79 time 0.003466845
Run 80 time 0.002247095
Run 81 time 0.002772093
Run 82 time 0.003386021
Run 83 time 0.003916979
Run 84 time 0.001976013
Run 85 time 0.011180878
Run 86 time 0.014174938
Run 87 time 0.005875111
Run 88 time 0.001563787
Run 89 time 0.001647949
Run 90 time 0.002949953
Run 91 time 0.002488136
Run 92 time 0.001653910
Run 93 time 0.002192974
Run 94 time 0.002344131
Run 95 time 0.003213882
Run 96 time 0.001862049
Run 97 time 0.002923012
Run 98 time 0.002394915
Run 99 time 0.004178047
Run 100 time 0.002819061
2Tree_allreduce 188 1048576 16
Run 1 time 0.102344036
Run 2 time 0.003773212
Run 3 time 0.005280018
Run 4 time 0.003862143
Run 5 time 0.012022972
Run 6 time 0.004308939
Run 7 time 0.003670931
Run 8 time 0.003817081
Run 9 time 0.005224943
Run 10 time 0.003650188
Run 11 time 0.003713846
Run 12 time 0.003388882
Run 13 time 0.003496885
Run 14 time 0.003599882
Run 15 time 0.003622055
Run 16 time 0.004284143
Run 17 time 0.004757166
Run 18 time 0.003381968
Run 19 time 0.003285885
Run 20 time 0.003992081
Run 21 time 0.003355980
Run 22 time 0.005916834
Run 23 time 0.003571033
Run 24 time 0.004615068
Run 25 time 0.003769159
Run 26 time 0.003262043
Run 27 time 0.003570080
Run 28 time 0.005331993
Run 29 time 0.004045010
Run 30 time 0.004626989
Run 31 time 0.003458023
Run 32 time 0.003230095
Run 33 time 0.003785133
Run 34 time 0.005136013
Run 35 time 0.003700972
Run 36 time 0.004360914
Run 37 time 0.004293919
Run 38 time 0.003389835
Run 39 time 0.003916979
Run 40 time 0.005468845
Run 41 time 0.004426956
Run 42 time 0.004853010
Run 43 time 0.003386021
Run 44 time 0.003648996
Run 45 time 0.003916025
Run 46 time 0.003687143
Run 47 time 0.004740000
Run 48 time 0.003854990
Run 49 time 0.005216122
Run 50 time 0.003561974
Run 51 time 0.004147053
Run 52 time 0.005652905
Run 53 time 0.005829811
Run 54 time 0.004187107
Run 55 time 0.002983093
Run 56 time 0.003406048
Run 57 time 0.003816843
Run 58 time 0.003605127
Run 59 time 0.004038095
Run 60 time 0.003596067
Run 61 time 0.004429102
Run 62 time 0.003853083
Run 63 time 0.003240108
Run 64 time 0.003131866
Run 65 time 0.003216982
Run 66 time 0.003299952
Run 67 time 0.004064083
Run 68 time 0.003332138
Run 69 time 0.003714085
Run 70 time 0.003935814
Run 71 time 0.004451036
Run 72 time 0.006048203
Run 73 time 0.003607988
Run 74 time 0.005330086
Run 75 time 0.004591227
Run 76 time 0.003597975
Run 77 time 0.004822969
Run 78 time 0.003674984
Run 79 time 0.003350973
Run 80 time 0.004209995
Run 81 time 0.003827095
Run 82 time 0.004736900
Run 83 time 0.003561020
Run 84 time 0.004084110
Run 85 time 0.003332853
Run 86 time 0.002914906
Run 87 time 0.003131151
Run 88 time 0.003859997
Run 89 time 0.004510880
Run 90 time 0.002872944
Run 91 time 0.004613876
Run 92 time 0.004478931
Run 93 time 0.003270864
Run 94 time 0.005680084
Run 95 time 0.021470785
Run 96 time 0.003951073
Run 97 time 0.003827095
Run 98 time 0.003044128
Run 99 time 0.003087044
Run 100 time 0.005037069
2Tree_allreduceoptimal 188 1048576 16
Run 1 time 0.060651064
Run 2 time 0.003162146
Run 3 time 0.003151894
Run 4 time 0.008544207
Run 5 time 0.003669024
Run 6 time 0.003635168
Run 7 time 0.004020214
Run 8 time 0.003134966
Run 9 time 0.002933979
Run 10 time 0.005255938
Run 11 time 0.003250122
Run 12 time 0.004548073
Run 13 time 0.003429174
Run 14 time 0.003738880
Run 15 time 0.002823830
Run 16 time 0.003438950
Run 17 time 0.003882170
Run 18 time 0.002763033
Run 19 time 0.004877090
Run 20 time 0.003937006
Run 21 time 0.003427982
Run 22 time 0.003057003
Run 23 time 0.003255129
Run 24 time 0.003175974
Run 25 time 0.003241062
Run 26 time 0.002806187
Run 27 time 0.002998829
Run 28 time 0.003808975
Run 29 time 0.003030062
Run 30 time 0.004254103
Run 31 time 0.004059076
Run 32 time 0.005079031
Run 33 time 0.005486012
Run 34 time 0.005486012
Run 35 time 0.005755901
Run 36 time 0.003689051
Run 37 time 0.003335953
Run 38 time 0.003427029
Run 39 time 0.003340960
Run 40 time 0.003003120
Run 41 time 0.003512859
Run 42 time 0.003255129
Run 43 time 0.002893925
Run 44 time 0.003298044
Run 45 time 0.003345013
Run 46 time 0.003373861
Run 47 time 0.003121138
Run 48 time 0.004410982
Run 49 time 0.005447149
Run 50 time 0.006753922
Run 51 time 0.006125212
Run 52 time 0.003623009
Run 53 time 0.002970934
Run 54 time 0.003211975
Run 55 time 0.003148794
Run 56 time 0.002868891
Run 57 time 0.002873898
Run 58 time 0.002987146
Run 59 time 0.003607035
Run 60 time 0.002887011
Run 61 time 0.002870083
Run 62 time 0.006014824
Run 63 time 0.005429983
Run 64 time 0.005515099
Run 65 time 0.005958080
Run 66 time 0.004020929
Run 67 time 0.003344059
Run 68 time 0.003566027
Run 69 time 0.003016949
Run 70 time 0.003803015
Run 71 time 0.002607822
Run 72 time 0.003173113
Run 73 time 0.003720999
Run 74 time 0.004151106
Run 75 time 0.003728151
Run 76 time 0.004032135
Run 77 time 0.005522966
Run 78 time 0.006647110
Run 79 time 0.006602049
Run 80 time 0.003725052
Run 81 time 0.003291845
Run 82 time 0.003490925
Run 83 time 0.003584146
Run 84 time 0.003102064
Run 85 time 0.003376007
Run 86 time 0.005795002
Run 87 time 0.003235102
Run 88 time 0.004168987
Run 89 time 0.004961014
Run 90 time 0.005339861
Run 91 time 0.005789995
Run 92 time 0.006409168
Run 93 time 0.003670931
Run 94 time 0.003368139
Run 95 time 0.003387928
Run 96 time 0.003383160
Run 97 time 0.005842924
Run 98 time 0.003442049
Run 99 time 0.003853083
Run 100 time 0.003103018
MPI_allreduce 188 1048576
Run 1 time 0.072618961
Run 2 time 0.007400036
Run 3 time 0.004992008
Run 4 time 0.010762930
Run 5 time 0.018579960
Run 6 time 0.010851860
Run 7 time 0.003743172
Run 8 time 0.003440857
Run 9 time 0.005280972
Run 10 time 0.006841898
Run 11 time 0.003911018
Run 12 time 0.003126860
Run 13 time 0.004817009
Run 14 time 0.003405094
Run 15 time 0.002151012
Run 16 time 0.352175951
Run 17 time 0.005339146
Run 18 time 0.004557848
Run 19 time 0.003628969
Run 20 time 0.003412008
Run 21 time 0.003576040
Run 22 time 0.002967119
Run 23 time 0.003227949
Run 24 time 0.002588034
Run 25 time 0.002751827
Run 26 time 0.002214909
Run 27 time 0.003093004
Run 28 time 0.003242970
Run 29 time 0.003318071
Run 30 time 0.007797003
Run 31 time 0.012962103
Run 32 time 0.009174824
Run 33 time 0.003105164
Run 34 time 0.002024174
Run 35 time 0.004014969
Run 36 time 0.002487183
Run 37 time 0.003015995
Run 38 time 0.002753019
Run 39 time 0.002725840
Run 40 time 0.002974033
Run 41 time 0.002295017
Run 42 time 0.003008842
Run 43 time 0.003529072
Run 44 time 0.004720211
Run 45 time 0.002941132
Run 46 time 0.003275871
Run 47 time 0.011407852
Run 48 time 0.013157129
Run 49 time 0.003806114
Run 50 time 0.006244898
Run 51 time 0.002766848
Run 52 time 0.002664089
Run 53 time 0.004454136
Run 54 time 0.005695105
Run 55 time 0.004837990
Run 56 time 0.002520084
Run 57 time 0.005640030
Run 58 time 0.008415937
Run 59 time 0.002595186
Run 60 time 0.003268003
Run 61 time 0.002767086
Run 62 time 0.006051064
Run 63 time 0.014923811
Run 64 time 0.008312941
Run 65 time 0.004132032
Run 66 time 0.002949953
Run 67 time 0.002717972
Run 68 time 0.006814003
Run 69 time 0.004476070
Run 70 time 0.003514051
Run 71 time 0.003106117
Run 72 time 0.006989002
Run 73 time 0.003928900
Run 74 time 0.014822960
Run 75 time 0.010059118
Run 76 time 0.008424997
Run 77 time 0.005728006
Run 78 time 0.002715826
Run 79 time 0.003094912
Run 80 time 0.006997108
Run 81 time 0.002323866
Run 82 time 0.003174067
Run 83 time 0.003978968
Run 84 time 0.006031990
Run 85 time 0.003974199
Run 86 time 0.002871990
Run 87 time 0.003078938
Run 88 time 0.002459049
Run 89 time 0.012984037
Run 90 time 0.010531902
Run 91 time 0.004925966
Run 92 time 0.004004955
Run 93 time 0.003580809
Run 94 time 0.007484913
Run 95 time 0.006597042
Run 96 time 0.006867886
Run 97 time 0.005481958
Run 98 time 0.002408981
Run 99 time 0.011523962
Run 100 time 0.011255026
2Tree_allreduce 256 1048576 18
Run 1 time 0.088044167
Run 2 time 0.003637075
Run 3 time 0.003474951
Run 4 time 0.006508112
Run 5 time 0.005607128
Run 6 time 0.004150867
Run 7 time 0.003666878
Run 8 time 0.004364014
Run 9 time 0.003751993
Run 10 time 0.004081011
Run 11 time 0.003700018
Run 12 time 0.003729105
Run 13 time 0.003712893
Run 14 time 0.003574848
Run 15 time 0.003804922
Run 16 time 0.003710032
Run 17 time 0.003757954
Run 18 time 0.003655910
Run 19 time 0.003341913
Run 20 time 0.003659010
Run 21 time 0.003571987
Run 22 time 0.003727913
Run 23 time 0.003298044
Run 24 time 0.003509045
Run 25 time 0.003217936
Run 26 time 0.003170967
Run 27 time 0.003922939
Run 28 time 0.003404140
Run 29 time 0.003015995
Run 30 time 0.003740072
Run 31 time 0.003823996
Run 32 time 0.003868103
Run 33 time 0.003679991
Run 34 time 0.003599882
Run 35 time 0.004289150
Run 36 time 0.003619194
Run 37 time 0.003501892
Run 38 time 0.004265785
Run 39 time 0.003463984
Run 40 time 0.005739212
Run 41 time 0.005666018
Run 42 time 0.005365849
Run 43 time 0.003273010
Run 44 time 0.003602982
Run 45 time 0.003718853
Run 46 time 0.003134966
Run 47 time 0.003595829
Run 48 time 0.003596067
Run 49 time 0.003348112
Run 50 time 0.003448009
Run 51 time 0.003118992
Run 52 time 0.004243135
Run 53 time 0.003859043
Run 54 time 0.003900051
Run 55 time 0.003272057
Run 56 time 0.003283024
Run 57 time 0.003015995
Run 58 time 0.003481865
Run 59 time 0.003424883
Run 60 time 0.003530025
Run 61 time 0.003336906
Run 62 time 0.003761053
Run 63 time 0.004140854
Run 64 time 0.003610849
Run 65 time 0.005065918
Run 66 time 0.004267931
Run 67 time 0.004698038
Run 68 time 0.003705025
Run 69 time 0.003500938
Run 70 time 0.003855944
Run 71 time 0.006450891
Run 72 time 0.006145000
Run 73 time 0.004009962
Run 74 time 0.003780127
Run 75 time 0.003858089
Run 76 time 0.003428936
Run 77 time 0.003598928
Run 78 time 0.003613949
Run 79 time 0.003657103
Run 80 time 0.003509045
Run 81 time 0.003530979
Run 82 time 0.003682852
Run 83 time 0.005734921
Run 84 time 0.004631996
Run 85 time 0.004575968
Run 86 time 0.003113985
Run 87 time 0.003319025
Run 88 time 0.003762007
Run 89 time 0.003259182
Run 90 time 0.003860950
Run 91 time 0.003365993
Run 92 time 0.003004074
Run 93 time 0.003793955
Run 94 time 0.003699064
Run 95 time 0.003922939
Run 96 time 0.003772020
Run 97 time 0.003888130
Run 98 time 0.003156185
Run 99 time 0.003829956
Run 100 time 0.003838062
2Tree_allreduceoptimal 256 1048576 18
Run 1 time 0.034477949
Run 2 time 0.003999949
Run 3 time 0.006026983
Run 4 time 0.004600048
Run 5 time 0.003633976
Run 6 time 0.003281116
Run 7 time 0.003633976
Run 8 time 0.003372908
Run 9 time 0.002859116
Run 10 time 0.005829811
Run 11 time 0.003264189
Run 12 time 0.003906965
Run 13 time 0.002814054
Run 14 time 0.003128052
Run 15 time 0.005346060
Run 16 time 0.005609989
Run 17 time 0.005762815
Run 18 time 0.007341862
Run 19 time 0.003840923
Run 20 time 0.003098965
Run 21 time 0.003211021
Run 22 time 0.003551960
Run 23 time 0.003450155
Run 24 time 0.003116131
Run 25 time 0.003524065
Run 26 time 0.003862143
Run 27 time 0.003199100
Run 28 time 0.003202915
Run 29 time 0.003948927
Run 30 time 0.003456831
Run 31 time 0.008949995
Run 32 time 0.006678820
Run 33 time 0.005389929
Run 34 time 0.003609180
Run 35 time 0.003562927
Run 36 time 0.003108978
Run 37 time 0.002793074
Run 38 time 0.003445148
Run 39 time 0.003162146
Run 40 time 0.006101131
Run 41 time 0.004467964
Run 42 time 0.004919052
Run 43 time 0.003593922
Run 44 time 0.003089905
Run 45 time 0.005167007
Run 46 time 0.005075932
Run 47 time 0.005467892
Run 48 time 0.005223036
Run 49 time 0.003564119
Run 50 time 0.004848003
Run 51 time 0.003565073
Run 52 time 0.002891064
Run 53 time 0.002973080
Run 54 time 0.002920151
Run 55 time 0.002866030
Run 56 time 0.003270864
Run 57 time 0.003205061
Run 58 time 0.003132820
Run 59 time 0.003236055
Run 60 time 0.003294945
Run 61 time 0.003252029
Run 62 time 0.003205061
Run 63 time 0.003237009
Run 64 time 0.003691912
Run 65 time 0.003566980
Run 66 time 0.002827168
Run 67 time 0.002830982
Run 68 time 0.003453016
Run 69 time 0.003357887
Run 70 time 0.004026890
Run 71 time 0.003084898
Run 72 time 0.003394842
Run 73 time 0.004194021
Run 74 time 0.004260063
Run 75 time 0.005923033
Run 76 time 0.003962040
Run 77 time 0.003842831
Run 78 time 0.003083944
Run 79 time 0.003294945
Run 80 time 0.003049850
Run 81 time 0.003031969
Run 82 time 0.007057905
Run 83 time 0.003284216
Run 84 time 0.003262997
Run 85 time 0.003587008
Run 86 time 0.003546000
Run 87 time 0.003660202
Run 88 time 0.003561974
Run 89 time 0.003643036
Run 90 time 0.007137060
Run 91 time 0.003746986
Run 92 time 0.003504038
Run 93 time 0.004170179
Run 94 time 0.003401041
Run 95 time 0.005450010
Run 96 time 0.006464958
Run 97 time 0.007556915
Run 98 time 0.003791094
Run 99 time 0.004431963
Run 100 time 0.004239082
MPI_allreduce 256 1048576
Run 1 time 0.066448927
Run 2 time 0.002431154
Run 3 time 0.003779173
Run 4 time 0.014801979
Run 5 time 0.002419949
Run 6 time 0.005788088
Run 7 time 0.004163980
Run 8 time 0.009154081
Run 9 time 0.002125025
Run 10 time 0.001270056
Run 11 time 0.003621817
Run 12 time 0.002178192
Run 13 time 0.004416943
Run 14 time 0.003659964
Run 15 time 0.002885103
Run 16 time 0.015882015
Run 17 time 0.005876064
Run 18 time 0.004575968
Run 19 time 0.004100084
Run 20 time 0.003701925
Run 21 time 0.005366802
Run 22 time 0.004550219
Run 23 time 0.004566908
Run 24 time 0.003386021
Run 25 time 0.004989862
Run 26 time 0.003194809
Run 27 time 0.003211021
Run 28 time 0.003077984
Run 29 time 0.003012180
Run 30 time 0.003242016
Run 31 time 0.001270056
Run 32 time 0.001807928
Run 33 time 0.003078938
Run 34 time 0.002382040
Run 35 time 0.004935026
Run 36 time 0.004166126
Run 37 time 0.004743814
Run 38 time 0.003326178
Run 39 time 0.002101898
Run 40 time 0.002583027
Run 41 time 0.001821995
Run 42 time 0.002661943
Run 43 time 0.002578974
Run 44 time 0.003375053
Run 45 time 0.002617121
Run 46 time 0.002905130
Run 47 time 0.002274990
Run 48 time 0.002577066
Run 49 time 0.003587008
Run 50 time 0.006020069
Run 51 time 0.002384901
Run 52 time 0.004385948
Run 53 time 0.004048824
Run 54 time 0.004147053
Run 55 time 0.003791094
Run 56 time 0.003282070
Run 57 time 0.004189968
Run 58 time 0.007063150
Run 59 time 0.007485151
Run 60 time 0.002111197
Run 61 time 0.002668858
Run 62 time 0.005733967
Run 63 time 0.004502058
Run 64 time 0.002722025
Run 65 time 0.003695011
Run 66 time 0.002708197
Run 67 time 0.003134012
Run 68 time 0.004141092
Run 69 time 0.002392054
Run 70 time 0.003166914
Run 71 time 0.001695156
Run 72 time 0.004577875
Run 73 time 0.002035141
Run 74 time 0.003633022
Run 75 time 0.003715992
Run 76 time 0.003023863
Run 77 time 0.002768040
Run 78 time 0.003087997
Run 79 time 0.006762981
Run 80 time 0.003746033
Run 81 time 0.003713846
Run 82 time 0.002664089
Run 83 time 0.002604008
Run 84 time 0.002259970
Run 85 time 0.001562834
Run 86 time 0.007194042
Run 87 time 0.006360054
Run 88 time 0.002775192
Run 89 time 0.002976894
Run 90 time 0.001760960
Run 91 time 0.002641916
Run 92 time 0.002680063
Run 93 time 0.003120184
Run 94 time 0.001708984
Run 95 time 0.002598047
Run 96 time 0.002768040
Run 97 time 0.002913952
Run 98 time 0.002907991
Run 99 time 0.007260084
Run 100 time 0.002476931
 
Batch Job Summary Report for Job "newtry.sh" (6254002) on daint
-----------------------------------------------------------------------------------------------------
             Submit            Eligible               Start                 End    Elapsed  Timelimit 
------------------- ------------------- ------------------- ------------------- ---------- ---------- 
2018-03-02T11:14:44 2018-03-02T11:14:44 2018-03-02T11:19:51 2018-03-02T11:28:09   00:08:18   00:20:00 
-----------------------------------------------------------------------------------------------------
Username    Account     Partition   NNodes   Energy
----------  ----------  ----------  ------  --------------
jagpreet    g34         normal         256    3.54M joules
----------------------------------------------------------
Scratch File System        Files       Quota
--------------------  ----------  ----------
/scratch/snx3000               1     1000000
 
