2Tree_allreduce 32 1048576 10
Run 1 time 0.272047043
Run 2 time 0.005331039
Run 3 time 0.003793955
Run 4 time 0.004927874
Run 5 time 0.003448009
Run 6 time 0.004162073
Run 7 time 0.004476070
Run 8 time 0.003820896
Run 9 time 0.003379107
Run 10 time 0.002575159
Run 11 time 0.002874851
Run 12 time 0.004071951
Run 13 time 0.003506899
Run 14 time 0.003751040
Run 15 time 0.004318953
Run 16 time 0.006179810
Run 17 time 0.002923965
Run 18 time 0.005046844
Run 19 time 0.005049944
Run 20 time 0.004193783
Run 21 time 0.004565954
Run 22 time 0.002861023
Run 23 time 0.004037857
Run 24 time 0.004240036
Run 25 time 0.004005909
Run 26 time 0.003026962
Run 27 time 0.003458023
Run 28 time 0.004143000
Run 29 time 0.003543139
Run 30 time 0.004255056
Run 31 time 0.003515959
Run 32 time 0.003125191
Run 33 time 0.003994942
Run 34 time 0.005347013
Run 35 time 0.005555868
Run 36 time 0.004616022
Run 37 time 0.003567934
Run 38 time 0.002690077
Run 39 time 0.002837181
Run 40 time 0.003604889
Run 41 time 0.003304958
Run 42 time 0.003371000
Run 43 time 0.003227949
Run 44 time 0.003049850
Run 45 time 0.003863811
Run 46 time 0.003274918
Run 47 time 0.003614902
Run 48 time 0.003299952
Run 49 time 0.004609823
Run 50 time 0.003638029
Run 51 time 0.004149914
Run 52 time 0.004298925
Run 53 time 0.004426003
Run 54 time 0.005236149
Run 55 time 0.005179167
Run 56 time 0.003180981
Run 57 time 0.002445936
Run 58 time 0.002483130
Run 59 time 0.002682924
Run 60 time 0.002483130
Run 61 time 0.002499104
Run 62 time 0.002442122
Run 63 time 0.002385139
Run 64 time 0.002458096
Run 65 time 0.002427816
Run 66 time 0.002454042
Run 67 time 0.002479076
Run 68 time 0.002429008
Run 69 time 0.002586126
Run 70 time 0.002575874
Run 71 time 0.002557993
Run 72 time 0.002675056
Run 73 time 0.002537966
Run 74 time 0.002709866
Run 75 time 0.002635002
Run 76 time 0.002578974
Run 77 time 0.002422094
Run 78 time 0.003781080
Run 79 time 0.004914999
Run 80 time 0.004853010
Run 81 time 0.004591942
Run 82 time 0.005599022
Run 83 time 0.005537987
Run 84 time 0.003272057
Run 85 time 0.002545834
Run 86 time 0.002593994
Run 87 time 0.002497911
Run 88 time 0.002531052
Run 89 time 0.002678871
Run 90 time 0.002465963
Run 91 time 0.002388000
Run 92 time 0.002352953
Run 93 time 0.002378941
Run 94 time 0.002419949
Run 95 time 0.002388954
Run 96 time 0.002361059
Run 97 time 0.003423929
Run 98 time 0.003048897
Run 99 time 0.003025055
Run 100 time 0.003582001
2Tree_allreduceoptimal 32 1048576 10
Run 1 time 0.034621000
Run 2 time 0.002431870
Run 3 time 0.002208948
Run 4 time 0.002182007
Run 5 time 0.002201080
Run 6 time 0.002135992
Run 7 time 0.002155066
Run 8 time 0.002127886
Run 9 time 0.002294064
Run 10 time 0.002285957
Run 11 time 0.002260923
Run 12 time 0.002264023
Run 13 time 0.002224207
Run 14 time 0.002433062
Run 15 time 0.002399921
Run 16 time 0.002130985
Run 17 time 0.002163172
Run 18 time 0.002112150
Run 19 time 0.002227783
Run 20 time 0.002104044
Run 21 time 0.002147198
Run 22 time 0.002178907
Run 23 time 0.002161026
Run 24 time 0.002089977
Run 25 time 0.002147913
Run 26 time 0.002146006
Run 27 time 0.002163887
Run 28 time 0.002400875
Run 29 time 0.006799221
Run 30 time 0.005350113
Run 31 time 0.004083872
Run 32 time 0.003740072
Run 33 time 0.003250837
Run 34 time 0.002938032
Run 35 time 0.003016949
Run 36 time 0.003018141
Run 37 time 0.003113985
Run 38 time 0.002556086
Run 39 time 0.003510952
Run 40 time 0.003171921
Run 41 time 0.003021955
Run 42 time 0.003239155
Run 43 time 0.003333092
Run 44 time 0.003111124
Run 45 time 0.006940126
Run 46 time 0.005851984
Run 47 time 0.006213903
Run 48 time 0.004914999
Run 49 time 0.005349159
Run 50 time 0.002826929
Run 51 time 0.004247904
Run 52 time 0.003000021
Run 53 time 0.003139973
Run 54 time 0.003015995
Run 55 time 0.003612041
Run 56 time 0.002692938
Run 57 time 0.002915859
Run 58 time 0.003376007
Run 59 time 0.003036976
Run 60 time 0.002538204
Run 61 time 0.002791166
Run 62 time 0.002693176
Run 63 time 0.002990007
Run 64 time 0.003056049
Run 65 time 0.002218962
Run 66 time 0.003093004
Run 67 time 0.003283978
Run 68 time 0.003056049
Run 69 time 0.003775835
Run 70 time 0.004066944
Run 71 time 0.005736828
Run 72 time 0.003777981
Run 73 time 0.003602028
Run 74 time 0.003438950
Run 75 time 0.004354000
Run 76 time 0.007695913
Run 77 time 0.005931854
Run 78 time 0.005312920
Run 79 time 0.005429029
Run 80 time 0.003311157
Run 81 time 0.003139973
Run 82 time 0.003205061
Run 83 time 0.002405167
Run 84 time 0.002126217
Run 85 time 0.002327919
Run 86 time 0.002883196
Run 87 time 0.003050089
Run 88 time 0.003463984
Run 89 time 0.003522158
Run 90 time 0.003045082
Run 91 time 0.003859997
Run 92 time 0.002877951
Run 93 time 0.003156185
Run 94 time 0.003390074
Run 95 time 0.003230095
Run 96 time 0.004047871
Run 97 time 0.003169060
Run 98 time 0.002990007
Run 99 time 0.003083944
Run 100 time 0.002864122
MPI_allreduce 32 1048576
Run 1 time 0.033304930
Run 2 time 0.002673864
Run 3 time 0.001996994
Run 4 time 0.002877951
Run 5 time 0.002021074
Run 6 time 0.001867056
Run 7 time 0.004600048
Run 8 time 0.001743078
Run 9 time 0.001596212
Run 10 time 0.000841141
Run 11 time 0.001262188
Run 12 time 0.000784159
Run 13 time 0.000778913
Run 14 time 0.001054049
Run 15 time 0.000781059
Run 16 time 0.000868082
Run 17 time 0.002259016
Run 18 time 0.002269983
Run 19 time 0.001856089
Run 20 time 0.004169941
Run 21 time 0.002431870
Run 22 time 0.005074024
Run 23 time 0.004734993
Run 24 time 0.004974127
Run 25 time 0.004736900
Run 26 time 0.007759094
Run 27 time 0.004153013
Run 28 time 0.002206087
Run 29 time 0.001070023
Run 30 time 0.003953934
Run 31 time 0.003758907
Run 32 time 0.001952171
Run 33 time 0.003862858
Run 34 time 0.002540112
Run 35 time 0.002902985
Run 36 time 0.001843929
Run 37 time 0.002015114
Run 38 time 0.003004074
Run 39 time 0.002966881
Run 40 time 0.002750158
Run 41 time 0.004740000
Run 42 time 0.001783848
Run 43 time 0.000841141
Run 44 time 0.004425049
Run 45 time 0.002978802
Run 46 time 0.002146959
Run 47 time 0.001835108
Run 48 time 0.001434088
Run 49 time 0.001027107
Run 50 time 0.001433134
Run 51 time 0.002676964
Run 52 time 0.003736973
Run 53 time 0.003023863
Run 54 time 0.002651930
Run 55 time 0.003221989
Run 56 time 0.002289057
Run 57 time 0.005473852
Run 58 time 0.005047083
Run 59 time 0.004994869
Run 60 time 0.004630089
Run 61 time 0.006290913
Run 62 time 0.003769159
Run 63 time 0.005158901
Run 64 time 0.006206989
Run 65 time 0.004346848
Run 66 time 0.002383947
Run 67 time 0.001770020
Run 68 time 0.002964020
Run 69 time 0.003518820
Run 70 time 0.013597965
Run 71 time 0.011512995
Run 72 time 0.006406069
Run 73 time 0.000910044
Run 74 time 0.000750065
Run 75 time 0.000764132
Run 76 time 0.000761986
Run 77 time 0.000781059
Run 78 time 0.000754118
Run 79 time 0.000771999
Run 80 time 0.000761986
Run 81 time 0.001599073
Run 82 time 0.001819134
Run 83 time 0.003138065
Run 84 time 0.002258062
Run 85 time 0.002563000
Run 86 time 0.001982927
Run 87 time 0.002142906
Run 88 time 0.002909899
Run 89 time 0.003107071
Run 90 time 0.005312920
Run 91 time 0.002517939
Run 92 time 0.001464128
Run 93 time 0.001725912
Run 94 time 0.019302845
Run 95 time 0.007611990
Run 96 time 0.003771067
Run 97 time 0.004287958
Run 98 time 0.004194975
Run 99 time 0.006627083
Run 100 time 0.006155968
2Tree_allreduce 54 1048576 16
Run 1 time 0.063055992
Run 2 time 0.002494812
Run 3 time 0.002447844
Run 4 time 0.002394915
Run 5 time 0.004992962
Run 6 time 0.002573013
Run 7 time 0.002449036
Run 8 time 0.002676010
Run 9 time 0.002820015
Run 10 time 0.003176928
Run 11 time 0.003108025
Run 12 time 0.002554178
Run 13 time 0.002815008
Run 14 time 0.002701998
Run 15 time 0.002749920
Run 16 time 0.003335953
Run 17 time 0.003664017
Run 18 time 0.003757000
Run 19 time 0.004215002
Run 20 time 0.004377127
Run 21 time 0.005843878
Run 22 time 0.003366947
Run 23 time 0.005315065
Run 24 time 0.003437996
Run 25 time 0.003323078
Run 26 time 0.003595114
Run 27 time 0.003540993
Run 28 time 0.003360033
Run 29 time 0.004253864
Run 30 time 0.003782988
Run 31 time 0.003628016
Run 32 time 0.002523899
Run 33 time 0.002509832
Run 34 time 0.003421068
Run 35 time 0.003277063
Run 36 time 0.003420830
Run 37 time 0.003273964
Run 38 time 0.003547907
Run 39 time 0.002984047
Run 40 time 0.003542900
Run 41 time 0.005553007
Run 42 time 0.005259037
Run 43 time 0.003172874
Run 44 time 0.004796982
Run 45 time 0.003556967
Run 46 time 0.003376961
Run 47 time 0.003872156
Run 48 time 0.003825903
Run 49 time 0.003368139
Run 50 time 0.003074169
Run 51 time 0.002500057
Run 52 time 0.003256083
Run 53 time 0.003703117
Run 54 time 0.004484177
Run 55 time 0.003556013
Run 56 time 0.003448009
Run 57 time 0.003411055
Run 58 time 0.003891945
Run 59 time 0.003367186
Run 60 time 0.003455877
Run 61 time 0.004183054
Run 62 time 0.004978895
Run 63 time 0.003510952
Run 64 time 0.005568027
Run 65 time 0.003212929
Run 66 time 0.003957033
Run 67 time 0.003303051
Run 68 time 0.003213167
Run 69 time 0.002772808
Run 70 time 0.003735065
Run 71 time 0.003396988
Run 72 time 0.003610134
Run 73 time 0.003896952
Run 74 time 0.003761053
Run 75 time 0.003666162
Run 76 time 0.004099846
Run 77 time 0.003823042
Run 78 time 0.003985167
Run 79 time 0.003918171
Run 80 time 0.003467798
Run 81 time 0.004085064
Run 82 time 0.006457090
Run 83 time 0.003259897
Run 84 time 0.004498959
Run 85 time 0.003477097
Run 86 time 0.002635956
Run 87 time 0.002406120
Run 88 time 0.002853870
Run 89 time 0.003127098
Run 90 time 0.002891064
Run 91 time 0.003440142
Run 92 time 0.003144979
Run 93 time 0.003301144
Run 94 time 0.003139973
Run 95 time 0.003271103
Run 96 time 0.003551006
Run 97 time 0.003014088
Run 98 time 0.003269911
Run 99 time 0.003097057
Run 100 time 0.003793001
2Tree_allreduceoptimal 54 1048576 16
Run 1 time 0.024449110
Run 2 time 0.003757954
Run 3 time 0.004775047
Run 4 time 0.003633022
Run 5 time 0.002867937
Run 6 time 0.003161907
Run 7 time 0.002799034
Run 8 time 0.003130913
Run 9 time 0.002964020
Run 10 time 0.003760815
Run 11 time 0.002950191
Run 12 time 0.003214836
Run 13 time 0.002639055
Run 14 time 0.002344131
Run 15 time 0.002409935
Run 16 time 0.003184080
Run 17 time 0.002508163
Run 18 time 0.002998829
Run 19 time 0.002203941
Run 20 time 0.002355814
Run 21 time 0.002882004
Run 22 time 0.002485991
Run 23 time 0.003263950
Run 24 time 0.002693176
Run 25 time 0.002982855
Run 26 time 0.002223015
Run 27 time 0.002611160
Run 28 time 0.002838135
Run 29 time 0.002804041
Run 30 time 0.002902985
Run 31 time 0.002614021
Run 32 time 0.002576113
Run 33 time 0.002437115
Run 34 time 0.002910137
Run 35 time 0.003402948
Run 36 time 0.003414869
Run 37 time 0.003408194
Run 38 time 0.003388166
Run 39 time 0.003399849
Run 40 time 0.003676176
Run 41 time 0.003388166
Run 42 time 0.003505945
Run 43 time 0.005918980
Run 44 time 0.008038044
Run 45 time 0.007635832
Run 46 time 0.007030010
Run 47 time 0.003728867
Run 48 time 0.002925158
Run 49 time 0.002375841
Run 50 time 0.002547979
Run 51 time 0.002964973
Run 52 time 0.002871037
Run 53 time 0.002707958
Run 54 time 0.003231049
Run 55 time 0.002967834
Run 56 time 0.002954960
Run 57 time 0.003154993
Run 58 time 0.003241777
Run 59 time 0.002954960
Run 60 time 0.003126144
Run 61 time 0.003402948
Run 62 time 0.003190041
Run 63 time 0.002928019
Run 64 time 0.002933979
Run 65 time 0.003504038
Run 66 time 0.002680063
Run 67 time 0.004536152
Run 68 time 0.003325939
Run 69 time 0.006186008
Run 70 time 0.003569126
Run 71 time 0.002995968
Run 72 time 0.003643990
Run 73 time 0.002996922
Run 74 time 0.003082991
Run 75 time 0.003214121
Run 76 time 0.003018856
Run 77 time 0.002928019
Run 78 time 0.002794027
Run 79 time 0.002969980
Run 80 time 0.002748013
Run 81 time 0.003642082
Run 82 time 0.003252029
Run 83 time 0.003288031
Run 84 time 0.003090143
Run 85 time 0.002832174
Run 86 time 0.002485991
Run 87 time 0.002269030
Run 88 time 0.002213001
Run 89 time 0.002162218
Run 90 time 0.002702951
Run 91 time 0.002361059
Run 92 time 0.002121210
Run 93 time 0.002160072
Run 94 time 0.002545834
Run 95 time 0.002687931
Run 96 time 0.005923986
Run 97 time 0.003203869
Run 98 time 0.002202988
Run 99 time 0.002656937
Run 100 time 0.002447128
MPI_allreduce 54 1048576
Run 1 time 0.070153952
Run 2 time 0.007354975
Run 3 time 0.005498171
Run 4 time 0.009903908
Run 5 time 0.013459921
Run 6 time 0.003386021
Run 7 time 0.003586054
Run 8 time 0.003139973
Run 9 time 0.003328800
Run 10 time 0.002199888
Run 11 time 0.003481865
Run 12 time 0.002723932
Run 13 time 0.002446890
Run 14 time 0.003031969
Run 15 time 0.002749920
Run 16 time 0.005567074
Run 17 time 0.003397942
Run 18 time 0.002585888
Run 19 time 0.002918959
Run 20 time 0.003006935
Run 21 time 0.003350973
Run 22 time 0.008356094
Run 23 time 0.012409925
Run 24 time 0.004188061
Run 25 time 0.002236128
Run 26 time 0.002233982
Run 27 time 0.001196146
Run 28 time 0.001194000
Run 29 time 0.002228022
Run 30 time 0.001773119
Run 31 time 0.002121925
Run 32 time 0.002474785
Run 33 time 0.003623009
Run 34 time 0.004805088
Run 35 time 0.003052950
Run 36 time 0.003057003
Run 37 time 0.002894163
Run 38 time 0.002894878
Run 39 time 0.003976107
Run 40 time 0.002790213
Run 41 time 0.007954121
Run 42 time 0.016709805
Run 43 time 0.012264013
Run 44 time 0.001604795
Run 45 time 0.001180887
Run 46 time 0.001536846
Run 47 time 0.001227856
Run 48 time 0.002655983
Run 49 time 0.001226187
Run 50 time 0.001171112
Run 51 time 0.001224995
Run 52 time 0.001141071
Run 53 time 0.002473116
Run 54 time 0.001188993
Run 55 time 0.001246929
Run 56 time 0.001222849
Run 57 time 0.001377106
Run 58 time 0.002753973
Run 59 time 0.001502991
Run 60 time 0.001350880
Run 61 time 0.001421928
Run 62 time 0.001616001
Run 63 time 0.002569914
Run 64 time 0.001407862
Run 65 time 0.002092123
Run 66 time 0.001553059
Run 67 time 0.003460884
Run 68 time 0.001207829
Run 69 time 0.001172066
Run 70 time 0.001125097
Run 71 time 0.001156092
Run 72 time 0.002242088
Run 73 time 0.001645088
Run 74 time 0.001939058
Run 75 time 0.002189159
Run 76 time 0.001673937
Run 77 time 0.002938032
Run 78 time 0.009488106
Run 79 time 0.002630949
Run 80 time 0.001513004
Run 81 time 0.006767035
Run 82 time 0.004450083
Run 83 time 0.002229929
Run 84 time 0.007886887
Run 85 time 0.012315035
Run 86 time 0.015856981
Run 87 time 0.009048939
Run 88 time 0.002748013
Run 89 time 0.005686045
Run 90 time 0.012073040
Run 91 time 0.011650085
Run 92 time 0.011794090
Run 93 time 0.005884886
Run 94 time 0.014894009
Run 95 time 0.007149935
Run 96 time 0.003361225
Run 97 time 0.003521919
Run 98 time 0.002584934
Run 99 time 0.002384186
Run 100 time 0.003371000
2Tree_allreduce 64 1048576 17
Run 1 time 0.050527811
Run 2 time 0.004320860
Run 3 time 0.003724813
Run 4 time 0.005603075
Run 5 time 0.012040138
Run 6 time 0.007637978
Run 7 time 0.003003120
Run 8 time 0.002453089
Run 9 time 0.003032923
Run 10 time 0.002419949
Run 11 time 0.003210068
Run 12 time 0.002410173
Run 13 time 0.003051996
Run 14 time 0.003276110
Run 15 time 0.002492189
Run 16 time 0.002922058
Run 17 time 0.003019094
Run 18 time 0.002418995
Run 19 time 0.002472162
Run 20 time 0.002445936
Run 21 time 0.002892971
Run 22 time 0.002686977
Run 23 time 0.003309011
Run 24 time 0.002833843
Run 25 time 0.002578020
Run 26 time 0.002435923
Run 27 time 0.002526045
Run 28 time 0.002838135
Run 29 time 0.003744125
Run 30 time 0.003100157
Run 31 time 0.003108025
Run 32 time 0.002456188
Run 33 time 0.002615213
Run 34 time 0.002409935
Run 35 time 0.002372980
Run 36 time 0.002410889
Run 37 time 0.002361059
Run 38 time 0.002392054
Run 39 time 0.002387047
Run 40 time 0.002433062
Run 41 time 0.002372026
Run 42 time 0.002428055
Run 43 time 0.002362967
Run 44 time 0.002563000
Run 45 time 0.003613949
Run 46 time 0.004187822
Run 47 time 0.004045010
Run 48 time 0.003765106
Run 49 time 0.005451918
Run 50 time 0.005232096
Run 51 time 0.006290913
Run 52 time 0.003710985
Run 53 time 0.003690958
Run 54 time 0.004136086
Run 55 time 0.003806829
Run 56 time 0.003751040
Run 57 time 0.004093885
Run 58 time 0.004034996
Run 59 time 0.004034996
Run 60 time 0.002711058
Run 61 time 0.002974033
Run 62 time 0.004217863
Run 63 time 0.003519058
Run 64 time 0.003782988
Run 65 time 0.003471136
Run 66 time 0.003762960
Run 67 time 0.004669189
Run 68 time 0.004198074
Run 69 time 0.008432150
Run 70 time 0.005461931
Run 71 time 0.005120993
Run 72 time 0.003997087
Run 73 time 0.003438950
Run 74 time 0.003995895
Run 75 time 0.004072189
Run 76 time 0.004049063
Run 77 time 0.004964828
Run 78 time 0.004544020
Run 79 time 0.005026817
Run 80 time 0.005568981
Run 81 time 0.003608942
Run 82 time 0.004642963
Run 83 time 0.003859043
Run 84 time 0.004264832
Run 85 time 0.004106045
Run 86 time 0.005780935
Run 87 time 0.006816149
Run 88 time 0.004305840
Run 89 time 0.004951954
Run 90 time 0.003798008
Run 91 time 0.003013134
Run 92 time 0.003857851
Run 93 time 0.003568888
Run 94 time 0.002590179
Run 95 time 0.002541065
Run 96 time 0.005038023
Run 97 time 0.006349087
Run 98 time 0.004332066
Run 99 time 0.002479076
Run 100 time 0.004691124
2Tree_allreduceoptimal 64 1048576 17
Run 1 time 0.026869059
Run 2 time 0.003307104
Run 3 time 0.003420830
Run 4 time 0.003490925
Run 5 time 0.002632141
Run 6 time 0.002390862
Run 7 time 0.002348900
Run 8 time 0.003181934
Run 9 time 0.003287792
Run 10 time 0.003568888
Run 11 time 0.004894018
Run 12 time 0.002876997
Run 13 time 0.003471136
Run 14 time 0.002387047
Run 15 time 0.004907131
Run 16 time 0.004706860
Run 17 time 0.003922939
Run 18 time 0.003358126
Run 19 time 0.002958059
Run 20 time 0.003762007
Run 21 time 0.003885031
Run 22 time 0.003839016
Run 23 time 0.003315926
Run 24 time 0.002908945
Run 25 time 0.002494097
Run 26 time 0.002330065
Run 27 time 0.002449036
Run 28 time 0.002792835
Run 29 time 0.003185987
Run 30 time 0.002537012
Run 31 time 0.002290010
Run 32 time 0.002234936
Run 33 time 0.002099037
Run 34 time 0.002164841
Run 35 time 0.002558947
Run 36 time 0.005723000
Run 37 time 0.005770922
Run 38 time 0.005487919
Run 39 time 0.005418062
Run 40 time 0.005169868
Run 41 time 0.004242182
Run 42 time 0.003095865
Run 43 time 0.003748178
Run 44 time 0.003471136
Run 45 time 0.005791903
Run 46 time 0.003219843
Run 47 time 0.004796982
Run 48 time 0.002990007
Run 49 time 0.003125191
Run 50 time 0.002929926
Run 51 time 0.003366947
Run 52 time 0.003407955
Run 53 time 0.003633976
Run 54 time 0.003534079
Run 55 time 0.003384113
Run 56 time 0.005024195
Run 57 time 0.005814075
Run 58 time 0.004709005
Run 59 time 0.005120993
Run 60 time 0.004005909
Run 61 time 0.003175020
Run 62 time 0.003108025
Run 63 time 0.003216028
Run 64 time 0.006575823
Run 65 time 0.003816843
Run 66 time 0.005705118
Run 67 time 0.003974915
Run 68 time 0.003007174
Run 69 time 0.003463030
Run 70 time 0.003155947
Run 71 time 0.003069162
Run 72 time 0.002981901
Run 73 time 0.003650188
Run 74 time 0.002801895
Run 75 time 0.002810955
Run 76 time 0.003437996
Run 77 time 0.002420187
Run 78 time 0.004263163
Run 79 time 0.002701998
Run 80 time 0.002896070
Run 81 time 0.002989054
Run 82 time 0.002740145
Run 83 time 0.004462957
Run 84 time 0.004745960
Run 85 time 0.005533934
Run 86 time 0.004312038
Run 87 time 0.007088900
Run 88 time 0.003814936
Run 89 time 0.004622936
Run 90 time 0.003452063
Run 91 time 0.003146887
Run 92 time 0.003108025
Run 93 time 0.002756834
Run 94 time 0.003377199
Run 95 time 0.003551006
Run 96 time 0.002501011
Run 97 time 0.002093077
Run 98 time 0.002162218
Run 99 time 0.002128124
Run 100 time 0.002156019
MPI_allreduce 64 1048576
Run 1 time 0.044992924
Run 2 time 0.005714893
Run 3 time 0.004486799
Run 4 time 0.004558086
Run 5 time 0.003990889
Run 6 time 0.006334066
Run 7 time 0.004503965
Run 8 time 0.002809048
Run 9 time 0.004331112
Run 10 time 0.005696058
Run 11 time 0.005266905
Run 12 time 0.003653049
Run 13 time 0.003108978
Run 14 time 0.003931046
Run 15 time 0.003228903
Run 16 time 0.006479025
Run 17 time 0.001744032
Run 18 time 0.000998974
Run 19 time 0.000843048
Run 20 time 0.001629114
Run 21 time 0.001859903
Run 22 time 0.002414942
Run 23 time 0.004338980
Run 24 time 0.001770020
Run 25 time 0.003205061
Run 26 time 0.003276110
Run 27 time 0.002926111
Run 28 time 0.002442837
Run 29 time 0.001960993
Run 30 time 0.003232956
Run 31 time 0.005925894
Run 32 time 0.005394936
Run 33 time 0.003710985
Run 34 time 0.003623962
Run 35 time 0.004063845
Run 36 time 0.002974987
Run 37 time 0.003077984
Run 38 time 0.002578974
Run 39 time 0.003160000
Run 40 time 0.003960133
Run 41 time 0.003648996
Run 42 time 0.004740953
Run 43 time 0.004147053
Run 44 time 0.003782034
Run 45 time 0.002202034
Run 46 time 0.001736164
Run 47 time 0.001734972
Run 48 time 0.002676010
Run 49 time 0.004483223
Run 50 time 0.003310204
Run 51 time 0.007272959
Run 52 time 0.005521059
Run 53 time 0.003772020
Run 54 time 0.002808094
Run 55 time 0.001352787
Run 56 time 0.001785994
Run 57 time 0.002036095
Run 58 time 0.001406908
Run 59 time 0.002604961
Run 60 time 0.001715899
Run 61 time 0.000924110
Run 62 time 0.002119064
Run 63 time 0.001060963
Run 64 time 0.001546860
Run 65 time 0.001172066
Run 66 time 0.000802994
Run 67 time 0.001317024
Run 68 time 0.000895023
Run 69 time 0.000821114
Run 70 time 0.001075029
Run 71 time 0.000910997
Run 72 time 0.001549006
Run 73 time 0.001123905
Run 74 time 0.001121998
Run 75 time 0.000871181
Run 76 time 0.000841856
Run 77 time 0.001283169
Run 78 time 0.000894070
Run 79 time 0.001346827
Run 80 time 0.002186060
Run 81 time 0.001785994
Run 82 time 0.003384113
Run 83 time 0.003417969
Run 84 time 0.002115011
Run 85 time 0.001905918
Run 86 time 0.001821041
Run 87 time 0.002078056
Run 88 time 0.002006054
Run 89 time 0.002712011
Run 90 time 0.003255844
Run 91 time 0.002484083
Run 92 time 0.002341986
Run 93 time 0.001681089
Run 94 time 0.003470182
Run 95 time 0.003174067
Run 96 time 0.003568888
Run 97 time 0.003091812
Run 98 time 0.003163815
Run 99 time 0.002202034
Run 100 time 0.002271175
2Tree_allreduce 96 1048576 20
Run 1 time 0.075717926
Run 2 time 0.008359194
Run 3 time 0.004549026
Run 4 time 0.008486986
Run 5 time 0.004398108
Run 6 time 0.003983974
Run 7 time 0.003909111
Run 8 time 0.004664183
Run 9 time 0.003802061
Run 10 time 0.003658056
Run 11 time 0.003688812
Run 12 time 0.004045010
Run 13 time 0.004332066
Run 14 time 0.004543066
Run 15 time 0.003504992
Run 16 time 0.004415035
Run 17 time 0.005403996
Run 18 time 0.005417109
Run 19 time 0.005585194
Run 20 time 0.004477978
Run 21 time 0.004143000
Run 22 time 0.004082918
Run 23 time 0.004331112
Run 24 time 0.004052877
Run 25 time 0.004666090
Run 26 time 0.004403830
Run 27 time 0.003808975
Run 28 time 0.003576040
Run 29 time 0.003199100
Run 30 time 0.002996922
Run 31 time 0.003986120
Run 32 time 0.003477097
Run 33 time 0.003767967
Run 34 time 0.004232883
Run 35 time 0.004175901
Run 36 time 0.003876925
Run 37 time 0.004232883
Run 38 time 0.003649950
Run 39 time 0.003914833
Run 40 time 0.003802061
Run 41 time 0.003895998
Run 42 time 0.003672123
Run 43 time 0.003798008
Run 44 time 0.006278992
Run 45 time 0.005619049
Run 46 time 0.006901026
Run 47 time 0.006386042
Run 48 time 0.009849072
Run 49 time 0.004935026
Run 50 time 0.003426075
Run 51 time 0.002603054
Run 52 time 0.002621889
Run 53 time 0.002524853
Run 54 time 0.002915859
Run 55 time 0.002796888
Run 56 time 0.002852917
Run 57 time 0.002878904
Run 58 time 0.003079891
Run 59 time 0.003367901
Run 60 time 0.002783060
Run 61 time 0.002815008
Run 62 time 0.003402948
Run 63 time 0.002993822
Run 64 time 0.003797054
Run 65 time 0.002964020
Run 66 time 0.003675938
Run 67 time 0.005457163
Run 68 time 0.007030964
Run 69 time 0.007591963
Run 70 time 0.003705978
Run 71 time 0.003821135
Run 72 time 0.003401995
Run 73 time 0.004035950
Run 74 time 0.005185843
Run 75 time 0.005810022
Run 76 time 0.004786015
Run 77 time 0.004817009
Run 78 time 0.004297972
Run 79 time 0.004343033
Run 80 time 0.007203817
Run 81 time 0.003689051
Run 82 time 0.004358053
Run 83 time 0.006133080
Run 84 time 0.006644011
Run 85 time 0.004371881
Run 86 time 0.003808022
Run 87 time 0.003999949
Run 88 time 0.004307032
Run 89 time 0.004387856
Run 90 time 0.003202200
Run 91 time 0.003762007
Run 92 time 0.004436016
Run 93 time 0.004541159
Run 94 time 0.003726006
Run 95 time 0.004398823
Run 96 time 0.004094124
Run 97 time 0.004148960
Run 98 time 0.003901958
Run 99 time 0.004858971
Run 100 time 0.006040812
2Tree_allreduceoptimal 96 1048576 20
Run 1 time 0.024945021
Run 2 time 0.003426790
Run 3 time 0.003247976
Run 4 time 0.002408028
Run 5 time 0.002273798
Run 6 time 0.002502918
Run 7 time 0.003166914
Run 8 time 0.004575968
Run 9 time 0.003540039
Run 10 time 0.003419161
Run 11 time 0.003434896
Run 12 time 0.003807068
Run 13 time 0.003402948
Run 14 time 0.003808975
Run 15 time 0.003684044
Run 16 time 0.003338099
Run 17 time 0.003225088
Run 18 time 0.003839016
Run 19 time 0.004960060
Run 20 time 0.007398129
Run 21 time 0.003760815
Run 22 time 0.008791924
Run 23 time 0.006616116
Run 24 time 0.003988028
Run 25 time 0.003739119
Run 26 time 0.003705025
Run 27 time 0.003277063
Run 28 time 0.003668070
Run 29 time 0.004178047
Run 30 time 0.003583908
Run 31 time 0.005005836
Run 32 time 0.003857136
Run 33 time 0.004099846
Run 34 time 0.004549026
Run 35 time 0.004837036
Run 36 time 0.004536867
Run 37 time 0.005613089
Run 38 time 0.006306887
Run 39 time 0.004884005
Run 40 time 0.004452944
Run 41 time 0.004234076
Run 42 time 0.002547026
Run 43 time 0.003499985
Run 44 time 0.003440142
Run 45 time 0.003327131
Run 46 time 0.003284931
Run 47 time 0.003584862
Run 48 time 0.003334999
Run 49 time 0.004082918
Run 50 time 0.003843069
Run 51 time 0.003915071
Run 52 time 0.004340172
Run 53 time 0.004034996
Run 54 time 0.003894091
Run 55 time 0.003442049
Run 56 time 0.005102158
Run 57 time 0.006267071
Run 58 time 0.002812147
Run 59 time 0.003318071
Run 60 time 0.002811909
Run 61 time 0.003308058
Run 62 time 0.003421068
Run 63 time 0.002258062
Run 64 time 0.002424955
Run 65 time 0.002969027
Run 66 time 0.002627134
Run 67 time 0.002568007
Run 68 time 0.002384901
Run 69 time 0.002550125
Run 70 time 0.002517939
Run 71 time 0.002845049
Run 72 time 0.003151178
Run 73 time 0.002551079
Run 74 time 0.002178192
Run 75 time 0.002737045
Run 76 time 0.002763033
Run 77 time 0.003235102
Run 78 time 0.002685070
Run 79 time 0.002447128
Run 80 time 0.002942085
Run 81 time 0.003976107
Run 82 time 0.002502918
Run 83 time 0.003628016
Run 84 time 0.002691984
Run 85 time 0.002592087
Run 86 time 0.002546072
Run 87 time 0.002712965
Run 88 time 0.002548933
Run 89 time 0.003401041
Run 90 time 0.003463984
Run 91 time 0.002785921
Run 92 time 0.003777027
Run 93 time 0.002745152
Run 94 time 0.002569914
Run 95 time 0.003123999
Run 96 time 0.002791166
Run 97 time 0.002725124
Run 98 time 0.002641916
Run 99 time 0.002446890
Run 100 time 0.003335953
MPI_allreduce 96 1048576
Run 1 time 0.034898996
Run 2 time 0.013596058
Run 3 time 0.005815983
Run 4 time 0.004957199
Run 5 time 0.006226063
Run 6 time 0.004990101
Run 7 time 0.005254030
Run 8 time 0.005707979
Run 9 time 0.004811049
Run 10 time 0.008057833
Run 11 time 0.006530046
Run 12 time 0.006000042
Run 13 time 0.004609823
Run 14 time 0.003950834
Run 15 time 0.004776001
Run 16 time 0.008683920
Run 17 time 0.012165070
Run 18 time 0.005087137
Run 19 time 0.004355907
Run 20 time 0.005991936
Run 21 time 0.004796982
Run 22 time 0.004971981
Run 23 time 0.004820824
Run 24 time 0.010276079
Run 25 time 0.009763002
Run 26 time 0.007615805
Run 27 time 0.009748936
Run 28 time 0.017257929
Run 29 time 0.004713058
Run 30 time 0.004433155
Run 31 time 0.004291058
Run 32 time 0.003592014
Run 33 time 0.005778074
Run 34 time 0.005242109
Run 35 time 0.005343914
Run 36 time 0.003870964
Run 37 time 0.006503820
Run 38 time 0.003784895
Run 39 time 0.005769968
Run 40 time 0.009454012
Run 41 time 0.006421089
Run 42 time 0.004028082
Run 43 time 0.003261089
Run 44 time 0.008152008
Run 45 time 0.001206875
Run 46 time 0.002985001
Run 47 time 0.002752066
Run 48 time 0.002500057
Run 49 time 0.003326893
Run 50 time 0.003794909
Run 51 time 0.003113985
Run 52 time 0.003127098
Run 53 time 0.002937078
Run 54 time 0.004094124
Run 55 time 0.003391027
Run 56 time 0.003988981
Run 57 time 0.004834890
Run 58 time 0.004467010
Run 59 time 0.003261089
Run 60 time 0.003684044
Run 61 time 0.009707928
Run 62 time 0.006635904
Run 63 time 0.010202169
Run 64 time 0.009199142
Run 65 time 0.004952908
Run 66 time 0.004327774
Run 67 time 0.004627943
Run 68 time 0.004456043
Run 69 time 0.009010077
Run 70 time 0.007964849
Run 71 time 0.004477978
Run 72 time 0.007400036
Run 73 time 0.005146980
Run 74 time 0.004469872
Run 75 time 0.005450964
Run 76 time 0.006001949
Run 77 time 0.007879019
Run 78 time 0.004546165
Run 79 time 0.006866932
Run 80 time 0.002382994
Run 81 time 0.002420902
Run 82 time 0.004149914
Run 83 time 0.003942013
Run 84 time 0.001931906
Run 85 time 0.002496004
Run 86 time 0.002034903
Run 87 time 0.002047062
Run 88 time 0.001764059
Run 89 time 0.002138853
Run 90 time 0.001775980
Run 91 time 0.001554966
Run 92 time 0.001883030
Run 93 time 0.001677036
Run 94 time 0.002112150
Run 95 time 0.002207994
Run 96 time 0.002707005
Run 97 time 0.010059834
Run 98 time 0.014233112
Run 99 time 0.012288094
Run 100 time 0.004451990
2Tree_allreduce 128 1048576 18
Run 1 time 0.071557999
Run 2 time 0.004404068
Run 3 time 0.003990173
Run 4 time 0.007043123
Run 5 time 0.022129059
Run 6 time 0.008774996
Run 7 time 0.005380154
Run 8 time 0.005918026
Run 9 time 0.003854990
Run 10 time 0.003885984
Run 11 time 0.003922939
Run 12 time 0.005270958
Run 13 time 0.004783154
Run 14 time 0.003560066
Run 15 time 0.004399061
Run 16 time 0.006860018
Run 17 time 0.005769968
Run 18 time 0.010102987
Run 19 time 0.007589102
Run 20 time 0.006294012
Run 21 time 0.005819082
Run 22 time 0.008559227
Run 23 time 0.004532099
Run 24 time 0.004623890
Run 25 time 0.004919052
Run 26 time 0.007143021
Run 27 time 0.010091066
Run 28 time 0.005886078
Run 29 time 0.004921913
Run 30 time 0.003968000
Run 31 time 0.004189968
Run 32 time 0.004390001
Run 33 time 0.004934072
Run 34 time 0.005178928
Run 35 time 0.009783983
Run 36 time 0.004774809
Run 37 time 0.006119013
Run 38 time 0.004447937
Run 39 time 0.004435062
Run 40 time 0.004196167
Run 41 time 0.004198074
Run 42 time 0.004570007
Run 43 time 0.004456043
Run 44 time 0.004914045
Run 45 time 0.004437923
Run 46 time 0.003771067
Run 47 time 0.003638983
Run 48 time 0.004705906
Run 49 time 0.005951166
Run 50 time 0.004192114
Run 51 time 0.003656149
Run 52 time 0.003684998
Run 53 time 0.003267050
Run 54 time 0.004059076
Run 55 time 0.006907225
Run 56 time 0.006062984
Run 57 time 0.005988836
Run 58 time 0.005839109
Run 59 time 0.005184174
Run 60 time 0.004655838
Run 61 time 0.003597975
Run 62 time 0.004158974
Run 63 time 0.005151033
Run 64 time 0.004664183
Run 65 time 0.004640102
Run 66 time 0.003843069
Run 67 time 0.003444195
Run 68 time 0.003153086
Run 69 time 0.003225088
Run 70 time 0.003456116
Run 71 time 0.004784107
Run 72 time 0.005614996
Run 73 time 0.004551888
Run 74 time 0.005256891
Run 75 time 0.006561041
Run 76 time 0.006141901
Run 77 time 0.006410837
Run 78 time 0.005100965
Run 79 time 0.004869938
Run 80 time 0.004062176
Run 81 time 0.004438877
Run 82 time 0.004243851
Run 83 time 0.004556179
Run 84 time 0.003566027
Run 85 time 0.004218102
Run 86 time 0.004422188
Run 87 time 0.004263878
Run 88 time 0.003757000
Run 89 time 0.004083872
Run 90 time 0.005841017
Run 91 time 0.004698038
Run 92 time 0.006092072
Run 93 time 0.006484985
Run 94 time 0.005541086
Run 95 time 0.007019997
Run 96 time 0.005658150
Run 97 time 0.005322933
Run 98 time 0.003947020
Run 99 time 0.004198790
Run 100 time 0.005146980
2Tree_allreduceoptimal 128 1048576 18
Run 1 time 0.026962042
Run 2 time 0.003190041
Run 3 time 0.003296852
Run 4 time 0.002748013
Run 5 time 0.003719091
Run 6 time 0.002861977
Run 7 time 0.002684116
Run 8 time 0.002855062
Run 9 time 0.002945185
Run 10 time 0.004203796
Run 11 time 0.003239870
Run 12 time 0.003698111
Run 13 time 0.004028082
Run 14 time 0.003721952
Run 15 time 0.003372192
Run 16 time 0.003257990
Run 17 time 0.003062010
Run 18 time 0.003172874
Run 19 time 0.003129959
Run 20 time 0.003849983
Run 21 time 0.003952980
Run 22 time 0.004096985
Run 23 time 0.003925085
Run 24 time 0.004813910
Run 25 time 0.011013031
Run 26 time 0.009392023
Run 27 time 0.008694172
Run 28 time 0.003690004
Run 29 time 0.005191088
Run 30 time 0.004740000
Run 31 time 0.004535913
Run 32 time 0.004807949
Run 33 time 0.006356001
Run 34 time 0.002557993
Run 35 time 0.003681898
Run 36 time 0.008692980
Run 37 time 0.008213997
Run 38 time 0.007323027
Run 39 time 0.005305052
Run 40 time 0.004229069
Run 41 time 0.004445076
Run 42 time 0.004431009
Run 43 time 0.004456997
Run 44 time 0.003957033
Run 45 time 0.004090071
Run 46 time 0.003926992
Run 47 time 0.004132032
Run 48 time 0.008538008
Run 49 time 0.010881901
Run 50 time 0.006862879
Run 51 time 0.003582001
Run 52 time 0.003481150
Run 53 time 0.003688812
Run 54 time 0.003803968
Run 55 time 0.003633976
Run 56 time 0.003463984
Run 57 time 0.004328012
Run 58 time 0.003947020
Run 59 time 0.008719921
Run 60 time 0.009834051
Run 61 time 0.005104065
Run 62 time 0.008150101
Run 63 time 0.003807783
Run 64 time 0.004561901
Run 65 time 0.003244877
Run 66 time 0.003782034
Run 67 time 0.003549099
Run 68 time 0.002766132
Run 69 time 0.002707005
Run 70 time 0.002954960
Run 71 time 0.002824068
Run 72 time 0.003345013
Run 73 time 0.004065990
Run 74 time 0.003895044
Run 75 time 0.004019022
Run 76 time 0.003522873
Run 77 time 0.003427029
Run 78 time 0.002946854
Run 79 time 0.002614975
Run 80 time 0.002766848
Run 81 time 0.002583027
Run 82 time 0.003338814
Run 83 time 0.004384995
Run 84 time 0.002705812
Run 85 time 0.004326105
Run 86 time 0.002893925
Run 87 time 0.003404140
Run 88 time 0.003274918
Run 89 time 0.004257917
Run 90 time 0.003993034
Run 91 time 0.003835917
Run 92 time 0.003375053
Run 93 time 0.003615141
Run 94 time 0.003190994
Run 95 time 0.003004074
Run 96 time 0.003166914
Run 97 time 0.003442764
Run 98 time 0.003865004
Run 99 time 0.003550053
Run 100 time 0.005203962
MPI_allreduce 128 1048576
Run 1 time 0.042463064
Run 2 time 0.005049944
Run 3 time 0.006186008
Run 4 time 0.004365921
Run 5 time 0.007750034
Run 6 time 0.002866030
Run 7 time 0.001842022
Run 8 time 0.001300097
Run 9 time 0.001515150
Run 10 time 0.001691103
Run 11 time 0.001919985
Run 12 time 0.003767967
Run 13 time 0.002155066
Run 14 time 0.002330065
Run 15 time 0.002797127
Run 16 time 0.011213064
Run 17 time 0.005573988
Run 18 time 0.016772985
Run 19 time 0.014431000
Run 20 time 0.009021997
Run 21 time 0.005390882
Run 22 time 0.005048990
Run 23 time 0.003051996
Run 24 time 0.004729033
Run 25 time 0.004986048
Run 26 time 0.008267879
Run 27 time 0.005825996
Run 28 time 0.004941940
Run 29 time 0.002677202
Run 30 time 0.001848936
Run 31 time 0.003664017
Run 32 time 0.003128767
Run 33 time 0.003587961
Run 34 time 0.003754139
Run 35 time 0.004653931
Run 36 time 0.004522800
Run 37 time 0.004151821
Run 38 time 0.004629135
Run 39 time 0.005946159
Run 40 time 0.007242918
Run 41 time 0.012773991
Run 42 time 0.024296999
Run 43 time 0.012853146
Run 44 time 0.004839897
Run 45 time 0.003733158
Run 46 time 0.005481005
Run 47 time 0.004266024
Run 48 time 0.004573107
Run 49 time 0.007319212
Run 50 time 0.005095005
Run 51 time 0.004304886
Run 52 time 0.003002167
Run 53 time 0.003072977
Run 54 time 0.003129005
Run 55 time 0.002002001
Run 56 time 0.001446962
Run 57 time 0.002255917
Run 58 time 0.001636028
Run 59 time 0.002321959
Run 60 time 0.003308058
Run 61 time 0.001165867
Run 62 time 0.001800060
Run 63 time 0.002290010
Run 64 time 0.002194881
Run 65 time 0.002373934
Run 66 time 0.001579046
Run 67 time 0.002032995
Run 68 time 0.002814054
Run 69 time 0.008563995
Run 70 time 0.007213116
Run 71 time 0.003890038
Run 72 time 0.005754948
Run 73 time 0.006088972
Run 74 time 0.005198002
Run 75 time 0.003568888
Run 76 time 0.003010035
Run 77 time 0.005103111
Run 78 time 0.004204988
Run 79 time 0.005198002
Run 80 time 0.005012035
Run 81 time 0.005650997
Run 82 time 0.006566048
Run 83 time 0.004559040
Run 84 time 0.005520105
Run 85 time 0.007308960
Run 86 time 0.005975008
Run 87 time 0.003224134
Run 88 time 0.009371042
Run 89 time 0.013293982
Run 90 time 0.007863998
Run 91 time 0.008329868
Run 92 time 0.004055977
Run 93 time 0.004179955
Run 94 time 0.003714800
Run 95 time 0.003109932
Run 96 time 0.004091978
Run 97 time 0.005367994
Run 98 time 0.003808975
Run 99 time 0.002835035
Run 100 time 0.001928806
2Tree_allreduce 158 1048576 18
Run 1 time 0.158069134
Run 2 time 0.014446020
Run 3 time 0.004603148
Run 4 time 0.004353046
Run 5 time 0.008633137
Run 6 time 0.010259151
Run 7 time 0.009220839
Run 8 time 0.006248951
Run 9 time 0.004106045
Run 10 time 0.006475925
Run 11 time 0.006322861
Run 12 time 0.004586935
Run 13 time 0.005606890
Run 14 time 0.004894018
Run 15 time 0.004925013
Run 16 time 0.004163027
Run 17 time 0.003927946
Run 18 time 0.004381895
Run 19 time 0.007671833
Run 20 time 0.009465933
Run 21 time 0.007813215
Run 22 time 0.005880117
Run 23 time 0.005100012
Run 24 time 0.005067825
Run 25 time 0.004747868
Run 26 time 0.005198956
Run 27 time 0.004728079
Run 28 time 0.005342007
Run 29 time 0.004214048
Run 30 time 0.004528999
Run 31 time 0.004814863
Run 32 time 0.004132986
Run 33 time 0.004468918
Run 34 time 0.003801823
Run 35 time 0.003610134
Run 36 time 0.004987955
Run 37 time 0.007066011
Run 38 time 0.006669044
Run 39 time 0.006156206
Run 40 time 0.004832983
Run 41 time 0.004369974
Run 42 time 0.003438950
Run 43 time 0.003491879
Run 44 time 0.003616095
Run 45 time 0.004764080
Run 46 time 0.004168034
Run 47 time 0.003684998
Run 48 time 0.003355980
Run 49 time 0.005661964
Run 50 time 0.004572868
Run 51 time 0.004045963
Run 52 time 0.004982948
Run 53 time 0.003289223
Run 54 time 0.004309893
Run 55 time 0.004160166
Run 56 time 0.006772995
Run 57 time 0.005978107
Run 58 time 0.006959915
Run 59 time 0.007097006
Run 60 time 0.005573034
Run 61 time 0.005100012
Run 62 time 0.004584074
Run 63 time 0.005701065
Run 64 time 0.004601002
Run 65 time 0.005553961
Run 66 time 0.005504131
Run 67 time 0.005228996
Run 68 time 0.007889032
Run 69 time 0.004477024
Run 70 time 0.004697084
Run 71 time 0.004844904
Run 72 time 0.006890059
Run 73 time 0.009402990
Run 74 time 0.007727861
Run 75 time 0.007934809
Run 76 time 0.004582882
Run 77 time 0.005042076
Run 78 time 0.005713940
Run 79 time 0.005156994
Run 80 time 0.005461931
Run 81 time 0.007712126
Run 82 time 0.007239819
Run 83 time 0.005989075
Run 84 time 0.008780003
Run 85 time 0.005258083
Run 86 time 0.007104874
Run 87 time 0.009588957
Run 88 time 0.009268045
Run 89 time 0.006085157
Run 90 time 0.004955053
Run 91 time 0.004812002
Run 92 time 0.005362034
Run 93 time 0.006611109
Run 94 time 0.007367134
Run 95 time 0.005811214
Run 96 time 0.005627871
Run 97 time 0.005337954
Run 98 time 0.005292177
Run 99 time 0.004740000
Run 100 time 0.006380796
2Tree_allreduceoptimal 158 1048576 18
Run 1 time 0.043287039
Run 2 time 0.004492998
Run 3 time 0.005137205
Run 4 time 0.005957127
Run 5 time 0.006853104
Run 6 time 0.004469156
Run 7 time 0.003839016
Run 8 time 0.003993034
Run 9 time 0.004567146
Run 10 time 0.009897947
Run 11 time 0.008027077
Run 12 time 0.007034063
Run 13 time 0.005487204
Run 14 time 0.003105879
Run 15 time 0.004009008
Run 16 time 0.004300117
Run 17 time 0.003990173
Run 18 time 0.005290031
Run 19 time 0.006167173
Run 20 time 0.005458117
Run 21 time 0.004706860
Run 22 time 0.012222052
Run 23 time 0.008671999
Run 24 time 0.006196976
Run 25 time 0.004905939
Run 26 time 0.005518913
Run 27 time 0.004369974
Run 28 time 0.004736185
Run 29 time 0.004426956
Run 30 time 0.002845049
Run 31 time 0.003004074
Run 32 time 0.004789829
Run 33 time 0.009108067
Run 34 time 0.009118080
Run 35 time 0.006201029
Run 36 time 0.004947901
Run 37 time 0.003638029
Run 38 time 0.004037142
Run 39 time 0.003882885
Run 40 time 0.004065990
Run 41 time 0.004225016
Run 42 time 0.004285097
Run 43 time 0.004336119
Run 44 time 0.004516125
Run 45 time 0.004446983
Run 46 time 0.004740953
Run 47 time 0.003947020
Run 48 time 0.004595995
Run 49 time 0.004320860
Run 50 time 0.004082918
Run 51 time 0.003125906
Run 52 time 0.003494024
Run 53 time 0.002758026
Run 54 time 0.002823114
Run 55 time 0.003232002
Run 56 time 0.003510952
Run 57 time 0.003111124
Run 58 time 0.003000975
Run 59 time 0.002586842
Run 60 time 0.002917051
Run 61 time 0.003393173
Run 62 time 0.004423857
Run 63 time 0.008144140
Run 64 time 0.007230997
Run 65 time 0.005500078
Run 66 time 0.004631996
Run 67 time 0.004110098
Run 68 time 0.003994942
Run 69 time 0.004634142
Run 70 time 0.004278898
Run 71 time 0.004576206
Run 72 time 0.003762007
Run 73 time 0.004084110
Run 74 time 0.009274006
Run 75 time 0.007848978
Run 76 time 0.006316185
Run 77 time 0.007173061
Run 78 time 0.004299164
Run 79 time 0.004734039
Run 80 time 0.004129171
Run 81 time 0.004282951
Run 82 time 0.004316092
Run 83 time 0.004695892
Run 84 time 0.004460096
Run 85 time 0.004400969
Run 86 time 0.007195950
Run 87 time 0.008839130
Run 88 time 0.007553101
Run 89 time 0.004034996
Run 90 time 0.003034115
Run 91 time 0.004182100
Run 92 time 0.004217863
Run 93 time 0.004108906
Run 94 time 0.004770041
Run 95 time 0.005021811
Run 96 time 0.004456043
Run 97 time 0.004598141
Run 98 time 0.005900860
Run 99 time 0.008286953
Run 100 time 0.005863190
MPI_allreduce 158 1048576
Run 1 time 0.046442032
Run 2 time 0.005292892
Run 3 time 0.004076958
Run 4 time 0.010840893
Run 5 time 0.012635946
Run 6 time 0.010801077
Run 7 time 0.007752895
Run 8 time 0.006196976
Run 9 time 0.006692171
Run 10 time 0.005384207
Run 11 time 0.004835129
Run 12 time 0.004508018
Run 13 time 0.004764080
Run 14 time 0.004751921
Run 15 time 0.004819870
Run 16 time 0.010519981
Run 17 time 0.003927946
Run 18 time 0.002849817
Run 19 time 0.004527092
Run 20 time 0.005952835
Run 21 time 0.009065151
Run 22 time 0.005980015
Run 23 time 0.010170937
Run 24 time 0.025117874
Run 25 time 0.005619049
Run 26 time 0.008655071
Run 27 time 0.008817911
Run 28 time 0.007629156
Run 29 time 0.006253004
Run 30 time 0.006423950
Run 31 time 0.008912802
Run 32 time 0.010987043
Run 33 time 0.009768963
Run 34 time 0.010427952
Run 35 time 0.007495165
Run 36 time 0.005428076
Run 37 time 0.004714966
Run 38 time 0.005027056
Run 39 time 0.005484104
Run 40 time 0.002841949
Run 41 time 0.002490044
Run 42 time 0.002800941
Run 43 time 0.003949165
Run 44 time 0.005621195
Run 45 time 0.005002022
Run 46 time 0.008780003
Run 47 time 0.004801035
Run 48 time 0.010527849
Run 49 time 0.007860899
Run 50 time 0.008585930
Run 51 time 0.008776903
Run 52 time 0.010247946
Run 53 time 0.003262997
Run 54 time 0.002330065
Run 55 time 0.001946926
Run 56 time 0.001857996
Run 57 time 0.001469135
Run 58 time 0.001307011
Run 59 time 0.001935005
Run 60 time 0.001508951
Run 61 time 0.001528978
Run 62 time 0.001705885
Run 63 time 0.001268148
Run 64 time 0.001475096
Run 65 time 0.001319170
Run 66 time 0.001303196
Run 67 time 0.001914024
Run 68 time 0.002313852
Run 69 time 0.002557039
Run 70 time 0.001388073
Run 71 time 0.001308918
Run 72 time 0.020494938
Run 73 time 0.015537977
Run 74 time 0.011649132
Run 75 time 0.008926153
Run 76 time 0.008898020
Run 77 time 0.004900932
Run 78 time 0.005683899
Run 79 time 0.004954815
Run 80 time 0.004454136
Run 81 time 0.003689051
Run 82 time 0.003633022
Run 83 time 0.006731033
Run 84 time 0.003488064
Run 85 time 0.008067131
Run 86 time 0.003143072
Run 87 time 0.002068043
Run 88 time 0.001576900
Run 89 time 0.001788139
Run 90 time 0.004040956
Run 91 time 0.014122009
Run 92 time 0.015500069
Run 93 time 0.004275799
Run 94 time 0.003690958
Run 95 time 0.004004002
Run 96 time 0.004951954
Run 97 time 0.003715038
Run 98 time 0.006129980
Run 99 time 0.006999969
Run 100 time 0.011559010
2Tree_allreduce 188 1048576 16
Run 1 time 0.139120817
Run 2 time 0.005291939
Run 3 time 0.004405975
Run 4 time 0.004590034
Run 5 time 0.012741089
Run 6 time 0.003658056
Run 7 time 0.003517151
Run 8 time 0.003211021
Run 9 time 0.007906199
Run 10 time 0.013460159
Run 11 time 0.003206015
Run 12 time 0.006726980
Run 13 time 0.006542921
Run 14 time 0.004660845
Run 15 time 0.005235910
Run 16 time 0.005960941
Run 17 time 0.005335808
Run 18 time 0.004978895
Run 19 time 0.006553888
Run 20 time 0.004433155
Run 21 time 0.005481005
Run 22 time 0.005279064
Run 23 time 0.004744053
Run 24 time 0.004817009
Run 25 time 0.003748894
Run 26 time 0.005583048
Run 27 time 0.006480932
Run 28 time 0.006724119
Run 29 time 0.004731894
Run 30 time 0.004827023
Run 31 time 0.004537106
Run 32 time 0.004417896
Run 33 time 0.004498005
Run 34 time 0.005522966
Run 35 time 0.004973173
Run 36 time 0.004526138
Run 37 time 0.004239082
Run 38 time 0.004127026
Run 39 time 0.003032923
Run 40 time 0.003304005
Run 41 time 0.003145218
Run 42 time 0.004595041
Run 43 time 0.006885052
Run 44 time 0.003395081
Run 45 time 0.004228115
Run 46 time 0.003886938
Run 47 time 0.008527994
Run 48 time 0.011373043
Run 49 time 0.011091948
Run 50 time 0.010107040
Run 51 time 0.004487038
Run 52 time 0.004553080
Run 53 time 0.004317045
Run 54 time 0.004082918
Run 55 time 0.005223989
Run 56 time 0.005831003
Run 57 time 0.006640911
Run 58 time 0.004347086
Run 59 time 0.005156040
Run 60 time 0.004340887
Run 61 time 0.004244804
Run 62 time 0.003926992
Run 63 time 0.003680944
Run 64 time 0.004755020
Run 65 time 0.004454136
Run 66 time 0.004634857
Run 67 time 0.006611109
Run 68 time 0.004786968
Run 69 time 0.004995823
Run 70 time 0.004742146
Run 71 time 0.006155968
Run 72 time 0.005420923
Run 73 time 0.007272005
Run 74 time 0.005003929
Run 75 time 0.004210949
Run 76 time 0.004826069
Run 77 time 0.003653049
Run 78 time 0.003357172
Run 79 time 0.004868984
Run 80 time 0.004449129
Run 81 time 0.004372120
Run 82 time 0.004534960
Run 83 time 0.004760027
Run 84 time 0.005103111
Run 85 time 0.004981041
Run 86 time 0.005891085
Run 87 time 0.006168127
Run 88 time 0.006521940
Run 89 time 0.007338047
Run 90 time 0.004946947
Run 91 time 0.003998041
Run 92 time 0.003675938
Run 93 time 0.003644943
Run 94 time 0.003571033
Run 95 time 0.003176928
Run 96 time 0.003465891
Run 97 time 0.003072977
Run 98 time 0.003157139
Run 99 time 0.003458023
Run 100 time 0.003558874
2Tree_allreduceoptimal 188 1048576 16
Run 1 time 0.078187943
Run 2 time 0.004358053
Run 3 time 0.004387140
Run 4 time 0.005682945
Run 5 time 0.012408018
Run 6 time 0.011451960
Run 7 time 0.006780863
Run 8 time 0.003503084
Run 9 time 0.003384829
Run 10 time 0.003283024
Run 11 time 0.003257990
Run 12 time 0.003127098
Run 13 time 0.003465891
Run 14 time 0.003051043
Run 15 time 0.003143072
Run 16 time 0.004193068
Run 17 time 0.004733086
Run 18 time 0.004549026
Run 19 time 0.004487038
Run 20 time 0.004293919
Run 21 time 0.006654024
Run 22 time 0.008682013
Run 23 time 0.010298014
Run 24 time 0.007057905
Run 25 time 0.005896091
Run 26 time 0.004611969
Run 27 time 0.004790068
Run 28 time 0.004363060
Run 29 time 0.003441095
Run 30 time 0.003769875
Run 31 time 0.003847837
Run 32 time 0.003892899
Run 33 time 0.004492998
Run 34 time 0.004681110
Run 35 time 0.005427122
Run 36 time 0.005031824
Run 37 time 0.005065203
Run 38 time 0.004151821
Run 39 time 0.004173040
Run 40 time 0.005752802
Run 41 time 0.005651951
Run 42 time 0.004819870
Run 43 time 0.005232811
Run 44 time 0.004799843
Run 45 time 0.005272150
Run 46 time 0.006897926
Run 47 time 0.004057884
Run 48 time 0.004471779
Run 49 time 0.005455017
Run 50 time 0.006277800
Run 51 time 0.004973173
Run 52 time 0.004925966
Run 53 time 0.005149841
Run 54 time 0.004202127
Run 55 time 0.004186869
Run 56 time 0.003276110
Run 57 time 0.003455162
Run 58 time 0.003207922
Run 59 time 0.006228924
Run 60 time 0.005668879
Run 61 time 0.005213022
Run 62 time 0.004047871
Run 63 time 0.004824877
Run 64 time 0.004812956
Run 65 time 0.002856016
Run 66 time 0.003514051
Run 67 time 0.002979994
Run 68 time 0.002971888
Run 69 time 0.003561974
Run 70 time 0.003226995
Run 71 time 0.003218174
Run 72 time 0.003378868
Run 73 time 0.002807856
Run 74 time 0.003349066
Run 75 time 0.003643990
Run 76 time 0.003320932
Run 77 time 0.003113985
Run 78 time 0.003123045
Run 79 time 0.003599882
Run 80 time 0.003562927
Run 81 time 0.004330158
Run 82 time 0.004743099
Run 83 time 0.004737139
Run 84 time 0.004604101
Run 85 time 0.005546808
Run 86 time 0.004961967
Run 87 time 0.004224062
Run 88 time 0.003979921
Run 89 time 0.004189968
Run 90 time 0.004294872
Run 91 time 0.005470037
Run 92 time 0.004837036
Run 93 time 0.006127119
Run 94 time 0.003744125
Run 95 time 0.003839970
Run 96 time 0.003866911
Run 97 time 0.004172087
Run 98 time 0.004720926
Run 99 time 0.004494905
Run 100 time 0.004777908
MPI_allreduce 188 1048576
Run 1 time 0.055339098
Run 2 time 0.013783932
Run 3 time 0.009745836
Run 4 time 0.019337893
Run 5 time 0.005430937
Run 6 time 0.004230022
Run 7 time 0.006463051
Run 8 time 0.007127047
Run 9 time 0.007544994
Run 10 time 0.018336058
Run 11 time 0.005242109
Run 12 time 0.012042999
Run 13 time 0.011452913
Run 14 time 0.009511948
Run 15 time 0.007019997
Run 16 time 0.015233040
Run 17 time 0.016955137
Run 18 time 0.012587070
Run 19 time 0.015209198
Run 20 time 0.005883932
Run 21 time 0.016280890
Run 22 time 0.008680105
Run 23 time 0.003966093
Run 24 time 0.011682987
Run 25 time 0.007896185
Run 26 time 0.017524958
Run 27 time 0.006335020
Run 28 time 0.002933979
Run 29 time 0.002285957
Run 30 time 0.002368927
Run 31 time 0.003504038
Run 32 time 0.004701138
Run 33 time 0.004583836
Run 34 time 0.003892899
Run 35 time 0.005365849
Run 36 time 0.004788876
Run 37 time 0.006193876
Run 38 time 0.007287979
Run 39 time 0.007221937
Run 40 time 0.005608082
Run 41 time 0.009020090
Run 42 time 0.003823996
Run 43 time 0.004972935
Run 44 time 0.005249977
Run 45 time 0.004484892
Run 46 time 0.003332853
Run 47 time 0.004581213
Run 48 time 0.003752232
Run 49 time 0.004045010
Run 50 time 0.019737005
Run 51 time 0.013868093
Run 52 time 0.006153107
Run 53 time 0.005307913
Run 54 time 0.004556179
Run 55 time 0.001997948
Run 56 time 0.001990080
Run 57 time 0.004870892
Run 58 time 0.008041859
Run 59 time 0.006352901
Run 60 time 0.009154081
Run 61 time 0.019278049
Run 62 time 0.009343863
Run 63 time 0.006729126
Run 64 time 0.007982969
Run 65 time 0.008105040
Run 66 time 0.005422115
Run 67 time 0.004354954
Run 68 time 0.002701998
Run 69 time 0.003555059
Run 70 time 0.013742924
Run 71 time 0.014755011
Run 72 time 0.007578850
Run 73 time 0.005049944
Run 74 time 0.006549835
Run 75 time 0.005424023
Run 76 time 0.005573034
Run 77 time 0.008686066
Run 78 time 0.016481161
Run 79 time 0.015972853
Run 80 time 0.005655050
Run 81 time 0.002631187
Run 82 time 0.002367973
Run 83 time 0.003876925
Run 84 time 0.002443075
Run 85 time 0.001895905
Run 86 time 0.003600121
Run 87 time 0.004120827
Run 88 time 0.004264116
Run 89 time 0.003415108
Run 90 time 0.003700018
Run 91 time 0.002164125
Run 92 time 0.002552032
Run 93 time 0.004186869
Run 94 time 0.010308027
Run 95 time 0.008733034
Run 96 time 0.005530119
Run 97 time 0.003846169
Run 98 time 0.005726099
Run 99 time 0.004729986
Run 100 time 0.004395008
2Tree_allreduce 256 1048576 18
Run 1 time 0.097190857
Run 2 time 0.003998041
Run 3 time 0.005067825
Run 4 time 0.007970095
Run 5 time 0.009621143
Run 6 time 0.010818958
Run 7 time 0.010385036
Run 8 time 0.006349802
Run 9 time 0.005112886
Run 10 time 0.004751921
Run 11 time 0.008041859
Run 12 time 0.004671812
Run 13 time 0.003583908
Run 14 time 0.003782034
Run 15 time 0.003767014
Run 16 time 0.003764153
Run 17 time 0.004748106
Run 18 time 0.004210949
Run 19 time 0.005494118
Run 20 time 0.004376888
Run 21 time 0.003268957
Run 22 time 0.003810167
Run 23 time 0.003993034
Run 24 time 0.003774166
Run 25 time 0.004018068
Run 26 time 0.004762888
Run 27 time 0.004919052
Run 28 time 0.004827976
Run 29 time 0.004113913
Run 30 time 0.003715992
Run 31 time 0.004213810
Run 32 time 0.004329920
Run 33 time 0.004291058
Run 34 time 0.003582001
Run 35 time 0.003587961
Run 36 time 0.008369923
Run 37 time 0.003682137
Run 38 time 0.003420115
Run 39 time 0.003146887
Run 40 time 0.003288031
Run 41 time 0.003633976
Run 42 time 0.004782915
Run 43 time 0.005240917
Run 44 time 0.012923956
Run 45 time 0.005151033
Run 46 time 0.005582094
Run 47 time 0.004940033
Run 48 time 0.006077766
Run 49 time 0.006020069
Run 50 time 0.006242037
Run 51 time 0.004646063
Run 52 time 0.010684967
Run 53 time 0.009573936
Run 54 time 0.008982897
Run 55 time 0.004727125
Run 56 time 0.003917933
Run 57 time 0.006322861
Run 58 time 0.004726171
Run 59 time 0.004033089
Run 60 time 0.006103039
Run 61 time 0.005522966
Run 62 time 0.009763956
Run 63 time 0.009203911
Run 64 time 0.004726887
Run 65 time 0.005710840
Run 66 time 0.004786015
Run 67 time 0.005156040
Run 68 time 0.005495071
Run 69 time 0.004766226
Run 70 time 0.007168055
Run 71 time 0.005578041
Run 72 time 0.005873203
Run 73 time 0.010532856
Run 74 time 0.008311987
Run 75 time 0.006528854
Run 76 time 0.004360914
Run 77 time 0.004847050
Run 78 time 0.005549908
Run 79 time 0.005496979
Run 80 time 0.004994869
Run 81 time 0.004165888
Run 82 time 0.006349087
Run 83 time 0.006812096
Run 84 time 0.005300999
Run 85 time 0.006232977
Run 86 time 0.004315138
Run 87 time 0.005054951
Run 88 time 0.004649878
Run 89 time 0.005334139
Run 90 time 0.004830122
Run 91 time 0.006099939
Run 92 time 0.005069971
Run 93 time 0.005398035
Run 94 time 0.004952192
Run 95 time 0.005490065
Run 96 time 0.009043932
Run 97 time 0.006793022
Run 98 time 0.004281998
Run 99 time 0.004236937
Run 100 time 0.004273891
2Tree_allreduceoptimal 256 1048576 18
Run 1 time 0.034705162
Run 2 time 0.004776955
Run 3 time 0.004357100
Run 4 time 0.004682064
Run 5 time 0.004289865
Run 6 time 0.004575968
Run 7 time 0.004419804
Run 8 time 0.004016876
Run 9 time 0.003696203
Run 10 time 0.004252911
Run 11 time 0.004463911
Run 12 time 0.004106998
Run 13 time 0.004397154
Run 14 time 0.004127026
Run 15 time 0.004469156
Run 16 time 0.004783154
Run 17 time 0.004212856
Run 18 time 0.004302979
Run 19 time 0.004651070
Run 20 time 0.004745960
Run 21 time 0.004940033
Run 22 time 0.004170895
Run 23 time 0.003141880
Run 24 time 0.003211975
Run 25 time 0.004317045
Run 26 time 0.004991055
Run 27 time 0.004306793
Run 28 time 0.004261017
Run 29 time 0.004085064
Run 30 time 0.004486084
Run 31 time 0.004355907
Run 32 time 0.003931999
Run 33 time 0.003949165
Run 34 time 0.004919052
Run 35 time 0.005348921
Run 36 time 0.004198074
Run 37 time 0.003855944
Run 38 time 0.002884150
Run 39 time 0.003957033
Run 40 time 0.003967047
Run 41 time 0.003978968
Run 42 time 0.004400969
Run 43 time 0.004055977
Run 44 time 0.004197121
Run 45 time 0.004436016
Run 46 time 0.005267859
Run 47 time 0.005221844
Run 48 time 0.004909992
Run 49 time 0.005436897
Run 50 time 0.004636049
Run 51 time 0.005491972
Run 52 time 0.006171942
Run 53 time 0.004869938
Run 54 time 0.003782988
Run 55 time 0.004408836
Run 56 time 0.003536940
Run 57 time 0.004085779
Run 58 time 0.003184080
Run 59 time 0.003114939
Run 60 time 0.005124807
Run 61 time 0.006826878
Run 62 time 0.005058050
Run 63 time 0.005484104
Run 64 time 0.005166054
Run 65 time 0.006253958
Run 66 time 0.005383015
Run 67 time 0.006366014
Run 68 time 0.006874084
Run 69 time 0.004873991
Run 70 time 0.004755974
Run 71 time 0.005042791
Run 72 time 0.005095005
Run 73 time 0.004616022
Run 74 time 0.004918098
Run 75 time 0.004964113
Run 76 time 0.004444122
Run 77 time 0.003458023
Run 78 time 0.003330946
Run 79 time 0.003352880
Run 80 time 0.003630877
Run 81 time 0.003358126
Run 82 time 0.003782988
Run 83 time 0.003518820
Run 84 time 0.003839016
Run 85 time 0.004112005
Run 86 time 0.003108025
Run 87 time 0.006793022
Run 88 time 0.005593061
Run 89 time 0.006247044
Run 90 time 0.005626917
Run 91 time 0.005104780
Run 92 time 0.005303860
Run 93 time 0.004704952
Run 94 time 0.005585909
Run 95 time 0.005704165
Run 96 time 0.004688978
Run 97 time 0.004440069
Run 98 time 0.004633188
Run 99 time 0.003976822
Run 100 time 0.004459143
MPI_allreduce 256 1048576
Run 1 time 0.147960901
Run 2 time 0.006381035
Run 3 time 0.003911018
Run 4 time 0.014065981
Run 5 time 0.005907059
Run 6 time 0.004310131
Run 7 time 0.005645990
Run 8 time 0.008941889
Run 9 time 0.006736994
Run 10 time 0.007529020
Run 11 time 0.010619164
Run 12 time 0.012932062
Run 13 time 0.010533810
Run 14 time 0.004673958
Run 15 time 0.006688118
Run 16 time 0.015702009
Run 17 time 0.006618977
Run 18 time 0.007932901
Run 19 time 0.009699821
Run 20 time 0.007650137
Run 21 time 0.007574797
Run 22 time 0.007050991
Run 23 time 0.007521152
Run 24 time 0.007060051
Run 25 time 0.005222082
Run 26 time 0.004698038
Run 27 time 0.003067970
Run 28 time 0.003543139
Run 29 time 0.003947973
Run 30 time 0.004636049
Run 31 time 0.004341125
Run 32 time 0.006007195
Run 33 time 0.004127026
Run 34 time 0.003710032
Run 35 time 0.004689932
Run 36 time 0.005279779
Run 37 time 0.004678965
Run 38 time 0.006461859
Run 39 time 0.007444143
Run 40 time 0.007587910
Run 41 time 0.008589983
Run 42 time 0.005797148
Run 43 time 0.005331993
Run 44 time 0.006525040
Run 45 time 0.004410982
Run 46 time 0.006134987
Run 47 time 0.007579088
Run 48 time 0.004721880
Run 49 time 0.003479958
Run 50 time 0.003407001
Run 51 time 0.003283024
Run 52 time 0.002324820
Run 53 time 0.002756119
Run 54 time 0.003348112
Run 55 time 0.003041029
Run 56 time 0.002544165
Run 57 time 0.003376007
Run 58 time 0.003859043
Run 59 time 0.003310919
Run 60 time 0.005976915
Run 61 time 0.002104998
Run 62 time 0.002429962
Run 63 time 0.006270885
Run 64 time 0.002797842
Run 65 time 0.003930092
Run 66 time 0.004197121
Run 67 time 0.004179955
Run 68 time 0.004835129
Run 69 time 0.005054951
Run 70 time 0.004307985
Run 71 time 0.004789114
Run 72 time 0.009721994
Run 73 time 0.006767988
Run 74 time 0.006039143
Run 75 time 0.006274223
Run 76 time 0.005788803
Run 77 time 0.007791042
Run 78 time 0.010405064
Run 79 time 0.006953001
Run 80 time 0.004796028
Run 81 time 0.006103039
Run 82 time 0.004284859
Run 83 time 0.002778053
Run 84 time 0.003565788
Run 85 time 0.004693031
Run 86 time 0.004997015
Run 87 time 0.004975080
Run 88 time 0.003759146
Run 89 time 0.004061937
Run 90 time 0.003789902
Run 91 time 0.005223036
Run 92 time 0.004730225
Run 93 time 0.004534960
Run 94 time 0.004816055
Run 95 time 0.004866123
Run 96 time 0.007071018
Run 97 time 0.010067940
Run 98 time 0.008543968
Run 99 time 0.013588905
Run 100 time 0.007786036
 
Batch Job Summary Report for Job "newtry.sh" (6224326) on daint
-----------------------------------------------------------------------------------------------------
             Submit            Eligible               Start                 End    Elapsed  Timelimit 
------------------- ------------------- ------------------- ------------------- ---------- ---------- 
2018-03-01T19:20:31 2018-03-01T19:20:31 2018-03-01T21:24:51 2018-03-01T21:31:53   00:07:02   01:00:00 
-----------------------------------------------------------------------------------------------------
Username    Account     Partition   NNodes   Energy
----------  ----------  ----------  ------  --------------
jagpreet    g34         normal         256    2.67M joules
----------------------------------------------------------
Scratch File System        Files       Quota
--------------------  ----------  ----------
/scratch/snx3000               1     1000000
 
