2Tree_reduce 32 1048576 10
Run 1 time 0.014467955
Run 2 time 0.002261162
Run 3 time 0.002228975
Run 4 time 0.002218962
Run 5 time 0.002165079
Run 6 time 0.002031088
Run 7 time 0.001975060
Run 8 time 0.001901865
Run 9 time 0.002995014
Run 10 time 0.003431082
Run 11 time 0.002315044
Run 12 time 0.002293825
Run 13 time 0.002278090
Run 14 time 0.002357960
Run 15 time 0.002271891
Run 16 time 0.002333164
Run 17 time 0.002116919
Run 18 time 0.002110004
Run 19 time 0.002104998
Run 20 time 0.002774000
Calculation time for 26214 = 0.000077963
Run 21 time 0.003053904
Run 22 time 0.003060102
Run 23 time 0.002361774
Run 24 time 0.002218962
Run 25 time 0.002379894
Run 26 time 0.002403975
Run 27 time 0.002352953
Run 28 time 0.002336979
Run 29 time 0.002233982
Run 30 time 0.002111197
Run 31 time 0.002151012
Run 32 time 0.001905918
Run 33 time 0.002086163
Run 34 time 0.002238035
Run 35 time 0.002231121
Run 36 time 0.002203941
Run 37 time 0.002290010
Run 38 time 0.002556801
Run 39 time 0.002172947
Run 40 time 0.002496004
Run 41 time 0.002245903
Run 42 time 0.002278090
Run 43 time 0.002595901
Run 44 time 0.002107143
Run 45 time 0.002319098
Run 46 time 0.002190113
Run 47 time 0.002420902
Run 48 time 0.002426863
Run 49 time 0.002257109
Run 50 time 0.002940178
Run 51 time 0.003947020
Run 52 time 0.002246141
Run 53 time 0.002712965
Run 54 time 0.002351046
Run 55 time 0.001978159
Run 56 time 0.001962900
Run 57 time 0.001950979
Run 58 time 0.002440929
Run 59 time 0.001948833
Run 60 time 0.001955986
Run 61 time 0.001984119
Run 62 time 0.002006054
Run 63 time 0.001936913
Run 64 time 0.001979113
Run 65 time 0.001959801
Run 66 time 0.001978874
Run 67 time 0.001986980
Run 68 time 0.001946926
Run 69 time 0.001985073
Run 70 time 0.001945972
Run 71 time 0.001919031
Run 72 time 0.002027988
Run 73 time 0.001973867
Run 74 time 0.001988173
Run 75 time 0.001959085
Run 76 time 0.001977921
Run 77 time 0.001957893
Run 78 time 0.001941919
Run 79 time 0.001929045
Run 80 time 0.001998186
Run 81 time 0.001951933
Run 82 time 0.001973867
Run 83 time 0.001949072
Run 84 time 0.002020836
Run 85 time 0.002253056
Run 86 time 0.002336025
Run 87 time 0.002343893
Run 88 time 0.002270937
Run 89 time 0.002202034
Run 90 time 0.002379894
Run 91 time 0.002249002
Run 92 time 0.002320051
Run 93 time 0.002371073
Run 94 time 0.002264977
Run 95 time 0.002207041
Run 96 time 0.002505064
Run 97 time 0.002530813
Run 98 time 0.002326965
Run 99 time 0.002336979
Run 100 time 0.002058983
binary_reduce 32 1048576 6
Run 1 time 0.022036791
Run 2 time 0.003171921
Run 3 time 0.003303051
Run 4 time 0.003295898
Run 5 time 0.003328085
Run 6 time 0.003279924
Run 7 time 0.003349781
Run 8 time 0.003270149
Run 9 time 0.003844976
Run 10 time 0.003587008
Run 11 time 0.003350973
Run 12 time 0.003386974
Run 13 time 0.003387928
Run 14 time 0.003432035
Run 15 time 0.004186869
Run 16 time 0.003968954
Run 17 time 0.003220081
Run 18 time 0.004169941
Run 19 time 0.003339052
Run 20 time 0.003915071
Run 21 time 0.004451036
Run 22 time 0.003268957
Run 23 time 0.004184961
Run 24 time 0.003453016
Run 25 time 0.003379107
Run 26 time 0.003434896
Run 27 time 0.003731966
Run 28 time 0.003354073
Run 29 time 0.003367186
Run 30 time 0.003310919
Run 31 time 0.003333092
Run 32 time 0.003428936
Run 33 time 0.003601074
Run 34 time 0.003518105
Run 35 time 0.003582001
Run 36 time 0.003443956
Run 37 time 0.003480911
Run 38 time 0.003498077
Run 39 time 0.004644871
Run 40 time 0.003469944
Run 41 time 0.003355980
Run 42 time 0.003757000
Run 43 time 0.003695011
Run 44 time 0.003597975
Run 45 time 0.003548861
Run 46 time 0.003617048
Run 47 time 0.003372908
Run 48 time 0.003432989
Run 49 time 0.003353834
Run 50 time 0.003561974
Run 51 time 0.003515005
Run 52 time 0.003486872
Run 53 time 0.003706932
Run 54 time 0.004521132
Run 55 time 0.003636837
Run 56 time 0.003465891
Run 57 time 0.003556967
Run 58 time 0.003420830
Run 59 time 0.003314972
Run 60 time 0.003417969
Run 61 time 0.003298998
Run 62 time 0.003512144
Run 63 time 0.003512144
Run 64 time 0.003621101
Run 65 time 0.003288984
Run 66 time 0.003524065
Run 67 time 0.003524780
Run 68 time 0.003578186
Run 69 time 0.003606081
Run 70 time 0.003818035
Run 71 time 0.003408909
Run 72 time 0.003325939
Run 73 time 0.003895044
Run 74 time 0.003506899
Run 75 time 0.003528118
Run 76 time 0.004163027
Run 77 time 0.003502131
Run 78 time 0.003512859
Run 79 time 0.003473997
Run 80 time 0.003412008
Run 81 time 0.003468990
Run 82 time 0.003494978
Run 83 time 0.003491879
Run 84 time 0.003396988
Run 85 time 0.004390001
Run 86 time 0.003304958
Run 87 time 0.003420115
Run 88 time 0.003776073
Run 89 time 0.003578186
Run 90 time 0.003221989
Run 91 time 0.003317118
Run 92 time 0.003237963
Run 93 time 0.003427982
Run 94 time 0.003432035
Run 95 time 0.003475904
Run 96 time 0.003417015
Run 97 time 0.003485918
Run 98 time 0.003489971
Run 99 time 0.003679991
Run 100 time 0.003549099
linear_reduce 32 1048576 170
Run 1 time 0.215763092
Run 2 time 0.002585888
Run 3 time 0.002027988
Run 4 time 0.002414942
Run 5 time 0.003690958
Run 6 time 0.002936840
Run 7 time 0.003206015
Run 8 time 0.002772808
Run 9 time 0.003353119
Run 10 time 0.003490925
Run 11 time 0.003326893
Run 12 time 0.003550053
Run 13 time 0.003234863
Run 14 time 0.002402067
Run 15 time 0.003058195
Run 16 time 0.003131151
Run 17 time 0.002869129
Run 18 time 0.002267122
Run 19 time 0.002049923
Run 20 time 0.002771854
Run 21 time 0.003126144
Run 22 time 0.003959894
Run 23 time 0.003216028
Run 24 time 0.003240824
Run 25 time 0.003298998
Run 26 time 0.003064156
Run 27 time 0.003746986
Run 28 time 0.004109859
Run 29 time 0.003462791
Run 30 time 0.004091978
Run 31 time 0.003728867
Run 32 time 0.003707170
Run 33 time 0.002606869
Run 34 time 0.001994848
Run 35 time 0.002027035
Run 36 time 0.002023220
Run 37 time 0.002074003
Run 38 time 0.001950979
Run 39 time 0.001936913
Run 40 time 0.001941919
Run 41 time 0.001990080
Run 42 time 0.001984835
Run 43 time 0.001931906
Run 44 time 0.001937866
Run 45 time 0.001960039
Run 46 time 0.001923084
Run 47 time 0.001919985
Run 48 time 0.001919985
Run 49 time 0.001939058
Run 50 time 0.001938820
Run 51 time 0.001939058
Run 52 time 0.001922131
Run 53 time 0.001942158
Run 54 time 0.001931190
Run 55 time 0.001919985
Run 56 time 0.002029896
Run 57 time 0.002018929
Run 58 time 0.002027035
Run 59 time 0.001975060
Run 60 time 0.002018929
Run 61 time 0.001950026
Run 62 time 0.001941204
Run 63 time 0.001952171
Run 64 time 0.001955986
Run 65 time 0.001929998
Run 66 time 0.001919985
Run 67 time 0.001934052
Run 68 time 0.001928091
Run 69 time 0.001919031
Run 70 time 0.002038002
Run 71 time 0.001919985
Run 72 time 0.001924992
Run 73 time 0.001928091
Run 74 time 0.001929045
Run 75 time 0.001966000
Run 76 time 0.001919031
Run 77 time 0.001931906
Run 78 time 0.001941919
Run 79 time 0.001947880
Run 80 time 0.002011061
Run 81 time 0.002063036
Run 82 time 0.002168894
Run 83 time 0.002029896
Run 84 time 0.002049923
Run 85 time 0.002057076
Run 86 time 0.001973152
Run 87 time 0.002060175
Run 88 time 0.001979113
Run 89 time 0.002030134
Run 90 time 0.002151012
Run 91 time 0.002063990
Run 92 time 0.002047062
Run 93 time 0.001978159
Run 94 time 0.001923084
Run 95 time 0.001936197
Run 96 time 0.001918077
Run 97 time 0.001919985
Run 98 time 0.001957178
Run 99 time 0.001923084
Run 100 time 0.001935005
MPI_reduce 32 1048576
Run 1 time 0.025985956
Run 2 time 0.000939131
Run 3 time 0.000975847
Run 4 time 0.001011848
Run 5 time 0.000971079
Run 6 time 0.001048088
Run 7 time 0.000953913
Run 8 time 0.001044035
Run 9 time 0.001002073
Run 10 time 0.000998020
Run 11 time 0.001260042
Run 12 time 0.001201153
Run 13 time 0.001116991
Run 14 time 0.001046896
Run 15 time 0.000988007
Run 16 time 0.001199961
Run 17 time 0.001024008
Run 18 time 0.000864983
Run 19 time 0.001079082
Run 20 time 0.000960112
Run 21 time 0.000754118
Run 22 time 0.000735044
Run 23 time 0.000725031
Run 24 time 0.000735044
Run 25 time 0.000829220
Run 26 time 0.000751019
Run 27 time 0.000747204
Run 28 time 0.000725985
Run 29 time 0.000728130
Run 30 time 0.000725985
Run 31 time 0.000740051
Run 32 time 0.000748158
Run 33 time 0.000743151
Run 34 time 0.000733852
Run 35 time 0.000727892
Run 36 time 0.000730991
Run 37 time 0.000731945
Run 38 time 0.000732183
Run 39 time 0.000740051
Run 40 time 0.000717878
Run 41 time 0.000720024
Run 42 time 0.000731945
Run 43 time 0.000726938
Run 44 time 0.000735044
Run 45 time 0.000741959
Run 46 time 0.000735998
Run 47 time 0.000799894
Run 48 time 0.000730038
Run 49 time 0.000791073
Run 50 time 0.000720978
Run 51 time 0.000720024
Run 52 time 0.000826120
Run 53 time 0.000719070
Run 54 time 0.000825882
Run 55 time 0.000728846
Run 56 time 0.000772953
Run 57 time 0.000727892
Run 58 time 0.000763178
Run 59 time 0.000797033
Run 60 time 0.000728130
Run 61 time 0.000736952
Run 62 time 0.000737906
Run 63 time 0.000730038
Run 64 time 0.000738859
Run 65 time 0.000728130
Run 66 time 0.000726938
Run 67 time 0.000720978
Run 68 time 0.000735044
Run 69 time 0.000726938
Run 70 time 0.000733137
Run 71 time 0.000720978
Run 72 time 0.000722170
Run 73 time 0.000915051
Run 74 time 0.000854969
Run 75 time 0.000911951
Run 76 time 0.002563953
Run 77 time 0.001073122
Run 78 time 0.000813007
Run 79 time 0.000988007
Run 80 time 0.001463175
Run 81 time 0.001027107
Run 82 time 0.000946999
Run 83 time 0.000869989
Run 84 time 0.000934839
Run 85 time 0.001020193
Run 86 time 0.001144886
Run 87 time 0.001013041
Run 88 time 0.000961065
Run 89 time 0.001487970
Run 90 time 0.001111984
Run 91 time 0.001024961
Run 92 time 0.001210928
Run 93 time 0.001729965
Run 94 time 0.000841141
Run 95 time 0.000772953
Run 96 time 0.000720024
Run 97 time 0.000754118
Run 98 time 0.000718117
Run 99 time 0.000720978
Run 100 time 0.000724077
2Tree_allreduce 32 1048576 10
Run 1 time 0.036648989
Run 2 time 0.003069162
Run 3 time 0.003808022
Run 4 time 0.003484964
Run 5 time 0.002853155
Run 6 time 0.002990007
Run 7 time 0.002828836
Run 8 time 0.002908945
Run 9 time 0.002928019
Run 10 time 0.002385855
Run 11 time 0.002352953
Run 12 time 0.002399206
Run 13 time 0.002444029
Run 14 time 0.002382994
Run 15 time 0.002439976
Run 16 time 0.002448082
Run 17 time 0.002393961
Run 18 time 0.002418995
Run 19 time 0.002458811
Run 20 time 0.002472162
Run 21 time 0.002433062
Run 22 time 0.002429962
Run 23 time 0.002457142
Run 24 time 0.002444983
Run 25 time 0.002439022
Run 26 time 0.002403021
Run 27 time 0.002432823
Run 28 time 0.002390146
Run 29 time 0.002443075
Run 30 time 0.002422094
Run 31 time 0.002447844
Run 32 time 0.002427101
Run 33 time 0.002493858
Run 34 time 0.002435923
Run 35 time 0.002447844
Run 36 time 0.002416849
Run 37 time 0.002439976
Run 38 time 0.002404928
Run 39 time 0.002392054
Run 40 time 0.002398968
Run 41 time 0.002418041
Run 42 time 0.002386093
Run 43 time 0.002470970
Run 44 time 0.002390146
Run 45 time 0.002445936
Run 46 time 0.002491951
Run 47 time 0.002419233
Run 48 time 0.002413988
Run 49 time 0.002565145
Run 50 time 0.002381086
Run 51 time 0.002444029
Run 52 time 0.002351999
Run 53 time 0.002434969
Run 54 time 0.002435923
Run 55 time 0.002427101
Run 56 time 0.002755880
Run 57 time 0.002432108
Run 58 time 0.002454042
Run 59 time 0.002454042
Run 60 time 0.002427101
Run 61 time 0.002411127
Run 62 time 0.002449036
Run 63 time 0.002721071
Run 64 time 0.002487898
Run 65 time 0.002501011
Run 66 time 0.002418995
Run 67 time 0.002875090
Run 68 time 0.002445936
Run 69 time 0.002460957
Run 70 time 0.002473116
Run 71 time 0.002713203
Run 72 time 0.003504038
Run 73 time 0.002810001
Run 74 time 0.003012896
Run 75 time 0.002978086
Run 76 time 0.003365993
Run 77 time 0.002630949
Run 78 time 0.002994061
Run 79 time 0.003127098
Run 80 time 0.002964973
Run 81 time 0.002967119
Run 82 time 0.002837896
Run 83 time 0.002801180
Run 84 time 0.003098011
Run 85 time 0.003608942
Run 86 time 0.002879143
Run 87 time 0.002633095
Run 88 time 0.003473997
Run 89 time 0.003120899
Run 90 time 0.002895117
Run 91 time 0.002727985
Run 92 time 0.003113985
Run 93 time 0.003141880
Run 94 time 0.002954960
Run 95 time 0.002679110
Run 96 time 0.003236055
Run 97 time 0.002751827
Run 98 time 0.003095150
Run 99 time 0.003228903
Run 100 time 0.002920151
binary_allreduce 32 1048576 6
Run 1 time 0.083922148
Run 2 time 0.004516125
Run 3 time 0.004389048
Run 4 time 0.004291773
Run 5 time 0.005038977
Run 6 time 0.004072905
Run 7 time 0.003906012
Run 8 time 0.004343033
Run 9 time 0.004369974
Run 10 time 0.004309893
Run 11 time 0.004395008
Run 12 time 0.005696058
Run 13 time 0.004745007
Run 14 time 0.004362822
Run 15 time 0.004656792
Run 16 time 0.005584002
Run 17 time 0.004784107
Run 18 time 0.004177094
Run 19 time 0.003900051
Run 20 time 0.004360914
Run 21 time 0.003984928
Run 22 time 0.004328012
Run 23 time 0.004225969
Run 24 time 0.004806042
Run 25 time 0.004479170
Run 26 time 0.004591942
Run 27 time 0.004551172
Run 28 time 0.004972935
Run 29 time 0.004007816
Run 30 time 0.004478931
Run 31 time 0.004139900
Run 32 time 0.004472017
Run 33 time 0.004765034
Run 34 time 0.004436970
Run 35 time 0.004366875
Run 36 time 0.004436016
Run 37 time 0.004372835
Run 38 time 0.004369974
Run 39 time 0.004419804
Run 40 time 0.004438877
Run 41 time 0.005248785
Run 42 time 0.004327059
Run 43 time 0.004531860
Run 44 time 0.004273176
Run 45 time 0.005354881
Run 46 time 0.004759073
Run 47 time 0.005205870
Run 48 time 0.004275084
Run 49 time 0.005109787
Run 50 time 0.004721165
Run 51 time 0.004383087
Run 52 time 0.004775047
Run 53 time 0.004430056
Run 54 time 0.004367828
Run 55 time 0.004556179
Run 56 time 0.004185915
Run 57 time 0.003852129
Run 58 time 0.004008055
Run 59 time 0.003921032
Run 60 time 0.003889084
Run 61 time 0.004471064
Run 62 time 0.003920078
Run 63 time 0.004065037
Run 64 time 0.004067898
Run 65 time 0.003904104
Run 66 time 0.004530907
Run 67 time 0.003927946
Run 68 time 0.004309177
Run 69 time 0.003896952
Run 70 time 0.003995895
Run 71 time 0.004668951
Run 72 time 0.004492998
Run 73 time 0.003892183
Run 74 time 0.004356146
Run 75 time 0.005284071
Run 76 time 0.006469011
Run 77 time 0.004828930
Run 78 time 0.004499912
Run 79 time 0.004847050
Run 80 time 0.004619837
Run 81 time 0.004363060
Run 82 time 0.004611969
Run 83 time 0.004553080
Run 84 time 0.004484892
Run 85 time 0.004049063
Run 86 time 0.004106998
Run 87 time 0.004345894
Run 88 time 0.004105091
Run 89 time 0.004980087
Run 90 time 0.004420042
Run 91 time 0.004314899
Run 92 time 0.004300117
Run 93 time 0.004409075
Run 94 time 0.004413128
Run 95 time 0.004205942
Run 96 time 0.004376888
Run 97 time 0.004096985
Run 98 time 0.003974915
Run 99 time 0.004262924
Run 100 time 0.004508018
linear_allreduce 32 1048576 170
Run 1 time 0.593059063
Run 2 time 0.007485867
Run 3 time 0.007892847
Run 4 time 0.006590843
Run 5 time 0.006371975
Run 6 time 0.006084919
Run 7 time 0.006628036
Run 8 time 0.008000851
Run 9 time 0.006332874
Run 10 time 0.005767822
Run 11 time 0.005143166
Run 12 time 0.005444050
Run 13 time 0.006810904
Run 14 time 0.006531000
Run 15 time 0.005889893
Run 16 time 0.005903006
Run 17 time 0.003894091
Run 18 time 0.003800869
Run 19 time 0.005797148
Run 20 time 0.004150152
Run 21 time 0.006705046
Run 22 time 0.006266832
Run 23 time 0.003868103
Run 24 time 0.010390997
Run 25 time 0.005716085
Run 26 time 0.005085945
Run 27 time 0.005450010
Run 28 time 0.006625891
Run 29 time 0.006472111
Run 30 time 0.005562067
Run 31 time 0.006580114
Run 32 time 0.005551815
Run 33 time 0.002973080
Run 34 time 0.004491806
Run 35 time 0.005789042
Run 36 time 0.004870892
Run 37 time 0.003263950
Run 38 time 0.007959127
Run 39 time 0.005551100
Run 40 time 0.008341074
Run 41 time 0.006016016
Run 42 time 0.005289793
Run 43 time 0.005342007
Run 44 time 0.006014109
Run 45 time 0.003062963
Run 46 time 0.002801895
Run 47 time 0.004703045
Run 48 time 0.005336046
Run 49 time 0.008452177
Run 50 time 0.005188942
Run 51 time 0.005474806
Run 52 time 0.005555868
Run 53 time 0.006371975
Run 54 time 0.006046057
Run 55 time 0.005825996
Run 56 time 0.002964973
Run 57 time 0.002799988
Run 58 time 0.003160000
Run 59 time 0.002824068
Run 60 time 0.002834082
Run 61 time 0.003018856
Run 62 time 0.003595114
Run 63 time 0.002914906
Run 64 time 0.022102833
Run 65 time 0.002876043
Run 66 time 0.002976894
Run 67 time 0.002998829
Run 68 time 0.002835035
Run 69 time 0.003448963
Run 70 time 0.002854824
Run 71 time 0.002839088
Run 72 time 0.002861023
Run 73 time 0.006379843
Run 74 time 0.005690098
Run 75 time 0.005320787
Run 76 time 0.006133080
Run 77 time 0.007260799
Run 78 time 0.008497000
Run 79 time 0.007910013
Run 80 time 0.006555796
Run 81 time 0.013594866
Run 82 time 0.005848885
Run 83 time 0.005736113
Run 84 time 0.004882097
Run 85 time 0.005645037
Run 86 time 0.006245136
Run 87 time 0.004753828
Run 88 time 0.005913973
Run 89 time 0.005207062
Run 90 time 0.007270813
Run 91 time 0.006110191
Run 92 time 0.003993988
Run 93 time 0.003307819
Run 94 time 0.003452063
Run 95 time 0.006219864
Run 96 time 0.005766153
Run 97 time 0.004423857
Run 98 time 0.004364967
Run 99 time 0.007249117
Run 100 time 0.005593061
MPI_allreduce 32 1048576
Run 1 time 0.015376091
Run 2 time 0.001163960
Run 3 time 0.000756025
Run 4 time 0.000713110
Run 5 time 0.000705957
Run 6 time 0.000710964
Run 7 time 0.000710011
Run 8 time 0.000724077
Run 9 time 0.000691175
Run 10 time 0.000705957
Run 11 time 0.000722170
Run 12 time 0.000713110
Run 13 time 0.000716925
Run 14 time 0.000719070
Run 15 time 0.000703096
Run 16 time 0.000699043
Run 17 time 0.000772953
Run 18 time 0.000699997
Run 19 time 0.000780106
Run 20 time 0.000732899
Run 21 time 0.000701189
Run 22 time 0.000817060
Run 23 time 0.001655102
Run 24 time 0.000924826
Run 25 time 0.003573179
Run 26 time 0.003169060
Run 27 time 0.001815081
Run 28 time 0.003032923
Run 29 time 0.001404047
Run 30 time 0.002182007
Run 31 time 0.001825809
Run 32 time 0.001754045
Run 33 time 0.001785040
Run 34 time 0.001440048
Run 35 time 0.001464128
Run 36 time 0.003451109
Run 37 time 0.001643896
Run 38 time 0.001312017
Run 39 time 0.002508879
Run 40 time 0.001909018
Run 41 time 0.001698971
Run 42 time 0.002909184
Run 43 time 0.001647949
Run 44 time 0.002316952
Run 45 time 0.001488209
Run 46 time 0.002504110
Run 47 time 0.002048969
Run 48 time 0.001849174
Run 49 time 0.002704144
Run 50 time 0.002341986
Run 51 time 0.002505064
Run 52 time 0.001327991
Run 53 time 0.001957178
Run 54 time 0.002349854
Run 55 time 0.001234055
Run 56 time 0.001200914
Run 57 time 0.001426935
Run 58 time 0.002386093
Run 59 time 0.000907898
Run 60 time 0.001528025
Run 61 time 0.001497984
Run 62 time 0.002208948
Run 63 time 0.001933098
Run 64 time 0.001486063
Run 65 time 0.003030062
Run 66 time 0.002282143
Run 67 time 0.002898932
Run 68 time 0.001394033
Run 69 time 0.002239943
Run 70 time 0.001615047
Run 71 time 0.001131058
Run 72 time 0.001652002
Run 73 time 0.003969908
Run 74 time 0.002506971
Run 75 time 0.001958132
Run 76 time 0.002112150
Run 77 time 0.001798153
Run 78 time 0.002742052
Run 79 time 0.001687050
Run 80 time 0.002149105
Run 81 time 0.001214027
Run 82 time 0.001485825
Run 83 time 0.001689911
Run 84 time 0.001540899
Run 85 time 0.001137018
Run 86 time 0.001138926
Run 87 time 0.001954079
Run 88 time 0.000965118
Run 89 time 0.000768900
Run 90 time 0.000725031
Run 91 time 0.000831127
Run 92 time 0.001002073
Run 93 time 0.001506090
Run 94 time 0.001775026
Run 95 time 0.001605034
Run 96 time 0.001408100
Run 97 time 0.001732826
Run 98 time 0.001445055
Run 99 time 0.001362085
Run 100 time 0.001685143
2Tree_reduce 64 1048576 17
Run 1 time 0.019289970
Run 2 time 0.002437830
Run 3 time 0.002496958
Run 4 time 0.002506018
Run 5 time 0.002176046
Run 6 time 0.001914024
Run 7 time 0.002096176
Run 8 time 0.002281904
Run 9 time 0.002321005
Run 10 time 0.002664804
Run 11 time 0.002372980
Run 12 time 0.002398968
Run 13 time 0.002357006
Run 14 time 0.002616167
Run 15 time 0.002547026
Run 16 time 0.002334833
Run 17 time 0.002429962
Run 18 time 0.002079964
Run 19 time 0.002334118
Run 20 time 0.002545118
Calculation time for 15420 = 0.000046015
Run 21 time 0.002140045
Run 22 time 0.002372980
Run 23 time 0.002634048
Run 24 time 0.002035141
Run 25 time 0.002028942
Run 26 time 0.001907110
Run 27 time 0.001924992
Run 28 time 0.002242088
Run 29 time 0.002136946
Run 30 time 0.002932072
Run 31 time 0.003293037
Run 32 time 0.002963066
Run 33 time 0.002511978
Run 34 time 0.002816916
Run 35 time 0.001970053
Run 36 time 0.001935959
Run 37 time 0.001926899
Run 38 time 0.001880169
Run 39 time 0.001976967
Run 40 time 0.001928091
Run 41 time 0.001925945
Run 42 time 0.001914024
Run 43 time 0.001950979
Run 44 time 0.002526999
Run 45 time 0.001933098
Run 46 time 0.001986980
Run 47 time 0.001954079
Run 48 time 0.002737999
Run 49 time 0.001908064
Run 50 time 0.002070904
Run 51 time 0.001888037
Run 52 time 0.001886129
Run 53 time 0.002198935
Run 54 time 0.001960039
Run 55 time 0.001906872
Run 56 time 0.002182007
Run 57 time 0.001965046
Run 58 time 0.001953840
Run 59 time 0.001920938
Run 60 time 0.001902103
Run 61 time 0.002230883
Run 62 time 0.001933098
Run 63 time 0.002049923
Run 64 time 0.005613089
Run 65 time 0.005589008
Run 66 time 0.004719019
Run 67 time 0.002871037
Run 68 time 0.001940012
Run 69 time 0.002586126
Run 70 time 0.002886057
Run 71 time 0.003309965
Run 72 time 0.003932953
Run 73 time 0.002496004
Run 74 time 0.002801895
Run 75 time 0.002678156
Run 76 time 0.002422094
Run 77 time 0.002482176
Run 78 time 0.003028154
Run 79 time 0.002534866
Run 80 time 0.002794981
Run 81 time 0.002861977
Run 82 time 0.002717972
Run 83 time 0.003032923
Run 84 time 0.003518105
Run 85 time 0.002515078
Run 86 time 0.002359867
Run 87 time 0.002464056
Run 88 time 0.002223015
Run 89 time 0.002546072
Run 90 time 0.002566099
Run 91 time 0.003783941
Run 92 time 0.003994942
Run 93 time 0.003588915
Run 94 time 0.003991127
Run 95 time 0.003182888
Run 96 time 0.002679825
Run 97 time 0.004452944
Run 98 time 0.002537012
Run 99 time 0.002177000
Run 100 time 0.002252817
binary_reduce 64 1048576 9
Run 1 time 0.026626110
Run 2 time 0.003505945
Run 3 time 0.003440857
Run 4 time 0.003615856
Run 5 time 0.003795862
Run 6 time 0.003675938
Run 7 time 0.003731012
Run 8 time 0.004084110
Run 9 time 0.003886938
Run 10 time 0.003951073
Run 11 time 0.004167080
Run 12 time 0.004765034
Run 13 time 0.003946066
Run 14 time 0.004079103
Run 15 time 0.004207134
Run 16 time 0.004031181
Run 17 time 0.003441095
Run 18 time 0.003566027
Run 19 time 0.003677130
Run 20 time 0.003773928
Run 21 time 0.003548145
Run 22 time 0.003726006
Run 23 time 0.003612995
Run 24 time 0.003803968
Run 25 time 0.003566980
Run 26 time 0.003612995
Run 27 time 0.003979206
Run 28 time 0.004362822
Run 29 time 0.003800869
Run 30 time 0.003738165
Run 31 time 0.003686905
Run 32 time 0.003404140
Run 33 time 0.003734827
Run 34 time 0.003659964
Run 35 time 0.003705978
Run 36 time 0.003740072
Run 37 time 0.003626108
Run 38 time 0.003861904
Run 39 time 0.003899097
Run 40 time 0.003818035
Run 41 time 0.003632069
Run 42 time 0.004231930
Run 43 time 0.003411055
Run 44 time 0.003442049
Run 45 time 0.003422022
Run 46 time 0.003528118
Run 47 time 0.003530979
Run 48 time 0.003437042
Run 49 time 0.003410101
Run 50 time 0.003365993
Run 51 time 0.003500938
Run 52 time 0.003395081
Run 53 time 0.003479004
Run 54 time 0.003381014
Run 55 time 0.003551006
Run 56 time 0.003529072
Run 57 time 0.003395081
Run 58 time 0.003359079
Run 59 time 0.003345013
Run 60 time 0.003406048
Run 61 time 0.003451824
Run 62 time 0.003387928
Run 63 time 0.003391027
Run 64 time 0.003320932
Run 65 time 0.003576994
Run 66 time 0.003387213
Run 67 time 0.003354073
Run 68 time 0.003514051
Run 69 time 0.003426075
Run 70 time 0.003446817
Run 71 time 0.003885031
Run 72 time 0.003384113
Run 73 time 0.003873110
Run 74 time 0.003477097
Run 75 time 0.003357887
Run 76 time 0.004013062
Run 77 time 0.003546000
Run 78 time 0.004017115
Run 79 time 0.004256964
Run 80 time 0.003625870
Run 81 time 0.004432917
Run 82 time 0.003350973
Run 83 time 0.003612995
Run 84 time 0.003771067
Run 85 time 0.003458023
Run 86 time 0.003449917
Run 87 time 0.003401041
Run 88 time 0.003443003
Run 89 time 0.003685951
Run 90 time 0.004008055
Run 91 time 0.003579855
Run 92 time 0.003608942
Run 93 time 0.004938126
Run 94 time 0.003558159
Run 95 time 0.003983974
Run 96 time 0.003587008
Run 97 time 0.003597021
Run 98 time 0.003729105
Run 99 time 0.003729105
Run 100 time 0.003794909
linear_reduce 64 1048576 256
Run 1 time 0.030113935
Run 2 time 0.004119158
Run 3 time 0.003860950
Run 4 time 0.002475977
Run 5 time 0.004672050
Run 6 time 0.003905058
Run 7 time 0.005208969
Run 8 time 0.004469156
Run 9 time 0.005903959
Run 10 time 0.007292986
Run 11 time 0.007385015
Run 12 time 0.010048866
Run 13 time 0.006054163
Run 14 time 0.007094860
Run 15 time 0.005879879
Run 16 time 0.005690098
Run 17 time 0.003463030
Run 18 time 0.004662037
Run 19 time 0.003097057
Run 20 time 0.003948927
Run 21 time 0.004943848
Run 22 time 0.004157066
Run 23 time 0.003726959
Run 24 time 0.003971815
Run 25 time 0.004218817
Run 26 time 0.003549099
Run 27 time 0.004219055
Run 28 time 0.003853083
Run 29 time 0.003799915
Run 30 time 0.003928900
Run 31 time 0.005779028
Run 32 time 0.004267931
Run 33 time 0.002751827
Run 34 time 0.004036188
Run 35 time 0.003875017
Run 36 time 0.004683971
Run 37 time 0.004956961
Run 38 time 0.004353046
Run 39 time 0.004368067
Run 40 time 0.004445076
Run 41 time 0.004985094
Run 42 time 0.005069971
Run 43 time 0.004799128
Run 44 time 0.003963947
Run 45 time 0.008740187
Run 46 time 0.004708052
Run 47 time 0.004009008
Run 48 time 0.003566027
Run 49 time 0.004938126
Run 50 time 0.002498865
Run 51 time 0.002479792
Run 52 time 0.002528906
Run 53 time 0.002822161
Run 54 time 0.002557039
Run 55 time 0.002509117
Run 56 time 0.002440929
Run 57 time 0.002444983
Run 58 time 0.002489090
Run 59 time 0.002882004
Run 60 time 0.002953053
Run 61 time 0.002464056
Run 62 time 0.003968000
Run 63 time 0.002533913
Run 64 time 0.002465010
Run 65 time 0.003740072
Run 66 time 0.002453089
Run 67 time 0.003684044
Run 68 time 0.003928900
Run 69 time 0.005584955
Run 70 time 0.005661011
Run 71 time 0.006043911
Run 72 time 0.006310940
Run 73 time 0.006058931
Run 74 time 0.004597902
Run 75 time 0.004394054
Run 76 time 0.003937006
Run 77 time 0.004075050
Run 78 time 0.004183054
Run 79 time 0.004134893
Run 80 time 0.002523184
Run 81 time 0.003000021
Run 82 time 0.004947901
Run 83 time 0.004560947
Run 84 time 0.005484104
Run 85 time 0.004552841
Run 86 time 0.006305218
Run 87 time 0.004491091
Run 88 time 0.003827810
Run 89 time 0.004655123
Run 90 time 0.005455017
Run 91 time 0.004871130
Run 92 time 0.005293846
Run 93 time 0.002803087
Run 94 time 0.002879143
Run 95 time 0.005887032
Run 96 time 0.006688833
Run 97 time 0.009819031
Run 98 time 0.005604029
Run 99 time 0.004690170
Run 100 time 0.004457951
MPI_reduce 64 1048576
Run 1 time 0.014657021
Run 2 time 0.000760078
Run 3 time 0.000758886
Run 4 time 0.000848055
Run 5 time 0.000788927
Run 6 time 0.000753164
Run 7 time 0.000755072
Run 8 time 0.000754118
Run 9 time 0.000760078
Run 10 time 0.000762939
Run 11 time 0.000764847
Run 12 time 0.000759840
Run 13 time 0.000756025
Run 14 time 0.000748873
Run 15 time 0.000751019
Run 16 time 0.000759125
Run 17 time 0.000750065
Run 18 time 0.000762939
Run 19 time 0.000815868
Run 20 time 0.000753164
Run 21 time 0.000748158
Run 22 time 0.000756025
Run 23 time 0.000756025
Run 24 time 0.000751972
Run 25 time 0.000822783
Run 26 time 0.000771999
Run 27 time 0.000785112
Run 28 time 0.000787973
Run 29 time 0.000747919
Run 30 time 0.000766993
Run 31 time 0.001026154
Run 32 time 0.000899076
Run 33 time 0.000847816
Run 34 time 0.000743866
Run 35 time 0.000790119
Run 36 time 0.000754833
Run 37 time 0.001600981
Run 38 time 0.000747919
Run 39 time 0.000760078
Run 40 time 0.000741005
Run 41 time 0.000768185
Run 42 time 0.000752211
Run 43 time 0.000752211
Run 44 time 0.000795126
Run 45 time 0.000740051
Run 46 time 0.001474142
Run 47 time 0.000743866
Run 48 time 0.000772953
Run 49 time 0.000782013
Run 50 time 0.001712084
Run 51 time 0.000781059
Run 52 time 0.000833035
Run 53 time 0.000743151
Run 54 time 0.000748873
Run 55 time 0.000809908
Run 56 time 0.000749111
Run 57 time 0.000788212
Run 58 time 0.000745058
Run 59 time 0.000753164
Run 60 time 0.000756025
Run 61 time 0.000767946
Run 62 time 0.000974894
Run 63 time 0.001050949
Run 64 time 0.000785112
Run 65 time 0.001131058
Run 66 time 0.001136065
Run 67 time 0.000983000
Run 68 time 0.001052856
Run 69 time 0.002543926
Run 70 time 0.001164913
Run 71 time 0.001069069
Run 72 time 0.001305103
Run 73 time 0.001441956
Run 74 time 0.001116991
Run 75 time 0.000947952
Run 76 time 0.002516031
Run 77 time 0.001152992
Run 78 time 0.001220942
Run 79 time 0.001194954
Run 80 time 0.001077890
Run 81 time 0.001066923
Run 82 time 0.001420975
Run 83 time 0.001384974
Run 84 time 0.001158953
Run 85 time 0.001171112
Run 86 time 0.001197100
Run 87 time 0.001220942
Run 88 time 0.001086950
Run 89 time 0.000926018
Run 90 time 0.000815868
Run 91 time 0.000749826
Run 92 time 0.000747919
Run 93 time 0.001096010
Run 94 time 0.000857830
Run 95 time 0.001190901
Run 96 time 0.001232862
Run 97 time 0.000988960
Run 98 time 0.001220226
Run 99 time 0.001338005
Run 100 time 0.001241922
2Tree_allreduce 64 1048576 17
Run 1 time 0.041893005
Run 2 time 0.002961159
Run 3 time 0.002948999
Run 4 time 0.003174067
Run 5 time 0.006716013
Run 6 time 0.002976894
Run 7 time 0.003211021
Run 8 time 0.003163099
Run 9 time 0.004041910
Run 10 time 0.003044128
Run 11 time 0.003238916
Run 12 time 0.003211975
Run 13 time 0.003715992
Run 14 time 0.003160000
Run 15 time 0.002503157
Run 16 time 0.002748013
Run 17 time 0.003051043
Run 18 time 0.002988100
Run 19 time 0.002629042
Run 20 time 0.002927065
Run 21 time 0.003000021
Run 22 time 0.002970934
Run 23 time 0.003120899
Run 24 time 0.003141880
Run 25 time 0.003360033
Run 26 time 0.003281832
Run 27 time 0.003318071
Run 28 time 0.003390074
Run 29 time 0.002699852
Run 30 time 0.003328085
Run 31 time 0.003082037
Run 32 time 0.002681971
Run 33 time 0.003001213
Run 34 time 0.003414869
Run 35 time 0.003186941
Run 36 time 0.002999067
Run 37 time 0.003634214
Run 38 time 0.003092051
Run 39 time 0.003244877
Run 40 time 0.003276110
Run 41 time 0.002874851
Run 42 time 0.003123999
Run 43 time 0.003348112
Run 44 time 0.003045082
Run 45 time 0.003179073
Run 46 time 0.003207922
Run 47 time 0.002456903
Run 48 time 0.002444983
Run 49 time 0.002453804
Run 50 time 0.002509117
Run 51 time 0.002446890
Run 52 time 0.002404928
Run 53 time 0.002533913
Run 54 time 0.002401114
Run 55 time 0.002434969
Run 56 time 0.002457142
Run 57 time 0.002422810
Run 58 time 0.002506018
Run 59 time 0.002598047
Run 60 time 0.002479076
Run 61 time 0.002437115
Run 62 time 0.002433062
Run 63 time 0.002493858
Run 64 time 0.002447844
Run 65 time 0.002448082
Run 66 time 0.002479076
Run 67 time 0.002395868
Run 68 time 0.002435923
Run 69 time 0.002432108
Run 70 time 0.002472162
Run 71 time 0.002485991
Run 72 time 0.002417088
Run 73 time 0.002486944
Run 74 time 0.002402067
Run 75 time 0.002469063
Run 76 time 0.002461195
Run 77 time 0.002489090
Run 78 time 0.002478123
Run 79 time 0.002447844
Run 80 time 0.002401114
Run 81 time 0.002416134
Run 82 time 0.002450943
Run 83 time 0.003028870
Run 84 time 0.002517939
Run 85 time 0.002455950
Run 86 time 0.002603054
Run 87 time 0.002478123
Run 88 time 0.002459049
Run 89 time 0.002420187
Run 90 time 0.002457142
Run 91 time 0.002477884
Run 92 time 0.002413034
Run 93 time 0.002629995
Run 94 time 0.002460003
Run 95 time 0.002425194
Run 96 time 0.002388000
Run 97 time 0.002427101
Run 98 time 0.002435923
Run 99 time 0.002449989
Run 100 time 0.002408981
binary_allreduce 64 1048576 9
Run 1 time 0.047643900
Run 2 time 0.004225016
Run 3 time 0.004087925
Run 4 time 0.004165888
Run 5 time 0.004009008
Run 6 time 0.004049778
Run 7 time 0.004276037
Run 8 time 0.005383015
Run 9 time 0.004109144
Run 10 time 0.004120827
Run 11 time 0.003877163
Run 12 time 0.004110098
Run 13 time 0.004090071
Run 14 time 0.004078865
Run 15 time 0.004055023
Run 16 time 0.005422115
Run 17 time 0.004221916
Run 18 time 0.004696846
Run 19 time 0.004601002
Run 20 time 0.004495144
Run 21 time 0.004601955
Run 22 time 0.004500151
Run 23 time 0.004391909
Run 24 time 0.004379034
Run 25 time 0.005745888
Run 26 time 0.005300045
Run 27 time 0.004334927
Run 28 time 0.004755020
Run 29 time 0.004168034
Run 30 time 0.004389048
Run 31 time 0.004586935
Run 32 time 0.004646063
Run 33 time 0.004597902
Run 34 time 0.004637003
Run 35 time 0.004384041
Run 36 time 0.004541874
Run 37 time 0.004282951
Run 38 time 0.004777193
Run 39 time 0.004265070
Run 40 time 0.003967047
Run 41 time 0.004143000
Run 42 time 0.004565001
Run 43 time 0.004622936
Run 44 time 0.005145073
Run 45 time 0.004751921
Run 46 time 0.004374981
Run 47 time 0.004528999
Run 48 time 0.004818916
Run 49 time 0.004626036
Run 50 time 0.004573107
Run 51 time 0.004334927
Run 52 time 0.004194975
Run 53 time 0.004683971
Run 54 time 0.004737139
Run 55 time 0.004458904
Run 56 time 0.004400969
Run 57 time 0.004492998
Run 58 time 0.004189014
Run 59 time 0.004580021
Run 60 time 0.004475117
Run 61 time 0.004575968
Run 62 time 0.004592180
Run 63 time 0.004343033
Run 64 time 0.004494190
Run 65 time 0.004573107
Run 66 time 0.005058050
Run 67 time 0.004287958
Run 68 time 0.004699945
Run 69 time 0.004856110
Run 70 time 0.004565001
Run 71 time 0.004497051
Run 72 time 0.004626989
Run 73 time 0.004861832
Run 74 time 0.004667044
Run 75 time 0.004260063
Run 76 time 0.004343987
Run 77 time 0.004173994
Run 78 time 0.003980160
Run 79 time 0.004063129
Run 80 time 0.004100800
Run 81 time 0.003991842
Run 82 time 0.003962994
Run 83 time 0.004127979
Run 84 time 0.004009008
Run 85 time 0.004061937
Run 86 time 0.004105091
Run 87 time 0.004652977
Run 88 time 0.004091024
Run 89 time 0.004148006
Run 90 time 0.004546881
Run 91 time 0.004188061
Run 92 time 0.003993988
Run 93 time 0.004368067
Run 94 time 0.004651070
Run 95 time 0.005668879
Run 96 time 0.004723072
Run 97 time 0.004597902
Run 98 time 0.004472971
Run 99 time 0.004364967
Run 100 time 0.004761934
linear_allreduce 64 1048576 256
Run 1 time 0.071497202
Run 2 time 0.003805161
Run 3 time 0.003707886
Run 4 time 0.003620148
Run 5 time 0.003655910
Run 6 time 0.003762960
Run 7 time 0.003686905
Run 8 time 0.003615141
Run 9 time 0.003700972
Run 10 time 0.003627062
Run 11 time 0.004060984
Run 12 time 0.004271984
Run 13 time 0.004357815
Run 14 time 0.003761053
Run 15 time 0.003741980
Run 16 time 0.003673077
Run 17 time 0.003667116
Run 18 time 0.003785133
Run 19 time 0.003775835
Run 20 time 0.003648996
Run 21 time 0.003698826
Run 22 time 0.003699064
Run 23 time 0.003662109
Run 24 time 0.004092932
Run 25 time 0.004061222
Run 26 time 0.003990889
Run 27 time 0.003808975
Run 28 time 0.003801107
Run 29 time 0.003721952
Run 30 time 0.003863811
Run 31 time 0.003671885
Run 32 time 0.003944159
Run 33 time 0.004395008
Run 34 time 0.003726959
Run 35 time 0.003641129
Run 36 time 0.005882025
Run 37 time 0.008309841
Run 38 time 0.008095980
Run 39 time 0.007618189
Run 40 time 0.007912874
Run 41 time 0.012698889
Run 42 time 0.007714033
Run 43 time 0.003911018
Run 44 time 0.006606102
Run 45 time 0.005924940
Run 46 time 0.006259918
Run 47 time 0.006632090
Run 48 time 0.007019043
Run 49 time 0.007388115
Run 50 time 0.007760048
Run 51 time 0.006567955
Run 52 time 0.004405022
Run 53 time 0.006983042
Run 54 time 0.007465124
Run 55 time 0.007385969
Run 56 time 0.007066965
Run 57 time 0.007168055
Run 58 time 0.007433891
Run 59 time 0.006878138
Run 60 time 0.004050970
Run 61 time 0.003716946
Run 62 time 0.003638983
Run 63 time 0.003677845
Run 64 time 0.003736973
Run 65 time 0.003745079
Run 66 time 0.003626108
Run 67 time 0.004079103
Run 68 time 0.004614115
Run 69 time 0.006299973
Run 70 time 0.009170055
Run 71 time 0.008069038
Run 72 time 0.008762836
Run 73 time 0.009410858
Run 74 time 0.007658005
Run 75 time 0.008336067
Run 76 time 0.006255865
Run 77 time 0.004816055
Run 78 time 0.006793022
Run 79 time 0.007305145
Run 80 time 0.007741928
Run 81 time 0.011050940
Run 82 time 0.007651806
Run 83 time 0.005645037
Run 84 time 0.006292105
Run 85 time 0.003865004
Run 86 time 0.003715038
Run 87 time 0.003840923
Run 88 time 0.003664017
Run 89 time 0.003616095
Run 90 time 0.003604889
Run 91 time 0.003643036
Run 92 time 0.003621101
Run 93 time 0.003646135
Run 94 time 0.003679991
Run 95 time 0.003668070
Run 96 time 0.003619909
Run 97 time 0.004892111
Run 98 time 0.004291058
Run 99 time 0.004155159
Run 100 time 0.003731012
MPI_allreduce 64 1048576
Run 1 time 0.034911156
Run 2 time 0.001210928
Run 3 time 0.000794888
Run 4 time 0.000803947
Run 5 time 0.001322031
Run 6 time 0.004152775
Run 7 time 0.000974178
Run 8 time 0.000813007
Run 9 time 0.000778198
Run 10 time 0.000808001
Run 11 time 0.000787973
Run 12 time 0.000792980
Run 13 time 0.000788927
Run 14 time 0.000792027
Run 15 time 0.000880003
Run 16 time 0.004960060
Run 17 time 0.002809048
Run 18 time 0.001023054
Run 19 time 0.000897169
Run 20 time 0.001278162
Run 21 time 0.000993967
Run 22 time 0.001969099
Run 23 time 0.000954151
Run 24 time 0.000829935
Run 25 time 0.000815868
Run 26 time 0.000865221
Run 27 time 0.000795126
Run 28 time 0.000929117
Run 29 time 0.000813007
Run 30 time 0.000802040
Run 31 time 0.000844955
Run 32 time 0.000781059
Run 33 time 0.000819921
Run 34 time 0.000835896
Run 35 time 0.000792980
Run 36 time 0.000844002
Run 37 time 0.000792027
Run 38 time 0.000802994
Run 39 time 0.000788212
Run 40 time 0.000787020
Run 41 time 0.000794172
Run 42 time 0.000773191
Run 43 time 0.000778913
Run 44 time 0.000801802
Run 45 time 0.000789165
Run 46 time 0.000798941
Run 47 time 0.000776052
Run 48 time 0.000792027
Run 49 time 0.000807047
Run 50 time 0.000873089
Run 51 time 0.000821829
Run 52 time 0.000900030
Run 53 time 0.000844955
Run 54 time 0.000827074
Run 55 time 0.000792027
Run 56 time 0.000798941
Run 57 time 0.000813007
Run 58 time 0.000796080
Run 59 time 0.000787973
Run 60 time 0.000784874
Run 61 time 0.000797987
Run 62 time 0.000789165
Run 63 time 0.000845194
Run 64 time 0.000795841
Run 65 time 0.000790119
Run 66 time 0.000800848
Run 67 time 0.000769138
Run 68 time 0.000802994
Run 69 time 0.000785112
Run 70 time 0.000793219
Run 71 time 0.001062155
Run 72 time 0.000786066
Run 73 time 0.000787973
Run 74 time 0.000791073
Run 75 time 0.000781059
Run 76 time 0.000786066
Run 77 time 0.000841856
Run 78 time 0.000907898
Run 79 time 0.000878096
Run 80 time 0.000829935
Run 81 time 0.000837088
Run 82 time 0.000828028
Run 83 time 0.000794888
Run 84 time 0.001013994
Run 85 time 0.000941992
Run 86 time 0.000786066
Run 87 time 0.000834942
Run 88 time 0.000796080
Run 89 time 0.000792980
Run 90 time 0.000800133
Run 91 time 0.000774145
Run 92 time 0.000814915
Run 93 time 0.000777960
Run 94 time 0.000784874
Run 95 time 0.000780821
Run 96 time 0.000789165
Run 97 time 0.000774860
Run 98 time 0.000802994
Run 99 time 0.000801086
Run 100 time 0.000798941
2Tree_reduce 128 1048576 18
Run 1 time 0.027137995
Run 2 time 0.002784967
Run 3 time 0.004465103
Run 4 time 0.002858162
Run 5 time 0.002737045
Run 6 time 0.003376007
Run 7 time 0.002296925
Run 8 time 0.002286196
Run 9 time 0.002201080
Run 10 time 0.002259016
Run 11 time 0.002206087
Run 12 time 0.003100157
Run 13 time 0.002212048
Run 14 time 0.002911091
Run 15 time 0.003230095
Run 16 time 0.002964973
Run 17 time 0.002456188
Run 18 time 0.003348112
Run 19 time 0.002221107
Run 20 time 0.002215862
Calculation time for 14563 = 0.000042915
Run 21 time 0.002588987
Run 22 time 0.003629923
Run 23 time 0.002255201
Run 24 time 0.002395868
Run 25 time 0.003273010
Run 26 time 0.002184868
Run 27 time 0.003180981
Run 28 time 0.002229929
Run 29 time 0.003417969
Run 30 time 0.002156019
Run 31 time 0.003561020
Run 32 time 0.002274990
Run 33 time 0.002254963
Run 34 time 0.002904177
Run 35 time 0.002486944
Run 36 time 0.002165079
Run 37 time 0.003099918
Run 38 time 0.002136946
Run 39 time 0.002275944
Run 40 time 0.002271891
Run 41 time 0.002764940
Run 42 time 0.002385855
Run 43 time 0.002335787
Run 44 time 0.002196074
Run 45 time 0.002315998
Run 46 time 0.002779007
Run 47 time 0.002274036
Run 48 time 0.003071070
Run 49 time 0.002176046
Run 50 time 0.002688885
Run 51 time 0.002218962
Run 52 time 0.002526999
Run 53 time 0.002335072
Run 54 time 0.002532959
Run 55 time 0.002841949
Run 56 time 0.002245903
Run 57 time 0.003189087
Run 58 time 0.002187967
Run 59 time 0.002266169
Run 60 time 0.002528191
Run 61 time 0.002526999
Run 62 time 0.002218962
Run 63 time 0.002194881
Run 64 time 0.002662897
Run 65 time 0.002315044
Run 66 time 0.002542973
Run 67 time 0.003312826
Run 68 time 0.003600121
Run 69 time 0.003463984
Run 70 time 0.002695084
Run 71 time 0.002896070
Run 72 time 0.002589941
Run 73 time 0.002702951
Run 74 time 0.002815962
Run 75 time 0.002768993
Run 76 time 0.002799034
Run 77 time 0.002678156
Run 78 time 0.002824068
Run 79 time 0.002661943
Run 80 time 0.002773046
Run 81 time 0.002629995
Run 82 time 0.002660036
Run 83 time 0.002216101
Run 84 time 0.002527952
Run 85 time 0.002652884
Run 86 time 0.002614975
Run 87 time 0.002857208
Run 88 time 0.002582073
Run 89 time 0.002782822
Run 90 time 0.002568960
Run 91 time 0.003175020
Run 92 time 0.003405809
Run 93 time 0.003959894
Run 94 time 0.005598068
Run 95 time 0.003308058
Run 96 time 0.002789021
Run 97 time 0.002804995
Run 98 time 0.003283024
Run 99 time 0.005355120
Run 100 time 0.003724098
binary_reduce 128 1048576 9
Run 1 time 0.036472082
Run 2 time 0.003913164
Run 3 time 0.003825903
Run 4 time 0.003817081
Run 5 time 0.003885984
Run 6 time 0.003795862
Run 7 time 0.003776073
Run 8 time 0.003845930
Run 9 time 0.003949881
Run 10 time 0.003906965
Run 11 time 0.003931046
Run 12 time 0.003892183
Run 13 time 0.004137039
Run 14 time 0.004053116
Run 15 time 0.004220009
Run 16 time 0.005384922
Run 17 time 0.006686926
Run 18 time 0.004928827
Run 19 time 0.004837990
Run 20 time 0.004278183
Run 21 time 0.004376173
Run 22 time 0.004338980
Run 23 time 0.006294012
Run 24 time 0.004786015
Run 25 time 0.004351854
Run 26 time 0.003714085
Run 27 time 0.004056931
Run 28 time 0.004252911
Run 29 time 0.004767895
Run 30 time 0.005410910
Run 31 time 0.004672050
Run 32 time 0.004104137
Run 33 time 0.004359961
Run 34 time 0.004132986
Run 35 time 0.004081964
Run 36 time 0.004265070
Run 37 time 0.004085064
Run 38 time 0.003952980
Run 39 time 0.004045963
Run 40 time 0.004146099
Run 41 time 0.004084110
Run 42 time 0.004158974
Run 43 time 0.004271984
Run 44 time 0.004875898
Run 45 time 0.004693985
Run 46 time 0.004417896
Run 47 time 0.004212141
Run 48 time 0.004354954
Run 49 time 0.004620075
Run 50 time 0.004570007
Run 51 time 0.004284143
Run 52 time 0.004201174
Run 53 time 0.004204988
Run 54 time 0.004220963
Run 55 time 0.004204035
Run 56 time 0.004197836
Run 57 time 0.004360914
Run 58 time 0.005506039
Run 59 time 0.004372120
Run 60 time 0.004491806
Run 61 time 0.004269838
Run 62 time 0.004249096
Run 63 time 0.003849030
Run 64 time 0.004192114
Run 65 time 0.004260063
Run 66 time 0.006284952
Run 67 time 0.004278183
Run 68 time 0.004260063
Run 69 time 0.004259109
Run 70 time 0.005084991
Run 71 time 0.004130125
Run 72 time 0.004699945
Run 73 time 0.004226923
Run 74 time 0.004588842
Run 75 time 0.004374027
Run 76 time 0.003756046
Run 77 time 0.003723860
Run 78 time 0.003953934
Run 79 time 0.003907919
Run 80 time 0.003839970
Run 81 time 0.003813028
Run 82 time 0.003864050
Run 83 time 0.003813982
Run 84 time 0.003750086
Run 85 time 0.003901005
Run 86 time 0.003811121
Run 87 time 0.003973007
Run 88 time 0.003754139
Run 89 time 0.003907919
Run 90 time 0.003923893
Run 91 time 0.004683971
Run 92 time 0.003944874
Run 93 time 0.003831148
Run 94 time 0.004214048
Run 95 time 0.004295111
Run 96 time 0.004590034
Run 97 time 0.004135132
Run 98 time 0.005599976
Run 99 time 0.004307032
Run 100 time 0.005364180
linear_reduce 128 1048576 256
Run 1 time 0.072701931
Run 2 time 0.004462957
Run 3 time 0.005976915
Run 4 time 0.007638216
Run 5 time 0.005439997
Run 6 time 0.005951881
Run 7 time 0.005281925
Run 8 time 0.006872892
Run 9 time 0.004017830
Run 10 time 0.005488157
Run 11 time 0.005230904
Run 12 time 0.006205082
Run 13 time 0.006139040
Run 14 time 0.005371094
Run 15 time 0.007235050
Run 16 time 0.005879879
Run 17 time 0.005743027
Run 18 time 0.005279064
Run 19 time 0.003596067
Run 20 time 0.003248930
Run 21 time 0.003361940
Run 22 time 0.003376961
Run 23 time 0.003386021
Run 24 time 0.003662109
Run 25 time 0.008319855
Run 26 time 0.003530025
Run 27 time 0.003808022
Run 28 time 0.003336906
Run 29 time 0.003592014
Run 30 time 0.003323078
Run 31 time 0.003884077
Run 32 time 0.005134106
Run 33 time 0.003246069
Run 34 time 0.004505157
Run 35 time 0.003344059
Run 36 time 0.003242016
Run 37 time 0.003104925
Run 38 time 0.003184080
Run 39 time 0.003795862
Run 40 time 0.003165007
Run 41 time 0.003588915
Run 42 time 0.003570080
Run 43 time 0.003206968
Run 44 time 0.003565073
Run 45 time 0.003252029
Run 46 time 0.003489971
Run 47 time 0.003360033
Run 48 time 0.003226995
Run 49 time 0.003360987
Run 50 time 0.003337860
Run 51 time 0.003311872
Run 52 time 0.003247976
Run 53 time 0.003747940
Run 54 time 0.004634857
Run 55 time 0.003015995
Run 56 time 0.003300905
Run 57 time 0.003292799
Run 58 time 0.007446051
Run 59 time 0.003728151
Run 60 time 0.003644943
Run 61 time 0.003448963
Run 62 time 0.003303051
Run 63 time 0.005634069
Run 64 time 0.005451918
Run 65 time 0.006186962
Run 66 time 0.005861998
Run 67 time 0.006298780
Run 68 time 0.006272078
Run 69 time 0.006219149
Run 70 time 0.006474972
Run 71 time 0.003399134
Run 72 time 0.005152941
Run 73 time 0.006889105
Run 74 time 0.007468939
Run 75 time 0.005458117
Run 76 time 0.005956173
Run 77 time 0.005824804
Run 78 time 0.006168127
Run 79 time 0.005614042
Run 80 time 0.005093813
Run 81 time 0.005357981
Run 82 time 0.005267143
Run 83 time 0.005609989
Run 84 time 0.005553961
Run 85 time 0.005702972
Run 86 time 0.005967855
Run 87 time 0.006664038
Run 88 time 0.006585836
Run 89 time 0.006193876
Run 90 time 0.005917072
Run 91 time 0.004304886
Run 92 time 0.005278826
Run 93 time 0.006265163
Run 94 time 0.005573988
Run 95 time 0.006043911
Run 96 time 0.005796909
Run 97 time 0.005956173
Run 98 time 0.006433010
Run 99 time 0.007086992
Run 100 time 0.003098965
MPI_reduce 128 1048576
Run 1 time 0.039772034
Run 2 time 0.007452011
Run 3 time 0.001287937
Run 4 time 0.000952959
Run 5 time 0.003042936
Run 6 time 0.001703024
Run 7 time 0.000962019
Run 8 time 0.001181126
Run 9 time 0.001144886
Run 10 time 0.001197100
Run 11 time 0.000912905
Run 12 time 0.001075029
Run 13 time 0.001424074
Run 14 time 0.002437115
Run 15 time 0.000927925
Run 16 time 0.001505136
Run 17 time 0.001416922
Run 18 time 0.000931978
Run 19 time 0.001687050
Run 20 time 0.001172066
Run 21 time 0.001181126
Run 22 time 0.001309872
Run 23 time 0.001192093
Run 24 time 0.000980854
Run 25 time 0.000908136
Run 26 time 0.000930071
Run 27 time 0.000926971
Run 28 time 0.000941992
Run 29 time 0.000935078
Run 30 time 0.000850916
Run 31 time 0.001058102
Run 32 time 0.001399994
Run 33 time 0.001660824
Run 34 time 0.025250196
Run 35 time 0.002979040
Run 36 time 0.001312971
Run 37 time 0.001482010
Run 38 time 0.001208067
Run 39 time 0.001285076
Run 40 time 0.001292944
Run 41 time 0.001359940
Run 42 time 0.001449108
Run 43 time 0.001319170
Run 44 time 0.001424789
Run 45 time 0.001468182
Run 46 time 0.002323866
Run 47 time 0.002249956
Run 48 time 0.002058983
Run 49 time 0.001943111
Run 50 time 0.001744032
Run 51 time 0.002167225
Run 52 time 0.002891064
Run 53 time 0.003160000
Run 54 time 0.003098011
Run 55 time 0.003380060
Run 56 time 0.004144907
Run 57 time 0.002820969
Run 58 time 0.002778053
Run 59 time 0.002876043
Run 60 time 0.003735065
Run 61 time 0.011456966
Run 62 time 0.010191917
Run 63 time 0.002630949
Run 64 time 0.001688004
Run 65 time 0.001955986
Run 66 time 0.002525091
Run 67 time 0.002021074
Run 68 time 0.002311945
Run 69 time 0.001657963
Run 70 time 0.004942894
Run 71 time 0.001877069
Run 72 time 0.001775026
Run 73 time 0.001967907
Run 74 time 0.002060890
Run 75 time 0.002336979
Run 76 time 0.001808882
Run 77 time 0.001580000
Run 78 time 0.001982927
Run 79 time 0.002070904
Run 80 time 0.001570940
Run 81 time 0.003134012
Run 82 time 0.001654148
Run 83 time 0.001914978
Run 84 time 0.002022982
Run 85 time 0.001729965
Run 86 time 0.001375914
Run 87 time 0.001215935
Run 88 time 0.002566814
Run 89 time 0.025340080
Run 90 time 0.001690149
Run 91 time 0.001401901
Run 92 time 0.001363039
Run 93 time 0.001126051
Run 94 time 0.002249956
Run 95 time 0.001640081
Run 96 time 0.001699924
Run 97 time 0.001739025
Run 98 time 0.001514912
Run 99 time 0.002067804
Run 100 time 0.001594067
2Tree_allreduce 128 1048576 18
Run 1 time 0.059845924
Run 2 time 0.004554033
Run 3 time 0.005010128
Run 4 time 0.004056215
Run 5 time 0.007937908
Run 6 time 0.003858089
Run 7 time 0.003756046
Run 8 time 0.003602028
Run 9 time 0.003561020
Run 10 time 0.003593922
Run 11 time 0.003360987
Run 12 time 0.003972054
Run 13 time 0.004817963
Run 14 time 0.003659010
Run 15 time 0.003803968
Run 16 time 0.003735065
Run 17 time 0.002913952
Run 18 time 0.004025936
Run 19 time 0.003557205
Run 20 time 0.005007982
Run 21 time 0.003895998
Run 22 time 0.003816128
Run 23 time 0.004083872
Run 24 time 0.003874063
Run 25 time 0.003705978
Run 26 time 0.004252911
Run 27 time 0.003489971
Run 28 time 0.005004883
Run 29 time 0.004616022
Run 30 time 0.003396988
Run 31 time 0.003206968
Run 32 time 0.003207922
Run 33 time 0.003268003
Run 34 time 0.003141880
Run 35 time 0.002712965
Run 36 time 0.002876997
Run 37 time 0.002840996
Run 38 time 0.002679110
Run 39 time 0.002741098
Run 40 time 0.002741098
Run 41 time 0.002859116
Run 42 time 0.002918005
Run 43 time 0.002741098
Run 44 time 0.002779961
Run 45 time 0.002817154
Run 46 time 0.003129005
Run 47 time 0.002959967
Run 48 time 0.002845049
Run 49 time 0.002874851
Run 50 time 0.002933979
Run 51 time 0.002727985
Run 52 time 0.002698183
Run 53 time 0.002810955
Run 54 time 0.002758980
Run 55 time 0.002914906
Run 56 time 0.003453016
Run 57 time 0.002968073
Run 58 time 0.002830982
Run 59 time 0.002813101
Run 60 time 0.002903938
Run 61 time 0.002864838
Run 62 time 0.002765894
Run 63 time 0.002830982
Run 64 time 0.004046917
Run 65 time 0.003641129
Run 66 time 0.002972126
Run 67 time 0.004009008
Run 68 time 0.002767086
Run 69 time 0.002925158
Run 70 time 0.004117012
Run 71 time 0.002871037
Run 72 time 0.003694057
Run 73 time 0.002822876
Run 74 time 0.003316879
Run 75 time 0.004158020
Run 76 time 0.002899170
Run 77 time 0.004103899
Run 78 time 0.002794027
Run 79 time 0.004213095
Run 80 time 0.002974987
Run 81 time 0.004011869
Run 82 time 0.002977133
Run 83 time 0.003764153
Run 84 time 0.003616810
Run 85 time 0.003357172
Run 86 time 0.003477097
Run 87 time 0.003846169
Run 88 time 0.004637957
Run 89 time 0.003613949
Run 90 time 0.003674984
Run 91 time 0.004138947
Run 92 time 0.003593206
Run 93 time 0.004395962
Run 94 time 0.004802942
Run 95 time 0.004533052
Run 96 time 0.002964973
Run 97 time 0.003640175
Run 98 time 0.003919125
Run 99 time 0.004706860
Run 100 time 0.003599882
binary_allreduce 128 1048576 9
Run 1 time 0.227128983
Run 2 time 0.005408049
Run 3 time 0.006600142
Run 4 time 0.005094051
Run 5 time 0.005311966
Run 6 time 0.005213022
Run 7 time 0.005326986
Run 8 time 0.007727146
Run 9 time 0.006272078
Run 10 time 0.005584002
Run 11 time 0.005352974
Run 12 time 0.005248070
Run 13 time 0.005339861
Run 14 time 0.004894018
Run 15 time 0.004483938
Run 16 time 0.005460024
Run 17 time 0.006372929
Run 18 time 0.004504919
Run 19 time 0.004688978
Run 20 time 0.004559040
Run 21 time 0.004975796
Run 22 time 0.004531860
Run 23 time 0.004677057
Run 24 time 0.004538059
Run 25 time 0.004621029
Run 26 time 0.005189896
Run 27 time 0.005562067
Run 28 time 0.005452871
Run 29 time 0.005326986
Run 30 time 0.005535126
Run 31 time 0.005507946
Run 32 time 0.005581141
Run 33 time 0.004682064
Run 34 time 0.004828930
Run 35 time 0.004615068
Run 36 time 0.004557848
Run 37 time 0.004492044
Run 38 time 0.004383087
Run 39 time 0.004476070
Run 40 time 0.004490137
Run 41 time 0.004590988
Run 42 time 0.005348921
Run 43 time 0.004312038
Run 44 time 0.005409002
Run 45 time 0.004992962
Run 46 time 0.005537033
Run 47 time 0.004942894
Run 48 time 0.004513979
Run 49 time 0.004662991
Run 50 time 0.005520105
Run 51 time 0.006047964
Run 52 time 0.006068945
Run 53 time 0.006453991
Run 54 time 0.007144928
Run 55 time 0.005739927
Run 56 time 0.005224943
Run 57 time 0.004875183
Run 58 time 0.004998922
Run 59 time 0.004683971
Run 60 time 0.004859209
Run 61 time 0.005435228
Run 62 time 0.005394936
Run 63 time 0.005036116
Run 64 time 0.005124092
Run 65 time 0.006531000
Run 66 time 0.005600929
Run 67 time 0.005732059
Run 68 time 0.005141973
Run 69 time 0.006355047
Run 70 time 0.004766941
Run 71 time 0.005584002
Run 72 time 0.005407095
Run 73 time 0.005321026
Run 74 time 0.005445957
Run 75 time 0.005560160
Run 76 time 0.005386114
Run 77 time 0.008545160
Run 78 time 0.005426168
Run 79 time 0.005620956
Run 80 time 0.004791021
Run 81 time 0.005097151
Run 82 time 0.005372047
Run 83 time 0.004913807
Run 84 time 0.004602909
Run 85 time 0.004997015
Run 86 time 0.004803896
Run 87 time 0.004592896
Run 88 time 0.005187988
Run 89 time 0.009313107
Run 90 time 0.005601883
Run 91 time 0.005301952
Run 92 time 0.005877972
Run 93 time 0.009199858
Run 94 time 0.006155014
Run 95 time 0.006238937
Run 96 time 0.004770041
Run 97 time 0.005313873
Run 98 time 0.005718946
Run 99 time 0.005142927
Run 100 time 0.005125046
linear_allreduce 128 1048576 256
Run 1 time 0.123117924
Run 2 time 0.005140066
Run 3 time 0.006860971
Run 4 time 0.005312920
Run 5 time 0.005501986
Run 6 time 0.012785912
Run 7 time 0.009281158
Run 8 time 0.010627985
Run 9 time 0.009820938
Run 10 time 0.008101940
Run 11 time 0.008536100
Run 12 time 0.009265184
Run 13 time 0.011251211
Run 14 time 0.011170864
Run 15 time 0.010060072
Run 16 time 0.009783030
Run 17 time 0.006548166
Run 18 time 0.014729977
Run 19 time 0.024202108
Run 20 time 0.011487961
Run 21 time 0.011396885
Run 22 time 0.012022972
Run 23 time 0.007807016
Run 24 time 0.006628990
Run 25 time 0.004792929
Run 26 time 0.005837917
Run 27 time 0.006567955
Run 28 time 0.006890059
Run 29 time 0.012058020
Run 30 time 0.010609150
Run 31 time 0.011565924
Run 32 time 0.010117054
Run 33 time 0.010221958
Run 34 time 0.011236191
Run 35 time 0.007976055
Run 36 time 0.010596037
Run 37 time 0.014183998
Run 38 time 0.030467987
Run 39 time 0.013864040
Run 40 time 0.009131908
Run 41 time 0.005244017
Run 42 time 0.005183935
Run 43 time 0.004953146
Run 44 time 0.007532120
Run 45 time 0.004783869
Run 46 time 0.006948948
Run 47 time 0.006105900
Run 48 time 0.005625963
Run 49 time 0.005025864
Run 50 time 0.004877090
Run 51 time 0.005050898
Run 52 time 0.005744934
Run 53 time 0.005978107
Run 54 time 0.009554148
Run 55 time 0.010340929
Run 56 time 0.009833097
Run 57 time 0.009598970
Run 58 time 0.011143923
Run 59 time 0.006597042
Run 60 time 0.008705854
Run 61 time 0.010268927
Run 62 time 0.014626026
Run 63 time 0.012850046
Run 64 time 0.011090994
Run 65 time 0.007695913
Run 66 time 0.007191181
Run 67 time 0.009968042
Run 68 time 0.008243084
Run 69 time 0.009603024
Run 70 time 0.009418964
Run 71 time 0.009455204
Run 72 time 0.007282972
Run 73 time 0.005523920
Run 74 time 0.008573055
Run 75 time 0.005170107
Run 76 time 0.006139994
Run 77 time 0.005434990
Run 78 time 0.005990028
Run 79 time 0.005109072
Run 80 time 0.005372047
Run 81 time 0.005718946
Run 82 time 0.005970955
Run 83 time 0.005228996
Run 84 time 0.005745888
Run 85 time 0.005792141
Run 86 time 0.006021023
Run 87 time 0.005834103
Run 88 time 0.005721092
Run 89 time 0.004861116
Run 90 time 0.005930185
Run 91 time 0.010684013
Run 92 time 0.008262157
Run 93 time 0.014336109
Run 94 time 0.009584188
Run 95 time 0.006093979
Run 96 time 0.012345791
Run 97 time 0.005357027
Run 98 time 0.005396843
Run 99 time 0.009205103
Run 100 time 0.011693001
MPI_allreduce 128 1048576
Run 1 time 0.036244869
Run 2 time 0.001737118
Run 3 time 0.001518011
Run 4 time 0.002004862
Run 5 time 0.007827997
Run 6 time 0.001605034
Run 7 time 0.001567125
Run 8 time 0.001684189
Run 9 time 0.001437902
Run 10 time 0.002825022
Run 11 time 0.001752138
Run 12 time 0.001867056
Run 13 time 0.002768040
Run 14 time 0.004568100
Run 15 time 0.001742840
Run 16 time 0.007925987
Run 17 time 0.004199028
Run 18 time 0.001644135
Run 19 time 0.001890898
Run 20 time 0.007825136
Run 21 time 0.002892971
Run 22 time 0.002908230
Run 23 time 0.002300024
Run 24 time 0.002879858
Run 25 time 0.002933025
Run 26 time 0.002292156
Run 27 time 0.001816034
Run 28 time 0.001278877
Run 29 time 0.001348972
Run 30 time 0.001268864
Run 31 time 0.001254082
Run 32 time 0.006199121
Run 33 time 0.006558895
Run 34 time 0.002580166
Run 35 time 0.001756907
Run 36 time 0.001782894
Run 37 time 0.001445055
Run 38 time 0.001224041
Run 39 time 0.001544952
Run 40 time 0.001690865
Run 41 time 0.001282930
Run 42 time 0.001476765
Run 43 time 0.001852989
Run 44 time 0.002136230
Run 45 time 0.002056837
Run 46 time 0.001595974
Run 47 time 0.002019882
Run 48 time 0.001413107
Run 49 time 0.003448963
Run 50 time 0.001609802
Run 51 time 0.001812935
Run 52 time 0.001960039
Run 53 time 0.001781940
Run 54 time 0.001837015
Run 55 time 0.002041101
Run 56 time 0.004256964
Run 57 time 0.001848936
Run 58 time 0.001991987
Run 59 time 0.001803875
Run 60 time 0.001499176
Run 61 time 0.001863956
Run 62 time 0.001549959
Run 63 time 0.001574039
Run 64 time 0.001766920
Run 65 time 0.001760960
Run 66 time 0.001969814
Run 67 time 0.002058983
Run 68 time 0.002817154
Run 69 time 0.002411127
Run 70 time 0.002351999
Run 71 time 0.002811909
Run 72 time 0.003531933
Run 73 time 0.003602982
Run 74 time 0.006366014
Run 75 time 0.002379894
Run 76 time 0.002375126
Run 77 time 0.002337933
Run 78 time 0.002793074
Run 79 time 0.003025055
Run 80 time 0.002694130
Run 81 time 0.002022982
Run 82 time 0.002873898
Run 83 time 0.002349854
Run 84 time 0.002514839
Run 85 time 0.002285957
Run 86 time 0.002548933
Run 87 time 0.002287149
Run 88 time 0.002505064
Run 89 time 0.002320051
Run 90 time 0.002801895
Run 91 time 0.002290964
Run 92 time 0.001937151
Run 93 time 0.002038956
Run 94 time 0.002964020
Run 95 time 0.002229929
Run 96 time 0.002521038
Run 97 time 0.002575874
Run 98 time 0.002607822
Run 99 time 0.002521038
Run 100 time 0.002793074
2Tree_reduce 188 1048576 16
Run 1 time 0.522481203
Run 2 time 0.002914190
Run 3 time 0.002561092
Run 4 time 0.002703905
Run 5 time 0.002720833
Run 6 time 0.003342152
Run 7 time 0.002918005
Run 8 time 0.003016949
Run 9 time 0.003201008
Run 10 time 0.002777100
Run 11 time 0.002732992
Run 12 time 0.002804995
Run 13 time 0.002546072
Run 14 time 0.002325058
Run 15 time 0.002409935
Run 16 time 0.002430916
Run 17 time 0.002491951
Run 18 time 0.002282858
Run 19 time 0.002424002
Run 20 time 0.002326965
Calculation time for 16384 = 0.000050068
Run 21 time 0.002653837
Run 22 time 0.002305031
Run 23 time 0.002328157
Run 24 time 0.002521992
Run 25 time 0.002454996
Run 26 time 0.002314091
Run 27 time 0.002252102
Run 28 time 0.002321959
Run 29 time 0.002490997
Run 30 time 0.002259016
Run 31 time 0.002300978
Run 32 time 0.002367973
Run 33 time 0.002735853
Run 34 time 0.002608061
Run 35 time 0.002231121
Run 36 time 0.002763033
Run 37 time 0.002620935
Run 38 time 0.002741098
Run 39 time 0.002316952
Run 40 time 0.002349138
Run 41 time 0.002500057
Run 42 time 0.002357006
Run 43 time 0.002294064
Run 44 time 0.002322197
Run 45 time 0.002320051
Run 46 time 0.002329111
Run 47 time 0.002345085
Run 48 time 0.002825975
Run 49 time 0.002858877
Run 50 time 0.002842903
Run 51 time 0.002225161
Run 52 time 0.004348993
Run 53 time 0.002270937
Run 54 time 0.002328873
Run 55 time 0.002320051
Run 56 time 0.002556086
Run 57 time 0.002476931
Run 58 time 0.002326012
Run 59 time 0.002230883
Run 60 time 0.002226114
Run 61 time 0.002283096
Run 62 time 0.002284050
Run 63 time 0.002999783
Run 64 time 0.002582073
Run 65 time 0.002465010
Run 66 time 0.002220154
Run 67 time 0.002410173
Run 68 time 0.002242088
Run 69 time 0.002398968
Run 70 time 0.002175093
Run 71 time 0.002223969
Run 72 time 0.002185106
Run 73 time 0.002335072
Run 74 time 0.002491951
Run 75 time 0.002793074
Run 76 time 0.002717018
Run 77 time 0.002500057
Run 78 time 0.002663136
Run 79 time 0.003691912
Run 80 time 0.004213095
Run 81 time 0.002766848
Run 82 time 0.002885103
Run 83 time 0.002836943
Run 84 time 0.003075838
Run 85 time 0.004246950
Run 86 time 0.003164053
Run 87 time 0.002921104
Run 88 time 0.003072023
Run 89 time 0.002861023
Run 90 time 0.002691984
Run 91 time 0.002405167
Run 92 time 0.002724886
Run 93 time 0.002809048
Run 94 time 0.002952099
Run 95 time 0.002814054
Run 96 time 0.002752066
Run 97 time 0.002750158
Run 98 time 0.002757072
Run 99 time 0.002926111
Run 100 time 0.002847910
binary_reduce 188 1048576 9
Run 1 time 0.041436911
Run 2 time 0.003959894
Run 3 time 0.003984928
Run 4 time 0.004028082
Run 5 time 0.004968166
Run 6 time 0.004763126
Run 7 time 0.003949881
Run 8 time 0.004118204
Run 9 time 0.004535198
Run 10 time 0.004183054
Run 11 time 0.004218817
Run 12 time 0.004086018
Run 13 time 0.004041910
Run 14 time 0.004160166
Run 15 time 0.003821850
Run 16 time 0.003933907
Run 17 time 0.003800869
Run 18 time 0.003947020
Run 19 time 0.003949881
Run 20 time 0.003910065
Run 21 time 0.003968000
Run 22 time 0.003843069
Run 23 time 0.003889084
Run 24 time 0.004724979
Run 25 time 0.003800869
Run 26 time 0.003874779
Run 27 time 0.003818035
Run 28 time 0.003793001
Run 29 time 0.003831148
Run 30 time 0.007332087
Run 31 time 0.004715919
Run 32 time 0.004327059
Run 33 time 0.005203962
Run 34 time 0.005060911
Run 35 time 0.004233122
Run 36 time 0.004405975
Run 37 time 0.004642010
Run 38 time 0.004275799
Run 39 time 0.004312038
Run 40 time 0.004403114
Run 41 time 0.004660845
Run 42 time 0.003880024
Run 43 time 0.004673958
Run 44 time 0.004338026
Run 45 time 0.004759073
Run 46 time 0.004400969
Run 47 time 0.004253864
Run 48 time 0.004322052
Run 49 time 0.004595041
Run 50 time 0.004768848
Run 51 time 0.004276991
Run 52 time 0.004182100
Run 53 time 0.004543066
Run 54 time 0.004019976
Run 55 time 0.004262209
Run 56 time 0.004123926
Run 57 time 0.005884171
Run 58 time 0.004706144
Run 59 time 0.004506826
Run 60 time 0.004392147
Run 61 time 0.004966021
Run 62 time 0.004359007
Run 63 time 0.005031109
Run 64 time 0.004220009
Run 65 time 0.004816055
Run 66 time 0.004476070
Run 67 time 0.007542133
Run 68 time 0.004436970
Run 69 time 0.004240990
Run 70 time 0.004379988
Run 71 time 0.004345894
Run 72 time 0.005254030
Run 73 time 0.006491899
Run 74 time 0.004417896
Run 75 time 0.005934954
Run 76 time 0.004873037
Run 77 time 0.005645037
Run 78 time 0.004628897
Run 79 time 0.004347086
Run 80 time 0.004582167
Run 81 time 0.004534960
Run 82 time 0.003981113
Run 83 time 0.005036116
Run 84 time 0.004414082
Run 85 time 0.004956007
Run 86 time 0.004459858
Run 87 time 0.006093979
Run 88 time 0.005892992
Run 89 time 0.004446983
Run 90 time 0.007694960
Run 91 time 0.004322052
Run 92 time 0.005731106
Run 93 time 0.004171848
Run 94 time 0.004397869
Run 95 time 0.004540920
Run 96 time 0.004247904
Run 97 time 0.003909111
Run 98 time 0.003870010
Run 99 time 0.005089998
Run 100 time 0.003844976
linear_reduce 188 1048576 341
Run 1 time 0.119132996
Run 2 time 0.005364895
Run 3 time 0.004040003
Run 4 time 0.005936146
Run 5 time 0.004420996
Run 6 time 0.004562855
Run 7 time 0.005997896
Run 8 time 0.005652905
Run 9 time 0.006940126
Run 10 time 0.004382133
Run 11 time 0.004959822
Run 12 time 0.007606030
Run 13 time 0.008423090
Run 14 time 0.007385015
Run 15 time 0.007943153
Run 16 time 0.009988070
Run 17 time 0.007613182
Run 18 time 0.005775928
Run 19 time 0.005612850
Run 20 time 0.009218931
Run 21 time 0.008136034
Run 22 time 0.007817030
Run 23 time 0.009131908
Run 24 time 0.009992838
Run 25 time 0.011307001
Run 26 time 0.006736040
Run 27 time 0.004597902
Run 28 time 0.007112026
Run 29 time 0.006878853
Run 30 time 0.007362843
Run 31 time 0.007551908
Run 32 time 0.008172035
Run 33 time 0.006824017
Run 34 time 0.006803989
Run 35 time 0.004359961
Run 36 time 0.007462025
Run 37 time 0.008586884
Run 38 time 0.008387089
Run 39 time 0.007078886
Run 40 time 0.011078119
Run 41 time 0.014810085
Run 42 time 0.010035992
Run 43 time 0.005300999
Run 44 time 0.006181002
Run 45 time 0.007555008
Run 46 time 0.008987188
Run 47 time 0.008351088
Run 48 time 0.008061171
Run 49 time 0.007250071
Run 50 time 0.006941080
Run 51 time 0.005373001
Run 52 time 0.004214048
Run 53 time 0.004108191
Run 54 time 0.004105091
Run 55 time 0.029019833
Run 56 time 0.005277157
Run 57 time 0.004147053
Run 58 time 0.005036831
Run 59 time 0.004317045
Run 60 time 0.004457951
Run 61 time 0.004240990
Run 62 time 0.004182100
Run 63 time 0.006855011
Run 64 time 0.008857012
Run 65 time 0.007900953
Run 66 time 0.008797884
Run 67 time 0.007408142
Run 68 time 0.009577036
Run 69 time 0.007889986
Run 70 time 0.004825830
Run 71 time 0.030987024
Run 72 time 0.005997896
Run 73 time 0.007304907
Run 74 time 0.007199049
Run 75 time 0.007611036
Run 76 time 0.006304979
Run 77 time 0.004992008
Run 78 time 0.004936934
Run 79 time 0.005952120
Run 80 time 0.007050037
Run 81 time 0.006404161
Run 82 time 0.008175135
Run 83 time 0.008965969
Run 84 time 0.008157969
Run 85 time 0.008120060
Run 86 time 0.005434990
Run 87 time 0.004902124
Run 88 time 0.004998922
Run 89 time 0.003823996
Run 90 time 0.005723953
Run 91 time 0.004167080
Run 92 time 0.030620813
Run 93 time 0.005048990
Run 94 time 0.004009962
Run 95 time 0.005532026
Run 96 time 0.005624056
Run 97 time 0.004102945
Run 98 time 0.004427910
Run 99 time 0.004330158
Run 100 time 0.004407167
MPI_reduce 188 1048576
Run 1 time 0.039172888
Run 2 time 0.002140999
Run 3 time 0.002240896
Run 4 time 0.002091885
Run 5 time 0.002326012
Run 6 time 0.002594948
Run 7 time 0.001908064
Run 8 time 0.001745939
Run 9 time 0.001816034
Run 10 time 0.001795053
Run 11 time 0.001808882
Run 12 time 0.001810074
Run 13 time 0.002060175
Run 14 time 0.004360914
Run 15 time 0.004041195
Run 16 time 0.002767086
Run 17 time 0.001894951
Run 18 time 0.001796007
Run 19 time 0.002299070
Run 20 time 0.004184961
Run 21 time 0.001749992
Run 22 time 0.001839876
Run 23 time 0.003165007
Run 24 time 0.010838032
Run 25 time 0.002156973
Run 26 time 0.001981974
Run 27 time 0.002944946
Run 28 time 0.001695871
Run 29 time 0.003473043
Run 30 time 0.004207850
Run 31 time 0.003103018
Run 32 time 0.001770020
Run 33 time 0.004804850
Run 34 time 0.001825094
Run 35 time 0.001589060
Run 36 time 0.002366066
Run 37 time 0.002121210
Run 38 time 0.003500938
Run 39 time 0.001727104
Run 40 time 0.002187967
Run 41 time 0.002930164
Run 42 time 0.002084017
Run 43 time 0.003512859
Run 44 time 0.001667976
Run 45 time 0.001449108
Run 46 time 0.001657963
Run 47 time 0.001894951
Run 48 time 0.001604080
Run 49 time 0.001794100
Run 50 time 0.001818895
Run 51 time 0.002077103
Run 52 time 0.002012968
Run 53 time 0.001968861
Run 54 time 0.002923965
Run 55 time 0.001796007
Run 56 time 0.002737045
Run 57 time 0.001990080
Run 58 time 0.001718044
Run 59 time 0.002446890
Run 60 time 0.001919031
Run 61 time 0.001961946
Run 62 time 0.001744032
Run 63 time 0.001906872
Run 64 time 0.003362179
Run 65 time 0.001878023
Run 66 time 0.002124071
Run 67 time 0.001560926
Run 68 time 0.001436949
Run 69 time 0.001382828
Run 70 time 0.001729965
Run 71 time 0.001595974
Run 72 time 0.002382994
Run 73 time 0.001482964
Run 74 time 0.001616001
Run 75 time 0.001691103
Run 76 time 0.001993179
Run 77 time 0.001651049
Run 78 time 0.001328945
Run 79 time 0.001265049
Run 80 time 0.002985001
Run 81 time 0.001352072
Run 82 time 0.001520872
Run 83 time 0.001523972
Run 84 time 0.001399994
Run 85 time 0.001605034
Run 86 time 0.001358032
Run 87 time 0.001708984
Run 88 time 0.001434088
Run 89 time 0.001636982
Run 90 time 0.006289005
Run 91 time 0.002544880
Run 92 time 0.002156019
Run 93 time 0.001937866
Run 94 time 0.001387119
Run 95 time 0.001499891
Run 96 time 0.001806974
Run 97 time 0.001524925
Run 98 time 0.001476049
Run 99 time 0.001736879
Run 100 time 0.004882812
2Tree_allreduce 188 1048576 16
Run 1 time 0.106925964
Run 2 time 0.004359961
Run 3 time 0.004081011
Run 4 time 0.004595995
Run 5 time 0.011216879
Run 6 time 0.005799055
Run 7 time 0.005135059
Run 8 time 0.003507853
Run 9 time 0.005553961
Run 10 time 0.004199028
Run 11 time 0.003958941
Run 12 time 0.003807068
Run 13 time 0.003905058
Run 14 time 0.003978968
Run 15 time 0.003643036
Run 16 time 0.005913019
Run 17 time 0.003389835
Run 18 time 0.003858089
Run 19 time 0.003901005
Run 20 time 0.004547834
Run 21 time 0.007256031
Run 22 time 0.004834175
Run 23 time 0.005816936
Run 24 time 0.005841017
Run 25 time 0.004760027
Run 26 time 0.007272959
Run 27 time 0.009696960
Run 28 time 0.006780148
Run 29 time 0.004333019
Run 30 time 0.003763199
Run 31 time 0.003834963
Run 32 time 0.003636837
Run 33 time 0.003665924
Run 34 time 0.003608942
Run 35 time 0.003166914
Run 36 time 0.003233910
Run 37 time 0.003292084
Run 38 time 0.003082991
Run 39 time 0.003304958
Run 40 time 0.003043890
Run 41 time 0.003111124
Run 42 time 0.003098011
Run 43 time 0.008414030
Run 44 time 0.005452871
Run 45 time 0.005334139
Run 46 time 0.004470825
Run 47 time 0.003812790
Run 48 time 0.009251833
Run 49 time 0.004143000
Run 50 time 0.003947973
Run 51 time 0.004297972
Run 52 time 0.004457951
Run 53 time 0.003807068
Run 54 time 0.003961802
Run 55 time 0.006203175
Run 56 time 0.004954100
Run 57 time 0.005625010
Run 58 time 0.003882885
Run 59 time 0.003119946
Run 60 time 0.003590107
Run 61 time 0.004096031
Run 62 time 0.004360914
Run 63 time 0.003823042
Run 64 time 0.004420996
Run 65 time 0.004621029
Run 66 time 0.005328894
Run 67 time 0.041105032
Run 68 time 0.006312847
Run 69 time 0.005388021
Run 70 time 0.003864050
Run 71 time 0.003664970
Run 72 time 0.003654003
Run 73 time 0.007421970
Run 74 time 0.002912998
Run 75 time 0.003575087
Run 76 time 0.003372908
Run 77 time 0.003242970
Run 78 time 0.002921104
Run 79 time 0.003029108
Run 80 time 0.003072023
Run 81 time 0.003192902
Run 82 time 0.002965927
Run 83 time 0.003278971
Run 84 time 0.003360987
Run 85 time 0.003031015
Run 86 time 0.002962828
Run 87 time 0.003336906
Run 88 time 0.003270149
Run 89 time 0.003502846
Run 90 time 0.003350973
Run 91 time 0.003366947
Run 92 time 0.003165960
Run 93 time 0.003201962
Run 94 time 0.003432989
Run 95 time 0.003706932
Run 96 time 0.003643036
Run 97 time 0.003720999
Run 98 time 0.004150152
Run 99 time 0.003740072
Run 100 time 0.004003763
binary_allreduce 188 1048576 9
Run 1 time 0.077904940
Run 2 time 0.005240917
Run 3 time 0.004739046
Run 4 time 0.004817009
Run 5 time 0.006229877
Run 6 time 0.004824162
Run 7 time 0.005109072
Run 8 time 0.009643078
Run 9 time 0.004895926
Run 10 time 0.005386114
Run 11 time 0.004796028
Run 12 time 0.005416155
Run 13 time 0.004813910
Run 14 time 0.006105185
Run 15 time 0.005645037
Run 16 time 0.024259090
Run 17 time 0.006325006
Run 18 time 0.005669117
Run 19 time 0.005267143
Run 20 time 0.004919052
Run 21 time 0.004855156
Run 22 time 0.004807949
Run 23 time 0.005506039
Run 24 time 0.005120039
Run 25 time 0.004829884
Run 26 time 0.005107164
Run 27 time 0.004732132
Run 28 time 0.004748821
Run 29 time 0.006418943
Run 30 time 0.006047010
Run 31 time 0.005498886
Run 32 time 0.005473137
Run 33 time 0.006120920
Run 34 time 0.005337000
Run 35 time 0.006088018
Run 36 time 0.006089926
Run 37 time 0.007415056
Run 38 time 0.006960154
Run 39 time 0.006006002
Run 40 time 0.007509947
Run 41 time 0.005540133
Run 42 time 0.005421162
Run 43 time 0.005371094
Run 44 time 0.005879879
Run 45 time 0.006124020
Run 46 time 0.007570028
Run 47 time 0.006721973
Run 48 time 0.005350828
Run 49 time 0.006592035
Run 50 time 0.006669044
Run 51 time 0.008256912
Run 52 time 0.007117033
Run 53 time 0.006689072
Run 54 time 0.006615162
Run 55 time 0.005793810
Run 56 time 0.008605957
Run 57 time 0.006275892
Run 58 time 0.006156921
Run 59 time 0.008128881
Run 60 time 0.008603811
Run 61 time 0.008304119
Run 62 time 0.007419109
Run 63 time 0.007037163
Run 64 time 0.005798817
Run 65 time 0.005671978
Run 66 time 0.009353876
Run 67 time 0.008865118
Run 68 time 0.006999969
Run 69 time 0.006531000
Run 70 time 0.006153107
Run 71 time 0.007982969
Run 72 time 0.005705118
Run 73 time 0.005156040
Run 74 time 0.006474018
Run 75 time 0.005457163
Run 76 time 0.011487007
Run 77 time 0.006935120
Run 78 time 0.005609989
Run 79 time 0.006000042
Run 80 time 0.010858059
Run 81 time 0.006966114
Run 82 time 0.005398035
Run 83 time 0.005455971
Run 84 time 0.005294085
Run 85 time 0.004821062
Run 86 time 0.004799128
Run 87 time 0.004957914
Run 88 time 0.004873991
Run 89 time 0.004983902
Run 90 time 0.004985094
Run 91 time 0.005705833
Run 92 time 0.004971981
Run 93 time 0.004847050
Run 94 time 0.005606890
Run 95 time 0.005381107
Run 96 time 0.004796028
Run 97 time 0.004830122
Run 98 time 0.005169153
Run 99 time 0.005620003
Run 100 time 0.005699873
linear_allreduce 188 1048576 341
Run 1 time 0.643272877
Run 2 time 0.011716843
Run 3 time 0.011680841
Run 4 time 0.010405064
Run 5 time 0.009236813
Run 6 time 0.012758017
Run 7 time 0.012884855
Run 8 time 0.012235880
Run 9 time 0.012027979
Run 10 time 0.006510973
Run 11 time 0.007383108
Run 12 time 0.006997824
Run 13 time 0.013439178
Run 14 time 0.007968903
Run 15 time 0.008149147
Run 16 time 0.011075020
Run 17 time 0.007447004
Run 18 time 0.008604050
Run 19 time 0.012816191
Run 20 time 0.012815952
Run 21 time 0.012706995
Run 22 time 0.013354063
Run 23 time 0.010242939
Run 24 time 0.016981125
Run 25 time 0.018939018
Run 26 time 0.016388893
Run 27 time 0.010690928
Run 28 time 0.011189222
Run 29 time 0.016010046
Run 30 time 0.012135983
Run 31 time 0.011703014
Run 32 time 0.014008999
Run 33 time 0.006275892
Run 34 time 0.006321907
Run 35 time 0.009994030
Run 36 time 0.008948803
Run 37 time 0.007122993
Run 38 time 0.007968903
Run 39 time 0.008626938
Run 40 time 0.010202885
Run 41 time 0.006479025
Run 42 time 0.010529995
Run 43 time 0.006721020
Run 44 time 0.006350994
Run 45 time 0.006638050
Run 46 time 0.008239985
Run 47 time 0.008737087
Run 48 time 0.007315159
Run 49 time 0.006755114
Run 50 time 0.006143093
Run 51 time 0.006606817
Run 52 time 0.006917953
Run 53 time 0.006898165
Run 54 time 0.006733894
Run 55 time 0.006497145
Run 56 time 0.008198023
Run 57 time 0.012264967
Run 58 time 0.029611111
Run 59 time 0.014580011
Run 60 time 0.014045954
Run 61 time 0.008767843
Run 62 time 0.011878014
Run 63 time 0.012019873
Run 64 time 0.014521122
Run 65 time 0.011009932
Run 66 time 0.010519028
Run 67 time 0.010189056
Run 68 time 0.013141870
Run 69 time 0.012072086
Run 70 time 0.014240026
Run 71 time 0.010685921
Run 72 time 0.007094145
Run 73 time 0.006330013
Run 74 time 0.008106947
Run 75 time 0.007165909
Run 76 time 0.006943941
Run 77 time 0.011129856
Run 78 time 0.012217045
Run 79 time 0.013267994
Run 80 time 0.011866093
Run 81 time 0.010863066
Run 82 time 0.011808157
Run 83 time 0.011358023
Run 84 time 0.014771938
Run 85 time 0.012193918
Run 86 time 0.016467094
Run 87 time 0.022000074
Run 88 time 0.016670942
Run 89 time 0.008710861
Run 90 time 0.007365942
Run 91 time 0.006947041
Run 92 time 0.008015871
Run 93 time 0.006844044
Run 94 time 0.010900974
Run 95 time 0.014294863
Run 96 time 0.013975143
Run 97 time 0.015498877
Run 98 time 0.012944937
Run 99 time 0.014339924
Run 100 time 0.011848927
MPI_allreduce 188 1048576
Run 1 time 0.059361935
Run 2 time 0.004543066
Run 3 time 0.002044916
Run 4 time 0.029258966
Run 5 time 0.004402876
Run 6 time 0.003616095
Run 7 time 0.003102064
Run 8 time 0.003144026
Run 9 time 0.003004074
Run 10 time 0.003947020
Run 11 time 0.003136873
Run 12 time 0.003554821
Run 13 time 0.004420042
Run 14 time 0.004106998
Run 15 time 0.003928185
Run 16 time 0.013296843
Run 17 time 0.004312992
Run 18 time 0.005568027
Run 19 time 0.025700092
Run 20 time 0.017894030
Run 21 time 0.001821041
Run 22 time 0.003423929
Run 23 time 0.003230095
Run 24 time 0.003530979
Run 25 time 0.003333092
Run 26 time 0.003257990
Run 27 time 0.003316164
Run 28 time 0.003062963
Run 29 time 0.002860069
Run 30 time 0.002974987
Run 31 time 0.002870083
Run 32 time 0.002852917
Run 33 time 0.004165888
Run 34 time 0.006286144
Run 35 time 0.003395081
Run 36 time 0.003488064
Run 37 time 0.003746033
Run 38 time 0.003006935
Run 39 time 0.001648903
Run 40 time 0.001996994
Run 41 time 0.002580166
Run 42 time 0.004441023
Run 43 time 0.003782034
Run 44 time 0.004790068
Run 45 time 0.023272991
Run 46 time 0.008993149
Run 47 time 0.004245996
Run 48 time 0.003319979
Run 49 time 0.003164053
Run 50 time 0.003051043
Run 51 time 0.003105879
Run 52 time 0.003369808
Run 53 time 0.004267216
Run 54 time 0.003355026
Run 55 time 0.003890991
Run 56 time 0.002566099
Run 57 time 0.002644062
Run 58 time 0.004374981
Run 59 time 0.003937960
Run 60 time 0.004168987
Run 61 time 0.003921986
Run 62 time 0.003710985
Run 63 time 0.004609823
Run 64 time 0.003253937
Run 65 time 0.004572868
Run 66 time 0.003297091
Run 67 time 0.003831148
Run 68 time 0.003025055
Run 69 time 0.004197836
Run 70 time 0.003237009
Run 71 time 0.004504919
Run 72 time 0.005171061
Run 73 time 0.005826950
Run 74 time 0.002900124
Run 75 time 0.001895905
Run 76 time 0.002940893
Run 77 time 0.006361961
Run 78 time 0.006473064
Run 79 time 0.006752968
Run 80 time 0.003211021
Run 81 time 0.003628969
Run 82 time 0.003161907
Run 83 time 0.002856970
Run 84 time 0.003757000
Run 85 time 0.005050898
Run 86 time 0.005292892
Run 87 time 0.003556013
Run 88 time 0.005287170
Run 89 time 0.004118919
Run 90 time 0.003225088
Run 91 time 0.003268957
Run 92 time 0.003991127
Run 93 time 0.002918959
Run 94 time 0.002762079
Run 95 time 0.003536940
Run 96 time 0.003823042
Run 97 time 0.002866983
Run 98 time 0.002154112
Run 99 time 0.003348112
Run 100 time 0.003035069
2Tree_reduce 256 1048576 18
Run 1 time 0.098751068
Run 2 time 0.003237009
Run 3 time 0.003459930
Run 4 time 0.003194094
Run 5 time 0.002701044
Run 6 time 0.002323866
Run 7 time 0.002866030
Run 8 time 0.002864122
Run 9 time 0.002942085
Run 10 time 0.002752066
Run 11 time 0.002770901
Run 12 time 0.002709866
Run 13 time 0.002990961
Run 14 time 0.002857924
Run 15 time 0.003111839
Run 16 time 0.002950907
Run 17 time 0.003290892
Run 18 time 0.003054857
Run 19 time 0.003679037
Run 20 time 0.002806902
Calculation time for 14563 = 0.000046015
Run 21 time 0.003305912
Run 22 time 0.002350092
Run 23 time 0.002635956
Run 24 time 0.002819061
Run 25 time 0.002832174
Run 26 time 0.002835989
Run 27 time 0.002917051
Run 28 time 0.002902031
Run 29 time 0.002976894
Run 30 time 0.002950191
Run 31 time 0.002902031
Run 32 time 0.003539085
Run 33 time 0.003077984
Run 34 time 0.002926826
Run 35 time 0.003195047
Run 36 time 0.002909899
Run 37 time 0.002897978
Run 38 time 0.002914190
Run 39 time 0.002462864
Run 40 time 0.002742052
Run 41 time 0.002408028
Run 42 time 0.002560139
Run 43 time 0.002656937
Run 44 time 0.002504110
Run 45 time 0.002618074
Run 46 time 0.002512217
Run 47 time 0.002349138
Run 48 time 0.002329826
Run 49 time 0.002368927
Run 50 time 0.002864122
Run 51 time 0.003346205
Run 52 time 0.002901077
Run 53 time 0.002702951
Run 54 time 0.002866983
Run 55 time 0.003154039
Run 56 time 0.003028154
Run 57 time 0.003015995
Run 58 time 0.002984047
Run 59 time 0.003243923
Run 60 time 0.002879858
Run 61 time 0.002725124
Run 62 time 0.003144979
Run 63 time 0.002933979
Run 64 time 0.003006935
Run 65 time 0.002859831
Run 66 time 0.002751112
Run 67 time 0.002480984
Run 68 time 0.003399849
Run 69 time 0.002977848
Run 70 time 0.003390074
Run 71 time 0.002667904
Run 72 time 0.002865076
Run 73 time 0.003612995
Run 74 time 0.003056049
Run 75 time 0.002820969
Run 76 time 0.002877951
Run 77 time 0.003561974
Run 78 time 0.003542900
Run 79 time 0.002827168
Run 80 time 0.003638983
Run 81 time 0.003000021
Run 82 time 0.003343105
Run 83 time 0.002464056
Run 84 time 0.002889156
Run 85 time 0.003350973
Run 86 time 0.002502918
Run 87 time 0.002552986
Run 88 time 0.003215075
Run 89 time 0.002472162
Run 90 time 0.002240896
Run 91 time 0.002367020
Run 92 time 0.002727985
Run 93 time 0.002490997
Run 94 time 0.002557993
Run 95 time 0.002237797
Run 96 time 0.002635956
Run 97 time 0.002310991
Run 98 time 0.002392054
Run 99 time 0.002485037
Run 100 time 0.002474070
binary_reduce 256 1048576 9
Run 1 time 0.055726051
Run 2 time 0.004800081
Run 3 time 0.005024910
Run 4 time 0.004370928
Run 5 time 0.004728079
Run 6 time 0.004475117
Run 7 time 0.004774094
Run 8 time 0.004574060
Run 9 time 0.004669189
Run 10 time 0.004208088
Run 11 time 0.004503012
Run 12 time 0.004554033
Run 13 time 0.004689932
Run 14 time 0.004621029
Run 15 time 0.004798174
Run 16 time 0.005345821
Run 17 time 0.005136967
Run 18 time 0.004721880
Run 19 time 0.004441977
Run 20 time 0.005580902
Run 21 time 0.005537033
Run 22 time 0.005797148
Run 23 time 0.004400015
Run 24 time 0.006144047
Run 25 time 0.005985975
Run 26 time 0.004563093
Run 27 time 0.004375935
Run 28 time 0.004508018
Run 29 time 0.004504919
Run 30 time 0.004501820
Run 31 time 0.004427910
Run 32 time 0.004554033
Run 33 time 0.004220963
Run 34 time 0.004473925
Run 35 time 0.004287004
Run 36 time 0.004635811
Run 37 time 0.004487991
Run 38 time 0.004098177
Run 39 time 0.004791975
Run 40 time 0.004256964
Run 41 time 0.004611969
Run 42 time 0.004195929
Run 43 time 0.004150152
Run 44 time 0.004143953
Run 45 time 0.003962994
Run 46 time 0.004117012
Run 47 time 0.004175186
Run 48 time 0.004078865
Run 49 time 0.004096031
Run 50 time 0.004570961
Run 51 time 0.004811049
Run 52 time 0.004527092
Run 53 time 0.004704952
Run 54 time 0.004444838
Run 55 time 0.004695892
Run 56 time 0.004484892
Run 57 time 0.004596949
Run 58 time 0.004862070
Run 59 time 0.005387068
Run 60 time 0.004470825
Run 61 time 0.004480839
Run 62 time 0.004673958
Run 63 time 0.006027937
Run 64 time 0.005610943
Run 65 time 0.005597830
Run 66 time 0.004520893
Run 67 time 0.005895138
Run 68 time 0.005904913
Run 69 time 0.005470037
Run 70 time 0.004438877
Run 71 time 0.004621983
Run 72 time 0.005289078
Run 73 time 0.004342079
Run 74 time 0.004567146
Run 75 time 0.005245924
Run 76 time 0.004981995
Run 77 time 0.005408049
Run 78 time 0.009602070
Run 79 time 0.006175041
Run 80 time 0.006123781
Run 81 time 0.005151033
Run 82 time 0.005520821
Run 83 time 0.004749060
Run 84 time 0.005421877
Run 85 time 0.005639076
Run 86 time 0.004788160
Run 87 time 0.004384041
Run 88 time 0.004854918
Run 89 time 0.004035950
Run 90 time 0.005466938
Run 91 time 0.003923893
Run 92 time 0.004197836
Run 93 time 0.003968954
Run 94 time 0.004050016
Run 95 time 0.004050970
Run 96 time 0.004122972
Run 97 time 0.004110098
Run 98 time 0.004071951
Run 99 time 0.004194021
Run 100 time 0.003977060
linear_reduce 256 1048576 341
Run 1 time 0.130412817
Run 2 time 0.004433155
Run 3 time 0.004484892
Run 4 time 0.004896164
Run 5 time 0.006013870
Run 6 time 0.005740166
Run 7 time 0.006475925
Run 8 time 0.004499912
Run 9 time 0.004954100
Run 10 time 0.005163908
Run 11 time 0.005544186
Run 12 time 0.005493879
Run 13 time 0.005371809
Run 14 time 0.005784035
Run 15 time 0.005503893
Run 16 time 0.007838011
Run 17 time 0.008179903
Run 18 time 0.007833958
Run 19 time 0.008411169
Run 20 time 0.008611917
Run 21 time 0.008210182
Run 22 time 0.007613897
Run 23 time 0.014223099
Run 24 time 0.010728121
Run 25 time 0.008270979
Run 26 time 0.008216143
Run 27 time 0.008171082
Run 28 time 0.008537054
Run 29 time 0.010589838
Run 30 time 0.005239964
Run 31 time 0.009084940
Run 32 time 0.009527922
Run 33 time 0.011609077
Run 34 time 0.011438847
Run 35 time 0.011538029
Run 36 time 0.008996964
Run 37 time 0.008500099
Run 38 time 0.006942987
Run 39 time 0.004375935
Run 40 time 0.004703999
Run 41 time 0.004357100
Run 42 time 0.004656792
Run 43 time 0.004392862
Run 44 time 0.004396915
Run 45 time 0.004503965
Run 46 time 0.007163048
Run 47 time 0.007877827
Run 48 time 0.008497000
Run 49 time 0.007451057
Run 50 time 0.009988070
Run 51 time 0.008993864
Run 52 time 0.007414103
Run 53 time 0.007244110
Run 54 time 0.008043051
Run 55 time 0.008022070
Run 56 time 0.010430813
Run 57 time 0.016150951
Run 58 time 0.011157990
Run 59 time 0.017392874
Run 60 time 0.016227961
Run 61 time 0.012040854
Run 62 time 0.013304949
Run 63 time 0.012665987
Run 64 time 0.010001183
Run 65 time 0.008036137
Run 66 time 0.007832050
Run 67 time 0.011168957
Run 68 time 0.009399891
Run 69 time 0.008584023
Run 70 time 0.015021801
Run 71 time 0.009412050
Run 72 time 0.008215904
Run 73 time 0.012130022
Run 74 time 0.007030010
Run 75 time 0.008409977
Run 76 time 0.008497000
Run 77 time 0.009299994
Run 78 time 0.009465933
Run 79 time 0.008130074
Run 80 time 0.007647038
Run 81 time 0.006665945
Run 82 time 0.008718967
Run 83 time 0.007995129
Run 84 time 0.009161949
Run 85 time 0.008055925
Run 86 time 0.009223938
Run 87 time 0.008017063
Run 88 time 0.005192995
Run 89 time 0.005229950
Run 90 time 0.004920006
Run 91 time 0.004641056
Run 92 time 0.005028009
Run 93 time 0.004870892
Run 94 time 0.004693031
Run 95 time 0.004498959
Run 96 time 0.004475117
Run 97 time 0.004488945
Run 98 time 0.005078077
Run 99 time 0.005800009
Run 100 time 0.005350113
MPI_reduce 256 1048576
Run 1 time 0.042979956
Run 2 time 0.001705170
Run 3 time 0.001626968
Run 4 time 0.000967026
Run 5 time 0.001528025
Run 6 time 0.001175880
Run 7 time 0.001342058
Run 8 time 0.001230955
Run 9 time 0.001212835
Run 10 time 0.001499891
Run 11 time 0.001048088
Run 12 time 0.001811028
Run 13 time 0.001446009
Run 14 time 0.000988007
Run 15 time 0.001929045
Run 16 time 0.001363993
Run 17 time 0.000880003
Run 18 time 0.000836134
Run 19 time 0.002310038
Run 20 time 0.002684116
Run 21 time 0.001003027
Run 22 time 0.001505136
Run 23 time 0.000799894
Run 24 time 0.001864910
Run 25 time 0.002229929
Run 26 time 0.000943899
Run 27 time 0.000963926
Run 28 time 0.000968933
Run 29 time 0.001550913
Run 30 time 0.000878096
Run 31 time 0.000969172
Run 32 time 0.001080990
Run 33 time 0.001218081
Run 34 time 0.000969172
Run 35 time 0.000932932
Run 36 time 0.000858068
Run 37 time 0.000830173
Run 38 time 0.000974178
Run 39 time 0.002245903
Run 40 time 0.001586914
Run 41 time 0.002208948
Run 42 time 0.001577139
Run 43 time 0.001371861
Run 44 time 0.001400948
Run 45 time 0.001507998
Run 46 time 0.001583099
Run 47 time 0.001596928
Run 48 time 0.001316071
Run 49 time 0.001544952
Run 50 time 0.001386881
Run 51 time 0.001461029
Run 52 time 0.001465082
Run 53 time 0.001640081
Run 54 time 0.002621889
Run 55 time 0.001379967
Run 56 time 0.002622843
Run 57 time 0.001494884
Run 58 time 0.001481056
Run 59 time 0.003401995
Run 60 time 0.003905058
Run 61 time 0.021387815
Run 62 time 0.006644964
Run 63 time 0.001499891
Run 64 time 0.001201153
Run 65 time 0.002728939
Run 66 time 0.002685070
Run 67 time 0.002708197
Run 68 time 0.001371145
Run 69 time 0.001400948
Run 70 time 0.001713991
Run 71 time 0.001595020
Run 72 time 0.001320839
Run 73 time 0.001401901
Run 74 time 0.002593994
Run 75 time 0.001693010
Run 76 time 0.001555920
Run 77 time 0.001615047
Run 78 time 0.003412008
Run 79 time 0.001429081
Run 80 time 0.001992941
Run 81 time 0.003083944
Run 82 time 0.001466036
Run 83 time 0.002340078
Run 84 time 0.001569986
Run 85 time 0.001769066
Run 86 time 0.003213882
Run 87 time 0.001794815
Run 88 time 0.001425028
Run 89 time 0.002925158
Run 90 time 0.001578093
Run 91 time 0.001551867
Run 92 time 0.002475023
Run 93 time 0.000884056
Run 94 time 0.001253128
Run 95 time 0.002563953
Run 96 time 0.002852917
Run 97 time 0.001469851
Run 98 time 0.001353025
Run 99 time 0.001374006
Run 100 time 0.001453876
2Tree_allreduce 256 1048576 18
Run 1 time 0.092044115
Run 2 time 0.003823042
Run 3 time 0.003845930
Run 4 time 0.007794142
Run 5 time 0.010586023
Run 6 time 0.005637884
Run 7 time 0.004655123
Run 8 time 0.004336119
Run 9 time 0.004319906
Run 10 time 0.004024029
Run 11 time 0.003844976
Run 12 time 0.003932953
Run 13 time 0.003917933
Run 14 time 0.003830910
Run 15 time 0.004209042
Run 16 time 0.004388094
Run 17 time 0.005269051
Run 18 time 0.004200935
Run 19 time 0.004335165
Run 20 time 0.003228188
Run 21 time 0.003250122
Run 22 time 0.003388166
Run 23 time 0.002853870
Run 24 time 0.003300190
Run 25 time 0.003044128
Run 26 time 0.002984047
Run 27 time 0.003710985
Run 28 time 0.003422976
Run 29 time 0.003296852
Run 30 time 0.003023148
Run 31 time 0.003320932
Run 32 time 0.003210068
Run 33 time 0.003004074
Run 34 time 0.003002882
Run 35 time 0.003279924
Run 36 time 0.005429029
Run 37 time 0.003360987
Run 38 time 0.002871990
Run 39 time 0.004156113
Run 40 time 0.003856897
Run 41 time 0.003259897
Run 42 time 0.003346205
Run 43 time 0.004376173
Run 44 time 0.004024982
Run 45 time 0.003129005
Run 46 time 0.003185034
Run 47 time 0.009229183
Run 48 time 0.003962040
Run 49 time 0.003061056
Run 50 time 0.003696918
Run 51 time 0.005948067
Run 52 time 0.004158020
Run 53 time 0.003417969
Run 54 time 0.003075123
Run 55 time 0.003477812
Run 56 time 0.003203869
Run 57 time 0.003243923
Run 58 time 0.003216982
Run 59 time 0.003529072
Run 60 time 0.003230810
Run 61 time 0.003283978
Run 62 time 0.003318071
Run 63 time 0.004469156
Run 64 time 0.003333092
Run 65 time 0.003986120
Run 66 time 0.004305124
Run 67 time 0.003931046
Run 68 time 0.003911018
Run 69 time 0.003944874
Run 70 time 0.003890991
Run 71 time 0.004211187
Run 72 time 0.004089117
Run 73 time 0.004557848
Run 74 time 0.003772974
Run 75 time 0.003952026
Run 76 time 0.003722191
Run 77 time 0.003237009
Run 78 time 0.003775120
Run 79 time 0.005248070
Run 80 time 0.003679037
Run 81 time 0.005188942
Run 82 time 0.004040956
Run 83 time 0.003883839
Run 84 time 0.004111052
Run 85 time 0.003695011
Run 86 time 0.003711939
Run 87 time 0.003806114
Run 88 time 0.003813028
Run 89 time 0.005091190
Run 90 time 0.003146887
Run 91 time 0.004885912
Run 92 time 0.004168987
Run 93 time 0.004340887
Run 94 time 0.005401850
Run 95 time 0.003848076
Run 96 time 0.004280090
Run 97 time 0.004227161
Run 98 time 0.003864050
Run 99 time 0.003842115
Run 100 time 0.004915953
binary_allreduce 256 1048576 9
Run 1 time 0.115499973
Run 2 time 0.005180120
Run 3 time 0.005594015
Run 4 time 0.007884979
Run 5 time 0.010769844
Run 6 time 0.006628990
Run 7 time 0.005870104
Run 8 time 0.011621952
Run 9 time 0.007468939
Run 10 time 0.005929947
Run 11 time 0.006983042
Run 12 time 0.005879879
Run 13 time 0.005877972
Run 14 time 0.007291079
Run 15 time 0.006531954
Run 16 time 0.009616137
Run 17 time 0.006943941
Run 18 time 0.005378008
Run 19 time 0.007411957
Run 20 time 0.005118132
Run 21 time 0.005799055
Run 22 time 0.005985022
Run 23 time 0.005602837
Run 24 time 0.005948782
Run 25 time 0.005789995
Run 26 time 0.005580902
Run 27 time 0.006027937
Run 28 time 0.007021904
Run 29 time 0.005933046
Run 30 time 0.007284164
Run 31 time 0.006475925
Run 32 time 0.005707979
Run 33 time 0.005744934
Run 34 time 0.005779982
Run 35 time 0.005969048
Run 36 time 0.005821943
Run 37 time 0.005880833
Run 38 time 0.005900145
Run 39 time 0.004892826
Run 40 time 0.005451918
Run 41 time 0.005785942
Run 42 time 0.005562067
Run 43 time 0.006133080
Run 44 time 0.005784035
Run 45 time 0.005661964
Run 46 time 0.005653143
Run 47 time 0.005733967
Run 48 time 0.005424976
Run 49 time 0.004828215
Run 50 time 0.006263971
Run 51 time 0.005106926
Run 52 time 0.004878044
Run 53 time 0.005162001
Run 54 time 0.005074024
Run 55 time 0.004926920
Run 56 time 0.007866859
Run 57 time 0.006099939
Run 58 time 0.005719900
Run 59 time 0.005245924
Run 60 time 0.005012989
Run 61 time 0.008172989
Run 62 time 0.005614996
Run 63 time 0.005805969
Run 64 time 0.006452799
Run 65 time 0.005612135
Run 66 time 0.005790949
Run 67 time 0.005825043
Run 68 time 0.006040812
Run 69 time 0.005918980
Run 70 time 0.005508900
Run 71 time 0.005465031
Run 72 time 0.006611824
Run 73 time 0.005470037
Run 74 time 0.005289078
Run 75 time 0.005933046
Run 76 time 0.005863905
Run 77 time 0.006322145
Run 78 time 0.005852938
Run 79 time 0.005694866
Run 80 time 0.005150080
Run 81 time 0.005914927
Run 82 time 0.005654097
Run 83 time 0.005469799
Run 84 time 0.006401062
Run 85 time 0.005748987
Run 86 time 0.005950928
Run 87 time 0.007289886
Run 88 time 0.006345987
Run 89 time 0.005652189
Run 90 time 0.005505800
Run 91 time 0.006329060
Run 92 time 0.005069017
Run 93 time 0.005796909
Run 94 time 0.006046057
Run 95 time 0.004940987
Run 96 time 0.006578922
Run 97 time 0.006041050
Run 98 time 0.006490946
Run 99 time 0.005815029
Run 100 time 0.005129099
linear_allreduce 256 1048576 341
Run 1 time 0.573103189
Run 2 time 0.015646935
Run 3 time 0.011700869
Run 4 time 0.013111115
Run 5 time 0.016729832
Run 6 time 0.014045000
Run 7 time 0.009111881
Run 8 time 0.011815071
Run 9 time 0.015180826
Run 10 time 0.017583132
Run 11 time 0.013400793
Run 12 time 0.009423971
Run 13 time 0.013358116
Run 14 time 0.020189047
Run 15 time 0.021381855
Run 16 time 0.016036034
Run 17 time 0.012172937
Run 18 time 0.014780998
Run 19 time 0.012201071
Run 20 time 0.016448975
Run 21 time 0.012900829
Run 22 time 0.007436991
Run 23 time 0.008969069
Run 24 time 0.010726929
Run 25 time 0.008288145
Run 26 time 0.008430958
Run 27 time 0.007694006
Run 28 time 0.007611990
Run 29 time 0.008352995
Run 30 time 0.027871132
Run 31 time 0.013900042
Run 32 time 0.013857841
Run 33 time 0.013118982
Run 34 time 0.012389898
Run 35 time 0.015402079
Run 36 time 0.013442993
Run 37 time 0.014446974
Run 38 time 0.012295961
Run 39 time 0.016417980
Run 40 time 0.016107082
Run 41 time 0.015000820
Run 42 time 0.010863066
Run 43 time 0.007503986
Run 44 time 0.007598877
Run 45 time 0.007171154
Run 46 time 0.007120848
Run 47 time 0.007795095
Run 48 time 0.007357836
Run 49 time 0.007978201
Run 50 time 0.007519007
Run 51 time 0.008803844
Run 52 time 0.007861853
Run 53 time 0.008825779
Run 54 time 0.008850098
Run 55 time 0.016937971
Run 56 time 0.008893967
Run 57 time 0.009011984
Run 58 time 0.007364035
Run 59 time 0.014209986
Run 60 time 0.008242130
Run 61 time 0.008893013
Run 62 time 0.007204056
Run 63 time 0.009771109
Run 64 time 0.016340017
Run 65 time 0.017153978
Run 66 time 0.013698101
Run 67 time 0.012185097
Run 68 time 0.012428999
Run 69 time 0.016457081
Run 70 time 0.014483213
Run 71 time 0.014153004
Run 72 time 0.011622906
Run 73 time 0.020388126
Run 74 time 0.015784025
Run 75 time 0.014090061
Run 76 time 0.010253906
Run 77 time 0.015857935
Run 78 time 0.014663935
Run 79 time 0.015712976
Run 80 time 0.010811090
Run 81 time 0.013730049
Run 82 time 0.013313055
Run 83 time 0.013819933
Run 84 time 0.014816999
Run 85 time 0.009608984
Run 86 time 0.007457018
Run 87 time 0.007623911
Run 88 time 0.007246017
Run 89 time 0.007109165
Run 90 time 0.007313967
Run 91 time 0.007562160
Run 92 time 0.007755995
Run 93 time 0.007303953
Run 94 time 0.007955074
Run 95 time 0.009817839
Run 96 time 0.014262915
Run 97 time 0.015002966
Run 98 time 0.019663095
Run 99 time 0.013271093
Run 100 time 0.014904976
MPI_allreduce 256 1048576
Run 1 time 0.070172071
Run 2 time 0.002383947
Run 3 time 0.002670050
Run 4 time 0.048386812
Run 5 time 0.002304077
Run 6 time 0.024945021
Run 7 time 0.001794100
Run 8 time 0.003737926
Run 9 time 0.001408815
Run 10 time 0.001554012
Run 11 time 0.001878977
Run 12 time 0.001742125
Run 13 time 0.003493071
Run 14 time 0.001548052
Run 15 time 0.003268003
Run 16 time 0.013965845
Run 17 time 0.104130983
Run 18 time 0.002856016
Run 19 time 0.003178835
Run 20 time 0.002521038
Run 21 time 0.003046036
Run 22 time 0.002373219
Run 23 time 0.003079176
Run 24 time 0.002179861
Run 25 time 0.001596928
Run 26 time 0.001566887
Run 27 time 0.001739979
Run 28 time 0.001690865
Run 29 time 0.003019810
Run 30 time 0.005044937
Run 31 time 0.005750895
Run 32 time 0.008595943
Run 33 time 0.006602049
Run 34 time 0.002341986
Run 35 time 0.003893852
Run 36 time 0.001896143
Run 37 time 0.001685143
Run 38 time 0.001565933
Run 39 time 0.003147125
Run 40 time 0.002370119
Run 41 time 0.001659155
Run 42 time 0.003946066
Run 43 time 0.002346039
Run 44 time 0.001646996
Run 45 time 0.001688004
Run 46 time 0.003160000
Run 47 time 0.001948833
Run 48 time 0.002714157
Run 49 time 0.003340960
Run 50 time 0.001572132
Run 51 time 0.001297951
Run 52 time 0.001374006
Run 53 time 0.003044128
Run 54 time 0.003510952
Run 55 time 0.002622128
Run 56 time 0.002763033
Run 57 time 0.002676964
Run 58 time 0.003204107
Run 59 time 0.002561092
Run 60 time 0.002753973
Run 61 time 0.002986908
Run 62 time 0.002773046
Run 63 time 0.002488852
Run 64 time 0.002296925
Run 65 time 0.002326012
Run 66 time 0.002371788
Run 67 time 0.002345085
Run 68 time 0.002496958
Run 69 time 0.002717972
Run 70 time 0.004583120
Run 71 time 0.003035069
Run 72 time 0.002753973
Run 73 time 0.003696918
Run 74 time 0.002477169
Run 75 time 0.003506899
Run 76 time 0.002907991
Run 77 time 0.002934933
Run 78 time 0.002696037
Run 79 time 0.002401114
Run 80 time 0.003540993
Run 81 time 0.005080938
Run 82 time 0.004191875
Run 83 time 0.003079891
Run 84 time 0.003557920
Run 85 time 0.002896070
Run 86 time 0.004830122
Run 87 time 0.002388954
Run 88 time 0.002521992
Run 89 time 0.003057003
Run 90 time 0.002641916
Run 91 time 0.003035069
Run 92 time 0.002585888
Run 93 time 0.002249002
Run 94 time 0.005491972
Run 95 time 0.003015995
Run 96 time 0.002214909
Run 97 time 0.002472162
Run 98 time 0.001963139
Run 99 time 0.003890991
Run 100 time 0.003955126
 
Batch Job Summary Report for Job "newtry.sh" (6202820) on daint
-----------------------------------------------------------------------------------------------------
             Submit            Eligible               Start                 End    Elapsed  Timelimit 
------------------- ------------------- ------------------- ------------------- ---------- ---------- 
2018-02-28T10:30:19 2018-02-28T10:30:20 2018-02-28T10:40:15 2018-02-28T10:50:09   00:09:54   00:30:00 
-----------------------------------------------------------------------------------------------------
Username    Account     Partition   NNodes   Energy
----------  ----------  ----------  ------  --------------
jagpreet    g34         normal         256    5.03M joules
----------------------------------------------------------
Scratch File System        Files       Quota
--------------------  ----------  ----------
/scratch/snx3000               1     1000000
 
